Conda module loaded!
Conda environment 'global-env' activated!
chevu_000_s77957_000.cnf
Namespace(counters='/home/vjurisic/cse3000-how-to-break-a-solver/SharpVelvet/tool-config/exp/ganak_counter_config_mc.json', instances='/home/vjurisic/cse3000-how-to-break-a-solver/SharpVelvet/instances/3cnf-400clause-horn2', projected=False, weighted=False, timeout=900, memout=10000, verbosity=2, keep_bugs_only=False, out_dir='/home/vjurisic/cse3000-how-to-break-a-solver/SharpVelvet/out', log_dir='/home/vjurisic/cse3000-how-to-break-a-solver/SharpVelvet/out/logs', verified_counts=None, clean_up_proofs=False)
chevu_000_s77957_000.cnf
Namespace(counters='/home/vjurisic/cse3000-how-to-break-a-solver/SharpVelvet/tool-config/exp/d4r_counter_config_mc.json', instances='/home/vjurisic/cse3000-how-to-break-a-solver/SharpVelvet/instances/3cnf-400clause-horn2', projected=False, weighted=False, timeout=900, memout=10000, verbosity=2, keep_bugs_only=False, out_dir='/home/vjurisic/cse3000-how-to-break-a-solver/SharpVelvet/out', log_dir='/home/vjurisic/cse3000-how-to-break-a-solver/SharpVelvet/out/logs', verified_counts=None, clean_up_proofs=False)
chevu_000_s77957_000.cnf
Namespace(counters='/home/vjurisic/cse3000-how-to-break-a-solver/SharpVelvet/tool-config/exp/gpmc_counter_config_mc.json', instances='/home/vjurisic/cse3000-how-to-break-a-solver/SharpVelvet/instances/3cnf-400clause-horn2', projected=False, weighted=False, timeout=900, memout=10000, verbosity=2, keep_bugs_only=False, out_dir='/home/vjurisic/cse3000-how-to-break-a-solver/SharpVelvet/out', log_dir='/home/vjurisic/cse3000-how-to-break-a-solver/SharpVelvet/out/logs', verified_counts=None, clean_up_proofs=False)
chevu_000_s77957_000.cnf
Namespace(counters='/home/vjurisic/cse3000-how-to-break-a-solver/SharpVelvet/tool-config/exp/d4g_counter_config_mc.json', instances='/home/vjurisic/cse3000-how-to-break-a-solver/SharpVelvet/instances/3cnf-400clause-horn2', projected=False, weighted=False, timeout=900, memout=10000, verbosity=2, keep_bugs_only=False, out_dir='/home/vjurisic/cse3000-how-to-break-a-solver/SharpVelvet/out', log_dir='/home/vjurisic/cse3000-how-to-break-a-solver/SharpVelvet/out/logs', verified_counts=None, clean_up_proofs=False)
[SharpVelvet]: 
[SharpVelvet]: 
[SharpVelvet]: 
[SharpVelvet]: 
[SharpVelvet]: 
[SharpVelvet]: 
[SharpVelvet]: 
[SharpVelvet]: 
[SharpVelvet], 2025-01-15, 00h07m33s: Instance 1/404: /home/vjurisic/cse3000-how-to-break-a-solver/SharpVelvet/instances/3cnf-400clause-horn2/chevu_000_s77957_055.cnf
[SharpVelvet]: Running counter ganak on instance /home/vjurisic/cse3000-how-to-break-a-solver/SharpVelvet/instances/3cnf-400clause-horn2/chevu_000_s77957_055.cnf.
[SharpVelvet], 2025-01-15, 00h07m33s: Instance 1/404: /home/vjurisic/cse3000-how-to-break-a-solver/SharpVelvet/instances/3cnf-400clause-horn2/chevu_000_s77957_055.cnf
[SharpVelvet]: Running counter d4r on instance /home/vjurisic/cse3000-how-to-break-a-solver/SharpVelvet/instances/3cnf-400clause-horn2/chevu_000_s77957_055.cnf.
[SharpVelvet], 2025-01-15, 00h07m33s: Instance 1/404: /home/vjurisic/cse3000-how-to-break-a-solver/SharpVelvet/instances/3cnf-400clause-horn2/chevu_000_s77957_055.cnf
[SharpVelvet]: Running counter gpmc on instance /home/vjurisic/cse3000-how-to-break-a-solver/SharpVelvet/instances/3cnf-400clause-horn2/chevu_000_s77957_055.cnf.
[SharpVelvet], 2025-01-15, 00h07m33s: Instance 1/404: /home/vjurisic/cse3000-how-to-break-a-solver/SharpVelvet/instances/3cnf-400clause-horn2/chevu_000_s77957_055.cnf
[SharpVelvet]: Running counter d4g on instance /home/vjurisic/cse3000-how-to-break-a-solver/SharpVelvet/instances/3cnf-400clause-horn2/chevu_000_s77957_055.cnf.
[SharpVelvet]: --> Executing: ./d4g /home/vjurisic/cse3000-how-to-break-a-solver/SharpVelvet/instances/3cnf-400clause-horn2/chevu_000_s77957_055.cnf in dir /home/vjurisic/cse3000-how-to-break-a-solver/binaries/solvers/
[SharpVelvet]: --> Executing: ./gpmc /home/vjurisic/cse3000-how-to-break-a-solver/SharpVelvet/instances/3cnf-400clause-horn2/chevu_000_s77957_055.cnf in dir /home/vjurisic/cse3000-how-to-break-a-solver/binaries/solvers/
[SharpVelvet]: --> Executing: ./ganak --verb 0 --bveresolvmaxsz 12 --sbva 1 --tdexpmult 1.1 --tdminw 7 --tdmaxw 60 --arjunoraclefindbins 6 --rdbclstarget 10000 /home/vjurisic/cse3000-how-to-break-a-solver/SharpVelvet/instances/3cnf-400clause-horn2/chevu_000_s77957_055.cnf in dir /home/vjurisic/cse3000-how-to-break-a-solver/binaries/solvers/
[SharpVelvet]: --> Executing: ./d4g /home/vjurisic/cse3000-how-to-break-a-solver/SharpVelvet/instances/3cnf-400clause-horn2/chevu_000_s77957_055.cnf in dir /home/vjurisic/cse3000-how-to-break-a-solver/binaries/solvers/
[SharpVelvet]: Counter gpmc reports count 3591441448
[SharpVelvet]: 
[SharpVelvet], 2025-01-15, 00h07m33s: Instance 2/404: /home/vjurisic/cse3000-how-to-break-a-solver/SharpVelvet/instances/3cnf-400clause-horn2/chevu_002_s77959_098.cnf
[SharpVelvet]: Running counter gpmc on instance /home/vjurisic/cse3000-how-to-break-a-solver/SharpVelvet/instances/3cnf-400clause-horn2/chevu_002_s77959_098.cnf.
[SharpVelvet]: --> Executing: ./gpmc /home/vjurisic/cse3000-how-to-break-a-solver/SharpVelvet/instances/3cnf-400clause-horn2/chevu_002_s77959_098.cnf in dir /home/vjurisic/cse3000-how-to-break-a-solver/binaries/solvers/
[SharpVelvet]: Counter d4r reports count 3591441448
[SharpVelvet]: Counter d4g reports count 3591441448
[SharpVelvet]: 
[SharpVelvet], 2025-01-15, 00h07m33s: Instance 2/404: /home/vjurisic/cse3000-how-to-break-a-solver/SharpVelvet/instances/3cnf-400clause-horn2/chevu_002_s77959_098.cnf
[SharpVelvet]: 
[SharpVelvet], 2025-01-15, 00h07m33s: Instance 2/404: /home/vjurisic/cse3000-how-to-break-a-solver/SharpVelvet/instances/3cnf-400clause-horn2/chevu_002_s77959_098.cnf
[SharpVelvet]: Running counter d4r on instance /home/vjurisic/cse3000-how-to-break-a-solver/SharpVelvet/instances/3cnf-400clause-horn2/chevu_002_s77959_098.cnf.
[SharpVelvet]: --> Executing: ./d4g /home/vjurisic/cse3000-how-to-break-a-solver/SharpVelvet/instances/3cnf-400clause-horn2/chevu_002_s77959_098.cnf in dir /home/vjurisic/cse3000-how-to-break-a-solver/binaries/solvers/
[SharpVelvet]: Running counter d4g on instance /home/vjurisic/cse3000-how-to-break-a-solver/SharpVelvet/instances/3cnf-400clause-horn2/chevu_002_s77959_098.cnf.
[SharpVelvet]: --> Executing: ./d4g /home/vjurisic/cse3000-how-to-break-a-solver/SharpVelvet/instances/3cnf-400clause-horn2/chevu_002_s77959_098.cnf in dir /home/vjurisic/cse3000-how-to-break-a-solver/binaries/solvers/
[SharpVelvet]: Counter ganak reports count 3591441448
[SharpVelvet]: 
[SharpVelvet], 2025-01-15, 00h07m34s: Instance 2/404: /home/vjurisic/cse3000-how-to-break-a-solver/SharpVelvet/instances/3cnf-400clause-horn2/chevu_002_s77959_098.cnf
[SharpVelvet]: Running counter ganak on instance /home/vjurisic/cse3000-how-to-break-a-solver/SharpVelvet/instances/3cnf-400clause-horn2/chevu_002_s77959_098.cnf.
[SharpVelvet]: --> Executing: ./ganak --verb 0 --bveresolvmaxsz 12 --sbva 1 --tdexpmult 1.1 --tdminw 7 --tdmaxw 60 --arjunoraclefindbins 6 --rdbclstarget 10000 /home/vjurisic/cse3000-how-to-break-a-solver/SharpVelvet/instances/3cnf-400clause-horn2/chevu_002_s77959_098.cnf in dir /home/vjurisic/cse3000-how-to-break-a-solver/binaries/solvers/
[SharpVelvet]: Counter ganak reports count 7576449341848334
[SharpVelvet]: 
[SharpVelvet], 2025-01-15, 00h08m05s: Instance 3/404: /home/vjurisic/cse3000-how-to-break-a-solver/SharpVelvet/instances/3cnf-400clause-horn2/chevu_000_s77957_021.cnf
[SharpVelvet]: Running counter ganak on instance /home/vjurisic/cse3000-how-to-break-a-solver/SharpVelvet/instances/3cnf-400clause-horn2/chevu_000_s77957_021.cnf.
[SharpVelvet]: --> Executing: ./ganak --verb 0 --bveresolvmaxsz 12 --sbva 1 --tdexpmult 1.1 --tdminw 7 --tdmaxw 60 --arjunoraclefindbins 6 --rdbclstarget 10000 /home/vjurisic/cse3000-how-to-break-a-solver/SharpVelvet/instances/3cnf-400clause-horn2/chevu_000_s77957_021.cnf in dir /home/vjurisic/cse3000-how-to-break-a-solver/binaries/solvers/
[SharpVelvet]: Counter ganak reports count 5553097754480
[SharpVelvet]: 
[SharpVelvet], 2025-01-15, 00h08m12s: Instance 4/404: /home/vjurisic/cse3000-how-to-break-a-solver/SharpVelvet/instances/3cnf-400clause-horn2/chevu_000_s77957_003.cnf
[SharpVelvet]: Running counter ganak on instance /home/vjurisic/cse3000-how-to-break-a-solver/SharpVelvet/instances/3cnf-400clause-horn2/chevu_000_s77957_003.cnf.
[SharpVelvet]: --> Executing: ./ganak --verb 0 --bveresolvmaxsz 12 --sbva 1 --tdexpmult 1.1 --tdminw 7 --tdmaxw 60 --arjunoraclefindbins 6 --rdbclstarget 10000 /home/vjurisic/cse3000-how-to-break-a-solver/SharpVelvet/instances/3cnf-400clause-horn2/chevu_000_s77957_003.cnf in dir /home/vjurisic/cse3000-how-to-break-a-solver/binaries/solvers/
[SharpVelvet]: Counter gpmc reports count 7576449341848334
[SharpVelvet]: 
[SharpVelvet], 2025-01-15, 00h08m21s: Instance 3/404: /home/vjurisic/cse3000-how-to-break-a-solver/SharpVelvet/instances/3cnf-400clause-horn2/chevu_000_s77957_021.cnf
[SharpVelvet]: Running counter gpmc on instance /home/vjurisic/cse3000-how-to-break-a-solver/SharpVelvet/instances/3cnf-400clause-horn2/chevu_000_s77957_021.cnf.
[SharpVelvet]: --> Executing: ./gpmc /home/vjurisic/cse3000-how-to-break-a-solver/SharpVelvet/instances/3cnf-400clause-horn2/chevu_000_s77957_021.cnf in dir /home/vjurisic/cse3000-how-to-break-a-solver/binaries/solvers/
[SharpVelvet]: Counter gpmc reports count 5553097754480
[SharpVelvet]: 
[SharpVelvet], 2025-01-15, 00h08m25s: Instance 4/404: /home/vjurisic/cse3000-how-to-break-a-solver/SharpVelvet/instances/3cnf-400clause-horn2/chevu_000_s77957_003.cnf
[SharpVelvet]: Running counter gpmc on instance /home/vjurisic/cse3000-how-to-break-a-solver/SharpVelvet/instances/3cnf-400clause-horn2/chevu_000_s77957_003.cnf.
[SharpVelvet]: --> Executing: ./gpmc /home/vjurisic/cse3000-how-to-break-a-solver/SharpVelvet/instances/3cnf-400clause-horn2/chevu_000_s77957_003.cnf in dir /home/vjurisic/cse3000-how-to-break-a-solver/binaries/solvers/
[SharpVelvet]: Counter d4r reports count 7576449341848334
[SharpVelvet]: 
[SharpVelvet], 2025-01-15, 00h09m18s: Instance 3/404: /home/vjurisic/cse3000-how-to-break-a-solver/SharpVelvet/instances/3cnf-400clause-horn2/chevu_000_s77957_021.cnf
[SharpVelvet]: Running counter d4r on instance /home/vjurisic/cse3000-how-to-break-a-solver/SharpVelvet/instances/3cnf-400clause-horn2/chevu_000_s77957_021.cnf.
[SharpVelvet]: --> Executing: ./d4g /home/vjurisic/cse3000-how-to-break-a-solver/SharpVelvet/instances/3cnf-400clause-horn2/chevu_000_s77957_021.cnf in dir /home/vjurisic/cse3000-how-to-break-a-solver/binaries/solvers/
[SharpVelvet]: Counter d4g reports count 7576449341848334
[SharpVelvet]: 
[SharpVelvet], 2025-01-15, 00h09m18s: Instance 3/404: /home/vjurisic/cse3000-how-to-break-a-solver/SharpVelvet/instances/3cnf-400clause-horn2/chevu_000_s77957_021.cnf
[SharpVelvet]: Running counter d4g on instance /home/vjurisic/cse3000-how-to-break-a-solver/SharpVelvet/instances/3cnf-400clause-horn2/chevu_000_s77957_021.cnf.
[SharpVelvet]: --> Executing: ./d4g /home/vjurisic/cse3000-how-to-break-a-solver/SharpVelvet/instances/3cnf-400clause-horn2/chevu_000_s77957_021.cnf in dir /home/vjurisic/cse3000-how-to-break-a-solver/binaries/solvers/
[SharpVelvet]: Counter d4r reports count 5553097754480
[SharpVelvet]: 
[SharpVelvet], 2025-01-15, 00h09m25s: Instance 4/404: /home/vjurisic/cse3000-how-to-break-a-solver/SharpVelvet/instances/3cnf-400clause-horn2/chevu_000_s77957_003.cnf
[SharpVelvet]: Running counter d4r on instance /home/vjurisic/cse3000-how-to-break-a-solver/SharpVelvet/instances/3cnf-400clause-horn2/chevu_000_s77957_003.cnf.
[SharpVelvet]: --> Executing: ./d4g /home/vjurisic/cse3000-how-to-break-a-solver/SharpVelvet/instances/3cnf-400clause-horn2/chevu_000_s77957_003.cnf in dir /home/vjurisic/cse3000-how-to-break-a-solver/binaries/solvers/
[SharpVelvet]: Counter d4g reports count 5553097754480
[SharpVelvet]: 
[SharpVelvet], 2025-01-15, 00h09m25s: Instance 4/404: /home/vjurisic/cse3000-how-to-break-a-solver/SharpVelvet/instances/3cnf-400clause-horn2/chevu_000_s77957_003.cnf
[SharpVelvet]: Running counter d4g on instance /home/vjurisic/cse3000-how-to-break-a-solver/SharpVelvet/instances/3cnf-400clause-horn2/chevu_000_s77957_003.cnf.
[SharpVelvet]: --> Executing: ./d4g /home/vjurisic/cse3000-how-to-break-a-solver/SharpVelvet/instances/3cnf-400clause-horn2/chevu_000_s77957_003.cnf in dir /home/vjurisic/cse3000-how-to-break-a-solver/binaries/solvers/
