Conda module loaded!
Conda environment 'global-env' activated!
chevu_000_s10612545542064383611_000.cnf
Namespace(counters='/home/vjurisic/cse3000-how-to-break-a-solver/SharpVelvet/tool-config/exp/d4r_counter_config_mc.json', instances='/home/vjurisic/cse3000-how-to-break-a-solver/SharpVelvet/instances/small-test', projected=False, weighted=False, timeout=6000, memout=3200, verbosity=2, keep_bugs_only=False, out_dir='/home/vjurisic/cse3000-how-to-break-a-solver/SharpVelvet/out', log_dir='/home/vjurisic/cse3000-how-to-break-a-solver/SharpVelvet/out/logs', verified_counts=None, clean_up_proofs=False)
[SharpVelvet]: 
[SharpVelvet]: 
[SharpVelvet], 2025-01-12, 17h46m44s: Instance 1/10: /home/vjurisic/cse3000-how-to-break-a-solver/SharpVelvet/instances/small-test/chevu_000_s10612545542064383611_000.cnf
[SharpVelvet]: Running counter d4r on instance /home/vjurisic/cse3000-how-to-break-a-solver/SharpVelvet/instances/small-test/chevu_000_s10612545542064383611_000.cnf.
chevu_000_s10612545542064383611_000.cnf
Namespace(counters='/home/vjurisic/cse3000-how-to-break-a-solver/SharpVelvet/tool-config/exp/ganak_counter_config_mc.json', instances='/home/vjurisic/cse3000-how-to-break-a-solver/SharpVelvet/instances/small-test', projected=False, weighted=False, timeout=6000, memout=3200, verbosity=2, keep_bugs_only=False, out_dir='/home/vjurisic/cse3000-how-to-break-a-solver/SharpVelvet/out', log_dir='/home/vjurisic/cse3000-how-to-break-a-solver/SharpVelvet/out/logs', verified_counts=None, clean_up_proofs=False)
[SharpVelvet]: 
[SharpVelvet]: 
[SharpVelvet]: --> Executing: ./d4g /home/vjurisic/cse3000-how-to-break-a-solver/SharpVelvet/instances/small-test/chevu_000_s10612545542064383611_000.cnf in dir /home/vjurisic/cse3000-how-to-break-a-solver/binaries/solvers/
[SharpVelvet], 2025-01-12, 17h46m44s: Instance 1/10: /home/vjurisic/cse3000-how-to-break-a-solver/SharpVelvet/instances/small-test/chevu_000_s10612545542064383611_000.cnf
[SharpVelvet]: Running counter ganak on instance /home/vjurisic/cse3000-how-to-break-a-solver/SharpVelvet/instances/small-test/chevu_000_s10612545542064383611_000.cnf.
[SharpVelvet]: --> Executing: ./ganak /home/vjurisic/cse3000-how-to-break-a-solver/SharpVelvet/instances/small-test/chevu_000_s10612545542064383611_000.cnf in dir /home/vjurisic/cse3000-how-to-break-a-solver/binaries/solvers/
chevu_000_s10612545542064383611_000.cnf
Namespace(counters='/home/vjurisic/cse3000-how-to-break-a-solver/SharpVelvet/tool-config/exp/gpmc_counter_config_mc.json', instances='/home/vjurisic/cse3000-how-to-break-a-solver/SharpVelvet/instances/small-test', projected=False, weighted=False, timeout=6000, memout=3200, verbosity=2, keep_bugs_only=False, out_dir='/home/vjurisic/cse3000-how-to-break-a-solver/SharpVelvet/out', log_dir='/home/vjurisic/cse3000-how-to-break-a-solver/SharpVelvet/out/logs', verified_counts=None, clean_up_proofs=False)
[SharpVelvet]: 
[SharpVelvet]: 
chevu_000_s10612545542064383611_000.cnf
Namespace(counters='/home/vjurisic/cse3000-how-to-break-a-solver/SharpVelvet/tool-config/exp/sharpSAT_counter_config_mc.json', instances='/home/vjurisic/cse3000-how-to-break-a-solver/SharpVelvet/instances/small-test', projected=False, weighted=False, timeout=6000, memout=3200, verbosity=2, keep_bugs_only=False, out_dir='/home/vjurisic/cse3000-how-to-break-a-solver/SharpVelvet/out', log_dir='/home/vjurisic/cse3000-how-to-break-a-solver/SharpVelvet/out/logs', verified_counts=None, clean_up_proofs=False)
[SharpVelvet]: 
[SharpVelvet]: 
chevu_000_s10612545542064383611_000.cnf
Namespace(counters='/home/vjurisic/cse3000-how-to-break-a-solver/SharpVelvet/tool-config/exp/d4g_counter_config_mc.json', instances='/home/vjurisic/cse3000-how-to-break-a-solver/SharpVelvet/instances/small-test', projected=False, weighted=False, timeout=6000, memout=3200, verbosity=2, keep_bugs_only=False, out_dir='/home/vjurisic/cse3000-how-to-break-a-solver/SharpVelvet/out', log_dir='/home/vjurisic/cse3000-how-to-break-a-solver/SharpVelvet/out/logs', verified_counts=None, clean_up_proofs=False)
[SharpVelvet]: 
[SharpVelvet]: 
[SharpVelvet], 2025-01-12, 17h46m44s: Instance 1/10: /home/vjurisic/cse3000-how-to-break-a-solver/SharpVelvet/instances/small-test/chevu_000_s10612545542064383611_000.cnf
[SharpVelvet], 2025-01-12, 17h46m44s: Instance 1/10: /home/vjurisic/cse3000-how-to-break-a-solver/SharpVelvet/instances/small-test/chevu_000_s10612545542064383611_000.cnf
[SharpVelvet]: Running counter sharpSAT on instance /home/vjurisic/cse3000-how-to-break-a-solver/SharpVelvet/instances/small-test/chevu_000_s10612545542064383611_000.cnf.
[SharpVelvet], 2025-01-12, 17h46m44s: Instance 1/10: /home/vjurisic/cse3000-how-to-break-a-solver/SharpVelvet/instances/small-test/chevu_000_s10612545542064383611_000.cnf
[SharpVelvet]: Running counter d4g on instance /home/vjurisic/cse3000-how-to-break-a-solver/SharpVelvet/instances/small-test/chevu_000_s10612545542064383611_000.cnf.
[SharpVelvet]: Running counter gpmc on instance /home/vjurisic/cse3000-how-to-break-a-solver/SharpVelvet/instances/small-test/chevu_000_s10612545542064383611_000.cnf.
[SharpVelvet]: --> Executing: ./sharpSAT /home/vjurisic/cse3000-how-to-break-a-solver/SharpVelvet/instances/small-test/chevu_000_s10612545542064383611_000.cnf in dir /home/vjurisic/cse3000-how-to-break-a-solver/binaries/solvers/
[SharpVelvet]: --> Executing: ./d4g /home/vjurisic/cse3000-how-to-break-a-solver/SharpVelvet/instances/small-test/chevu_000_s10612545542064383611_000.cnf in dir /home/vjurisic/cse3000-how-to-break-a-solver/binaries/solvers/
[SharpVelvet]: --> Executing: ./gpmc /home/vjurisic/cse3000-how-to-break-a-solver/SharpVelvet/instances/small-test/chevu_000_s10612545542064383611_000.cnf in dir /home/vjurisic/cse3000-how-to-break-a-solver/binaries/solvers/
[SharpVelvet]: Counter sharpSAT reports count None
[SharpVelvet]: 
[SharpVelvet], 2025-01-12, 17h46m44s: Instance 2/10: /home/vjurisic/cse3000-how-to-break-a-solver/SharpVelvet/instances/small-test/chevu_000_s10612545542064383611_005.cnf
[SharpVelvet]: Running counter sharpSAT on instance /home/vjurisic/cse3000-how-to-break-a-solver/SharpVelvet/instances/small-test/chevu_000_s10612545542064383611_005.cnf.
[SharpVelvet]: --> Executing: ./sharpSAT /home/vjurisic/cse3000-how-to-break-a-solver/SharpVelvet/instances/small-test/chevu_000_s10612545542064383611_005.cnf in dir /home/vjurisic/cse3000-how-to-break-a-solver/binaries/solvers/
[SharpVelvet]: Counter sharpSAT reports count None
[SharpVelvet]: 
[SharpVelvet], 2025-01-12, 17h46m44s: Instance 3/10: /home/vjurisic/cse3000-how-to-break-a-solver/SharpVelvet/instances/small-test/chevu_000_s10612545542064383611_009.cnf
[SharpVelvet]: Running counter sharpSAT on instance /home/vjurisic/cse3000-how-to-break-a-solver/SharpVelvet/instances/small-test/chevu_000_s10612545542064383611_009.cnf.
[SharpVelvet]: --> Executing: ./sharpSAT /home/vjurisic/cse3000-how-to-break-a-solver/SharpVelvet/instances/small-test/chevu_000_s10612545542064383611_009.cnf in dir /home/vjurisic/cse3000-how-to-break-a-solver/binaries/solvers/
[SharpVelvet]: Counter sharpSAT reports count None
[SharpVelvet]: 
[SharpVelvet], 2025-01-12, 17h46m44s: Instance 4/10: /home/vjurisic/cse3000-how-to-break-a-solver/SharpVelvet/instances/small-test/chevu_000_s10612545542064383611_008.cnf
[SharpVelvet]: Running counter sharpSAT on instance /home/vjurisic/cse3000-how-to-break-a-solver/SharpVelvet/instances/small-test/chevu_000_s10612545542064383611_008.cnf.
[SharpVelvet]: --> Executing: ./sharpSAT /home/vjurisic/cse3000-how-to-break-a-solver/SharpVelvet/instances/small-test/chevu_000_s10612545542064383611_008.cnf in dir /home/vjurisic/cse3000-how-to-break-a-solver/binaries/solvers/
[SharpVelvet]: Counter sharpSAT reports count None
[SharpVelvet]: 
[SharpVelvet], 2025-01-12, 17h46m44s: Instance 5/10: /home/vjurisic/cse3000-how-to-break-a-solver/SharpVelvet/instances/small-test/chevu_000_s10612545542064383611_004.cnf
[SharpVelvet]: Running counter sharpSAT on instance /home/vjurisic/cse3000-how-to-break-a-solver/SharpVelvet/instances/small-test/chevu_000_s10612545542064383611_004.cnf.
[SharpVelvet]: --> Executing: ./sharpSAT /home/vjurisic/cse3000-how-to-break-a-solver/SharpVelvet/instances/small-test/chevu_000_s10612545542064383611_004.cnf in dir /home/vjurisic/cse3000-how-to-break-a-solver/binaries/solvers/
[SharpVelvet]: Counter sharpSAT reports count None
[SharpVelvet]: 
[SharpVelvet], 2025-01-12, 17h46m44s: Instance 6/10: /home/vjurisic/cse3000-how-to-break-a-solver/SharpVelvet/instances/small-test/chevu_000_s10612545542064383611_001.cnf
[SharpVelvet]: Running counter sharpSAT on instance /home/vjurisic/cse3000-how-to-break-a-solver/SharpVelvet/instances/small-test/chevu_000_s10612545542064383611_001.cnf.
[SharpVelvet]: --> Executing: ./sharpSAT /home/vjurisic/cse3000-how-to-break-a-solver/SharpVelvet/instances/small-test/chevu_000_s10612545542064383611_001.cnf in dir /home/vjurisic/cse3000-how-to-break-a-solver/binaries/solvers/
[SharpVelvet]: Counter sharpSAT reports count None
[SharpVelvet]: 
[SharpVelvet], 2025-01-12, 17h46m44s: Instance 7/10: /home/vjurisic/cse3000-how-to-break-a-solver/SharpVelvet/instances/small-test/chevu_000_s10612545542064383611_007.cnf
[SharpVelvet]: Running counter sharpSAT on instance /home/vjurisic/cse3000-how-to-break-a-solver/SharpVelvet/instances/small-test/chevu_000_s10612545542064383611_007.cnf.
[SharpVelvet]: --> Executing: ./sharpSAT /home/vjurisic/cse3000-how-to-break-a-solver/SharpVelvet/instances/small-test/chevu_000_s10612545542064383611_007.cnf in dir /home/vjurisic/cse3000-how-to-break-a-solver/binaries/solvers/
[SharpVelvet]: Counter sharpSAT reports count None
[SharpVelvet]: 
[SharpVelvet], 2025-01-12, 17h46m44s: Instance 8/10: /home/vjurisic/cse3000-how-to-break-a-solver/SharpVelvet/instances/small-test/chevu_000_s10612545542064383611_003.cnf
[SharpVelvet]: Running counter sharpSAT on instance /home/vjurisic/cse3000-how-to-break-a-solver/SharpVelvet/instances/small-test/chevu_000_s10612545542064383611_003.cnf.
[SharpVelvet]: --> Executing: ./sharpSAT /home/vjurisic/cse3000-how-to-break-a-solver/SharpVelvet/instances/small-test/chevu_000_s10612545542064383611_003.cnf in dir /home/vjurisic/cse3000-how-to-break-a-solver/binaries/solvers/
[SharpVelvet]: Counter sharpSAT reports count None
[SharpVelvet]: 
[SharpVelvet], 2025-01-12, 17h46m44s: Instance 9/10: /home/vjurisic/cse3000-how-to-break-a-solver/SharpVelvet/instances/small-test/chevu_000_s10612545542064383611_002.cnf
[SharpVelvet]: Running counter sharpSAT on instance /home/vjurisic/cse3000-how-to-break-a-solver/SharpVelvet/instances/small-test/chevu_000_s10612545542064383611_002.cnf.
[SharpVelvet]: --> Executing: ./sharpSAT /home/vjurisic/cse3000-how-to-break-a-solver/SharpVelvet/instances/small-test/chevu_000_s10612545542064383611_002.cnf in dir /home/vjurisic/cse3000-how-to-break-a-solver/binaries/solvers/
[SharpVelvet]: Counter sharpSAT reports count None
[SharpVelvet]: 
[SharpVelvet], 2025-01-12, 17h46m44s: Instance 10/10: /home/vjurisic/cse3000-how-to-break-a-solver/SharpVelvet/instances/small-test/chevu_000_s10612545542064383611_006.cnf
[SharpVelvet]: Running counter sharpSAT on instance /home/vjurisic/cse3000-how-to-break-a-solver/SharpVelvet/instances/small-test/chevu_000_s10612545542064383611_006.cnf.
[SharpVelvet]: --> Executing: ./sharpSAT /home/vjurisic/cse3000-how-to-break-a-solver/SharpVelvet/instances/small-test/chevu_000_s10612545542064383611_006.cnf in dir /home/vjurisic/cse3000-how-to-break-a-solver/binaries/solvers/
[SharpVelvet]: Counter sharpSAT reports count None
[SharpVelvet]: 
[SharpVelvet], 2025-01-12, 17h46m44s: FINISHED!
[SharpVelvet]: None of the instances triggered a crash on sharpSAT
[SharpVelvet]: Counter ganak reports count None
[SharpVelvet]: 
[SharpVelvet], 2025-01-12, 18h21m28s: Instance 2/10: /home/vjurisic/cse3000-how-to-break-a-solver/SharpVelvet/instances/small-test/chevu_000_s10612545542064383611_005.cnf
[SharpVelvet]: Running counter ganak on instance /home/vjurisic/cse3000-how-to-break-a-solver/SharpVelvet/instances/small-test/chevu_000_s10612545542064383611_005.cnf.
[SharpVelvet]: --> Executing: ./ganak /home/vjurisic/cse3000-how-to-break-a-solver/SharpVelvet/instances/small-test/chevu_000_s10612545542064383611_005.cnf in dir /home/vjurisic/cse3000-how-to-break-a-solver/binaries/solvers/
