Conda module loaded!
Conda environment 'global-env' activated!
chevu_000_s10612545542064383611_000.cnf
Namespace(counters='/home/vjurisic/cse3000-how-to-break-a-solver/SharpVelvet/tool-config/exp/ganak_counter_config_mc.json', instances='/home/vjurisic/cse3000-how-to-break-a-solver/SharpVelvet/instances/small-test', projected=False, weighted=False, timeout=2000, memout=32000, verbosity=2, keep_bugs_only=False, out_dir='/home/vjurisic/cse3000-how-to-break-a-solver/SharpVelvet/out', log_dir='/home/vjurisic/cse3000-how-to-break-a-solver/SharpVelvet/out/logs', verified_counts=None, clean_up_proofs=False)
[SharpVelvet]: 
[SharpVelvet]: 
[SharpVelvet], 2025-01-12, 21h11m19s: Instance 1/10: /home/vjurisic/cse3000-how-to-break-a-solver/SharpVelvet/instances/small-test/chevu_000_s10612545542064383611_000.cnf
[SharpVelvet]: Running counter ganak on instance /home/vjurisic/cse3000-how-to-break-a-solver/SharpVelvet/instances/small-test/chevu_000_s10612545542064383611_000.cnf.
[SharpVelvet]: --> Executing: ./ganak /home/vjurisic/cse3000-how-to-break-a-solver/SharpVelvet/instances/small-test/chevu_000_s10612545542064383611_000.cnf in dir /home/vjurisic/cse3000-how-to-break-a-solver/binaries/solvers/
chevu_000_s10612545542064383611_000.cnf
Namespace(counters='/home/vjurisic/cse3000-how-to-break-a-solver/SharpVelvet/tool-config/exp/gpmc_counter_config_mc.json', instances='/home/vjurisic/cse3000-how-to-break-a-solver/SharpVelvet/instances/small-test', projected=False, weighted=False, timeout=2000, memout=32000, verbosity=2, keep_bugs_only=False, out_dir='/home/vjurisic/cse3000-how-to-break-a-solver/SharpVelvet/out', log_dir='/home/vjurisic/cse3000-how-to-break-a-solver/SharpVelvet/out/logs', verified_counts=None, clean_up_proofs=False)
[SharpVelvet]: 
[SharpVelvet]: 
[SharpVelvet], 2025-01-12, 21h11m19s: Instance 1/10: /home/vjurisic/cse3000-how-to-break-a-solver/SharpVelvet/instances/small-test/chevu_000_s10612545542064383611_000.cnf
[SharpVelvet]: Running counter gpmc on instance /home/vjurisic/cse3000-how-to-break-a-solver/SharpVelvet/instances/small-test/chevu_000_s10612545542064383611_000.cnf.
[SharpVelvet]: --> Executing: ./gpmc /home/vjurisic/cse3000-how-to-break-a-solver/SharpVelvet/instances/small-test/chevu_000_s10612545542064383611_000.cnf in dir /home/vjurisic/cse3000-how-to-break-a-solver/binaries/solvers/
chevu_000_s10612545542064383611_000.cnf
Namespace(counters='/home/vjurisic/cse3000-how-to-break-a-solver/SharpVelvet/tool-config/exp/d4g_counter_config_mc.json', instances='/home/vjurisic/cse3000-how-to-break-a-solver/SharpVelvet/instances/small-test', projected=False, weighted=False, timeout=2000, memout=32000, verbosity=2, keep_bugs_only=False, out_dir='/home/vjurisic/cse3000-how-to-break-a-solver/SharpVelvet/out', log_dir='/home/vjurisic/cse3000-how-to-break-a-solver/SharpVelvet/out/logs', verified_counts=None, clean_up_proofs=False)
[SharpVelvet]: 
[SharpVelvet]: 
[SharpVelvet], 2025-01-12, 21h11m19s: Instance 1/10: /home/vjurisic/cse3000-how-to-break-a-solver/SharpVelvet/instances/small-test/chevu_000_s10612545542064383611_000.cnf
[SharpVelvet]: Running counter d4g on instance /home/vjurisic/cse3000-how-to-break-a-solver/SharpVelvet/instances/small-test/chevu_000_s10612545542064383611_000.cnf.
[SharpVelvet]: --> Executing: ./d4g /home/vjurisic/cse3000-how-to-break-a-solver/SharpVelvet/instances/small-test/chevu_000_s10612545542064383611_000.cnf in dir /home/vjurisic/cse3000-how-to-break-a-solver/binaries/solvers/
chevu_000_s10612545542064383611_000.cnf
Namespace(counters='/home/vjurisic/cse3000-how-to-break-a-solver/SharpVelvet/tool-config/exp/d4r_counter_config_mc.json', instances='/home/vjurisic/cse3000-how-to-break-a-solver/SharpVelvet/instances/small-test', projected=False, weighted=False, timeout=2000, memout=32000, verbosity=2, keep_bugs_only=False, out_dir='/home/vjurisic/cse3000-how-to-break-a-solver/SharpVelvet/out', log_dir='/home/vjurisic/cse3000-how-to-break-a-solver/SharpVelvet/out/logs', verified_counts=None, clean_up_proofs=False)
[SharpVelvet]: 
[SharpVelvet]: 
[SharpVelvet], 2025-01-12, 21h11m19s: Instance 1/10: /home/vjurisic/cse3000-how-to-break-a-solver/SharpVelvet/instances/small-test/chevu_000_s10612545542064383611_000.cnf
[SharpVelvet]: Running counter d4r on instance /home/vjurisic/cse3000-how-to-break-a-solver/SharpVelvet/instances/small-test/chevu_000_s10612545542064383611_000.cnf.
[SharpVelvet]: --> Executing: ./d4g /home/vjurisic/cse3000-how-to-break-a-solver/SharpVelvet/instances/small-test/chevu_000_s10612545542064383611_000.cnf in dir /home/vjurisic/cse3000-how-to-break-a-solver/binaries/solvers/
[SharpVelvet]: Counter ganak reports count None
[SharpVelvet]: 
[SharpVelvet], 2025-01-12, 21h23m23s: Instance 2/10: /home/vjurisic/cse3000-how-to-break-a-solver/SharpVelvet/instances/small-test/chevu_000_s10612545542064383611_005.cnf
[SharpVelvet]: Running counter ganak on instance /home/vjurisic/cse3000-how-to-break-a-solver/SharpVelvet/instances/small-test/chevu_000_s10612545542064383611_005.cnf.
[SharpVelvet]: --> Executing: ./ganak /home/vjurisic/cse3000-how-to-break-a-solver/SharpVelvet/instances/small-test/chevu_000_s10612545542064383611_005.cnf in dir /home/vjurisic/cse3000-how-to-break-a-solver/binaries/solvers/
[SharpVelvet]: Counter d4r reports count None
[SharpVelvet]: 
[SharpVelvet], 2025-01-12, 21h31m04s: Instance 2/10: /home/vjurisic/cse3000-how-to-break-a-solver/SharpVelvet/instances/small-test/chevu_000_s10612545542064383611_005.cnf
[SharpVelvet]: Running counter d4r on instance /home/vjurisic/cse3000-how-to-break-a-solver/SharpVelvet/instances/small-test/chevu_000_s10612545542064383611_005.cnf.
[SharpVelvet]: --> Executing: ./d4g /home/vjurisic/cse3000-how-to-break-a-solver/SharpVelvet/instances/small-test/chevu_000_s10612545542064383611_005.cnf in dir /home/vjurisic/cse3000-how-to-break-a-solver/binaries/solvers/
[SharpVelvet]: Counter ganak reports count None
[SharpVelvet]: 
[SharpVelvet], 2025-01-12, 21h38m25s: Instance 3/10: /home/vjurisic/cse3000-how-to-break-a-solver/SharpVelvet/instances/small-test/chevu_000_s10612545542064383611_009.cnf
[SharpVelvet]: Running counter ganak on instance /home/vjurisic/cse3000-how-to-break-a-solver/SharpVelvet/instances/small-test/chevu_000_s10612545542064383611_009.cnf.
[SharpVelvet]: --> Executing: ./ganak /home/vjurisic/cse3000-how-to-break-a-solver/SharpVelvet/instances/small-test/chevu_000_s10612545542064383611_009.cnf in dir /home/vjurisic/cse3000-how-to-break-a-solver/binaries/solvers/
[SharpVelvet]: Aborted! Counter gpmc exceeded maximum time of 2000 s on instance /home/vjurisic/cse3000-how-to-break-a-solver/SharpVelvet/instances/small-test/chevu_000_s10612545542064383611_000.cnf.
[SharpVelvet]: Counter gpmc reports count None
[SharpVelvet]: 
[SharpVelvet], 2025-01-12, 21h47m01s: Instance 2/10: /home/vjurisic/cse3000-how-to-break-a-solver/SharpVelvet/instances/small-test/chevu_000_s10612545542064383611_005.cnf
[SharpVelvet]: Running counter gpmc on instance /home/vjurisic/cse3000-how-to-break-a-solver/SharpVelvet/instances/small-test/chevu_000_s10612545542064383611_005.cnf.
[SharpVelvet]: --> Executing: ./gpmc /home/vjurisic/cse3000-how-to-break-a-solver/SharpVelvet/instances/small-test/chevu_000_s10612545542064383611_005.cnf in dir /home/vjurisic/cse3000-how-to-break-a-solver/binaries/solvers/
[SharpVelvet]: Aborted! Counter d4g exceeded maximum time of 2000 s on instance /home/vjurisic/cse3000-how-to-break-a-solver/SharpVelvet/instances/small-test/chevu_000_s10612545542064383611_000.cnf.
[SharpVelvet]: Counter d4g reports count None
[SharpVelvet]: 
[SharpVelvet], 2025-01-12, 21h47m40s: Instance 2/10: /home/vjurisic/cse3000-how-to-break-a-solver/SharpVelvet/instances/small-test/chevu_000_s10612545542064383611_005.cnf
[SharpVelvet]: Running counter d4g on instance /home/vjurisic/cse3000-how-to-break-a-solver/SharpVelvet/instances/small-test/chevu_000_s10612545542064383611_005.cnf.
[SharpVelvet]: --> Executing: ./d4g /home/vjurisic/cse3000-how-to-break-a-solver/SharpVelvet/instances/small-test/chevu_000_s10612545542064383611_005.cnf in dir /home/vjurisic/cse3000-how-to-break-a-solver/binaries/solvers/
[SharpVelvet]: Counter ganak reports count None
[SharpVelvet]: 
[SharpVelvet], 2025-01-12, 21h57m10s: Instance 4/10: /home/vjurisic/cse3000-how-to-break-a-solver/SharpVelvet/instances/small-test/chevu_000_s10612545542064383611_008.cnf
[SharpVelvet]: Running counter ganak on instance /home/vjurisic/cse3000-how-to-break-a-solver/SharpVelvet/instances/small-test/chevu_000_s10612545542064383611_008.cnf.
[SharpVelvet]: --> Executing: ./ganak /home/vjurisic/cse3000-how-to-break-a-solver/SharpVelvet/instances/small-test/chevu_000_s10612545542064383611_008.cnf in dir /home/vjurisic/cse3000-how-to-break-a-solver/binaries/solvers/
[SharpVelvet]: Aborted! Counter d4r exceeded maximum time of 2000 s on instance /home/vjurisic/cse3000-how-to-break-a-solver/SharpVelvet/instances/small-test/chevu_000_s10612545542064383611_005.cnf.
[SharpVelvet]: Counter d4r reports count None
[SharpVelvet]: 
[SharpVelvet], 2025-01-12, 22h07m25s: Instance 3/10: /home/vjurisic/cse3000-how-to-break-a-solver/SharpVelvet/instances/small-test/chevu_000_s10612545542064383611_009.cnf
[SharpVelvet]: Running counter d4r on instance /home/vjurisic/cse3000-how-to-break-a-solver/SharpVelvet/instances/small-test/chevu_000_s10612545542064383611_009.cnf.
[SharpVelvet]: --> Executing: ./d4g /home/vjurisic/cse3000-how-to-break-a-solver/SharpVelvet/instances/small-test/chevu_000_s10612545542064383611_009.cnf in dir /home/vjurisic/cse3000-how-to-break-a-solver/binaries/solvers/
[SharpVelvet]: Counter ganak reports count None
[SharpVelvet]: 
[SharpVelvet], 2025-01-12, 22h12m59s: Instance 5/10: /home/vjurisic/cse3000-how-to-break-a-solver/SharpVelvet/instances/small-test/chevu_000_s10612545542064383611_004.cnf
[SharpVelvet]: Running counter ganak on instance /home/vjurisic/cse3000-how-to-break-a-solver/SharpVelvet/instances/small-test/chevu_000_s10612545542064383611_004.cnf.
[SharpVelvet]: --> Executing: ./ganak /home/vjurisic/cse3000-how-to-break-a-solver/SharpVelvet/instances/small-test/chevu_000_s10612545542064383611_004.cnf in dir /home/vjurisic/cse3000-how-to-break-a-solver/binaries/solvers/
[SharpVelvet]: Aborted! Counter gpmc exceeded maximum time of 2000 s on instance /home/vjurisic/cse3000-how-to-break-a-solver/SharpVelvet/instances/small-test/chevu_000_s10612545542064383611_005.cnf.
[SharpVelvet]: Counter gpmc reports count None
[SharpVelvet]: 
[SharpVelvet], 2025-01-12, 22h22m13s: Instance 3/10: /home/vjurisic/cse3000-how-to-break-a-solver/SharpVelvet/instances/small-test/chevu_000_s10612545542064383611_009.cnf
[SharpVelvet]: Running counter gpmc on instance /home/vjurisic/cse3000-how-to-break-a-solver/SharpVelvet/instances/small-test/chevu_000_s10612545542064383611_009.cnf.
[SharpVelvet]: --> Executing: ./gpmc /home/vjurisic/cse3000-how-to-break-a-solver/SharpVelvet/instances/small-test/chevu_000_s10612545542064383611_009.cnf in dir /home/vjurisic/cse3000-how-to-break-a-solver/binaries/solvers/
[SharpVelvet]: Aborted! Counter d4g exceeded maximum time of 2000 s on instance /home/vjurisic/cse3000-how-to-break-a-solver/SharpVelvet/instances/small-test/chevu_000_s10612545542064383611_005.cnf.
[SharpVelvet]: Counter d4g reports count None
[SharpVelvet]: 
[SharpVelvet], 2025-01-12, 22h23m19s: Instance 3/10: /home/vjurisic/cse3000-how-to-break-a-solver/SharpVelvet/instances/small-test/chevu_000_s10612545542064383611_009.cnf
[SharpVelvet]: Running counter d4g on instance /home/vjurisic/cse3000-how-to-break-a-solver/SharpVelvet/instances/small-test/chevu_000_s10612545542064383611_009.cnf.
[SharpVelvet]: --> Executing: ./d4g /home/vjurisic/cse3000-how-to-break-a-solver/SharpVelvet/instances/small-test/chevu_000_s10612545542064383611_009.cnf in dir /home/vjurisic/cse3000-how-to-break-a-solver/binaries/solvers/
[SharpVelvet]: Counter ganak reports count None
[SharpVelvet]: 
[SharpVelvet], 2025-01-12, 22h28m34s: Instance 6/10: /home/vjurisic/cse3000-how-to-break-a-solver/SharpVelvet/instances/small-test/chevu_000_s10612545542064383611_001.cnf
[SharpVelvet]: Running counter ganak on instance /home/vjurisic/cse3000-how-to-break-a-solver/SharpVelvet/instances/small-test/chevu_000_s10612545542064383611_001.cnf.
[SharpVelvet]: --> Executing: ./ganak /home/vjurisic/cse3000-how-to-break-a-solver/SharpVelvet/instances/small-test/chevu_000_s10612545542064383611_001.cnf in dir /home/vjurisic/cse3000-how-to-break-a-solver/binaries/solvers/
[SharpVelvet]: Counter d4r reports count None
[SharpVelvet]: 
[SharpVelvet], 2025-01-12, 22h36m52s: Instance 4/10: /home/vjurisic/cse3000-how-to-break-a-solver/SharpVelvet/instances/small-test/chevu_000_s10612545542064383611_008.cnf
[SharpVelvet]: Running counter d4r on instance /home/vjurisic/cse3000-how-to-break-a-solver/SharpVelvet/instances/small-test/chevu_000_s10612545542064383611_008.cnf.
[SharpVelvet]: --> Executing: ./d4g /home/vjurisic/cse3000-how-to-break-a-solver/SharpVelvet/instances/small-test/chevu_000_s10612545542064383611_008.cnf in dir /home/vjurisic/cse3000-how-to-break-a-solver/binaries/solvers/
[SharpVelvet]: Counter ganak reports count None
[SharpVelvet]: 
[SharpVelvet], 2025-01-12, 22h45m27s: Instance 7/10: /home/vjurisic/cse3000-how-to-break-a-solver/SharpVelvet/instances/small-test/chevu_000_s10612545542064383611_007.cnf
[SharpVelvet]: Running counter ganak on instance /home/vjurisic/cse3000-how-to-break-a-solver/SharpVelvet/instances/small-test/chevu_000_s10612545542064383611_007.cnf.
[SharpVelvet]: --> Executing: ./ganak /home/vjurisic/cse3000-how-to-break-a-solver/SharpVelvet/instances/small-test/chevu_000_s10612545542064383611_007.cnf in dir /home/vjurisic/cse3000-how-to-break-a-solver/binaries/solvers/
[SharpVelvet]: Counter d4g reports count None
[SharpVelvet]: 
[SharpVelvet], 2025-01-12, 22h56m26s: Instance 4/10: /home/vjurisic/cse3000-how-to-break-a-solver/SharpVelvet/instances/small-test/chevu_000_s10612545542064383611_008.cnf
[SharpVelvet]: Running counter d4g on instance /home/vjurisic/cse3000-how-to-break-a-solver/SharpVelvet/instances/small-test/chevu_000_s10612545542064383611_008.cnf.
[SharpVelvet]: --> Executing: ./d4g /home/vjurisic/cse3000-how-to-break-a-solver/SharpVelvet/instances/small-test/chevu_000_s10612545542064383611_008.cnf in dir /home/vjurisic/cse3000-how-to-break-a-solver/binaries/solvers/
[SharpVelvet]: Aborted! Counter gpmc exceeded maximum time of 2000 s on instance /home/vjurisic/cse3000-how-to-break-a-solver/SharpVelvet/instances/small-test/chevu_000_s10612545542064383611_009.cnf.
[SharpVelvet]: Counter gpmc reports count None
[SharpVelvet]: 
[SharpVelvet], 2025-01-12, 22h57m47s: Instance 4/10: /home/vjurisic/cse3000-how-to-break-a-solver/SharpVelvet/instances/small-test/chevu_000_s10612545542064383611_008.cnf
[SharpVelvet]: Running counter gpmc on instance /home/vjurisic/cse3000-how-to-break-a-solver/SharpVelvet/instances/small-test/chevu_000_s10612545542064383611_008.cnf.
[SharpVelvet]: --> Executing: ./gpmc /home/vjurisic/cse3000-how-to-break-a-solver/SharpVelvet/instances/small-test/chevu_000_s10612545542064383611_008.cnf in dir /home/vjurisic/cse3000-how-to-break-a-solver/binaries/solvers/
[SharpVelvet]: Counter ganak reports count None
[SharpVelvet]: 
[SharpVelvet], 2025-01-12, 23h04m06s: Instance 8/10: /home/vjurisic/cse3000-how-to-break-a-solver/SharpVelvet/instances/small-test/chevu_000_s10612545542064383611_003.cnf
[SharpVelvet]: Running counter ganak on instance /home/vjurisic/cse3000-how-to-break-a-solver/SharpVelvet/instances/small-test/chevu_000_s10612545542064383611_003.cnf.
[SharpVelvet]: --> Executing: ./ganak /home/vjurisic/cse3000-how-to-break-a-solver/SharpVelvet/instances/small-test/chevu_000_s10612545542064383611_003.cnf in dir /home/vjurisic/cse3000-how-to-break-a-solver/binaries/solvers/
[SharpVelvet]: Aborted! Counter d4r exceeded maximum time of 2000 s on instance /home/vjurisic/cse3000-how-to-break-a-solver/SharpVelvet/instances/small-test/chevu_000_s10612545542064383611_008.cnf.
[SharpVelvet]: Counter d4r reports count None
[SharpVelvet]: 
[SharpVelvet], 2025-01-12, 23h13m27s: Instance 5/10: /home/vjurisic/cse3000-how-to-break-a-solver/SharpVelvet/instances/small-test/chevu_000_s10612545542064383611_004.cnf
[SharpVelvet]: Running counter d4r on instance /home/vjurisic/cse3000-how-to-break-a-solver/SharpVelvet/instances/small-test/chevu_000_s10612545542064383611_004.cnf.
[SharpVelvet]: --> Executing: ./d4g /home/vjurisic/cse3000-how-to-break-a-solver/SharpVelvet/instances/small-test/chevu_000_s10612545542064383611_004.cnf in dir /home/vjurisic/cse3000-how-to-break-a-solver/binaries/solvers/
[SharpVelvet]: Counter ganak reports count None
[SharpVelvet]: 
[SharpVelvet], 2025-01-12, 23h23m03s: Instance 9/10: /home/vjurisic/cse3000-how-to-break-a-solver/SharpVelvet/instances/small-test/chevu_000_s10612545542064383611_002.cnf
[SharpVelvet]: Running counter ganak on instance /home/vjurisic/cse3000-how-to-break-a-solver/SharpVelvet/instances/small-test/chevu_000_s10612545542064383611_002.cnf.
[SharpVelvet]: --> Executing: ./ganak /home/vjurisic/cse3000-how-to-break-a-solver/SharpVelvet/instances/small-test/chevu_000_s10612545542064383611_002.cnf in dir /home/vjurisic/cse3000-how-to-break-a-solver/binaries/solvers/
[SharpVelvet]: Aborted! Counter d4g exceeded maximum time of 2000 s on instance /home/vjurisic/cse3000-how-to-break-a-solver/SharpVelvet/instances/small-test/chevu_000_s10612545542064383611_008.cnf.
[SharpVelvet]: Counter d4g reports count None
[SharpVelvet]: 
[SharpVelvet], 2025-01-12, 23h32m13s: Instance 5/10: /home/vjurisic/cse3000-how-to-break-a-solver/SharpVelvet/instances/small-test/chevu_000_s10612545542064383611_004.cnf
[SharpVelvet]: Running counter d4g on instance /home/vjurisic/cse3000-how-to-break-a-solver/SharpVelvet/instances/small-test/chevu_000_s10612545542064383611_004.cnf.
[SharpVelvet]: --> Executing: ./d4g /home/vjurisic/cse3000-how-to-break-a-solver/SharpVelvet/instances/small-test/chevu_000_s10612545542064383611_004.cnf in dir /home/vjurisic/cse3000-how-to-break-a-solver/binaries/solvers/
[SharpVelvet]: Aborted! Counter gpmc exceeded maximum time of 2000 s on instance /home/vjurisic/cse3000-how-to-break-a-solver/SharpVelvet/instances/small-test/chevu_000_s10612545542064383611_008.cnf.
[SharpVelvet]: Counter gpmc reports count None
[SharpVelvet]: 
[SharpVelvet], 2025-01-12, 23h33m22s: Instance 5/10: /home/vjurisic/cse3000-how-to-break-a-solver/SharpVelvet/instances/small-test/chevu_000_s10612545542064383611_004.cnf
[SharpVelvet]: Running counter gpmc on instance /home/vjurisic/cse3000-how-to-break-a-solver/SharpVelvet/instances/small-test/chevu_000_s10612545542064383611_004.cnf.
[SharpVelvet]: --> Executing: ./gpmc /home/vjurisic/cse3000-how-to-break-a-solver/SharpVelvet/instances/small-test/chevu_000_s10612545542064383611_004.cnf in dir /home/vjurisic/cse3000-how-to-break-a-solver/binaries/solvers/
[SharpVelvet]: Counter ganak reports count None
[SharpVelvet]: 
[SharpVelvet], 2025-01-12, 23h42m47s: Instance 10/10: /home/vjurisic/cse3000-how-to-break-a-solver/SharpVelvet/instances/small-test/chevu_000_s10612545542064383611_006.cnf
[SharpVelvet]: Running counter ganak on instance /home/vjurisic/cse3000-how-to-break-a-solver/SharpVelvet/instances/small-test/chevu_000_s10612545542064383611_006.cnf.
[SharpVelvet]: --> Executing: ./ganak /home/vjurisic/cse3000-how-to-break-a-solver/SharpVelvet/instances/small-test/chevu_000_s10612545542064383611_006.cnf in dir /home/vjurisic/cse3000-how-to-break-a-solver/binaries/solvers/
[SharpVelvet]: Aborted! Counter d4r exceeded maximum time of 2000 s on instance /home/vjurisic/cse3000-how-to-break-a-solver/SharpVelvet/instances/small-test/chevu_000_s10612545542064383611_004.cnf.
[SharpVelvet]: Counter d4r reports count None
[SharpVelvet]: 
[SharpVelvet], 2025-01-12, 23h49m06s: Instance 6/10: /home/vjurisic/cse3000-how-to-break-a-solver/SharpVelvet/instances/small-test/chevu_000_s10612545542064383611_001.cnf
[SharpVelvet]: Running counter d4r on instance /home/vjurisic/cse3000-how-to-break-a-solver/SharpVelvet/instances/small-test/chevu_000_s10612545542064383611_001.cnf.
[SharpVelvet]: --> Executing: ./d4g /home/vjurisic/cse3000-how-to-break-a-solver/SharpVelvet/instances/small-test/chevu_000_s10612545542064383611_001.cnf in dir /home/vjurisic/cse3000-how-to-break-a-solver/binaries/solvers/
[SharpVelvet]: Counter ganak reports count None
[SharpVelvet]: 
[SharpVelvet], 2025-01-12, 23h55m19s: FINISHED!
[SharpVelvet]: None of the instances triggered a crash on ganak
[SharpVelvet]: Aborted! Counter d4g exceeded maximum time of 2000 s on instance /home/vjurisic/cse3000-how-to-break-a-solver/SharpVelvet/instances/small-test/chevu_000_s10612545542064383611_004.cnf.
[SharpVelvet]: Counter d4g reports count None
[SharpVelvet]: 
[SharpVelvet], 2025-01-13, 00h06m30s: Instance 6/10: /home/vjurisic/cse3000-how-to-break-a-solver/SharpVelvet/instances/small-test/chevu_000_s10612545542064383611_001.cnf
[SharpVelvet]: Running counter d4g on instance /home/vjurisic/cse3000-how-to-break-a-solver/SharpVelvet/instances/small-test/chevu_000_s10612545542064383611_001.cnf.
[SharpVelvet]: --> Executing: ./d4g /home/vjurisic/cse3000-how-to-break-a-solver/SharpVelvet/instances/small-test/chevu_000_s10612545542064383611_001.cnf in dir /home/vjurisic/cse3000-how-to-break-a-solver/binaries/solvers/
[SharpVelvet]: Aborted! Counter gpmc exceeded maximum time of 2000 s on instance /home/vjurisic/cse3000-how-to-break-a-solver/SharpVelvet/instances/small-test/chevu_000_s10612545542064383611_004.cnf.
[SharpVelvet]: Counter gpmc reports count None
[SharpVelvet]: 
[SharpVelvet], 2025-01-13, 00h07m29s: Instance 6/10: /home/vjurisic/cse3000-how-to-break-a-solver/SharpVelvet/instances/small-test/chevu_000_s10612545542064383611_001.cnf
[SharpVelvet]: Running counter gpmc on instance /home/vjurisic/cse3000-how-to-break-a-solver/SharpVelvet/instances/small-test/chevu_000_s10612545542064383611_001.cnf.
[SharpVelvet]: --> Executing: ./gpmc /home/vjurisic/cse3000-how-to-break-a-solver/SharpVelvet/instances/small-test/chevu_000_s10612545542064383611_001.cnf in dir /home/vjurisic/cse3000-how-to-break-a-solver/binaries/solvers/
[SharpVelvet]: Aborted! Counter d4r exceeded maximum time of 2000 s on instance /home/vjurisic/cse3000-how-to-break-a-solver/SharpVelvet/instances/small-test/chevu_000_s10612545542064383611_001.cnf.
[SharpVelvet]: Counter d4r reports count None
[SharpVelvet]: 
[SharpVelvet], 2025-01-13, 00h22m34s: Instance 7/10: /home/vjurisic/cse3000-how-to-break-a-solver/SharpVelvet/instances/small-test/chevu_000_s10612545542064383611_007.cnf
[SharpVelvet]: Running counter d4r on instance /home/vjurisic/cse3000-how-to-break-a-solver/SharpVelvet/instances/small-test/chevu_000_s10612545542064383611_007.cnf.
[SharpVelvet]: --> Executing: ./d4g /home/vjurisic/cse3000-how-to-break-a-solver/SharpVelvet/instances/small-test/chevu_000_s10612545542064383611_007.cnf in dir /home/vjurisic/cse3000-how-to-break-a-solver/binaries/solvers/
[SharpVelvet]: Aborted! Counter d4g exceeded maximum time of 2000 s on instance /home/vjurisic/cse3000-how-to-break-a-solver/SharpVelvet/instances/small-test/chevu_000_s10612545542064383611_001.cnf.
[SharpVelvet]: Counter d4g reports count None
[SharpVelvet]: 
[SharpVelvet], 2025-01-13, 00h39m57s: Instance 7/10: /home/vjurisic/cse3000-how-to-break-a-solver/SharpVelvet/instances/small-test/chevu_000_s10612545542064383611_007.cnf
[SharpVelvet]: Running counter d4g on instance /home/vjurisic/cse3000-how-to-break-a-solver/SharpVelvet/instances/small-test/chevu_000_s10612545542064383611_007.cnf.
[SharpVelvet]: --> Executing: ./d4g /home/vjurisic/cse3000-how-to-break-a-solver/SharpVelvet/instances/small-test/chevu_000_s10612545542064383611_007.cnf in dir /home/vjurisic/cse3000-how-to-break-a-solver/binaries/solvers/
[SharpVelvet]: Aborted! Counter gpmc exceeded maximum time of 2000 s on instance /home/vjurisic/cse3000-how-to-break-a-solver/SharpVelvet/instances/small-test/chevu_000_s10612545542064383611_001.cnf.
[SharpVelvet]: Counter gpmc reports count None
[SharpVelvet]: 
[SharpVelvet], 2025-01-13, 00h40m58s: Instance 7/10: /home/vjurisic/cse3000-how-to-break-a-solver/SharpVelvet/instances/small-test/chevu_000_s10612545542064383611_007.cnf
[SharpVelvet]: Running counter gpmc on instance /home/vjurisic/cse3000-how-to-break-a-solver/SharpVelvet/instances/small-test/chevu_000_s10612545542064383611_007.cnf.
[SharpVelvet]: --> Executing: ./gpmc /home/vjurisic/cse3000-how-to-break-a-solver/SharpVelvet/instances/small-test/chevu_000_s10612545542064383611_007.cnf in dir /home/vjurisic/cse3000-how-to-break-a-solver/binaries/solvers/
[SharpVelvet]: Aborted! Counter d4r exceeded maximum time of 2000 s on instance /home/vjurisic/cse3000-how-to-break-a-solver/SharpVelvet/instances/small-test/chevu_000_s10612545542064383611_007.cnf.
[SharpVelvet]: Counter d4r reports count None
[SharpVelvet]: 
[SharpVelvet], 2025-01-13, 00h56m06s: Instance 8/10: /home/vjurisic/cse3000-how-to-break-a-solver/SharpVelvet/instances/small-test/chevu_000_s10612545542064383611_003.cnf
[SharpVelvet]: Running counter d4r on instance /home/vjurisic/cse3000-how-to-break-a-solver/SharpVelvet/instances/small-test/chevu_000_s10612545542064383611_003.cnf.
[SharpVelvet]: --> Executing: ./d4g /home/vjurisic/cse3000-how-to-break-a-solver/SharpVelvet/instances/small-test/chevu_000_s10612545542064383611_003.cnf in dir /home/vjurisic/cse3000-how-to-break-a-solver/binaries/solvers/
[SharpVelvet]: Aborted! Counter d4g exceeded maximum time of 2000 s on instance /home/vjurisic/cse3000-how-to-break-a-solver/SharpVelvet/instances/small-test/chevu_000_s10612545542064383611_007.cnf.
[SharpVelvet]: Counter d4g reports count None
[SharpVelvet]: 
[SharpVelvet], 2025-01-13, 01h13m30s: Instance 8/10: /home/vjurisic/cse3000-how-to-break-a-solver/SharpVelvet/instances/small-test/chevu_000_s10612545542064383611_003.cnf
[SharpVelvet]: Running counter d4g on instance /home/vjurisic/cse3000-how-to-break-a-solver/SharpVelvet/instances/small-test/chevu_000_s10612545542064383611_003.cnf.
[SharpVelvet]: --> Executing: ./d4g /home/vjurisic/cse3000-how-to-break-a-solver/SharpVelvet/instances/small-test/chevu_000_s10612545542064383611_003.cnf in dir /home/vjurisic/cse3000-how-to-break-a-solver/binaries/solvers/
[SharpVelvet]: Aborted! Counter gpmc exceeded maximum time of 2000 s on instance /home/vjurisic/cse3000-how-to-break-a-solver/SharpVelvet/instances/small-test/chevu_000_s10612545542064383611_007.cnf.
[SharpVelvet]: Counter gpmc reports count None
[SharpVelvet]: 
[SharpVelvet], 2025-01-13, 01h14m30s: Instance 8/10: /home/vjurisic/cse3000-how-to-break-a-solver/SharpVelvet/instances/small-test/chevu_000_s10612545542064383611_003.cnf
[SharpVelvet]: Running counter gpmc on instance /home/vjurisic/cse3000-how-to-break-a-solver/SharpVelvet/instances/small-test/chevu_000_s10612545542064383611_003.cnf.
[SharpVelvet]: --> Executing: ./gpmc /home/vjurisic/cse3000-how-to-break-a-solver/SharpVelvet/instances/small-test/chevu_000_s10612545542064383611_003.cnf in dir /home/vjurisic/cse3000-how-to-break-a-solver/binaries/solvers/
[SharpVelvet]: Aborted! Counter d4r exceeded maximum time of 2000 s on instance /home/vjurisic/cse3000-how-to-break-a-solver/SharpVelvet/instances/small-test/chevu_000_s10612545542064383611_003.cnf.
[SharpVelvet]: Counter d4r reports count None
[SharpVelvet]: 
[SharpVelvet], 2025-01-13, 01h29m34s: Instance 9/10: /home/vjurisic/cse3000-how-to-break-a-solver/SharpVelvet/instances/small-test/chevu_000_s10612545542064383611_002.cnf
[SharpVelvet]: Running counter d4r on instance /home/vjurisic/cse3000-how-to-break-a-solver/SharpVelvet/instances/small-test/chevu_000_s10612545542064383611_002.cnf.
[SharpVelvet]: --> Executing: ./d4g /home/vjurisic/cse3000-how-to-break-a-solver/SharpVelvet/instances/small-test/chevu_000_s10612545542064383611_002.cnf in dir /home/vjurisic/cse3000-how-to-break-a-solver/binaries/solvers/
[SharpVelvet]: Aborted! Counter d4g exceeded maximum time of 2000 s on instance /home/vjurisic/cse3000-how-to-break-a-solver/SharpVelvet/instances/small-test/chevu_000_s10612545542064383611_003.cnf.
[SharpVelvet]: Counter d4g reports count None
[SharpVelvet]: 
[SharpVelvet], 2025-01-13, 01h46m57s: Instance 9/10: /home/vjurisic/cse3000-how-to-break-a-solver/SharpVelvet/instances/small-test/chevu_000_s10612545542064383611_002.cnf
[SharpVelvet]: Running counter d4g on instance /home/vjurisic/cse3000-how-to-break-a-solver/SharpVelvet/instances/small-test/chevu_000_s10612545542064383611_002.cnf.
[SharpVelvet]: --> Executing: ./d4g /home/vjurisic/cse3000-how-to-break-a-solver/SharpVelvet/instances/small-test/chevu_000_s10612545542064383611_002.cnf in dir /home/vjurisic/cse3000-how-to-break-a-solver/binaries/solvers/
[SharpVelvet]: Aborted! Counter gpmc exceeded maximum time of 2000 s on instance /home/vjurisic/cse3000-how-to-break-a-solver/SharpVelvet/instances/small-test/chevu_000_s10612545542064383611_003.cnf.
[SharpVelvet]: Counter gpmc reports count None
[SharpVelvet]: 
[SharpVelvet], 2025-01-13, 01h47m58s: Instance 9/10: /home/vjurisic/cse3000-how-to-break-a-solver/SharpVelvet/instances/small-test/chevu_000_s10612545542064383611_002.cnf
[SharpVelvet]: Running counter gpmc on instance /home/vjurisic/cse3000-how-to-break-a-solver/SharpVelvet/instances/small-test/chevu_000_s10612545542064383611_002.cnf.
[SharpVelvet]: --> Executing: ./gpmc /home/vjurisic/cse3000-how-to-break-a-solver/SharpVelvet/instances/small-test/chevu_000_s10612545542064383611_002.cnf in dir /home/vjurisic/cse3000-how-to-break-a-solver/binaries/solvers/
[SharpVelvet]: Aborted! Counter d4r exceeded maximum time of 2000 s on instance /home/vjurisic/cse3000-how-to-break-a-solver/SharpVelvet/instances/small-test/chevu_000_s10612545542064383611_002.cnf.
[SharpVelvet]: Counter d4r reports count None
[SharpVelvet]: 
[SharpVelvet], 2025-01-13, 02h03m02s: Instance 10/10: /home/vjurisic/cse3000-how-to-break-a-solver/SharpVelvet/instances/small-test/chevu_000_s10612545542064383611_006.cnf
[SharpVelvet]: Running counter d4r on instance /home/vjurisic/cse3000-how-to-break-a-solver/SharpVelvet/instances/small-test/chevu_000_s10612545542064383611_006.cnf.
[SharpVelvet]: --> Executing: ./d4g /home/vjurisic/cse3000-how-to-break-a-solver/SharpVelvet/instances/small-test/chevu_000_s10612545542064383611_006.cnf in dir /home/vjurisic/cse3000-how-to-break-a-solver/binaries/solvers/
[SharpVelvet]: Aborted! Counter d4g exceeded maximum time of 2000 s on instance /home/vjurisic/cse3000-how-to-break-a-solver/SharpVelvet/instances/small-test/chevu_000_s10612545542064383611_002.cnf.
[SharpVelvet]: Counter d4g reports count None
[SharpVelvet]: 
[SharpVelvet], 2025-01-13, 02h20m25s: Instance 10/10: /home/vjurisic/cse3000-how-to-break-a-solver/SharpVelvet/instances/small-test/chevu_000_s10612545542064383611_006.cnf
[SharpVelvet]: Running counter d4g on instance /home/vjurisic/cse3000-how-to-break-a-solver/SharpVelvet/instances/small-test/chevu_000_s10612545542064383611_006.cnf.
[SharpVelvet]: --> Executing: ./d4g /home/vjurisic/cse3000-how-to-break-a-solver/SharpVelvet/instances/small-test/chevu_000_s10612545542064383611_006.cnf in dir /home/vjurisic/cse3000-how-to-break-a-solver/binaries/solvers/
[SharpVelvet]: Aborted! Counter gpmc exceeded maximum time of 2000 s on instance /home/vjurisic/cse3000-how-to-break-a-solver/SharpVelvet/instances/small-test/chevu_000_s10612545542064383611_002.cnf.
[SharpVelvet]: Counter gpmc reports count None
[SharpVelvet]: 
[SharpVelvet], 2025-01-13, 02h21m26s: Instance 10/10: /home/vjurisic/cse3000-how-to-break-a-solver/SharpVelvet/instances/small-test/chevu_000_s10612545542064383611_006.cnf
[SharpVelvet]: Running counter gpmc on instance /home/vjurisic/cse3000-how-to-break-a-solver/SharpVelvet/instances/small-test/chevu_000_s10612545542064383611_006.cnf.
[SharpVelvet]: --> Executing: ./gpmc /home/vjurisic/cse3000-how-to-break-a-solver/SharpVelvet/instances/small-test/chevu_000_s10612545542064383611_006.cnf in dir /home/vjurisic/cse3000-how-to-break-a-solver/binaries/solvers/
[SharpVelvet]: Aborted! Counter d4r exceeded maximum time of 2000 s on instance /home/vjurisic/cse3000-how-to-break-a-solver/SharpVelvet/instances/small-test/chevu_000_s10612545542064383611_006.cnf.
[SharpVelvet]: Counter d4r reports count None
[SharpVelvet]: 
[SharpVelvet], 2025-01-13, 02h36m29s: FINISHED!
[SharpVelvet]: None of the instances triggered a crash on d4r
[SharpVelvet]: Aborted! Counter d4g exceeded maximum time of 2000 s on instance /home/vjurisic/cse3000-how-to-break-a-solver/SharpVelvet/instances/small-test/chevu_000_s10612545542064383611_006.cnf.
[SharpVelvet]: Counter d4g reports count None
[SharpVelvet]: 
[SharpVelvet], 2025-01-13, 02h53m52s: FINISHED!
[SharpVelvet]: None of the instances triggered a crash on d4g
[SharpVelvet]: Aborted! Counter gpmc exceeded maximum time of 2000 s on instance /home/vjurisic/cse3000-how-to-break-a-solver/SharpVelvet/instances/small-test/chevu_000_s10612545542064383611_006.cnf.
[SharpVelvet]: Counter gpmc reports count None
[SharpVelvet]: 
[SharpVelvet], 2025-01-13, 02h54m55s: FINISHED!
[SharpVelvet]: None of the instances triggered a crash on gpmc
Conda environment 'global-env' deactivated!
slurmstepd: error: Detected 23 oom-kill event(s) in StepId=5286777.batch. Some of your processes may have been killed by the cgroup out-of-memory handler.
