Conda module loaded!
Conda environment 'global-env' activated!
chevu_000_s10612545542064383611_000.cnf
Namespace(counters='/home/vjurisic/cse3000-how-to-break-a-solver/SharpVelvet/tool-config/exp/ganak_counter_config_mc.json', instances='/home/vjurisic/cse3000-how-to-break-a-solver/SharpVelvet/instances/small-test', projected=False, weighted=False, timeout=3600, memout=3200, verbosity=2, keep_bugs_only=False, out_dir='/home/vjurisic/cse3000-how-to-break-a-solver/SharpVelvet/out', log_dir='/home/vjurisic/cse3000-how-to-break-a-solver/SharpVelvet/out/logs', verified_counts=None, clean_up_proofs=False)
[SharpVelvet]: 
[SharpVelvet]: 
[SharpVelvet], 2025-01-13, 05h41m52s: Instance 1/10: /home/vjurisic/cse3000-how-to-break-a-solver/SharpVelvet/instances/small-test/chevu_000_s10612545542064383611_000.cnf
chevu_000_s10612545542064383611_000.cnf
Namespace(counters='/home/vjurisic/cse3000-how-to-break-a-solver/SharpVelvet/tool-config/exp/d4r_counter_config_mc.json', instances='/home/vjurisic/cse3000-how-to-break-a-solver/SharpVelvet/instances/small-test', projected=False, weighted=False, timeout=3600, memout=3200, verbosity=2, keep_bugs_only=False, out_dir='/home/vjurisic/cse3000-how-to-break-a-solver/SharpVelvet/out', log_dir='/home/vjurisic/cse3000-how-to-break-a-solver/SharpVelvet/out/logs', verified_counts=None, clean_up_proofs=False)
[SharpVelvet]: 
[SharpVelvet]: 
[SharpVelvet]: Running counter ganak on instance /home/vjurisic/cse3000-how-to-break-a-solver/SharpVelvet/instances/small-test/chevu_000_s10612545542064383611_000.cnf.
chevu_000_s10612545542064383611_000.cnf
Namespace(counters='/home/vjurisic/cse3000-how-to-break-a-solver/SharpVelvet/tool-config/exp/gpmc_counter_config_mc.json', instances='/home/vjurisic/cse3000-how-to-break-a-solver/SharpVelvet/instances/small-test', projected=False, weighted=False, timeout=3600, memout=3200, verbosity=2, keep_bugs_only=False, out_dir='/home/vjurisic/cse3000-how-to-break-a-solver/SharpVelvet/out', log_dir='/home/vjurisic/cse3000-how-to-break-a-solver/SharpVelvet/out/logs', verified_counts=None, clean_up_proofs=False)
[SharpVelvet]: 
[SharpVelvet]: 
chevu_000_s10612545542064383611_000.cnf
Namespace(counters='/home/vjurisic/cse3000-how-to-break-a-solver/SharpVelvet/tool-config/exp/d4g_counter_config_mc.json', instances='/home/vjurisic/cse3000-how-to-break-a-solver/SharpVelvet/instances/small-test', projected=False, weighted=False, timeout=3600, memout=3200, verbosity=2, keep_bugs_only=False, out_dir='/home/vjurisic/cse3000-how-to-break-a-solver/SharpVelvet/out', log_dir='/home/vjurisic/cse3000-how-to-break-a-solver/SharpVelvet/out/logs', verified_counts=None, clean_up_proofs=False)
[SharpVelvet]: 
[SharpVelvet]: 
[SharpVelvet], 2025-01-13, 05h41m52s: Instance 1/10: /home/vjurisic/cse3000-how-to-break-a-solver/SharpVelvet/instances/small-test/chevu_000_s10612545542064383611_000.cnf
[SharpVelvet]: --> Executing: ./ganak /home/vjurisic/cse3000-how-to-break-a-solver/SharpVelvet/instances/small-test/chevu_000_s10612545542064383611_000.cnf in dir /home/vjurisic/cse3000-how-to-break-a-solver/binaries/solvers/
[SharpVelvet], 2025-01-13, 05h41m52s: Instance 1/10: /home/vjurisic/cse3000-how-to-break-a-solver/SharpVelvet/instances/small-test/chevu_000_s10612545542064383611_000.cnf
[SharpVelvet], 2025-01-13, 05h41m52s: Instance 1/10: /home/vjurisic/cse3000-how-to-break-a-solver/SharpVelvet/instances/small-test/chevu_000_s10612545542064383611_000.cnf
[SharpVelvet]: Running counter d4r on instance /home/vjurisic/cse3000-how-to-break-a-solver/SharpVelvet/instances/small-test/chevu_000_s10612545542064383611_000.cnf.
[SharpVelvet]: Running counter gpmc on instance /home/vjurisic/cse3000-how-to-break-a-solver/SharpVelvet/instances/small-test/chevu_000_s10612545542064383611_000.cnf.
[SharpVelvet]: Running counter d4g on instance /home/vjurisic/cse3000-how-to-break-a-solver/SharpVelvet/instances/small-test/chevu_000_s10612545542064383611_000.cnf.
[SharpVelvet]: --> Executing: ./gpmc /home/vjurisic/cse3000-how-to-break-a-solver/SharpVelvet/instances/small-test/chevu_000_s10612545542064383611_000.cnf in dir /home/vjurisic/cse3000-how-to-break-a-solver/binaries/solvers/
[SharpVelvet]: --> Executing: ./d4g /home/vjurisic/cse3000-how-to-break-a-solver/SharpVelvet/instances/small-test/chevu_000_s10612545542064383611_000.cnf in dir /home/vjurisic/cse3000-how-to-break-a-solver/binaries/solvers/
[SharpVelvet]: --> Executing: ./d4g /home/vjurisic/cse3000-how-to-break-a-solver/SharpVelvet/instances/small-test/chevu_000_s10612545542064383611_000.cnf in dir /home/vjurisic/cse3000-how-to-break-a-solver/binaries/solvers/
[SharpVelvet]: Counter ganak reports count None
[SharpVelvet]: 
[SharpVelvet], 2025-01-13, 05h54m23s: Instance 2/10: /home/vjurisic/cse3000-how-to-break-a-solver/SharpVelvet/instances/small-test/chevu_000_s10612545542064383611_005.cnf
[SharpVelvet]: Running counter ganak on instance /home/vjurisic/cse3000-how-to-break-a-solver/SharpVelvet/instances/small-test/chevu_000_s10612545542064383611_005.cnf.
[SharpVelvet]: --> Executing: ./ganak /home/vjurisic/cse3000-how-to-break-a-solver/SharpVelvet/instances/small-test/chevu_000_s10612545542064383611_005.cnf in dir /home/vjurisic/cse3000-how-to-break-a-solver/binaries/solvers/
[SharpVelvet]: Counter d4g reports count None
[SharpVelvet]: 
[SharpVelvet], 2025-01-13, 06h00m14s: Instance 2/10: /home/vjurisic/cse3000-how-to-break-a-solver/SharpVelvet/instances/small-test/chevu_000_s10612545542064383611_005.cnf
[SharpVelvet]: Running counter d4g on instance /home/vjurisic/cse3000-how-to-break-a-solver/SharpVelvet/instances/small-test/chevu_000_s10612545542064383611_005.cnf.
[SharpVelvet]: --> Executing: ./d4g /home/vjurisic/cse3000-how-to-break-a-solver/SharpVelvet/instances/small-test/chevu_000_s10612545542064383611_005.cnf in dir /home/vjurisic/cse3000-how-to-break-a-solver/binaries/solvers/
[SharpVelvet]: Counter ganak reports count None
[SharpVelvet]: 
[SharpVelvet], 2025-01-13, 06h04m12s: Instance 3/10: /home/vjurisic/cse3000-how-to-break-a-solver/SharpVelvet/instances/small-test/chevu_000_s10612545542064383611_009.cnf
[SharpVelvet]: Running counter ganak on instance /home/vjurisic/cse3000-how-to-break-a-solver/SharpVelvet/instances/small-test/chevu_000_s10612545542064383611_009.cnf.
[SharpVelvet]: --> Executing: ./ganak /home/vjurisic/cse3000-how-to-break-a-solver/SharpVelvet/instances/small-test/chevu_000_s10612545542064383611_009.cnf in dir /home/vjurisic/cse3000-how-to-break-a-solver/binaries/solvers/
[SharpVelvet]: Counter d4r reports count None
[SharpVelvet]: 
[SharpVelvet], 2025-01-13, 06h09m24s: Instance 2/10: /home/vjurisic/cse3000-how-to-break-a-solver/SharpVelvet/instances/small-test/chevu_000_s10612545542064383611_005.cnf
[SharpVelvet]: Running counter d4r on instance /home/vjurisic/cse3000-how-to-break-a-solver/SharpVelvet/instances/small-test/chevu_000_s10612545542064383611_005.cnf.
[SharpVelvet]: --> Executing: ./d4g /home/vjurisic/cse3000-how-to-break-a-solver/SharpVelvet/instances/small-test/chevu_000_s10612545542064383611_005.cnf in dir /home/vjurisic/cse3000-how-to-break-a-solver/binaries/solvers/
[SharpVelvet]: Counter ganak reports count None
[SharpVelvet]: 
[SharpVelvet], 2025-01-13, 06h14m46s: Instance 4/10: /home/vjurisic/cse3000-how-to-break-a-solver/SharpVelvet/instances/small-test/chevu_000_s10612545542064383611_008.cnf
[SharpVelvet]: Running counter ganak on instance /home/vjurisic/cse3000-how-to-break-a-solver/SharpVelvet/instances/small-test/chevu_000_s10612545542064383611_008.cnf.
[SharpVelvet]: --> Executing: ./ganak /home/vjurisic/cse3000-how-to-break-a-solver/SharpVelvet/instances/small-test/chevu_000_s10612545542064383611_008.cnf in dir /home/vjurisic/cse3000-how-to-break-a-solver/binaries/solvers/
[SharpVelvet]: Counter d4g reports count None
[SharpVelvet]: 
[SharpVelvet], 2025-01-13, 06h21m14s: Instance 3/10: /home/vjurisic/cse3000-how-to-break-a-solver/SharpVelvet/instances/small-test/chevu_000_s10612545542064383611_009.cnf
[SharpVelvet]: Running counter d4g on instance /home/vjurisic/cse3000-how-to-break-a-solver/SharpVelvet/instances/small-test/chevu_000_s10612545542064383611_009.cnf.
[SharpVelvet]: --> Executing: ./d4g /home/vjurisic/cse3000-how-to-break-a-solver/SharpVelvet/instances/small-test/chevu_000_s10612545542064383611_009.cnf in dir /home/vjurisic/cse3000-how-to-break-a-solver/binaries/solvers/
[SharpVelvet]: Counter ganak reports count None
[SharpVelvet]: 
[SharpVelvet], 2025-01-13, 06h26m31s: Instance 5/10: /home/vjurisic/cse3000-how-to-break-a-solver/SharpVelvet/instances/small-test/chevu_000_s10612545542064383611_004.cnf
[SharpVelvet]: Running counter ganak on instance /home/vjurisic/cse3000-how-to-break-a-solver/SharpVelvet/instances/small-test/chevu_000_s10612545542064383611_004.cnf.
[SharpVelvet]: --> Executing: ./ganak /home/vjurisic/cse3000-how-to-break-a-solver/SharpVelvet/instances/small-test/chevu_000_s10612545542064383611_004.cnf in dir /home/vjurisic/cse3000-how-to-break-a-solver/binaries/solvers/
[SharpVelvet]: Counter d4r reports count None
[SharpVelvet]: 
[SharpVelvet], 2025-01-13, 06h33m18s: Instance 3/10: /home/vjurisic/cse3000-how-to-break-a-solver/SharpVelvet/instances/small-test/chevu_000_s10612545542064383611_009.cnf
[SharpVelvet]: Running counter d4r on instance /home/vjurisic/cse3000-how-to-break-a-solver/SharpVelvet/instances/small-test/chevu_000_s10612545542064383611_009.cnf.
[SharpVelvet]: --> Executing: ./d4g /home/vjurisic/cse3000-how-to-break-a-solver/SharpVelvet/instances/small-test/chevu_000_s10612545542064383611_009.cnf in dir /home/vjurisic/cse3000-how-to-break-a-solver/binaries/solvers/
[SharpVelvet]: Counter ganak reports count None
[SharpVelvet]: 
[SharpVelvet], 2025-01-13, 06h40m22s: Instance 6/10: /home/vjurisic/cse3000-how-to-break-a-solver/SharpVelvet/instances/small-test/chevu_000_s10612545542064383611_001.cnf
[SharpVelvet]: Running counter ganak on instance /home/vjurisic/cse3000-how-to-break-a-solver/SharpVelvet/instances/small-test/chevu_000_s10612545542064383611_001.cnf.
[SharpVelvet]: --> Executing: ./ganak /home/vjurisic/cse3000-how-to-break-a-solver/SharpVelvet/instances/small-test/chevu_000_s10612545542064383611_001.cnf in dir /home/vjurisic/cse3000-how-to-break-a-solver/binaries/solvers/
[SharpVelvet]: Aborted! Counter gpmc exceeded maximum time of 3600 s on instance /home/vjurisic/cse3000-how-to-break-a-solver/SharpVelvet/instances/small-test/chevu_000_s10612545542064383611_000.cnf.
[SharpVelvet]: Counter gpmc reports count None
[SharpVelvet]: 
[SharpVelvet], 2025-01-13, 06h42m10s: Instance 2/10: /home/vjurisic/cse3000-how-to-break-a-solver/SharpVelvet/instances/small-test/chevu_000_s10612545542064383611_005.cnf
[SharpVelvet]: Running counter gpmc on instance /home/vjurisic/cse3000-how-to-break-a-solver/SharpVelvet/instances/small-test/chevu_000_s10612545542064383611_005.cnf.
[SharpVelvet]: --> Executing: ./gpmc /home/vjurisic/cse3000-how-to-break-a-solver/SharpVelvet/instances/small-test/chevu_000_s10612545542064383611_005.cnf in dir /home/vjurisic/cse3000-how-to-break-a-solver/binaries/solvers/
[SharpVelvet]: Counter d4g reports count None
[SharpVelvet]: 
[SharpVelvet], 2025-01-13, 06h46m19s: Instance 4/10: /home/vjurisic/cse3000-how-to-break-a-solver/SharpVelvet/instances/small-test/chevu_000_s10612545542064383611_008.cnf
[SharpVelvet]: Running counter d4g on instance /home/vjurisic/cse3000-how-to-break-a-solver/SharpVelvet/instances/small-test/chevu_000_s10612545542064383611_008.cnf.
[SharpVelvet]: --> Executing: ./d4g /home/vjurisic/cse3000-how-to-break-a-solver/SharpVelvet/instances/small-test/chevu_000_s10612545542064383611_008.cnf in dir /home/vjurisic/cse3000-how-to-break-a-solver/binaries/solvers/
[SharpVelvet]: Counter ganak reports count None
[SharpVelvet]: 
[SharpVelvet], 2025-01-13, 06h51m59s: Instance 7/10: /home/vjurisic/cse3000-how-to-break-a-solver/SharpVelvet/instances/small-test/chevu_000_s10612545542064383611_007.cnf
[SharpVelvet]: Running counter ganak on instance /home/vjurisic/cse3000-how-to-break-a-solver/SharpVelvet/instances/small-test/chevu_000_s10612545542064383611_007.cnf.
[SharpVelvet]: --> Executing: ./ganak /home/vjurisic/cse3000-how-to-break-a-solver/SharpVelvet/instances/small-test/chevu_000_s10612545542064383611_007.cnf in dir /home/vjurisic/cse3000-how-to-break-a-solver/binaries/solvers/
[SharpVelvet]: Counter d4r reports count None
[SharpVelvet]: 
[SharpVelvet], 2025-01-13, 06h59m12s: Instance 4/10: /home/vjurisic/cse3000-how-to-break-a-solver/SharpVelvet/instances/small-test/chevu_000_s10612545542064383611_008.cnf
[SharpVelvet]: Running counter d4r on instance /home/vjurisic/cse3000-how-to-break-a-solver/SharpVelvet/instances/small-test/chevu_000_s10612545542064383611_008.cnf.
[SharpVelvet]: --> Executing: ./d4g /home/vjurisic/cse3000-how-to-break-a-solver/SharpVelvet/instances/small-test/chevu_000_s10612545542064383611_008.cnf in dir /home/vjurisic/cse3000-how-to-break-a-solver/binaries/solvers/
[SharpVelvet]: Counter ganak reports count None
[SharpVelvet]: 
[SharpVelvet], 2025-01-13, 07h05m38s: Instance 8/10: /home/vjurisic/cse3000-how-to-break-a-solver/SharpVelvet/instances/small-test/chevu_000_s10612545542064383611_003.cnf
[SharpVelvet]: Running counter ganak on instance /home/vjurisic/cse3000-how-to-break-a-solver/SharpVelvet/instances/small-test/chevu_000_s10612545542064383611_003.cnf.
[SharpVelvet]: --> Executing: ./ganak /home/vjurisic/cse3000-how-to-break-a-solver/SharpVelvet/instances/small-test/chevu_000_s10612545542064383611_003.cnf in dir /home/vjurisic/cse3000-how-to-break-a-solver/binaries/solvers/
[SharpVelvet]: Counter d4g reports count None
[SharpVelvet]: 
[SharpVelvet], 2025-01-13, 07h12m00s: Instance 5/10: /home/vjurisic/cse3000-how-to-break-a-solver/SharpVelvet/instances/small-test/chevu_000_s10612545542064383611_004.cnf
[SharpVelvet]: Running counter d4g on instance /home/vjurisic/cse3000-how-to-break-a-solver/SharpVelvet/instances/small-test/chevu_000_s10612545542064383611_004.cnf.
[SharpVelvet]: --> Executing: ./d4g /home/vjurisic/cse3000-how-to-break-a-solver/SharpVelvet/instances/small-test/chevu_000_s10612545542064383611_004.cnf in dir /home/vjurisic/cse3000-how-to-break-a-solver/binaries/solvers/
[SharpVelvet]: Counter ganak reports count None
[SharpVelvet]: 
[SharpVelvet], 2025-01-13, 07h19m17s: Instance 9/10: /home/vjurisic/cse3000-how-to-break-a-solver/SharpVelvet/instances/small-test/chevu_000_s10612545542064383611_002.cnf
[SharpVelvet]: Running counter ganak on instance /home/vjurisic/cse3000-how-to-break-a-solver/SharpVelvet/instances/small-test/chevu_000_s10612545542064383611_002.cnf.
[SharpVelvet]: --> Executing: ./ganak /home/vjurisic/cse3000-how-to-break-a-solver/SharpVelvet/instances/small-test/chevu_000_s10612545542064383611_002.cnf in dir /home/vjurisic/cse3000-how-to-break-a-solver/binaries/solvers/
[SharpVelvet]: Counter d4r reports count None
[SharpVelvet]: 
[SharpVelvet], 2025-01-13, 07h25m40s: Instance 5/10: /home/vjurisic/cse3000-how-to-break-a-solver/SharpVelvet/instances/small-test/chevu_000_s10612545542064383611_004.cnf
[SharpVelvet]: Running counter d4r on instance /home/vjurisic/cse3000-how-to-break-a-solver/SharpVelvet/instances/small-test/chevu_000_s10612545542064383611_004.cnf.
[SharpVelvet]: --> Executing: ./d4g /home/vjurisic/cse3000-how-to-break-a-solver/SharpVelvet/instances/small-test/chevu_000_s10612545542064383611_004.cnf in dir /home/vjurisic/cse3000-how-to-break-a-solver/binaries/solvers/
[SharpVelvet]: Counter ganak reports count None
[SharpVelvet]: 
[SharpVelvet], 2025-01-13, 07h33m06s: Instance 10/10: /home/vjurisic/cse3000-how-to-break-a-solver/SharpVelvet/instances/small-test/chevu_000_s10612545542064383611_006.cnf
[SharpVelvet]: Running counter ganak on instance /home/vjurisic/cse3000-how-to-break-a-solver/SharpVelvet/instances/small-test/chevu_000_s10612545542064383611_006.cnf.
[SharpVelvet]: --> Executing: ./ganak /home/vjurisic/cse3000-how-to-break-a-solver/SharpVelvet/instances/small-test/chevu_000_s10612545542064383611_006.cnf in dir /home/vjurisic/cse3000-how-to-break-a-solver/binaries/solvers/
[SharpVelvet]: Counter d4g reports count None
[SharpVelvet]: 
[SharpVelvet], 2025-01-13, 07h39m55s: Instance 6/10: /home/vjurisic/cse3000-how-to-break-a-solver/SharpVelvet/instances/small-test/chevu_000_s10612545542064383611_001.cnf
[SharpVelvet]: Running counter d4g on instance /home/vjurisic/cse3000-how-to-break-a-solver/SharpVelvet/instances/small-test/chevu_000_s10612545542064383611_001.cnf.
[SharpVelvet]: --> Executing: ./d4g /home/vjurisic/cse3000-how-to-break-a-solver/SharpVelvet/instances/small-test/chevu_000_s10612545542064383611_001.cnf in dir /home/vjurisic/cse3000-how-to-break-a-solver/binaries/solvers/
[SharpVelvet]: Aborted! Counter gpmc exceeded maximum time of 3600 s on instance /home/vjurisic/cse3000-how-to-break-a-solver/SharpVelvet/instances/small-test/chevu_000_s10612545542064383611_005.cnf.
[SharpVelvet]: Counter gpmc reports count None
[SharpVelvet]: 
[SharpVelvet], 2025-01-13, 07h42m28s: Instance 3/10: /home/vjurisic/cse3000-how-to-break-a-solver/SharpVelvet/instances/small-test/chevu_000_s10612545542064383611_009.cnf
[SharpVelvet]: Running counter gpmc on instance /home/vjurisic/cse3000-how-to-break-a-solver/SharpVelvet/instances/small-test/chevu_000_s10612545542064383611_009.cnf.
[SharpVelvet]: --> Executing: ./gpmc /home/vjurisic/cse3000-how-to-break-a-solver/SharpVelvet/instances/small-test/chevu_000_s10612545542064383611_009.cnf in dir /home/vjurisic/cse3000-how-to-break-a-solver/binaries/solvers/
[SharpVelvet]: Counter ganak reports count None
[SharpVelvet]: 
[SharpVelvet], 2025-01-13, 07h46m38s: FINISHED!
[SharpVelvet]: None of the instances triggered a crash on ganak
[SharpVelvet]: Counter d4r reports count None
[SharpVelvet]: 
[SharpVelvet], 2025-01-13, 08h01m21s: Instance 6/10: /home/vjurisic/cse3000-how-to-break-a-solver/SharpVelvet/instances/small-test/chevu_000_s10612545542064383611_001.cnf
[SharpVelvet]: Running counter d4r on instance /home/vjurisic/cse3000-how-to-break-a-solver/SharpVelvet/instances/small-test/chevu_000_s10612545542064383611_001.cnf.
[SharpVelvet]: --> Executing: ./d4g /home/vjurisic/cse3000-how-to-break-a-solver/SharpVelvet/instances/small-test/chevu_000_s10612545542064383611_001.cnf in dir /home/vjurisic/cse3000-how-to-break-a-solver/binaries/solvers/
[SharpVelvet]: Counter d4g reports count None
[SharpVelvet]: 
[SharpVelvet], 2025-01-13, 08h21m16s: Instance 7/10: /home/vjurisic/cse3000-how-to-break-a-solver/SharpVelvet/instances/small-test/chevu_000_s10612545542064383611_007.cnf
[SharpVelvet]: Running counter d4g on instance /home/vjurisic/cse3000-how-to-break-a-solver/SharpVelvet/instances/small-test/chevu_000_s10612545542064383611_007.cnf.
[SharpVelvet]: --> Executing: ./d4g /home/vjurisic/cse3000-how-to-break-a-solver/SharpVelvet/instances/small-test/chevu_000_s10612545542064383611_007.cnf in dir /home/vjurisic/cse3000-how-to-break-a-solver/binaries/solvers/
[SharpVelvet]: Counter d4r reports count None
[SharpVelvet]: 
[SharpVelvet], 2025-01-13, 08h40m19s: Instance 7/10: /home/vjurisic/cse3000-how-to-break-a-solver/SharpVelvet/instances/small-test/chevu_000_s10612545542064383611_007.cnf
[SharpVelvet]: Running counter d4r on instance /home/vjurisic/cse3000-how-to-break-a-solver/SharpVelvet/instances/small-test/chevu_000_s10612545542064383611_007.cnf.
[SharpVelvet]: --> Executing: ./d4g /home/vjurisic/cse3000-how-to-break-a-solver/SharpVelvet/instances/small-test/chevu_000_s10612545542064383611_007.cnf in dir /home/vjurisic/cse3000-how-to-break-a-solver/binaries/solvers/
[SharpVelvet]: Aborted! Counter gpmc exceeded maximum time of 3600 s on instance /home/vjurisic/cse3000-how-to-break-a-solver/SharpVelvet/instances/small-test/chevu_000_s10612545542064383611_009.cnf.
[SharpVelvet]: Counter gpmc reports count None
[SharpVelvet]: 
[SharpVelvet], 2025-01-13, 08h42m46s: Instance 4/10: /home/vjurisic/cse3000-how-to-break-a-solver/SharpVelvet/instances/small-test/chevu_000_s10612545542064383611_008.cnf
[SharpVelvet]: Running counter gpmc on instance /home/vjurisic/cse3000-how-to-break-a-solver/SharpVelvet/instances/small-test/chevu_000_s10612545542064383611_008.cnf.
[SharpVelvet]: --> Executing: ./gpmc /home/vjurisic/cse3000-how-to-break-a-solver/SharpVelvet/instances/small-test/chevu_000_s10612545542064383611_008.cnf in dir /home/vjurisic/cse3000-how-to-break-a-solver/binaries/solvers/
[SharpVelvet]: Counter d4g reports count None
[SharpVelvet]: 
[SharpVelvet], 2025-01-13, 08h57m17s: Instance 8/10: /home/vjurisic/cse3000-how-to-break-a-solver/SharpVelvet/instances/small-test/chevu_000_s10612545542064383611_003.cnf
[SharpVelvet]: Running counter d4g on instance /home/vjurisic/cse3000-how-to-break-a-solver/SharpVelvet/instances/small-test/chevu_000_s10612545542064383611_003.cnf.
[SharpVelvet]: --> Executing: ./d4g /home/vjurisic/cse3000-how-to-break-a-solver/SharpVelvet/instances/small-test/chevu_000_s10612545542064383611_003.cnf in dir /home/vjurisic/cse3000-how-to-break-a-solver/binaries/solvers/
[SharpVelvet]: Counter d4r reports count None
[SharpVelvet]: 
[SharpVelvet], 2025-01-13, 09h16m30s: Instance 8/10: /home/vjurisic/cse3000-how-to-break-a-solver/SharpVelvet/instances/small-test/chevu_000_s10612545542064383611_003.cnf
[SharpVelvet]: Running counter d4r on instance /home/vjurisic/cse3000-how-to-break-a-solver/SharpVelvet/instances/small-test/chevu_000_s10612545542064383611_003.cnf.
[SharpVelvet]: --> Executing: ./d4g /home/vjurisic/cse3000-how-to-break-a-solver/SharpVelvet/instances/small-test/chevu_000_s10612545542064383611_003.cnf in dir /home/vjurisic/cse3000-how-to-break-a-solver/binaries/solvers/
[SharpVelvet]: Counter d4g reports count None
[SharpVelvet]: 
[SharpVelvet], 2025-01-13, 09h36m31s: Instance 9/10: /home/vjurisic/cse3000-how-to-break-a-solver/SharpVelvet/instances/small-test/chevu_000_s10612545542064383611_002.cnf
[SharpVelvet]: Running counter d4g on instance /home/vjurisic/cse3000-how-to-break-a-solver/SharpVelvet/instances/small-test/chevu_000_s10612545542064383611_002.cnf.
[SharpVelvet]: --> Executing: ./d4g /home/vjurisic/cse3000-how-to-break-a-solver/SharpVelvet/instances/small-test/chevu_000_s10612545542064383611_002.cnf in dir /home/vjurisic/cse3000-how-to-break-a-solver/binaries/solvers/
[SharpVelvet]: Aborted! Counter gpmc exceeded maximum time of 3600 s on instance /home/vjurisic/cse3000-how-to-break-a-solver/SharpVelvet/instances/small-test/chevu_000_s10612545542064383611_008.cnf.
[SharpVelvet]: Counter gpmc reports count None
[SharpVelvet]: 
[SharpVelvet], 2025-01-13, 09h43m04s: Instance 5/10: /home/vjurisic/cse3000-how-to-break-a-solver/SharpVelvet/instances/small-test/chevu_000_s10612545542064383611_004.cnf
[SharpVelvet]: Running counter gpmc on instance /home/vjurisic/cse3000-how-to-break-a-solver/SharpVelvet/instances/small-test/chevu_000_s10612545542064383611_004.cnf.
[SharpVelvet]: --> Executing: ./gpmc /home/vjurisic/cse3000-how-to-break-a-solver/SharpVelvet/instances/small-test/chevu_000_s10612545542064383611_004.cnf in dir /home/vjurisic/cse3000-how-to-break-a-solver/binaries/solvers/
[SharpVelvet]: Counter d4r reports count None
[SharpVelvet]: 
[SharpVelvet], 2025-01-13, 09h55m26s: Instance 9/10: /home/vjurisic/cse3000-how-to-break-a-solver/SharpVelvet/instances/small-test/chevu_000_s10612545542064383611_002.cnf
[SharpVelvet]: Running counter d4r on instance /home/vjurisic/cse3000-how-to-break-a-solver/SharpVelvet/instances/small-test/chevu_000_s10612545542064383611_002.cnf.
[SharpVelvet]: --> Executing: ./d4g /home/vjurisic/cse3000-how-to-break-a-solver/SharpVelvet/instances/small-test/chevu_000_s10612545542064383611_002.cnf in dir /home/vjurisic/cse3000-how-to-break-a-solver/binaries/solvers/
[SharpVelvet]: Counter d4g reports count None
[SharpVelvet]: 
[SharpVelvet], 2025-01-13, 10h13m16s: Instance 10/10: /home/vjurisic/cse3000-how-to-break-a-solver/SharpVelvet/instances/small-test/chevu_000_s10612545542064383611_006.cnf
[SharpVelvet]: Running counter d4g on instance /home/vjurisic/cse3000-how-to-break-a-solver/SharpVelvet/instances/small-test/chevu_000_s10612545542064383611_006.cnf.
[SharpVelvet]: --> Executing: ./d4g /home/vjurisic/cse3000-how-to-break-a-solver/SharpVelvet/instances/small-test/chevu_000_s10612545542064383611_006.cnf in dir /home/vjurisic/cse3000-how-to-break-a-solver/binaries/solvers/
[SharpVelvet]: Counter d4r reports count None
[SharpVelvet]: 
[SharpVelvet], 2025-01-13, 10h32m23s: Instance 10/10: /home/vjurisic/cse3000-how-to-break-a-solver/SharpVelvet/instances/small-test/chevu_000_s10612545542064383611_006.cnf
[SharpVelvet]: Running counter d4r on instance /home/vjurisic/cse3000-how-to-break-a-solver/SharpVelvet/instances/small-test/chevu_000_s10612545542064383611_006.cnf.
[SharpVelvet]: --> Executing: ./d4g /home/vjurisic/cse3000-how-to-break-a-solver/SharpVelvet/instances/small-test/chevu_000_s10612545542064383611_006.cnf in dir /home/vjurisic/cse3000-how-to-break-a-solver/binaries/solvers/
[SharpVelvet]: Aborted! Counter gpmc exceeded maximum time of 3600 s on instance /home/vjurisic/cse3000-how-to-break-a-solver/SharpVelvet/instances/small-test/chevu_000_s10612545542064383611_004.cnf.
[SharpVelvet]: Counter gpmc reports count None
[SharpVelvet]: 
[SharpVelvet], 2025-01-13, 10h43m22s: Instance 6/10: /home/vjurisic/cse3000-how-to-break-a-solver/SharpVelvet/instances/small-test/chevu_000_s10612545542064383611_001.cnf
[SharpVelvet]: Running counter gpmc on instance /home/vjurisic/cse3000-how-to-break-a-solver/SharpVelvet/instances/small-test/chevu_000_s10612545542064383611_001.cnf.
[SharpVelvet]: --> Executing: ./gpmc /home/vjurisic/cse3000-how-to-break-a-solver/SharpVelvet/instances/small-test/chevu_000_s10612545542064383611_001.cnf in dir /home/vjurisic/cse3000-how-to-break-a-solver/binaries/solvers/
[SharpVelvet]: Counter d4g reports count None
[SharpVelvet]: 
[SharpVelvet], 2025-01-13, 10h52m16s: FINISHED!
[SharpVelvet]: None of the instances triggered a crash on d4g
[SharpVelvet]: Counter d4r reports count None
[SharpVelvet]: 
[SharpVelvet], 2025-01-13, 11h28m51s: FINISHED!
[SharpVelvet]: None of the instances triggered a crash on d4r
[SharpVelvet]: Aborted! Counter gpmc exceeded maximum time of 3600 s on instance /home/vjurisic/cse3000-how-to-break-a-solver/SharpVelvet/instances/small-test/chevu_000_s10612545542064383611_001.cnf.
[SharpVelvet]: Counter gpmc reports count None
[SharpVelvet]: 
[SharpVelvet], 2025-01-13, 11h43m45s: Instance 7/10: /home/vjurisic/cse3000-how-to-break-a-solver/SharpVelvet/instances/small-test/chevu_000_s10612545542064383611_007.cnf
[SharpVelvet]: Running counter gpmc on instance /home/vjurisic/cse3000-how-to-break-a-solver/SharpVelvet/instances/small-test/chevu_000_s10612545542064383611_007.cnf.
[SharpVelvet]: --> Executing: ./gpmc /home/vjurisic/cse3000-how-to-break-a-solver/SharpVelvet/instances/small-test/chevu_000_s10612545542064383611_007.cnf in dir /home/vjurisic/cse3000-how-to-break-a-solver/binaries/solvers/
[SharpVelvet]: Aborted! Counter gpmc exceeded maximum time of 3600 s on instance /home/vjurisic/cse3000-how-to-break-a-solver/SharpVelvet/instances/small-test/chevu_000_s10612545542064383611_007.cnf.
[SharpVelvet]: Counter gpmc reports count None
[SharpVelvet]: 
[SharpVelvet], 2025-01-13, 12h44m15s: Instance 8/10: /home/vjurisic/cse3000-how-to-break-a-solver/SharpVelvet/instances/small-test/chevu_000_s10612545542064383611_003.cnf
[SharpVelvet]: Running counter gpmc on instance /home/vjurisic/cse3000-how-to-break-a-solver/SharpVelvet/instances/small-test/chevu_000_s10612545542064383611_003.cnf.
[SharpVelvet]: --> Executing: ./gpmc /home/vjurisic/cse3000-how-to-break-a-solver/SharpVelvet/instances/small-test/chevu_000_s10612545542064383611_003.cnf in dir /home/vjurisic/cse3000-how-to-break-a-solver/binaries/solvers/
[SharpVelvet]: Aborted! Counter gpmc exceeded maximum time of 3600 s on instance /home/vjurisic/cse3000-how-to-break-a-solver/SharpVelvet/instances/small-test/chevu_000_s10612545542064383611_003.cnf.
[SharpVelvet]: Counter gpmc reports count None
[SharpVelvet]: 
[SharpVelvet], 2025-01-13, 13h44m41s: Instance 9/10: /home/vjurisic/cse3000-how-to-break-a-solver/SharpVelvet/instances/small-test/chevu_000_s10612545542064383611_002.cnf
[SharpVelvet]: Running counter gpmc on instance /home/vjurisic/cse3000-how-to-break-a-solver/SharpVelvet/instances/small-test/chevu_000_s10612545542064383611_002.cnf.
[SharpVelvet]: --> Executing: ./gpmc /home/vjurisic/cse3000-how-to-break-a-solver/SharpVelvet/instances/small-test/chevu_000_s10612545542064383611_002.cnf in dir /home/vjurisic/cse3000-how-to-break-a-solver/binaries/solvers/
[SharpVelvet]: Aborted! Counter gpmc exceeded maximum time of 3600 s on instance /home/vjurisic/cse3000-how-to-break-a-solver/SharpVelvet/instances/small-test/chevu_000_s10612545542064383611_002.cnf.
[SharpVelvet]: Counter gpmc reports count None
[SharpVelvet]: 
[SharpVelvet], 2025-01-13, 14h45m15s: Instance 10/10: /home/vjurisic/cse3000-how-to-break-a-solver/SharpVelvet/instances/small-test/chevu_000_s10612545542064383611_006.cnf
[SharpVelvet]: Running counter gpmc on instance /home/vjurisic/cse3000-how-to-break-a-solver/SharpVelvet/instances/small-test/chevu_000_s10612545542064383611_006.cnf.
[SharpVelvet]: --> Executing: ./gpmc /home/vjurisic/cse3000-how-to-break-a-solver/SharpVelvet/instances/small-test/chevu_000_s10612545542064383611_006.cnf in dir /home/vjurisic/cse3000-how-to-break-a-solver/binaries/solvers/
[SharpVelvet]: Aborted! Counter gpmc exceeded maximum time of 3600 s on instance /home/vjurisic/cse3000-how-to-break-a-solver/SharpVelvet/instances/small-test/chevu_000_s10612545542064383611_006.cnf.
[SharpVelvet]: Counter gpmc reports count None
[SharpVelvet]: 
[SharpVelvet], 2025-01-13, 15h45m43s: FINISHED!
[SharpVelvet]: None of the instances triggered a crash on gpmc
Conda environment 'global-env' deactivated!
slurmstepd: error: Detected 61 oom-kill event(s) in StepId=5286798.batch. Some of your processes may have been killed by the cgroup out-of-memory handler.
