Conda module loaded!
Conda environment 'global-env' activated!
chevu_000_s77957_000.cnf
Namespace(counters='/home/vjurisic/cse3000-how-to-break-a-solver/SharpVelvet/tool-config/exp/gpmc_counter_config_mc.json', instances='/home/vjurisic/cse3000-how-to-break-a-solver/SharpVelvet/instances/3cnf-400clause-horn2', projected=False, weighted=False, timeout=900, memout=10000, verbosity=2, keep_bugs_only=False, out_dir='/home/vjurisic/cse3000-how-to-break-a-solver/SharpVelvet/out', log_dir='/home/vjurisic/cse3000-how-to-break-a-solver/SharpVelvet/out/logs', verified_counts=None, clean_up_proofs=False)
[SharpVelvet]: 
[SharpVelvet]: 
chevu_000_s77957_000.cnf
Namespace(counters='/home/vjurisic/cse3000-how-to-break-a-solver/SharpVelvet/tool-config/exp/d4g_counter_config_mc.json', instances='/home/vjurisic/cse3000-how-to-break-a-solver/SharpVelvet/instances/3cnf-400clause-horn2', projected=False, weighted=False, timeout=900, memout=10000, verbosity=2, keep_bugs_only=False, out_dir='/home/vjurisic/cse3000-how-to-break-a-solver/SharpVelvet/out', log_dir='/home/vjurisic/cse3000-how-to-break-a-solver/SharpVelvet/out/logs', verified_counts=None, clean_up_proofs=False)
[SharpVelvet]: 
[SharpVelvet]: 
chevu_000_s77957_000.cnf
Namespace(counters='/home/vjurisic/cse3000-how-to-break-a-solver/SharpVelvet/tool-config/exp/d4r_counter_config_mc.json', instances='/home/vjurisic/cse3000-how-to-break-a-solver/SharpVelvet/instances/3cnf-400clause-horn2', projected=False, weighted=False, timeout=900, memout=10000, verbosity=2, keep_bugs_only=False, out_dir='/home/vjurisic/cse3000-how-to-break-a-solver/SharpVelvet/out', log_dir='/home/vjurisic/cse3000-how-to-break-a-solver/SharpVelvet/out/logs', verified_counts=None, clean_up_proofs=False)
[SharpVelvet]: 
[SharpVelvet]: 
[SharpVelvet], 2025-01-14, 23h08m13s: Instance 1/404: /home/vjurisic/cse3000-how-to-break-a-solver/SharpVelvet/instances/3cnf-400clause-horn2/chevu_000_s77957_055.cnf
[SharpVelvet]: Running counter gpmc on instance /home/vjurisic/cse3000-how-to-break-a-solver/SharpVelvet/instances/3cnf-400clause-horn2/chevu_000_s77957_055.cnf.
chevu_000_s77957_000.cnf
Namespace(counters='/home/vjurisic/cse3000-how-to-break-a-solver/SharpVelvet/tool-config/exp/ganak_counter_config_mc.json', instances='/home/vjurisic/cse3000-how-to-break-a-solver/SharpVelvet/instances/3cnf-400clause-horn2', projected=False, weighted=False, timeout=900, memout=10000, verbosity=2, keep_bugs_only=False, out_dir='/home/vjurisic/cse3000-how-to-break-a-solver/SharpVelvet/out', log_dir='/home/vjurisic/cse3000-how-to-break-a-solver/SharpVelvet/out/logs', verified_counts=None, clean_up_proofs=False)
[SharpVelvet]: 
[SharpVelvet]: 
[SharpVelvet], 2025-01-14, 23h08m13s: Instance 1/404: /home/vjurisic/cse3000-how-to-break-a-solver/SharpVelvet/instances/3cnf-400clause-horn2/chevu_000_s77957_055.cnf
[SharpVelvet]: Running counter d4g on instance /home/vjurisic/cse3000-how-to-break-a-solver/SharpVelvet/instances/3cnf-400clause-horn2/chevu_000_s77957_055.cnf.
[SharpVelvet], 2025-01-14, 23h08m13s: Instance 1/404: /home/vjurisic/cse3000-how-to-break-a-solver/SharpVelvet/instances/3cnf-400clause-horn2/chevu_000_s77957_055.cnf
[SharpVelvet]: Running counter d4r on instance /home/vjurisic/cse3000-how-to-break-a-solver/SharpVelvet/instances/3cnf-400clause-horn2/chevu_000_s77957_055.cnf.
[SharpVelvet]: --> Executing: ./gpmc /home/vjurisic/cse3000-how-to-break-a-solver/SharpVelvet/instances/3cnf-400clause-horn2/chevu_000_s77957_055.cnf in dir /home/vjurisic/cse3000-how-to-break-a-solver/binaries/solvers/
[SharpVelvet], 2025-01-14, 23h08m13s: Instance 1/404: /home/vjurisic/cse3000-how-to-break-a-solver/SharpVelvet/instances/3cnf-400clause-horn2/chevu_000_s77957_055.cnf
[SharpVelvet]: Running counter ganak on instance /home/vjurisic/cse3000-how-to-break-a-solver/SharpVelvet/instances/3cnf-400clause-horn2/chevu_000_s77957_055.cnf.
[SharpVelvet]: --> Executing: ./d4g /home/vjurisic/cse3000-how-to-break-a-solver/SharpVelvet/instances/3cnf-400clause-horn2/chevu_000_s77957_055.cnf in dir /home/vjurisic/cse3000-how-to-break-a-solver/binaries/solvers/
[SharpVelvet]: --> Executing: ./d4g /home/vjurisic/cse3000-how-to-break-a-solver/SharpVelvet/instances/3cnf-400clause-horn2/chevu_000_s77957_055.cnf in dir /home/vjurisic/cse3000-how-to-break-a-solver/binaries/solvers/
[SharpVelvet]: --> Executing: ./ganak --verb 0 --bveresolvmaxsz 12 --sbva 1 --tdexpmult 1.1 --tdminw 7 --tdmaxw 60 --arjunoraclefindbins 6 --rdbclstarget 10000 /home/vjurisic/cse3000-how-to-break-a-solver/SharpVelvet/instances/3cnf-400clause-horn2/chevu_000_s77957_055.cnf in dir /home/vjurisic/cse3000-how-to-break-a-solver/binaries/solvers/
[SharpVelvet]: Counter gpmc reports count 3591441448
[SharpVelvet]: Counter d4g reports count 3591441448
[SharpVelvet]: 
[SharpVelvet], 2025-01-14, 23h08m13s: Instance 2/404: /home/vjurisic/cse3000-how-to-break-a-solver/SharpVelvet/instances/3cnf-400clause-horn2/chevu_002_s77959_098.cnf
[SharpVelvet]: Running counter d4g on instance /home/vjurisic/cse3000-how-to-break-a-solver/SharpVelvet/instances/3cnf-400clause-horn2/chevu_002_s77959_098.cnf.
[SharpVelvet]: --> Executing: ./d4g /home/vjurisic/cse3000-how-to-break-a-solver/SharpVelvet/instances/3cnf-400clause-horn2/chevu_002_s77959_098.cnf in dir /home/vjurisic/cse3000-how-to-break-a-solver/binaries/solvers/
[SharpVelvet]: Counter d4r reports count 3591441448
[SharpVelvet]: 
[SharpVelvet], 2025-01-14, 23h08m13s: Instance 2/404: /home/vjurisic/cse3000-how-to-break-a-solver/SharpVelvet/instances/3cnf-400clause-horn2/chevu_002_s77959_098.cnf
[SharpVelvet]: Running counter d4r on instance /home/vjurisic/cse3000-how-to-break-a-solver/SharpVelvet/instances/3cnf-400clause-horn2/chevu_002_s77959_098.cnf.
[SharpVelvet]: --> Executing: ./d4g /home/vjurisic/cse3000-how-to-break-a-solver/SharpVelvet/instances/3cnf-400clause-horn2/chevu_002_s77959_098.cnf in dir /home/vjurisic/cse3000-how-to-break-a-solver/binaries/solvers/
[SharpVelvet]: 
[SharpVelvet], 2025-01-14, 23h08m13s: Instance 2/404: /home/vjurisic/cse3000-how-to-break-a-solver/SharpVelvet/instances/3cnf-400clause-horn2/chevu_002_s77959_098.cnf
[SharpVelvet]: Running counter gpmc on instance /home/vjurisic/cse3000-how-to-break-a-solver/SharpVelvet/instances/3cnf-400clause-horn2/chevu_002_s77959_098.cnf.
[SharpVelvet]: --> Executing: ./gpmc /home/vjurisic/cse3000-how-to-break-a-solver/SharpVelvet/instances/3cnf-400clause-horn2/chevu_002_s77959_098.cnf in dir /home/vjurisic/cse3000-how-to-break-a-solver/binaries/solvers/
[SharpVelvet]: Counter ganak reports count 3591441448
[SharpVelvet]: 
[SharpVelvet], 2025-01-14, 23h08m15s: Instance 2/404: /home/vjurisic/cse3000-how-to-break-a-solver/SharpVelvet/instances/3cnf-400clause-horn2/chevu_002_s77959_098.cnf
[SharpVelvet]: Running counter ganak on instance /home/vjurisic/cse3000-how-to-break-a-solver/SharpVelvet/instances/3cnf-400clause-horn2/chevu_002_s77959_098.cnf.
[SharpVelvet]: --> Executing: ./ganak --verb 0 --bveresolvmaxsz 12 --sbva 1 --tdexpmult 1.1 --tdminw 7 --tdmaxw 60 --arjunoraclefindbins 6 --rdbclstarget 10000 /home/vjurisic/cse3000-how-to-break-a-solver/SharpVelvet/instances/3cnf-400clause-horn2/chevu_002_s77959_098.cnf in dir /home/vjurisic/cse3000-how-to-break-a-solver/binaries/solvers/
[SharpVelvet]: Counter ganak reports count 7576449341848334
[SharpVelvet]: 
[SharpVelvet], 2025-01-14, 23h08m46s: Instance 3/404: /home/vjurisic/cse3000-how-to-break-a-solver/SharpVelvet/instances/3cnf-400clause-horn2/chevu_000_s77957_021.cnf
[SharpVelvet]: Running counter ganak on instance /home/vjurisic/cse3000-how-to-break-a-solver/SharpVelvet/instances/3cnf-400clause-horn2/chevu_000_s77957_021.cnf.
[SharpVelvet]: --> Executing: ./ganak --verb 0 --bveresolvmaxsz 12 --sbva 1 --tdexpmult 1.1 --tdminw 7 --tdmaxw 60 --arjunoraclefindbins 6 --rdbclstarget 10000 /home/vjurisic/cse3000-how-to-break-a-solver/SharpVelvet/instances/3cnf-400clause-horn2/chevu_000_s77957_021.cnf in dir /home/vjurisic/cse3000-how-to-break-a-solver/binaries/solvers/
[SharpVelvet]: Counter ganak reports count 5553097754480
[SharpVelvet]: 
[SharpVelvet], 2025-01-14, 23h08m53s: Instance 4/404: /home/vjurisic/cse3000-how-to-break-a-solver/SharpVelvet/instances/3cnf-400clause-horn2/chevu_000_s77957_003.cnf
[SharpVelvet]: Running counter ganak on instance /home/vjurisic/cse3000-how-to-break-a-solver/SharpVelvet/instances/3cnf-400clause-horn2/chevu_000_s77957_003.cnf.
[SharpVelvet]: --> Executing: ./ganak --verb 0 --bveresolvmaxsz 12 --sbva 1 --tdexpmult 1.1 --tdminw 7 --tdmaxw 60 --arjunoraclefindbins 6 --rdbclstarget 10000 /home/vjurisic/cse3000-how-to-break-a-solver/SharpVelvet/instances/3cnf-400clause-horn2/chevu_000_s77957_003.cnf in dir /home/vjurisic/cse3000-how-to-break-a-solver/binaries/solvers/
[SharpVelvet]: Counter gpmc reports count 7576449341848334
[SharpVelvet]: 
[SharpVelvet], 2025-01-14, 23h09m02s: Instance 3/404: /home/vjurisic/cse3000-how-to-break-a-solver/SharpVelvet/instances/3cnf-400clause-horn2/chevu_000_s77957_021.cnf
[SharpVelvet]: Running counter gpmc on instance /home/vjurisic/cse3000-how-to-break-a-solver/SharpVelvet/instances/3cnf-400clause-horn2/chevu_000_s77957_021.cnf.
[SharpVelvet]: --> Executing: ./gpmc /home/vjurisic/cse3000-how-to-break-a-solver/SharpVelvet/instances/3cnf-400clause-horn2/chevu_000_s77957_021.cnf in dir /home/vjurisic/cse3000-how-to-break-a-solver/binaries/solvers/
[SharpVelvet]: Counter gpmc reports count 5553097754480
[SharpVelvet]: 
[SharpVelvet], 2025-01-14, 23h09m06s: Instance 4/404: /home/vjurisic/cse3000-how-to-break-a-solver/SharpVelvet/instances/3cnf-400clause-horn2/chevu_000_s77957_003.cnf
[SharpVelvet]: Running counter gpmc on instance /home/vjurisic/cse3000-how-to-break-a-solver/SharpVelvet/instances/3cnf-400clause-horn2/chevu_000_s77957_003.cnf.
[SharpVelvet]: --> Executing: ./gpmc /home/vjurisic/cse3000-how-to-break-a-solver/SharpVelvet/instances/3cnf-400clause-horn2/chevu_000_s77957_003.cnf in dir /home/vjurisic/cse3000-how-to-break-a-solver/binaries/solvers/
[SharpVelvet]: Counter d4r reports count 7576449341848334
[SharpVelvet]: 
[SharpVelvet], 2025-01-14, 23h09m59s: Instance 3/404: /home/vjurisic/cse3000-how-to-break-a-solver/SharpVelvet/instances/3cnf-400clause-horn2/chevu_000_s77957_021.cnf
[SharpVelvet]: Running counter d4r on instance /home/vjurisic/cse3000-how-to-break-a-solver/SharpVelvet/instances/3cnf-400clause-horn2/chevu_000_s77957_021.cnf.
[SharpVelvet]: --> Executing: ./d4g /home/vjurisic/cse3000-how-to-break-a-solver/SharpVelvet/instances/3cnf-400clause-horn2/chevu_000_s77957_021.cnf in dir /home/vjurisic/cse3000-how-to-break-a-solver/binaries/solvers/
[SharpVelvet]: Counter d4g reports count 7576449341848334
[SharpVelvet]: 
[SharpVelvet], 2025-01-14, 23h09m59s: Instance 3/404: /home/vjurisic/cse3000-how-to-break-a-solver/SharpVelvet/instances/3cnf-400clause-horn2/chevu_000_s77957_021.cnf
[SharpVelvet]: Running counter d4g on instance /home/vjurisic/cse3000-how-to-break-a-solver/SharpVelvet/instances/3cnf-400clause-horn2/chevu_000_s77957_021.cnf.
[SharpVelvet]: --> Executing: ./d4g /home/vjurisic/cse3000-how-to-break-a-solver/SharpVelvet/instances/3cnf-400clause-horn2/chevu_000_s77957_021.cnf in dir /home/vjurisic/cse3000-how-to-break-a-solver/binaries/solvers/
[SharpVelvet]: Counter d4r reports count 5553097754480
[SharpVelvet]: 
[SharpVelvet], 2025-01-14, 23h10m06s: Instance 4/404: /home/vjurisic/cse3000-how-to-break-a-solver/SharpVelvet/instances/3cnf-400clause-horn2/chevu_000_s77957_003.cnf
[SharpVelvet]: Running counter d4r on instance /home/vjurisic/cse3000-how-to-break-a-solver/SharpVelvet/instances/3cnf-400clause-horn2/chevu_000_s77957_003.cnf.
[SharpVelvet]: --> Executing: ./d4g /home/vjurisic/cse3000-how-to-break-a-solver/SharpVelvet/instances/3cnf-400clause-horn2/chevu_000_s77957_003.cnf in dir /home/vjurisic/cse3000-how-to-break-a-solver/binaries/solvers/
[SharpVelvet]: Counter d4g reports count 5553097754480
[SharpVelvet]: 
[SharpVelvet], 2025-01-14, 23h10m07s: Instance 4/404: /home/vjurisic/cse3000-how-to-break-a-solver/SharpVelvet/instances/3cnf-400clause-horn2/chevu_000_s77957_003.cnf
[SharpVelvet]: Running counter d4g on instance /home/vjurisic/cse3000-how-to-break-a-solver/SharpVelvet/instances/3cnf-400clause-horn2/chevu_000_s77957_003.cnf.
[SharpVelvet]: --> Executing: ./d4g /home/vjurisic/cse3000-how-to-break-a-solver/SharpVelvet/instances/3cnf-400clause-horn2/chevu_000_s77957_003.cnf in dir /home/vjurisic/cse3000-how-to-break-a-solver/binaries/solvers/
[SharpVelvet]: Counter ganak reports count None
[SharpVelvet]: 
[SharpVelvet], 2025-01-14, 23h17m21s: Instance 5/404: /home/vjurisic/cse3000-how-to-break-a-solver/SharpVelvet/instances/3cnf-400clause-horn2/chevu_001_s77958_058.cnf
[SharpVelvet]: Running counter ganak on instance /home/vjurisic/cse3000-how-to-break-a-solver/SharpVelvet/instances/3cnf-400clause-horn2/chevu_001_s77958_058.cnf.
[SharpVelvet]: --> Executing: ./ganak --verb 0 --bveresolvmaxsz 12 --sbva 1 --tdexpmult 1.1 --tdminw 7 --tdmaxw 60 --arjunoraclefindbins 6 --rdbclstarget 10000 /home/vjurisic/cse3000-how-to-break-a-solver/SharpVelvet/instances/3cnf-400clause-horn2/chevu_001_s77958_058.cnf in dir /home/vjurisic/cse3000-how-to-break-a-solver/binaries/solvers/
[SharpVelvet]: Counter ganak reports count 2276832
[SharpVelvet]: 
[SharpVelvet], 2025-01-14, 23h17m22s: Instance 6/404: /home/vjurisic/cse3000-how-to-break-a-solver/SharpVelvet/instances/3cnf-400clause-horn2/chevu_002_s77959_038.cnf
[SharpVelvet]: Running counter ganak on instance /home/vjurisic/cse3000-how-to-break-a-solver/SharpVelvet/instances/3cnf-400clause-horn2/chevu_002_s77959_038.cnf.
[SharpVelvet]: --> Executing: ./ganak --verb 0 --bveresolvmaxsz 12 --sbva 1 --tdexpmult 1.1 --tdminw 7 --tdmaxw 60 --arjunoraclefindbins 6 --rdbclstarget 10000 /home/vjurisic/cse3000-how-to-break-a-solver/SharpVelvet/instances/3cnf-400clause-horn2/chevu_002_s77959_038.cnf in dir /home/vjurisic/cse3000-how-to-break-a-solver/binaries/solvers/
[SharpVelvet]: Counter ganak reports count 728799262
[SharpVelvet]: 
[SharpVelvet], 2025-01-14, 23h17m24s: Instance 7/404: /home/vjurisic/cse3000-how-to-break-a-solver/SharpVelvet/instances/3cnf-400clause-horn2/chevu_003_s77960_026.cnf
[SharpVelvet]: Running counter ganak on instance /home/vjurisic/cse3000-how-to-break-a-solver/SharpVelvet/instances/3cnf-400clause-horn2/chevu_003_s77960_026.cnf.
[SharpVelvet]: --> Executing: ./ganak --verb 0 --bveresolvmaxsz 12 --sbva 1 --tdexpmult 1.1 --tdminw 7 --tdmaxw 60 --arjunoraclefindbins 6 --rdbclstarget 10000 /home/vjurisic/cse3000-how-to-break-a-solver/SharpVelvet/instances/3cnf-400clause-horn2/chevu_003_s77960_026.cnf in dir /home/vjurisic/cse3000-how-to-break-a-solver/binaries/solvers/
[SharpVelvet]: Counter ganak reports count 55386104750
[SharpVelvet]: 
[SharpVelvet], 2025-01-14, 23h17m27s: Instance 8/404: /home/vjurisic/cse3000-how-to-break-a-solver/SharpVelvet/instances/3cnf-400clause-horn2/chevu_002_s77959_086.cnf
[SharpVelvet]: Running counter ganak on instance /home/vjurisic/cse3000-how-to-break-a-solver/SharpVelvet/instances/3cnf-400clause-horn2/chevu_002_s77959_086.cnf.
[SharpVelvet]: --> Executing: ./ganak --verb 0 --bveresolvmaxsz 12 --sbva 1 --tdexpmult 1.1 --tdminw 7 --tdmaxw 60 --arjunoraclefindbins 6 --rdbclstarget 10000 /home/vjurisic/cse3000-how-to-break-a-solver/SharpVelvet/instances/3cnf-400clause-horn2/chevu_002_s77959_086.cnf in dir /home/vjurisic/cse3000-how-to-break-a-solver/binaries/solvers/
[SharpVelvet]: Counter ganak reports count 191078345473587
[SharpVelvet]: 
[SharpVelvet], 2025-01-14, 23h17m34s: Instance 9/404: /home/vjurisic/cse3000-how-to-break-a-solver/SharpVelvet/instances/3cnf-400clause-horn2/chevu_000_s77957_039.cnf
[SharpVelvet]: Running counter ganak on instance /home/vjurisic/cse3000-how-to-break-a-solver/SharpVelvet/instances/3cnf-400clause-horn2/chevu_000_s77957_039.cnf.
[SharpVelvet]: --> Executing: ./ganak --verb 0 --bveresolvmaxsz 12 --sbva 1 --tdexpmult 1.1 --tdminw 7 --tdmaxw 60 --arjunoraclefindbins 6 --rdbclstarget 10000 /home/vjurisic/cse3000-how-to-break-a-solver/SharpVelvet/instances/3cnf-400clause-horn2/chevu_000_s77957_039.cnf in dir /home/vjurisic/cse3000-how-to-break-a-solver/binaries/solvers/
[SharpVelvet]: Counter ganak reports count 7661363453
[SharpVelvet]: 
[SharpVelvet], 2025-01-14, 23h17m37s: Instance 10/404: /home/vjurisic/cse3000-how-to-break-a-solver/SharpVelvet/instances/3cnf-400clause-horn2/chevu_000_s77957_006.cnf
[SharpVelvet]: Running counter ganak on instance /home/vjurisic/cse3000-how-to-break-a-solver/SharpVelvet/instances/3cnf-400clause-horn2/chevu_000_s77957_006.cnf.
[SharpVelvet]: --> Executing: ./ganak --verb 0 --bveresolvmaxsz 12 --sbva 1 --tdexpmult 1.1 --tdminw 7 --tdmaxw 60 --arjunoraclefindbins 6 --rdbclstarget 10000 /home/vjurisic/cse3000-how-to-break-a-solver/SharpVelvet/instances/3cnf-400clause-horn2/chevu_000_s77957_006.cnf in dir /home/vjurisic/cse3000-how-to-break-a-solver/binaries/solvers/
[SharpVelvet]: Counter ganak reports count 382547786965192562
[SharpVelvet]: 
[SharpVelvet], 2025-01-14, 23h21m13s: Instance 11/404: /home/vjurisic/cse3000-how-to-break-a-solver/SharpVelvet/instances/3cnf-400clause-horn2/chevu_001_s77958_018.cnf
[SharpVelvet]: Running counter ganak on instance /home/vjurisic/cse3000-how-to-break-a-solver/SharpVelvet/instances/3cnf-400clause-horn2/chevu_001_s77958_018.cnf.
[SharpVelvet]: --> Executing: ./ganak --verb 0 --bveresolvmaxsz 12 --sbva 1 --tdexpmult 1.1 --tdminw 7 --tdmaxw 60 --arjunoraclefindbins 6 --rdbclstarget 10000 /home/vjurisic/cse3000-how-to-break-a-solver/SharpVelvet/instances/3cnf-400clause-horn2/chevu_001_s77958_018.cnf in dir /home/vjurisic/cse3000-how-to-break-a-solver/binaries/solvers/
[SharpVelvet]: Counter ganak reports count 539589158234532
[SharpVelvet]: 
[SharpVelvet], 2025-01-14, 23h22m01s: Instance 12/404: /home/vjurisic/cse3000-how-to-break-a-solver/SharpVelvet/instances/3cnf-400clause-horn2/chevu_001_s77958_013.cnf
[SharpVelvet]: Running counter ganak on instance /home/vjurisic/cse3000-how-to-break-a-solver/SharpVelvet/instances/3cnf-400clause-horn2/chevu_001_s77958_013.cnf.
[SharpVelvet]: --> Executing: ./ganak --verb 0 --bveresolvmaxsz 12 --sbva 1 --tdexpmult 1.1 --tdminw 7 --tdmaxw 60 --arjunoraclefindbins 6 --rdbclstarget 10000 /home/vjurisic/cse3000-how-to-break-a-solver/SharpVelvet/instances/3cnf-400clause-horn2/chevu_001_s77958_013.cnf in dir /home/vjurisic/cse3000-how-to-break-a-solver/binaries/solvers/
[SharpVelvet]: Counter ganak reports count 5859155910211003
[SharpVelvet]: 
[SharpVelvet], 2025-01-14, 23h23m30s: Instance 13/404: /home/vjurisic/cse3000-how-to-break-a-solver/SharpVelvet/instances/3cnf-400clause-horn2/chevu_002_s77959_090.cnf
[SharpVelvet]: Running counter ganak on instance /home/vjurisic/cse3000-how-to-break-a-solver/SharpVelvet/instances/3cnf-400clause-horn2/chevu_002_s77959_090.cnf.
[SharpVelvet]: --> Executing: ./ganak --verb 0 --bveresolvmaxsz 12 --sbva 1 --tdexpmult 1.1 --tdminw 7 --tdmaxw 60 --arjunoraclefindbins 6 --rdbclstarget 10000 /home/vjurisic/cse3000-how-to-break-a-solver/SharpVelvet/instances/3cnf-400clause-horn2/chevu_002_s77959_090.cnf in dir /home/vjurisic/cse3000-how-to-break-a-solver/binaries/solvers/
[SharpVelvet]: Counter ganak reports count 532388922146065
[SharpVelvet]: 
[SharpVelvet], 2025-01-14, 23h23m44s: Instance 14/404: /home/vjurisic/cse3000-how-to-break-a-solver/SharpVelvet/instances/3cnf-400clause-horn2/chevu_001_s77958_080.cnf
[SharpVelvet]: Running counter ganak on instance /home/vjurisic/cse3000-how-to-break-a-solver/SharpVelvet/instances/3cnf-400clause-horn2/chevu_001_s77958_080.cnf.
[SharpVelvet]: --> Executing: ./ganak --verb 0 --bveresolvmaxsz 12 --sbva 1 --tdexpmult 1.1 --tdminw 7 --tdmaxw 60 --arjunoraclefindbins 6 --rdbclstarget 10000 /home/vjurisic/cse3000-how-to-break-a-solver/SharpVelvet/instances/3cnf-400clause-horn2/chevu_001_s77958_080.cnf in dir /home/vjurisic/cse3000-how-to-break-a-solver/binaries/solvers/
[SharpVelvet]: Counter ganak reports count 66765534544
[SharpVelvet]: 
[SharpVelvet], 2025-01-14, 23h23m47s: Instance 15/404: /home/vjurisic/cse3000-how-to-break-a-solver/SharpVelvet/instances/3cnf-400clause-horn2/chevu_003_s77960_095.cnf
[SharpVelvet]: Running counter ganak on instance /home/vjurisic/cse3000-how-to-break-a-solver/SharpVelvet/instances/3cnf-400clause-horn2/chevu_003_s77960_095.cnf.
[SharpVelvet]: --> Executing: ./ganak --verb 0 --bveresolvmaxsz 12 --sbva 1 --tdexpmult 1.1 --tdminw 7 --tdmaxw 60 --arjunoraclefindbins 6 --rdbclstarget 10000 /home/vjurisic/cse3000-how-to-break-a-solver/SharpVelvet/instances/3cnf-400clause-horn2/chevu_003_s77960_095.cnf in dir /home/vjurisic/cse3000-how-to-break-a-solver/binaries/solvers/
[SharpVelvet]: Aborted! Counter gpmc exceeded maximum time of 900 s on instance /home/vjurisic/cse3000-how-to-break-a-solver/SharpVelvet/instances/3cnf-400clause-horn2/chevu_000_s77957_003.cnf.
[SharpVelvet]: Counter gpmc reports count None
[SharpVelvet]: 
[SharpVelvet], 2025-01-14, 23h24m46s: Instance 5/404: /home/vjurisic/cse3000-how-to-break-a-solver/SharpVelvet/instances/3cnf-400clause-horn2/chevu_001_s77958_058.cnf
[SharpVelvet]: Running counter gpmc on instance /home/vjurisic/cse3000-how-to-break-a-solver/SharpVelvet/instances/3cnf-400clause-horn2/chevu_001_s77958_058.cnf.
[SharpVelvet]: --> Executing: ./gpmc /home/vjurisic/cse3000-how-to-break-a-solver/SharpVelvet/instances/3cnf-400clause-horn2/chevu_001_s77958_058.cnf in dir /home/vjurisic/cse3000-how-to-break-a-solver/binaries/solvers/
[SharpVelvet]: Counter gpmc reports count 2276832
[SharpVelvet]: 
[SharpVelvet], 2025-01-14, 23h24m46s: Instance 6/404: /home/vjurisic/cse3000-how-to-break-a-solver/SharpVelvet/instances/3cnf-400clause-horn2/chevu_002_s77959_038.cnf
[SharpVelvet]: Running counter gpmc on instance /home/vjurisic/cse3000-how-to-break-a-solver/SharpVelvet/instances/3cnf-400clause-horn2/chevu_002_s77959_038.cnf.
[SharpVelvet]: --> Executing: ./gpmc /home/vjurisic/cse3000-how-to-break-a-solver/SharpVelvet/instances/3cnf-400clause-horn2/chevu_002_s77959_038.cnf in dir /home/vjurisic/cse3000-how-to-break-a-solver/binaries/solvers/
[SharpVelvet]: Counter gpmc reports count 728799262
[SharpVelvet]: 
[SharpVelvet], 2025-01-14, 23h24m46s: Instance 7/404: /home/vjurisic/cse3000-how-to-break-a-solver/SharpVelvet/instances/3cnf-400clause-horn2/chevu_003_s77960_026.cnf
[SharpVelvet]: Running counter gpmc on instance /home/vjurisic/cse3000-how-to-break-a-solver/SharpVelvet/instances/3cnf-400clause-horn2/chevu_003_s77960_026.cnf.
[SharpVelvet]: --> Executing: ./gpmc /home/vjurisic/cse3000-how-to-break-a-solver/SharpVelvet/instances/3cnf-400clause-horn2/chevu_003_s77960_026.cnf in dir /home/vjurisic/cse3000-how-to-break-a-solver/binaries/solvers/
[SharpVelvet]: Counter gpmc reports count 55386104750
[SharpVelvet]: 
[SharpVelvet], 2025-01-14, 23h24m46s: Instance 8/404: /home/vjurisic/cse3000-how-to-break-a-solver/SharpVelvet/instances/3cnf-400clause-horn2/chevu_002_s77959_086.cnf
[SharpVelvet]: Running counter gpmc on instance /home/vjurisic/cse3000-how-to-break-a-solver/SharpVelvet/instances/3cnf-400clause-horn2/chevu_002_s77959_086.cnf.
[SharpVelvet]: --> Executing: ./gpmc /home/vjurisic/cse3000-how-to-break-a-solver/SharpVelvet/instances/3cnf-400clause-horn2/chevu_002_s77959_086.cnf in dir /home/vjurisic/cse3000-how-to-break-a-solver/binaries/solvers/
[SharpVelvet]: Counter gpmc reports count 191078345473587
[SharpVelvet]: 
[SharpVelvet], 2025-01-14, 23h24m52s: Instance 9/404: /home/vjurisic/cse3000-how-to-break-a-solver/SharpVelvet/instances/3cnf-400clause-horn2/chevu_000_s77957_039.cnf
[SharpVelvet]: Running counter gpmc on instance /home/vjurisic/cse3000-how-to-break-a-solver/SharpVelvet/instances/3cnf-400clause-horn2/chevu_000_s77957_039.cnf.
[SharpVelvet]: --> Executing: ./gpmc /home/vjurisic/cse3000-how-to-break-a-solver/SharpVelvet/instances/3cnf-400clause-horn2/chevu_000_s77957_039.cnf in dir /home/vjurisic/cse3000-how-to-break-a-solver/binaries/solvers/
[SharpVelvet]: Counter gpmc reports count 7661363453
[SharpVelvet]: 
[SharpVelvet], 2025-01-14, 23h24m53s: Instance 10/404: /home/vjurisic/cse3000-how-to-break-a-solver/SharpVelvet/instances/3cnf-400clause-horn2/chevu_000_s77957_006.cnf
[SharpVelvet]: Running counter gpmc on instance /home/vjurisic/cse3000-how-to-break-a-solver/SharpVelvet/instances/3cnf-400clause-horn2/chevu_000_s77957_006.cnf.
[SharpVelvet]: --> Executing: ./gpmc /home/vjurisic/cse3000-how-to-break-a-solver/SharpVelvet/instances/3cnf-400clause-horn2/chevu_000_s77957_006.cnf in dir /home/vjurisic/cse3000-how-to-break-a-solver/binaries/solvers/
[SharpVelvet]: Counter ganak reports count 28108492913308154
[SharpVelvet]: 
[SharpVelvet], 2025-01-14, 23h25m02s: Instance 16/404: /home/vjurisic/cse3000-how-to-break-a-solver/SharpVelvet/instances/3cnf-400clause-horn2/chevu_002_s77959_018.cnf
[SharpVelvet]: Running counter ganak on instance /home/vjurisic/cse3000-how-to-break-a-solver/SharpVelvet/instances/3cnf-400clause-horn2/chevu_002_s77959_018.cnf.
[SharpVelvet]: --> Executing: ./ganak --verb 0 --bveresolvmaxsz 12 --sbva 1 --tdexpmult 1.1 --tdminw 7 --tdmaxw 60 --arjunoraclefindbins 6 --rdbclstarget 10000 /home/vjurisic/cse3000-how-to-break-a-solver/SharpVelvet/instances/3cnf-400clause-horn2/chevu_002_s77959_018.cnf in dir /home/vjurisic/cse3000-how-to-break-a-solver/binaries/solvers/
[SharpVelvet]: Counter ganak reports count 1392408737188
[SharpVelvet]: 
[SharpVelvet], 2025-01-14, 23h25m05s: Instance 17/404: /home/vjurisic/cse3000-how-to-break-a-solver/SharpVelvet/instances/3cnf-400clause-horn2/chevu_003_s77960_036.cnf
[SharpVelvet]: Running counter ganak on instance /home/vjurisic/cse3000-how-to-break-a-solver/SharpVelvet/instances/3cnf-400clause-horn2/chevu_003_s77960_036.cnf.
[SharpVelvet]: --> Executing: ./ganak --verb 0 --bveresolvmaxsz 12 --sbva 1 --tdexpmult 1.1 --tdminw 7 --tdmaxw 60 --arjunoraclefindbins 6 --rdbclstarget 10000 /home/vjurisic/cse3000-how-to-break-a-solver/SharpVelvet/instances/3cnf-400clause-horn2/chevu_003_s77960_036.cnf in dir /home/vjurisic/cse3000-how-to-break-a-solver/binaries/solvers/
[SharpVelvet]: Counter ganak reports count 4273437276
[SharpVelvet]: 
[SharpVelvet], 2025-01-14, 23h25m07s: Instance 18/404: /home/vjurisic/cse3000-how-to-break-a-solver/SharpVelvet/instances/3cnf-400clause-horn2/chevu_002_s77959_044.cnf
[SharpVelvet]: Running counter ganak on instance /home/vjurisic/cse3000-how-to-break-a-solver/SharpVelvet/instances/3cnf-400clause-horn2/chevu_002_s77959_044.cnf.
[SharpVelvet]: --> Executing: ./ganak --verb 0 --bveresolvmaxsz 12 --sbva 1 --tdexpmult 1.1 --tdminw 7 --tdmaxw 60 --arjunoraclefindbins 6 --rdbclstarget 10000 /home/vjurisic/cse3000-how-to-break-a-solver/SharpVelvet/instances/3cnf-400clause-horn2/chevu_002_s77959_044.cnf in dir /home/vjurisic/cse3000-how-to-break-a-solver/binaries/solvers/
[SharpVelvet]: Counter ganak reports count 75797194
[SharpVelvet]: 
[SharpVelvet], 2025-01-14, 23h25m09s: Instance 19/404: /home/vjurisic/cse3000-how-to-break-a-solver/SharpVelvet/instances/3cnf-400clause-horn2/chevu_002_s77959_006.cnf
[SharpVelvet]: Running counter ganak on instance /home/vjurisic/cse3000-how-to-break-a-solver/SharpVelvet/instances/3cnf-400clause-horn2/chevu_002_s77959_006.cnf.
[SharpVelvet]: --> Executing: ./ganak --verb 0 --bveresolvmaxsz 12 --sbva 1 --tdexpmult 1.1 --tdminw 7 --tdmaxw 60 --arjunoraclefindbins 6 --rdbclstarget 10000 /home/vjurisic/cse3000-how-to-break-a-solver/SharpVelvet/instances/3cnf-400clause-horn2/chevu_002_s77959_006.cnf in dir /home/vjurisic/cse3000-how-to-break-a-solver/binaries/solvers/
[SharpVelvet]: Aborted! Counter d4g exceeded maximum time of 900 s on instance /home/vjurisic/cse3000-how-to-break-a-solver/SharpVelvet/instances/3cnf-400clause-horn2/chevu_000_s77957_003.cnf.
[SharpVelvet]: Aborted! Counter d4r exceeded maximum time of 900 s on instance /home/vjurisic/cse3000-how-to-break-a-solver/SharpVelvet/instances/3cnf-400clause-horn2/chevu_000_s77957_003.cnf.
[SharpVelvet]: Counter d4g reports count None
[SharpVelvet]: Counter d4r reports count None
[SharpVelvet]: 
[SharpVelvet]: 
[SharpVelvet], 2025-01-14, 23h25m56s: Instance 5/404: /home/vjurisic/cse3000-how-to-break-a-solver/SharpVelvet/instances/3cnf-400clause-horn2/chevu_001_s77958_058.cnf
[SharpVelvet]: Running counter d4g on instance /home/vjurisic/cse3000-how-to-break-a-solver/SharpVelvet/instances/3cnf-400clause-horn2/chevu_001_s77958_058.cnf.
[SharpVelvet], 2025-01-14, 23h25m56s: Instance 5/404: /home/vjurisic/cse3000-how-to-break-a-solver/SharpVelvet/instances/3cnf-400clause-horn2/chevu_001_s77958_058.cnf
[SharpVelvet]: Running counter d4r on instance /home/vjurisic/cse3000-how-to-break-a-solver/SharpVelvet/instances/3cnf-400clause-horn2/chevu_001_s77958_058.cnf.
[SharpVelvet]: --> Executing: ./d4g /home/vjurisic/cse3000-how-to-break-a-solver/SharpVelvet/instances/3cnf-400clause-horn2/chevu_001_s77958_058.cnf in dir /home/vjurisic/cse3000-how-to-break-a-solver/binaries/solvers/
[SharpVelvet]: --> Executing: ./d4g /home/vjurisic/cse3000-how-to-break-a-solver/SharpVelvet/instances/3cnf-400clause-horn2/chevu_001_s77958_058.cnf in dir /home/vjurisic/cse3000-how-to-break-a-solver/binaries/solvers/
[SharpVelvet]: Counter d4g reports count 2276832
[SharpVelvet]: Counter d4r reports count 2276832
[SharpVelvet]: 
[SharpVelvet]: 
[SharpVelvet], 2025-01-14, 23h25m56s: Instance 6/404: /home/vjurisic/cse3000-how-to-break-a-solver/SharpVelvet/instances/3cnf-400clause-horn2/chevu_002_s77959_038.cnf
[SharpVelvet]: Running counter d4g on instance /home/vjurisic/cse3000-how-to-break-a-solver/SharpVelvet/instances/3cnf-400clause-horn2/chevu_002_s77959_038.cnf.
[SharpVelvet], 2025-01-14, 23h25m56s: Instance 6/404: /home/vjurisic/cse3000-how-to-break-a-solver/SharpVelvet/instances/3cnf-400clause-horn2/chevu_002_s77959_038.cnf
[SharpVelvet]: Running counter d4r on instance /home/vjurisic/cse3000-how-to-break-a-solver/SharpVelvet/instances/3cnf-400clause-horn2/chevu_002_s77959_038.cnf.
[SharpVelvet]: --> Executing: ./d4g /home/vjurisic/cse3000-how-to-break-a-solver/SharpVelvet/instances/3cnf-400clause-horn2/chevu_002_s77959_038.cnf in dir /home/vjurisic/cse3000-how-to-break-a-solver/binaries/solvers/
[SharpVelvet]: --> Executing: ./d4g /home/vjurisic/cse3000-how-to-break-a-solver/SharpVelvet/instances/3cnf-400clause-horn2/chevu_002_s77959_038.cnf in dir /home/vjurisic/cse3000-how-to-break-a-solver/binaries/solvers/
[SharpVelvet]: Counter d4g reports count 728799262
[SharpVelvet]: 
[SharpVelvet], 2025-01-14, 23h25m56s: Instance 7/404: /home/vjurisic/cse3000-how-to-break-a-solver/SharpVelvet/instances/3cnf-400clause-horn2/chevu_003_s77960_026.cnf
[SharpVelvet]: Running counter d4g on instance /home/vjurisic/cse3000-how-to-break-a-solver/SharpVelvet/instances/3cnf-400clause-horn2/chevu_003_s77960_026.cnf.
[SharpVelvet]: --> Executing: ./d4g /home/vjurisic/cse3000-how-to-break-a-solver/SharpVelvet/instances/3cnf-400clause-horn2/chevu_003_s77960_026.cnf in dir /home/vjurisic/cse3000-how-to-break-a-solver/binaries/solvers/
[SharpVelvet]: Counter d4r reports count 728799262
[SharpVelvet]: 
[SharpVelvet], 2025-01-14, 23h25m56s: Instance 7/404: /home/vjurisic/cse3000-how-to-break-a-solver/SharpVelvet/instances/3cnf-400clause-horn2/chevu_003_s77960_026.cnf
[SharpVelvet]: Running counter d4r on instance /home/vjurisic/cse3000-how-to-break-a-solver/SharpVelvet/instances/3cnf-400clause-horn2/chevu_003_s77960_026.cnf.
[SharpVelvet]: --> Executing: ./d4g /home/vjurisic/cse3000-how-to-break-a-solver/SharpVelvet/instances/3cnf-400clause-horn2/chevu_003_s77960_026.cnf in dir /home/vjurisic/cse3000-how-to-break-a-solver/binaries/solvers/
[SharpVelvet]: Counter d4g reports count 55386104750
[SharpVelvet]: 
[SharpVelvet], 2025-01-14, 23h25m57s: Instance 8/404: /home/vjurisic/cse3000-how-to-break-a-solver/SharpVelvet/instances/3cnf-400clause-horn2/chevu_002_s77959_086.cnf
[SharpVelvet]: Running counter d4g on instance /home/vjurisic/cse3000-how-to-break-a-solver/SharpVelvet/instances/3cnf-400clause-horn2/chevu_002_s77959_086.cnf.
[SharpVelvet]: --> Executing: ./d4g /home/vjurisic/cse3000-how-to-break-a-solver/SharpVelvet/instances/3cnf-400clause-horn2/chevu_002_s77959_086.cnf in dir /home/vjurisic/cse3000-how-to-break-a-solver/binaries/solvers/
[SharpVelvet]: Counter d4r reports count 55386104750
[SharpVelvet]: 
[SharpVelvet], 2025-01-14, 23h25m57s: Instance 8/404: /home/vjurisic/cse3000-how-to-break-a-solver/SharpVelvet/instances/3cnf-400clause-horn2/chevu_002_s77959_086.cnf
[SharpVelvet]: Running counter d4r on instance /home/vjurisic/cse3000-how-to-break-a-solver/SharpVelvet/instances/3cnf-400clause-horn2/chevu_002_s77959_086.cnf.
[SharpVelvet]: --> Executing: ./d4g /home/vjurisic/cse3000-how-to-break-a-solver/SharpVelvet/instances/3cnf-400clause-horn2/chevu_002_s77959_086.cnf in dir /home/vjurisic/cse3000-how-to-break-a-solver/binaries/solvers/
[SharpVelvet]: Counter ganak reports count 7608535704219434
[SharpVelvet]: 
[SharpVelvet], 2025-01-14, 23h26m02s: Instance 20/404: /home/vjurisic/cse3000-how-to-break-a-solver/SharpVelvet/instances/3cnf-400clause-horn2/chevu_003_s77960_012.cnf
[SharpVelvet]: Running counter ganak on instance /home/vjurisic/cse3000-how-to-break-a-solver/SharpVelvet/instances/3cnf-400clause-horn2/chevu_003_s77960_012.cnf.
[SharpVelvet]: --> Executing: ./ganak --verb 0 --bveresolvmaxsz 12 --sbva 1 --tdexpmult 1.1 --tdminw 7 --tdmaxw 60 --arjunoraclefindbins 6 --rdbclstarget 10000 /home/vjurisic/cse3000-how-to-break-a-solver/SharpVelvet/instances/3cnf-400clause-horn2/chevu_003_s77960_012.cnf in dir /home/vjurisic/cse3000-how-to-break-a-solver/binaries/solvers/
[SharpVelvet]: Counter d4g reports count 191078345473587
[SharpVelvet]: 
[SharpVelvet], 2025-01-14, 23h26m11s: Instance 9/404: /home/vjurisic/cse3000-how-to-break-a-solver/SharpVelvet/instances/3cnf-400clause-horn2/chevu_000_s77957_039.cnf
[SharpVelvet]: Running counter d4g on instance /home/vjurisic/cse3000-how-to-break-a-solver/SharpVelvet/instances/3cnf-400clause-horn2/chevu_000_s77957_039.cnf.
[SharpVelvet]: --> Executing: ./d4g /home/vjurisic/cse3000-how-to-break-a-solver/SharpVelvet/instances/3cnf-400clause-horn2/chevu_000_s77957_039.cnf in dir /home/vjurisic/cse3000-how-to-break-a-solver/binaries/solvers/
[SharpVelvet]: Counter d4r reports count 191078345473587
[SharpVelvet]: 
[SharpVelvet], 2025-01-14, 23h26m11s: Instance 9/404: /home/vjurisic/cse3000-how-to-break-a-solver/SharpVelvet/instances/3cnf-400clause-horn2/chevu_000_s77957_039.cnf
[SharpVelvet]: Running counter d4r on instance /home/vjurisic/cse3000-how-to-break-a-solver/SharpVelvet/instances/3cnf-400clause-horn2/chevu_000_s77957_039.cnf.
[SharpVelvet]: --> Executing: ./d4g /home/vjurisic/cse3000-how-to-break-a-solver/SharpVelvet/instances/3cnf-400clause-horn2/chevu_000_s77957_039.cnf in dir /home/vjurisic/cse3000-how-to-break-a-solver/binaries/solvers/
[SharpVelvet]: Counter d4r reports count 7661363453
[SharpVelvet]: 
[SharpVelvet], 2025-01-14, 23h26m11s: Instance 10/404: /home/vjurisic/cse3000-how-to-break-a-solver/SharpVelvet/instances/3cnf-400clause-horn2/chevu_000_s77957_006.cnf
[SharpVelvet]: Running counter d4r on instance /home/vjurisic/cse3000-how-to-break-a-solver/SharpVelvet/instances/3cnf-400clause-horn2/chevu_000_s77957_006.cnf.
[SharpVelvet]: --> Executing: ./d4g /home/vjurisic/cse3000-how-to-break-a-solver/SharpVelvet/instances/3cnf-400clause-horn2/chevu_000_s77957_006.cnf in dir /home/vjurisic/cse3000-how-to-break-a-solver/binaries/solvers/
[SharpVelvet]: Counter d4g reports count 7661363453
[SharpVelvet]: 
[SharpVelvet], 2025-01-14, 23h26m11s: Instance 10/404: /home/vjurisic/cse3000-how-to-break-a-solver/SharpVelvet/instances/3cnf-400clause-horn2/chevu_000_s77957_006.cnf
[SharpVelvet]: Running counter d4g on instance /home/vjurisic/cse3000-how-to-break-a-solver/SharpVelvet/instances/3cnf-400clause-horn2/chevu_000_s77957_006.cnf.
[SharpVelvet]: --> Executing: ./d4g /home/vjurisic/cse3000-how-to-break-a-solver/SharpVelvet/instances/3cnf-400clause-horn2/chevu_000_s77957_006.cnf in dir /home/vjurisic/cse3000-how-to-break-a-solver/binaries/solvers/
[SharpVelvet]: Counter ganak reports count 988665878664967
[SharpVelvet]: 
[SharpVelvet], 2025-01-14, 23h26m29s: Instance 21/404: /home/vjurisic/cse3000-how-to-break-a-solver/SharpVelvet/instances/3cnf-400clause-horn2/chevu_003_s77960_037.cnf
[SharpVelvet]: Running counter ganak on instance /home/vjurisic/cse3000-how-to-break-a-solver/SharpVelvet/instances/3cnf-400clause-horn2/chevu_003_s77960_037.cnf.
[SharpVelvet]: --> Executing: ./ganak --verb 0 --bveresolvmaxsz 12 --sbva 1 --tdexpmult 1.1 --tdminw 7 --tdmaxw 60 --arjunoraclefindbins 6 --rdbclstarget 10000 /home/vjurisic/cse3000-how-to-break-a-solver/SharpVelvet/instances/3cnf-400clause-horn2/chevu_003_s77960_037.cnf in dir /home/vjurisic/cse3000-how-to-break-a-solver/binaries/solvers/
[SharpVelvet]: Counter ganak reports count 1748104532
[SharpVelvet]: 
[SharpVelvet], 2025-01-14, 23h26m31s: Instance 22/404: /home/vjurisic/cse3000-how-to-break-a-solver/SharpVelvet/instances/3cnf-400clause-horn2/chevu_003_s77960_080.cnf
[SharpVelvet]: Running counter ganak on instance /home/vjurisic/cse3000-how-to-break-a-solver/SharpVelvet/instances/3cnf-400clause-horn2/chevu_003_s77960_080.cnf.
[SharpVelvet]: --> Executing: ./ganak --verb 0 --bveresolvmaxsz 12 --sbva 1 --tdexpmult 1.1 --tdminw 7 --tdmaxw 60 --arjunoraclefindbins 6 --rdbclstarget 10000 /home/vjurisic/cse3000-how-to-break-a-solver/SharpVelvet/instances/3cnf-400clause-horn2/chevu_003_s77960_080.cnf in dir /home/vjurisic/cse3000-how-to-break-a-solver/binaries/solvers/
[SharpVelvet]: Counter ganak reports count 174783524105
[SharpVelvet]: 
[SharpVelvet], 2025-01-14, 23h26m34s: Instance 23/404: /home/vjurisic/cse3000-how-to-break-a-solver/SharpVelvet/instances/3cnf-400clause-horn2/chevu_003_s77960_066.cnf
[SharpVelvet]: Running counter ganak on instance /home/vjurisic/cse3000-how-to-break-a-solver/SharpVelvet/instances/3cnf-400clause-horn2/chevu_003_s77960_066.cnf.
[SharpVelvet]: --> Executing: ./ganak --verb 0 --bveresolvmaxsz 12 --sbva 1 --tdexpmult 1.1 --tdminw 7 --tdmaxw 60 --arjunoraclefindbins 6 --rdbclstarget 10000 /home/vjurisic/cse3000-how-to-break-a-solver/SharpVelvet/instances/3cnf-400clause-horn2/chevu_003_s77960_066.cnf in dir /home/vjurisic/cse3000-how-to-break-a-solver/binaries/solvers/
[SharpVelvet]: Counter ganak reports count 5504592800
[SharpVelvet]: 
[SharpVelvet], 2025-01-14, 23h26m36s: Instance 24/404: /home/vjurisic/cse3000-how-to-break-a-solver/SharpVelvet/instances/3cnf-400clause-horn2/chevu_000_s77957_050.cnf
[SharpVelvet]: Running counter ganak on instance /home/vjurisic/cse3000-how-to-break-a-solver/SharpVelvet/instances/3cnf-400clause-horn2/chevu_000_s77957_050.cnf.
[SharpVelvet]: --> Executing: ./ganak --verb 0 --bveresolvmaxsz 12 --sbva 1 --tdexpmult 1.1 --tdminw 7 --tdmaxw 60 --arjunoraclefindbins 6 --rdbclstarget 10000 /home/vjurisic/cse3000-how-to-break-a-solver/SharpVelvet/instances/3cnf-400clause-horn2/chevu_000_s77957_050.cnf in dir /home/vjurisic/cse3000-how-to-break-a-solver/binaries/solvers/
[SharpVelvet]: Counter ganak reports count 770568
[SharpVelvet]: 
[SharpVelvet], 2025-01-14, 23h26m37s: Instance 25/404: /home/vjurisic/cse3000-how-to-break-a-solver/SharpVelvet/instances/3cnf-400clause-horn2/chevu_002_s77959_082.cnf
[SharpVelvet]: Running counter ganak on instance /home/vjurisic/cse3000-how-to-break-a-solver/SharpVelvet/instances/3cnf-400clause-horn2/chevu_002_s77959_082.cnf.
[SharpVelvet]: --> Executing: ./ganak --verb 0 --bveresolvmaxsz 12 --sbva 1 --tdexpmult 1.1 --tdminw 7 --tdmaxw 60 --arjunoraclefindbins 6 --rdbclstarget 10000 /home/vjurisic/cse3000-how-to-break-a-solver/SharpVelvet/instances/3cnf-400clause-horn2/chevu_002_s77959_082.cnf in dir /home/vjurisic/cse3000-how-to-break-a-solver/binaries/solvers/
[SharpVelvet]: Counter ganak reports count 17891598828793
[SharpVelvet]: 
[SharpVelvet], 2025-01-14, 23h26m46s: Instance 26/404: /home/vjurisic/cse3000-how-to-break-a-solver/SharpVelvet/instances/3cnf-400clause-horn2/chevu_000_s77957_100.cnf
[SharpVelvet]: Running counter ganak on instance /home/vjurisic/cse3000-how-to-break-a-solver/SharpVelvet/instances/3cnf-400clause-horn2/chevu_000_s77957_100.cnf.
[SharpVelvet]: --> Executing: ./ganak --verb 0 --bveresolvmaxsz 12 --sbva 1 --tdexpmult 1.1 --tdminw 7 --tdmaxw 60 --arjunoraclefindbins 6 --rdbclstarget 10000 /home/vjurisic/cse3000-how-to-break-a-solver/SharpVelvet/instances/3cnf-400clause-horn2/chevu_000_s77957_100.cnf in dir /home/vjurisic/cse3000-how-to-break-a-solver/binaries/solvers/
