Conda module loaded!
Conda environment 'global-env' activated!
chevu_000_s13867152626890619216_000.cnf
Namespace(counters='/home/vjurisic/cse3000-how-to-break-a-solver/SharpVelvet/tool-config/exp/ganak_counter_config_mc.json', instances='/home/vjurisic/cse3000-how-to-break-a-solver/SharpVelvet/instances/4cnf-450clause-horn', projected=False, weighted=False, timeout=360, memout=20000, verbosity=2, keep_bugs_only=False, out_dir='/home/vjurisic/cse3000-how-to-break-a-solver/SharpVelvet/out', log_dir='/home/vjurisic/cse3000-how-to-break-a-solver/SharpVelvet/out/logs', verified_counts=None, clean_up_proofs=False)
[SharpVelvet]: 
chevu_000_s13867152626890619216_000.cnf
Namespace(counters='/home/vjurisic/cse3000-how-to-break-a-solver/SharpVelvet/tool-config/exp/gpmc_counter_config_mc.json', instances='/home/vjurisic/cse3000-how-to-break-a-solver/SharpVelvet/instances/4cnf-450clause-horn', projected=False, weighted=False, timeout=360, memout=20000, verbosity=2, keep_bugs_only=False, out_dir='/home/vjurisic/cse3000-how-to-break-a-solver/SharpVelvet/out', log_dir='/home/vjurisic/cse3000-how-to-break-a-solver/SharpVelvet/out/logs', verified_counts=None, clean_up_proofs=False)
[SharpVelvet]: 
[SharpVelvet], 2025-01-18, 07h29m42s: Instance 1/1010: /home/vjurisic/cse3000-how-to-break-a-solver/SharpVelvet/instances/4cnf-450clause-horn/chevu_005_s13867152626890619221_003.cnf
[SharpVelvet]: 
[SharpVelvet]: 
[SharpVelvet]: Running counter ganak on instance /home/vjurisic/cse3000-how-to-break-a-solver/SharpVelvet/instances/4cnf-450clause-horn/chevu_005_s13867152626890619221_003.cnf.
[SharpVelvet], 2025-01-18, 07h29m42s: Instance 1/1010: /home/vjurisic/cse3000-how-to-break-a-solver/SharpVelvet/instances/4cnf-450clause-horn/chevu_005_s13867152626890619221_003.cnf
[SharpVelvet]: Running counter gpmc on instance /home/vjurisic/cse3000-how-to-break-a-solver/SharpVelvet/instances/4cnf-450clause-horn/chevu_005_s13867152626890619221_003.cnf.
chevu_000_s13867152626890619216_000.cnf
Namespace(counters='/home/vjurisic/cse3000-how-to-break-a-solver/SharpVelvet/tool-config/exp/d4g_counter_config_mc.json', instances='/home/vjurisic/cse3000-how-to-break-a-solver/SharpVelvet/instances/4cnf-450clause-horn', projected=False, weighted=False, timeout=360, memout=20000, verbosity=2, keep_bugs_only=False, out_dir='/home/vjurisic/cse3000-how-to-break-a-solver/SharpVelvet/out', log_dir='/home/vjurisic/cse3000-how-to-break-a-solver/SharpVelvet/out/logs', verified_counts=None, clean_up_proofs=False)
[SharpVelvet]: --> Executing: ./gpmc /home/vjurisic/cse3000-how-to-break-a-solver/SharpVelvet/instances/4cnf-450clause-horn/chevu_005_s13867152626890619221_003.cnf in dir /home/vjurisic/cse3000-how-to-break-a-solver/binaries/solvers/
[SharpVelvet]: --> Executing: ./ganak --verb 0 --bveresolvmaxsz 12 --sbva 1 --maxcache 7800 --tdexpmult 1.1 --tdminw 7 --tdmaxw 60 --arjunoraclefindbins 6 --rdbclstarget 10000 /home/vjurisic/cse3000-how-to-break-a-solver/SharpVelvet/instances/4cnf-450clause-horn/chevu_005_s13867152626890619221_003.cnf in dir /home/vjurisic/cse3000-how-to-break-a-solver/binaries/solvers/
[SharpVelvet]: 
[SharpVelvet]: 
[SharpVelvet], 2025-01-18, 07h29m42s: Instance 1/1010: /home/vjurisic/cse3000-how-to-break-a-solver/SharpVelvet/instances/4cnf-450clause-horn/chevu_005_s13867152626890619221_003.cnf
[SharpVelvet]: Running counter d4g on instance /home/vjurisic/cse3000-how-to-break-a-solver/SharpVelvet/instances/4cnf-450clause-horn/chevu_005_s13867152626890619221_003.cnf.
[SharpVelvet]: --> Executing: ./d4g /home/vjurisic/cse3000-how-to-break-a-solver/SharpVelvet/instances/4cnf-450clause-horn/chevu_005_s13867152626890619221_003.cnf in dir /home/vjurisic/cse3000-how-to-break-a-solver/binaries/solvers/
[SharpVelvet]: Aborted! Counter d4g exceeded maximum time of 360 s on instance /home/vjurisic/cse3000-how-to-break-a-solver/SharpVelvet/instances/4cnf-450clause-horn/chevu_005_s13867152626890619221_003.cnf.
[SharpVelvet]: Counter d4g reports count None
[SharpVelvet]: 
[SharpVelvet], 2025-01-18, 07h35m44s: Instance 2/1010: /home/vjurisic/cse3000-how-to-break-a-solver/SharpVelvet/instances/4cnf-450clause-horn/chevu_007_s13867152626890619223_091.cnf
[SharpVelvet]: Running counter d4g on instance /home/vjurisic/cse3000-how-to-break-a-solver/SharpVelvet/instances/4cnf-450clause-horn/chevu_007_s13867152626890619223_091.cnf.
[SharpVelvet]: --> Executing: ./d4g /home/vjurisic/cse3000-how-to-break-a-solver/SharpVelvet/instances/4cnf-450clause-horn/chevu_007_s13867152626890619223_091.cnf in dir /home/vjurisic/cse3000-how-to-break-a-solver/binaries/solvers/
[SharpVelvet]: Aborted! Counter gpmc exceeded maximum time of 360 s on instance /home/vjurisic/cse3000-how-to-break-a-solver/SharpVelvet/instances/4cnf-450clause-horn/chevu_005_s13867152626890619221_003.cnf.
[SharpVelvet]: Counter gpmc reports count None
[SharpVelvet]: 
[SharpVelvet], 2025-01-18, 07h35m44s: Instance 2/1010: /home/vjurisic/cse3000-how-to-break-a-solver/SharpVelvet/instances/4cnf-450clause-horn/chevu_007_s13867152626890619223_091.cnf
[SharpVelvet]: Running counter gpmc on instance /home/vjurisic/cse3000-how-to-break-a-solver/SharpVelvet/instances/4cnf-450clause-horn/chevu_007_s13867152626890619223_091.cnf.
[SharpVelvet]: --> Executing: ./gpmc /home/vjurisic/cse3000-how-to-break-a-solver/SharpVelvet/instances/4cnf-450clause-horn/chevu_007_s13867152626890619223_091.cnf in dir /home/vjurisic/cse3000-how-to-break-a-solver/binaries/solvers/
[SharpVelvet]: Aborted! Counter ganak exceeded maximum time of 360 s on instance /home/vjurisic/cse3000-how-to-break-a-solver/SharpVelvet/instances/4cnf-450clause-horn/chevu_005_s13867152626890619221_003.cnf.
[SharpVelvet]: Counter ganak reports count None
[SharpVelvet]: 
[SharpVelvet], 2025-01-18, 07h35m44s: Instance 2/1010: /home/vjurisic/cse3000-how-to-break-a-solver/SharpVelvet/instances/4cnf-450clause-horn/chevu_007_s13867152626890619223_091.cnf
[SharpVelvet]: Running counter ganak on instance /home/vjurisic/cse3000-how-to-break-a-solver/SharpVelvet/instances/4cnf-450clause-horn/chevu_007_s13867152626890619223_091.cnf.
[SharpVelvet]: --> Executing: ./ganak --verb 0 --bveresolvmaxsz 12 --sbva 1 --maxcache 7800 --tdexpmult 1.1 --tdminw 7 --tdmaxw 60 --arjunoraclefindbins 6 --rdbclstarget 10000 /home/vjurisic/cse3000-how-to-break-a-solver/SharpVelvet/instances/4cnf-450clause-horn/chevu_007_s13867152626890619223_091.cnf in dir /home/vjurisic/cse3000-how-to-break-a-solver/binaries/solvers/
[SharpVelvet]: Aborted! Counter d4g exceeded maximum time of 360 s on instance /home/vjurisic/cse3000-how-to-break-a-solver/SharpVelvet/instances/4cnf-450clause-horn/chevu_007_s13867152626890619223_091.cnf.
[SharpVelvet]: Counter d4g reports count None
[SharpVelvet]: 
[SharpVelvet], 2025-01-18, 07h41m46s: Instance 3/1010: /home/vjurisic/cse3000-how-to-break-a-solver/SharpVelvet/instances/4cnf-450clause-horn/chevu_006_s13867152626890619222_092.cnf
[SharpVelvet]: Running counter d4g on instance /home/vjurisic/cse3000-how-to-break-a-solver/SharpVelvet/instances/4cnf-450clause-horn/chevu_006_s13867152626890619222_092.cnf.
[SharpVelvet]: --> Executing: ./d4g /home/vjurisic/cse3000-how-to-break-a-solver/SharpVelvet/instances/4cnf-450clause-horn/chevu_006_s13867152626890619222_092.cnf in dir /home/vjurisic/cse3000-how-to-break-a-solver/binaries/solvers/
[SharpVelvet]: Aborted! Counter ganak exceeded maximum time of 360 s on instance /home/vjurisic/cse3000-how-to-break-a-solver/SharpVelvet/instances/4cnf-450clause-horn/chevu_007_s13867152626890619223_091.cnf.
[SharpVelvet]: Counter ganak reports count None
[SharpVelvet]: 
[SharpVelvet], 2025-01-18, 07h41m46s: Instance 3/1010: /home/vjurisic/cse3000-how-to-break-a-solver/SharpVelvet/instances/4cnf-450clause-horn/chevu_006_s13867152626890619222_092.cnf
[SharpVelvet]: Running counter ganak on instance /home/vjurisic/cse3000-how-to-break-a-solver/SharpVelvet/instances/4cnf-450clause-horn/chevu_006_s13867152626890619222_092.cnf.
[SharpVelvet]: --> Executing: ./ganak --verb 0 --bveresolvmaxsz 12 --sbva 1 --maxcache 7800 --tdexpmult 1.1 --tdminw 7 --tdmaxw 60 --arjunoraclefindbins 6 --rdbclstarget 10000 /home/vjurisic/cse3000-how-to-break-a-solver/SharpVelvet/instances/4cnf-450clause-horn/chevu_006_s13867152626890619222_092.cnf in dir /home/vjurisic/cse3000-how-to-break-a-solver/binaries/solvers/
[SharpVelvet]: Aborted! Counter gpmc exceeded maximum time of 360 s on instance /home/vjurisic/cse3000-how-to-break-a-solver/SharpVelvet/instances/4cnf-450clause-horn/chevu_007_s13867152626890619223_091.cnf.
[SharpVelvet]: Counter gpmc reports count None
[SharpVelvet]: 
[SharpVelvet], 2025-01-18, 07h41m46s: Instance 3/1010: /home/vjurisic/cse3000-how-to-break-a-solver/SharpVelvet/instances/4cnf-450clause-horn/chevu_006_s13867152626890619222_092.cnf
[SharpVelvet]: Running counter gpmc on instance /home/vjurisic/cse3000-how-to-break-a-solver/SharpVelvet/instances/4cnf-450clause-horn/chevu_006_s13867152626890619222_092.cnf.
[SharpVelvet]: --> Executing: ./gpmc /home/vjurisic/cse3000-how-to-break-a-solver/SharpVelvet/instances/4cnf-450clause-horn/chevu_006_s13867152626890619222_092.cnf in dir /home/vjurisic/cse3000-how-to-break-a-solver/binaries/solvers/
[SharpVelvet]: Aborted! Counter d4g exceeded maximum time of 360 s on instance /home/vjurisic/cse3000-how-to-break-a-solver/SharpVelvet/instances/4cnf-450clause-horn/chevu_006_s13867152626890619222_092.cnf.
[SharpVelvet]: Counter d4g reports count None
[SharpVelvet]: 
[SharpVelvet], 2025-01-18, 07h47m47s: Instance 4/1010: /home/vjurisic/cse3000-how-to-break-a-solver/SharpVelvet/instances/4cnf-450clause-horn/chevu_007_s13867152626890619223_037.cnf
[SharpVelvet]: Running counter d4g on instance /home/vjurisic/cse3000-how-to-break-a-solver/SharpVelvet/instances/4cnf-450clause-horn/chevu_007_s13867152626890619223_037.cnf.
[SharpVelvet]: --> Executing: ./d4g /home/vjurisic/cse3000-how-to-break-a-solver/SharpVelvet/instances/4cnf-450clause-horn/chevu_007_s13867152626890619223_037.cnf in dir /home/vjurisic/cse3000-how-to-break-a-solver/binaries/solvers/
[SharpVelvet]: Aborted! Counter ganak exceeded maximum time of 360 s on instance /home/vjurisic/cse3000-how-to-break-a-solver/SharpVelvet/instances/4cnf-450clause-horn/chevu_006_s13867152626890619222_092.cnf.
[SharpVelvet]: Counter ganak reports count None
[SharpVelvet]: 
[SharpVelvet], 2025-01-18, 07h47m48s: Instance 4/1010: /home/vjurisic/cse3000-how-to-break-a-solver/SharpVelvet/instances/4cnf-450clause-horn/chevu_007_s13867152626890619223_037.cnf
[SharpVelvet]: Running counter ganak on instance /home/vjurisic/cse3000-how-to-break-a-solver/SharpVelvet/instances/4cnf-450clause-horn/chevu_007_s13867152626890619223_037.cnf.
[SharpVelvet]: --> Executing: ./ganak --verb 0 --bveresolvmaxsz 12 --sbva 1 --maxcache 7800 --tdexpmult 1.1 --tdminw 7 --tdmaxw 60 --arjunoraclefindbins 6 --rdbclstarget 10000 /home/vjurisic/cse3000-how-to-break-a-solver/SharpVelvet/instances/4cnf-450clause-horn/chevu_007_s13867152626890619223_037.cnf in dir /home/vjurisic/cse3000-how-to-break-a-solver/binaries/solvers/
[SharpVelvet]: Aborted! Counter gpmc exceeded maximum time of 360 s on instance /home/vjurisic/cse3000-how-to-break-a-solver/SharpVelvet/instances/4cnf-450clause-horn/chevu_006_s13867152626890619222_092.cnf.
[SharpVelvet]: Counter gpmc reports count None
[SharpVelvet]: 
[SharpVelvet], 2025-01-18, 07h47m48s: Instance 4/1010: /home/vjurisic/cse3000-how-to-break-a-solver/SharpVelvet/instances/4cnf-450clause-horn/chevu_007_s13867152626890619223_037.cnf
[SharpVelvet]: Running counter gpmc on instance /home/vjurisic/cse3000-how-to-break-a-solver/SharpVelvet/instances/4cnf-450clause-horn/chevu_007_s13867152626890619223_037.cnf.
[SharpVelvet]: --> Executing: ./gpmc /home/vjurisic/cse3000-how-to-break-a-solver/SharpVelvet/instances/4cnf-450clause-horn/chevu_007_s13867152626890619223_037.cnf in dir /home/vjurisic/cse3000-how-to-break-a-solver/binaries/solvers/
[SharpVelvet]: Aborted! Counter d4g exceeded maximum time of 360 s on instance /home/vjurisic/cse3000-how-to-break-a-solver/SharpVelvet/instances/4cnf-450clause-horn/chevu_007_s13867152626890619223_037.cnf.
[SharpVelvet]: Counter d4g reports count None
[SharpVelvet]: 
[SharpVelvet], 2025-01-18, 07h53m49s: Instance 5/1010: /home/vjurisic/cse3000-how-to-break-a-solver/SharpVelvet/instances/4cnf-450clause-horn/chevu_008_s13867152626890619224_081.cnf
[SharpVelvet]: Running counter d4g on instance /home/vjurisic/cse3000-how-to-break-a-solver/SharpVelvet/instances/4cnf-450clause-horn/chevu_008_s13867152626890619224_081.cnf.
[SharpVelvet]: --> Executing: ./d4g /home/vjurisic/cse3000-how-to-break-a-solver/SharpVelvet/instances/4cnf-450clause-horn/chevu_008_s13867152626890619224_081.cnf in dir /home/vjurisic/cse3000-how-to-break-a-solver/binaries/solvers/
[SharpVelvet]: Aborted! Counter ganak exceeded maximum time of 360 s on instance /home/vjurisic/cse3000-how-to-break-a-solver/SharpVelvet/instances/4cnf-450clause-horn/chevu_007_s13867152626890619223_037.cnf.
[SharpVelvet]: Counter ganak reports count None
[SharpVelvet]: 
[SharpVelvet], 2025-01-18, 07h53m50s: Instance 5/1010: /home/vjurisic/cse3000-how-to-break-a-solver/SharpVelvet/instances/4cnf-450clause-horn/chevu_008_s13867152626890619224_081.cnf
[SharpVelvet]: Running counter ganak on instance /home/vjurisic/cse3000-how-to-break-a-solver/SharpVelvet/instances/4cnf-450clause-horn/chevu_008_s13867152626890619224_081.cnf.
[SharpVelvet]: --> Executing: ./ganak --verb 0 --bveresolvmaxsz 12 --sbva 1 --maxcache 7800 --tdexpmult 1.1 --tdminw 7 --tdmaxw 60 --arjunoraclefindbins 6 --rdbclstarget 10000 /home/vjurisic/cse3000-how-to-break-a-solver/SharpVelvet/instances/4cnf-450clause-horn/chevu_008_s13867152626890619224_081.cnf in dir /home/vjurisic/cse3000-how-to-break-a-solver/binaries/solvers/
[SharpVelvet]: Aborted! Counter gpmc exceeded maximum time of 360 s on instance /home/vjurisic/cse3000-how-to-break-a-solver/SharpVelvet/instances/4cnf-450clause-horn/chevu_007_s13867152626890619223_037.cnf.
[SharpVelvet]: Counter gpmc reports count None
[SharpVelvet]: 
[SharpVelvet], 2025-01-18, 07h53m51s: Instance 5/1010: /home/vjurisic/cse3000-how-to-break-a-solver/SharpVelvet/instances/4cnf-450clause-horn/chevu_008_s13867152626890619224_081.cnf
[SharpVelvet]: Running counter gpmc on instance /home/vjurisic/cse3000-how-to-break-a-solver/SharpVelvet/instances/4cnf-450clause-horn/chevu_008_s13867152626890619224_081.cnf.
[SharpVelvet]: --> Executing: ./gpmc /home/vjurisic/cse3000-how-to-break-a-solver/SharpVelvet/instances/4cnf-450clause-horn/chevu_008_s13867152626890619224_081.cnf in dir /home/vjurisic/cse3000-how-to-break-a-solver/binaries/solvers/
[SharpVelvet]: Aborted! Counter d4g exceeded maximum time of 360 s on instance /home/vjurisic/cse3000-how-to-break-a-solver/SharpVelvet/instances/4cnf-450clause-horn/chevu_008_s13867152626890619224_081.cnf.
[SharpVelvet]: Counter d4g reports count None
[SharpVelvet]: 
[SharpVelvet], 2025-01-18, 07h59m51s: Instance 6/1010: /home/vjurisic/cse3000-how-to-break-a-solver/SharpVelvet/instances/4cnf-450clause-horn/chevu_002_s13867152626890619218_084.cnf
[SharpVelvet]: Running counter d4g on instance /home/vjurisic/cse3000-how-to-break-a-solver/SharpVelvet/instances/4cnf-450clause-horn/chevu_002_s13867152626890619218_084.cnf.
[SharpVelvet]: --> Executing: ./d4g /home/vjurisic/cse3000-how-to-break-a-solver/SharpVelvet/instances/4cnf-450clause-horn/chevu_002_s13867152626890619218_084.cnf in dir /home/vjurisic/cse3000-how-to-break-a-solver/binaries/solvers/
[SharpVelvet]: Aborted! Counter ganak exceeded maximum time of 360 s on instance /home/vjurisic/cse3000-how-to-break-a-solver/SharpVelvet/instances/4cnf-450clause-horn/chevu_008_s13867152626890619224_081.cnf.
[SharpVelvet]: Counter ganak reports count None
[SharpVelvet]: 
[SharpVelvet], 2025-01-18, 07h59m52s: Instance 6/1010: /home/vjurisic/cse3000-how-to-break-a-solver/SharpVelvet/instances/4cnf-450clause-horn/chevu_002_s13867152626890619218_084.cnf
[SharpVelvet]: Running counter ganak on instance /home/vjurisic/cse3000-how-to-break-a-solver/SharpVelvet/instances/4cnf-450clause-horn/chevu_002_s13867152626890619218_084.cnf.
[SharpVelvet]: --> Executing: ./ganak --verb 0 --bveresolvmaxsz 12 --sbva 1 --maxcache 7800 --tdexpmult 1.1 --tdminw 7 --tdmaxw 60 --arjunoraclefindbins 6 --rdbclstarget 10000 /home/vjurisic/cse3000-how-to-break-a-solver/SharpVelvet/instances/4cnf-450clause-horn/chevu_002_s13867152626890619218_084.cnf in dir /home/vjurisic/cse3000-how-to-break-a-solver/binaries/solvers/
[SharpVelvet]: Aborted! Counter gpmc exceeded maximum time of 360 s on instance /home/vjurisic/cse3000-how-to-break-a-solver/SharpVelvet/instances/4cnf-450clause-horn/chevu_008_s13867152626890619224_081.cnf.
[SharpVelvet]: Counter gpmc reports count None
[SharpVelvet]: 
[SharpVelvet], 2025-01-18, 07h59m53s: Instance 6/1010: /home/vjurisic/cse3000-how-to-break-a-solver/SharpVelvet/instances/4cnf-450clause-horn/chevu_002_s13867152626890619218_084.cnf
[SharpVelvet]: Running counter gpmc on instance /home/vjurisic/cse3000-how-to-break-a-solver/SharpVelvet/instances/4cnf-450clause-horn/chevu_002_s13867152626890619218_084.cnf.
[SharpVelvet]: --> Executing: ./gpmc /home/vjurisic/cse3000-how-to-break-a-solver/SharpVelvet/instances/4cnf-450clause-horn/chevu_002_s13867152626890619218_084.cnf in dir /home/vjurisic/cse3000-how-to-break-a-solver/binaries/solvers/
[SharpVelvet]: Aborted! Counter d4g exceeded maximum time of 360 s on instance /home/vjurisic/cse3000-how-to-break-a-solver/SharpVelvet/instances/4cnf-450clause-horn/chevu_002_s13867152626890619218_084.cnf.
[SharpVelvet]: Counter d4g reports count None
[SharpVelvet]: 
[SharpVelvet], 2025-01-18, 08h05m53s: Instance 7/1010: /home/vjurisic/cse3000-how-to-break-a-solver/SharpVelvet/instances/4cnf-450clause-horn/chevu_008_s13867152626890619224_022.cnf
[SharpVelvet]: Running counter d4g on instance /home/vjurisic/cse3000-how-to-break-a-solver/SharpVelvet/instances/4cnf-450clause-horn/chevu_008_s13867152626890619224_022.cnf.
[SharpVelvet]: --> Executing: ./d4g /home/vjurisic/cse3000-how-to-break-a-solver/SharpVelvet/instances/4cnf-450clause-horn/chevu_008_s13867152626890619224_022.cnf in dir /home/vjurisic/cse3000-how-to-break-a-solver/binaries/solvers/
[SharpVelvet]: Aborted! Counter ganak exceeded maximum time of 360 s on instance /home/vjurisic/cse3000-how-to-break-a-solver/SharpVelvet/instances/4cnf-450clause-horn/chevu_002_s13867152626890619218_084.cnf.
[SharpVelvet]: Counter ganak reports count None
[SharpVelvet]: 
[SharpVelvet], 2025-01-18, 08h05m54s: Instance 7/1010: /home/vjurisic/cse3000-how-to-break-a-solver/SharpVelvet/instances/4cnf-450clause-horn/chevu_008_s13867152626890619224_022.cnf
[SharpVelvet]: Running counter ganak on instance /home/vjurisic/cse3000-how-to-break-a-solver/SharpVelvet/instances/4cnf-450clause-horn/chevu_008_s13867152626890619224_022.cnf.
[SharpVelvet]: --> Executing: ./ganak --verb 0 --bveresolvmaxsz 12 --sbva 1 --maxcache 7800 --tdexpmult 1.1 --tdminw 7 --tdmaxw 60 --arjunoraclefindbins 6 --rdbclstarget 10000 /home/vjurisic/cse3000-how-to-break-a-solver/SharpVelvet/instances/4cnf-450clause-horn/chevu_008_s13867152626890619224_022.cnf in dir /home/vjurisic/cse3000-how-to-break-a-solver/binaries/solvers/
[SharpVelvet]: Aborted! Counter gpmc exceeded maximum time of 360 s on instance /home/vjurisic/cse3000-how-to-break-a-solver/SharpVelvet/instances/4cnf-450clause-horn/chevu_002_s13867152626890619218_084.cnf.
[SharpVelvet]: Counter gpmc reports count None
[SharpVelvet]: 
[SharpVelvet], 2025-01-18, 08h05m55s: Instance 7/1010: /home/vjurisic/cse3000-how-to-break-a-solver/SharpVelvet/instances/4cnf-450clause-horn/chevu_008_s13867152626890619224_022.cnf
[SharpVelvet]: Running counter gpmc on instance /home/vjurisic/cse3000-how-to-break-a-solver/SharpVelvet/instances/4cnf-450clause-horn/chevu_008_s13867152626890619224_022.cnf.
[SharpVelvet]: --> Executing: ./gpmc /home/vjurisic/cse3000-how-to-break-a-solver/SharpVelvet/instances/4cnf-450clause-horn/chevu_008_s13867152626890619224_022.cnf in dir /home/vjurisic/cse3000-how-to-break-a-solver/binaries/solvers/
[SharpVelvet]: Aborted! Counter d4g exceeded maximum time of 360 s on instance /home/vjurisic/cse3000-how-to-break-a-solver/SharpVelvet/instances/4cnf-450clause-horn/chevu_008_s13867152626890619224_022.cnf.
[SharpVelvet]: Counter d4g reports count None
[SharpVelvet]: 
[SharpVelvet], 2025-01-18, 08h11m55s: Instance 8/1010: /home/vjurisic/cse3000-how-to-break-a-solver/SharpVelvet/instances/4cnf-450clause-horn/chevu_007_s13867152626890619223_036.cnf
[SharpVelvet]: Running counter d4g on instance /home/vjurisic/cse3000-how-to-break-a-solver/SharpVelvet/instances/4cnf-450clause-horn/chevu_007_s13867152626890619223_036.cnf.
[SharpVelvet]: --> Executing: ./d4g /home/vjurisic/cse3000-how-to-break-a-solver/SharpVelvet/instances/4cnf-450clause-horn/chevu_007_s13867152626890619223_036.cnf in dir /home/vjurisic/cse3000-how-to-break-a-solver/binaries/solvers/
[SharpVelvet]: Aborted! Counter ganak exceeded maximum time of 360 s on instance /home/vjurisic/cse3000-how-to-break-a-solver/SharpVelvet/instances/4cnf-450clause-horn/chevu_008_s13867152626890619224_022.cnf.
[SharpVelvet]: Counter ganak reports count None
[SharpVelvet]: 
[SharpVelvet], 2025-01-18, 08h11m57s: Instance 8/1010: /home/vjurisic/cse3000-how-to-break-a-solver/SharpVelvet/instances/4cnf-450clause-horn/chevu_007_s13867152626890619223_036.cnf
[SharpVelvet]: Running counter ganak on instance /home/vjurisic/cse3000-how-to-break-a-solver/SharpVelvet/instances/4cnf-450clause-horn/chevu_007_s13867152626890619223_036.cnf.
[SharpVelvet]: --> Executing: ./ganak --verb 0 --bveresolvmaxsz 12 --sbva 1 --maxcache 7800 --tdexpmult 1.1 --tdminw 7 --tdmaxw 60 --arjunoraclefindbins 6 --rdbclstarget 10000 /home/vjurisic/cse3000-how-to-break-a-solver/SharpVelvet/instances/4cnf-450clause-horn/chevu_007_s13867152626890619223_036.cnf in dir /home/vjurisic/cse3000-how-to-break-a-solver/binaries/solvers/
[SharpVelvet]: Aborted! Counter gpmc exceeded maximum time of 360 s on instance /home/vjurisic/cse3000-how-to-break-a-solver/SharpVelvet/instances/4cnf-450clause-horn/chevu_008_s13867152626890619224_022.cnf.
[SharpVelvet]: Counter gpmc reports count None
[SharpVelvet]: 
[SharpVelvet], 2025-01-18, 08h11m57s: Instance 8/1010: /home/vjurisic/cse3000-how-to-break-a-solver/SharpVelvet/instances/4cnf-450clause-horn/chevu_007_s13867152626890619223_036.cnf
[SharpVelvet]: Running counter gpmc on instance /home/vjurisic/cse3000-how-to-break-a-solver/SharpVelvet/instances/4cnf-450clause-horn/chevu_007_s13867152626890619223_036.cnf.
[SharpVelvet]: --> Executing: ./gpmc /home/vjurisic/cse3000-how-to-break-a-solver/SharpVelvet/instances/4cnf-450clause-horn/chevu_007_s13867152626890619223_036.cnf in dir /home/vjurisic/cse3000-how-to-break-a-solver/binaries/solvers/
[SharpVelvet]: Aborted! Counter d4g exceeded maximum time of 360 s on instance /home/vjurisic/cse3000-how-to-break-a-solver/SharpVelvet/instances/4cnf-450clause-horn/chevu_007_s13867152626890619223_036.cnf.
[SharpVelvet]: Counter d4g reports count None
[SharpVelvet]: 
[SharpVelvet], 2025-01-18, 08h17m57s: Instance 9/1010: /home/vjurisic/cse3000-how-to-break-a-solver/SharpVelvet/instances/4cnf-450clause-horn/chevu_000_s13867152626890619216_067.cnf
[SharpVelvet]: Running counter d4g on instance /home/vjurisic/cse3000-how-to-break-a-solver/SharpVelvet/instances/4cnf-450clause-horn/chevu_000_s13867152626890619216_067.cnf.
[SharpVelvet]: --> Executing: ./d4g /home/vjurisic/cse3000-how-to-break-a-solver/SharpVelvet/instances/4cnf-450clause-horn/chevu_000_s13867152626890619216_067.cnf in dir /home/vjurisic/cse3000-how-to-break-a-solver/binaries/solvers/
[SharpVelvet]: Aborted! Counter ganak exceeded maximum time of 360 s on instance /home/vjurisic/cse3000-how-to-break-a-solver/SharpVelvet/instances/4cnf-450clause-horn/chevu_007_s13867152626890619223_036.cnf.
[SharpVelvet]: Counter ganak reports count None
[SharpVelvet]: 
[SharpVelvet], 2025-01-18, 08h17m59s: Instance 9/1010: /home/vjurisic/cse3000-how-to-break-a-solver/SharpVelvet/instances/4cnf-450clause-horn/chevu_000_s13867152626890619216_067.cnf
[SharpVelvet]: Running counter ganak on instance /home/vjurisic/cse3000-how-to-break-a-solver/SharpVelvet/instances/4cnf-450clause-horn/chevu_000_s13867152626890619216_067.cnf.
[SharpVelvet]: --> Executing: ./ganak --verb 0 --bveresolvmaxsz 12 --sbva 1 --maxcache 7800 --tdexpmult 1.1 --tdminw 7 --tdmaxw 60 --arjunoraclefindbins 6 --rdbclstarget 10000 /home/vjurisic/cse3000-how-to-break-a-solver/SharpVelvet/instances/4cnf-450clause-horn/chevu_000_s13867152626890619216_067.cnf in dir /home/vjurisic/cse3000-how-to-break-a-solver/binaries/solvers/
[SharpVelvet]: Aborted! Counter gpmc exceeded maximum time of 360 s on instance /home/vjurisic/cse3000-how-to-break-a-solver/SharpVelvet/instances/4cnf-450clause-horn/chevu_007_s13867152626890619223_036.cnf.
[SharpVelvet]: Counter gpmc reports count None
[SharpVelvet]: 
[SharpVelvet], 2025-01-18, 08h17m59s: Instance 9/1010: /home/vjurisic/cse3000-how-to-break-a-solver/SharpVelvet/instances/4cnf-450clause-horn/chevu_000_s13867152626890619216_067.cnf
[SharpVelvet]: Running counter gpmc on instance /home/vjurisic/cse3000-how-to-break-a-solver/SharpVelvet/instances/4cnf-450clause-horn/chevu_000_s13867152626890619216_067.cnf.
[SharpVelvet]: --> Executing: ./gpmc /home/vjurisic/cse3000-how-to-break-a-solver/SharpVelvet/instances/4cnf-450clause-horn/chevu_000_s13867152626890619216_067.cnf in dir /home/vjurisic/cse3000-how-to-break-a-solver/binaries/solvers/
[SharpVelvet]: Aborted! Counter d4g exceeded maximum time of 360 s on instance /home/vjurisic/cse3000-how-to-break-a-solver/SharpVelvet/instances/4cnf-450clause-horn/chevu_000_s13867152626890619216_067.cnf.
[SharpVelvet]: Counter d4g reports count None
[SharpVelvet]: 
[SharpVelvet], 2025-01-18, 08h23m59s: Instance 10/1010: /home/vjurisic/cse3000-how-to-break-a-solver/SharpVelvet/instances/4cnf-450clause-horn/chevu_000_s13867152626890619216_022.cnf
[SharpVelvet]: Running counter d4g on instance /home/vjurisic/cse3000-how-to-break-a-solver/SharpVelvet/instances/4cnf-450clause-horn/chevu_000_s13867152626890619216_022.cnf.
[SharpVelvet]: --> Executing: ./d4g /home/vjurisic/cse3000-how-to-break-a-solver/SharpVelvet/instances/4cnf-450clause-horn/chevu_000_s13867152626890619216_022.cnf in dir /home/vjurisic/cse3000-how-to-break-a-solver/binaries/solvers/
[SharpVelvet]: Aborted! Counter ganak exceeded maximum time of 360 s on instance /home/vjurisic/cse3000-how-to-break-a-solver/SharpVelvet/instances/4cnf-450clause-horn/chevu_000_s13867152626890619216_067.cnf.
[SharpVelvet]: Counter ganak reports count None
[SharpVelvet]: 
[SharpVelvet], 2025-01-18, 08h24m01s: Instance 10/1010: /home/vjurisic/cse3000-how-to-break-a-solver/SharpVelvet/instances/4cnf-450clause-horn/chevu_000_s13867152626890619216_022.cnf
[SharpVelvet]: Running counter ganak on instance /home/vjurisic/cse3000-how-to-break-a-solver/SharpVelvet/instances/4cnf-450clause-horn/chevu_000_s13867152626890619216_022.cnf.
[SharpVelvet]: --> Executing: ./ganak --verb 0 --bveresolvmaxsz 12 --sbva 1 --maxcache 7800 --tdexpmult 1.1 --tdminw 7 --tdmaxw 60 --arjunoraclefindbins 6 --rdbclstarget 10000 /home/vjurisic/cse3000-how-to-break-a-solver/SharpVelvet/instances/4cnf-450clause-horn/chevu_000_s13867152626890619216_022.cnf in dir /home/vjurisic/cse3000-how-to-break-a-solver/binaries/solvers/
[SharpVelvet]: Aborted! Counter gpmc exceeded maximum time of 360 s on instance /home/vjurisic/cse3000-how-to-break-a-solver/SharpVelvet/instances/4cnf-450clause-horn/chevu_000_s13867152626890619216_067.cnf.
[SharpVelvet]: Counter gpmc reports count None
[SharpVelvet]: 
[SharpVelvet], 2025-01-18, 08h24m02s: Instance 10/1010: /home/vjurisic/cse3000-how-to-break-a-solver/SharpVelvet/instances/4cnf-450clause-horn/chevu_000_s13867152626890619216_022.cnf
[SharpVelvet]: Running counter gpmc on instance /home/vjurisic/cse3000-how-to-break-a-solver/SharpVelvet/instances/4cnf-450clause-horn/chevu_000_s13867152626890619216_022.cnf.
[SharpVelvet]: --> Executing: ./gpmc /home/vjurisic/cse3000-how-to-break-a-solver/SharpVelvet/instances/4cnf-450clause-horn/chevu_000_s13867152626890619216_022.cnf in dir /home/vjurisic/cse3000-how-to-break-a-solver/binaries/solvers/
[SharpVelvet]: Aborted! Counter d4g exceeded maximum time of 360 s on instance /home/vjurisic/cse3000-how-to-break-a-solver/SharpVelvet/instances/4cnf-450clause-horn/chevu_000_s13867152626890619216_022.cnf.
[SharpVelvet]: Counter d4g reports count None
[SharpVelvet]: 
[SharpVelvet], 2025-01-18, 08h30m01s: Instance 11/1010: /home/vjurisic/cse3000-how-to-break-a-solver/SharpVelvet/instances/4cnf-450clause-horn/chevu_001_s13867152626890619217_087.cnf
[SharpVelvet]: Running counter d4g on instance /home/vjurisic/cse3000-how-to-break-a-solver/SharpVelvet/instances/4cnf-450clause-horn/chevu_001_s13867152626890619217_087.cnf.
[SharpVelvet]: --> Executing: ./d4g /home/vjurisic/cse3000-how-to-break-a-solver/SharpVelvet/instances/4cnf-450clause-horn/chevu_001_s13867152626890619217_087.cnf in dir /home/vjurisic/cse3000-how-to-break-a-solver/binaries/solvers/
[SharpVelvet]: Aborted! Counter ganak exceeded maximum time of 360 s on instance /home/vjurisic/cse3000-how-to-break-a-solver/SharpVelvet/instances/4cnf-450clause-horn/chevu_000_s13867152626890619216_022.cnf.
[SharpVelvet]: Counter ganak reports count None
[SharpVelvet]: 
[SharpVelvet], 2025-01-18, 08h30m03s: Instance 11/1010: /home/vjurisic/cse3000-how-to-break-a-solver/SharpVelvet/instances/4cnf-450clause-horn/chevu_001_s13867152626890619217_087.cnf
[SharpVelvet]: Running counter ganak on instance /home/vjurisic/cse3000-how-to-break-a-solver/SharpVelvet/instances/4cnf-450clause-horn/chevu_001_s13867152626890619217_087.cnf.
[SharpVelvet]: --> Executing: ./ganak --verb 0 --bveresolvmaxsz 12 --sbva 1 --maxcache 7800 --tdexpmult 1.1 --tdminw 7 --tdmaxw 60 --arjunoraclefindbins 6 --rdbclstarget 10000 /home/vjurisic/cse3000-how-to-break-a-solver/SharpVelvet/instances/4cnf-450clause-horn/chevu_001_s13867152626890619217_087.cnf in dir /home/vjurisic/cse3000-how-to-break-a-solver/binaries/solvers/
[SharpVelvet]: Aborted! Counter gpmc exceeded maximum time of 360 s on instance /home/vjurisic/cse3000-how-to-break-a-solver/SharpVelvet/instances/4cnf-450clause-horn/chevu_000_s13867152626890619216_022.cnf.
[SharpVelvet]: Counter gpmc reports count None
[SharpVelvet]: 
[SharpVelvet], 2025-01-18, 08h30m04s: Instance 11/1010: /home/vjurisic/cse3000-how-to-break-a-solver/SharpVelvet/instances/4cnf-450clause-horn/chevu_001_s13867152626890619217_087.cnf
[SharpVelvet]: Running counter gpmc on instance /home/vjurisic/cse3000-how-to-break-a-solver/SharpVelvet/instances/4cnf-450clause-horn/chevu_001_s13867152626890619217_087.cnf.
[SharpVelvet]: --> Executing: ./gpmc /home/vjurisic/cse3000-how-to-break-a-solver/SharpVelvet/instances/4cnf-450clause-horn/chevu_001_s13867152626890619217_087.cnf in dir /home/vjurisic/cse3000-how-to-break-a-solver/binaries/solvers/
[SharpVelvet]: Aborted! Counter d4g exceeded maximum time of 360 s on instance /home/vjurisic/cse3000-how-to-break-a-solver/SharpVelvet/instances/4cnf-450clause-horn/chevu_001_s13867152626890619217_087.cnf.
[SharpVelvet]: Counter d4g reports count None
[SharpVelvet]: 
[SharpVelvet], 2025-01-18, 08h36m03s: Instance 12/1010: /home/vjurisic/cse3000-how-to-break-a-solver/SharpVelvet/instances/4cnf-450clause-horn/chevu_009_s13867152626890619225_052.cnf
[SharpVelvet]: Running counter d4g on instance /home/vjurisic/cse3000-how-to-break-a-solver/SharpVelvet/instances/4cnf-450clause-horn/chevu_009_s13867152626890619225_052.cnf.
[SharpVelvet]: --> Executing: ./d4g /home/vjurisic/cse3000-how-to-break-a-solver/SharpVelvet/instances/4cnf-450clause-horn/chevu_009_s13867152626890619225_052.cnf in dir /home/vjurisic/cse3000-how-to-break-a-solver/binaries/solvers/
[SharpVelvet]: Aborted! Counter ganak exceeded maximum time of 360 s on instance /home/vjurisic/cse3000-how-to-break-a-solver/SharpVelvet/instances/4cnf-450clause-horn/chevu_001_s13867152626890619217_087.cnf.
[SharpVelvet]: Counter ganak reports count None
[SharpVelvet]: 
[SharpVelvet], 2025-01-18, 08h36m06s: Instance 12/1010: /home/vjurisic/cse3000-how-to-break-a-solver/SharpVelvet/instances/4cnf-450clause-horn/chevu_009_s13867152626890619225_052.cnf
[SharpVelvet]: Running counter ganak on instance /home/vjurisic/cse3000-how-to-break-a-solver/SharpVelvet/instances/4cnf-450clause-horn/chevu_009_s13867152626890619225_052.cnf.
[SharpVelvet]: --> Executing: ./ganak --verb 0 --bveresolvmaxsz 12 --sbva 1 --maxcache 7800 --tdexpmult 1.1 --tdminw 7 --tdmaxw 60 --arjunoraclefindbins 6 --rdbclstarget 10000 /home/vjurisic/cse3000-how-to-break-a-solver/SharpVelvet/instances/4cnf-450clause-horn/chevu_009_s13867152626890619225_052.cnf in dir /home/vjurisic/cse3000-how-to-break-a-solver/binaries/solvers/
[SharpVelvet]: Aborted! Counter gpmc exceeded maximum time of 360 s on instance /home/vjurisic/cse3000-how-to-break-a-solver/SharpVelvet/instances/4cnf-450clause-horn/chevu_001_s13867152626890619217_087.cnf.
[SharpVelvet]: Counter gpmc reports count None
[SharpVelvet]: 
[SharpVelvet], 2025-01-18, 08h36m06s: Instance 12/1010: /home/vjurisic/cse3000-how-to-break-a-solver/SharpVelvet/instances/4cnf-450clause-horn/chevu_009_s13867152626890619225_052.cnf
[SharpVelvet]: Running counter gpmc on instance /home/vjurisic/cse3000-how-to-break-a-solver/SharpVelvet/instances/4cnf-450clause-horn/chevu_009_s13867152626890619225_052.cnf.
[SharpVelvet]: --> Executing: ./gpmc /home/vjurisic/cse3000-how-to-break-a-solver/SharpVelvet/instances/4cnf-450clause-horn/chevu_009_s13867152626890619225_052.cnf in dir /home/vjurisic/cse3000-how-to-break-a-solver/binaries/solvers/
[SharpVelvet]: Aborted! Counter d4g exceeded maximum time of 360 s on instance /home/vjurisic/cse3000-how-to-break-a-solver/SharpVelvet/instances/4cnf-450clause-horn/chevu_009_s13867152626890619225_052.cnf.
[SharpVelvet]: Counter d4g reports count None
[SharpVelvet]: 
[SharpVelvet], 2025-01-18, 08h42m05s: Instance 13/1010: /home/vjurisic/cse3000-how-to-break-a-solver/SharpVelvet/instances/4cnf-450clause-horn/chevu_008_s13867152626890619224_003.cnf
[SharpVelvet]: Running counter d4g on instance /home/vjurisic/cse3000-how-to-break-a-solver/SharpVelvet/instances/4cnf-450clause-horn/chevu_008_s13867152626890619224_003.cnf.
[SharpVelvet]: --> Executing: ./d4g /home/vjurisic/cse3000-how-to-break-a-solver/SharpVelvet/instances/4cnf-450clause-horn/chevu_008_s13867152626890619224_003.cnf in dir /home/vjurisic/cse3000-how-to-break-a-solver/binaries/solvers/
[SharpVelvet]: Aborted! Counter ganak exceeded maximum time of 360 s on instance /home/vjurisic/cse3000-how-to-break-a-solver/SharpVelvet/instances/4cnf-450clause-horn/chevu_009_s13867152626890619225_052.cnf.
[SharpVelvet]: Counter ganak reports count None
[SharpVelvet]: 
[SharpVelvet], 2025-01-18, 08h42m08s: Instance 13/1010: /home/vjurisic/cse3000-how-to-break-a-solver/SharpVelvet/instances/4cnf-450clause-horn/chevu_008_s13867152626890619224_003.cnf
[SharpVelvet]: Running counter ganak on instance /home/vjurisic/cse3000-how-to-break-a-solver/SharpVelvet/instances/4cnf-450clause-horn/chevu_008_s13867152626890619224_003.cnf.
[SharpVelvet]: --> Executing: ./ganak --verb 0 --bveresolvmaxsz 12 --sbva 1 --maxcache 7800 --tdexpmult 1.1 --tdminw 7 --tdmaxw 60 --arjunoraclefindbins 6 --rdbclstarget 10000 /home/vjurisic/cse3000-how-to-break-a-solver/SharpVelvet/instances/4cnf-450clause-horn/chevu_008_s13867152626890619224_003.cnf in dir /home/vjurisic/cse3000-how-to-break-a-solver/binaries/solvers/
[SharpVelvet]: Aborted! Counter gpmc exceeded maximum time of 360 s on instance /home/vjurisic/cse3000-how-to-break-a-solver/SharpVelvet/instances/4cnf-450clause-horn/chevu_009_s13867152626890619225_052.cnf.
[SharpVelvet]: Counter gpmc reports count None
[SharpVelvet]: 
[SharpVelvet], 2025-01-18, 08h42m08s: Instance 13/1010: /home/vjurisic/cse3000-how-to-break-a-solver/SharpVelvet/instances/4cnf-450clause-horn/chevu_008_s13867152626890619224_003.cnf
[SharpVelvet]: Running counter gpmc on instance /home/vjurisic/cse3000-how-to-break-a-solver/SharpVelvet/instances/4cnf-450clause-horn/chevu_008_s13867152626890619224_003.cnf.
[SharpVelvet]: --> Executing: ./gpmc /home/vjurisic/cse3000-how-to-break-a-solver/SharpVelvet/instances/4cnf-450clause-horn/chevu_008_s13867152626890619224_003.cnf in dir /home/vjurisic/cse3000-how-to-break-a-solver/binaries/solvers/
[SharpVelvet]: Aborted! Counter d4g exceeded maximum time of 360 s on instance /home/vjurisic/cse3000-how-to-break-a-solver/SharpVelvet/instances/4cnf-450clause-horn/chevu_008_s13867152626890619224_003.cnf.
[SharpVelvet]: Counter d4g reports count None
[SharpVelvet]: 
[SharpVelvet], 2025-01-18, 08h48m07s: Instance 14/1010: /home/vjurisic/cse3000-how-to-break-a-solver/SharpVelvet/instances/4cnf-450clause-horn/chevu_004_s13867152626890619220_084.cnf
[SharpVelvet]: Running counter d4g on instance /home/vjurisic/cse3000-how-to-break-a-solver/SharpVelvet/instances/4cnf-450clause-horn/chevu_004_s13867152626890619220_084.cnf.
[SharpVelvet]: --> Executing: ./d4g /home/vjurisic/cse3000-how-to-break-a-solver/SharpVelvet/instances/4cnf-450clause-horn/chevu_004_s13867152626890619220_084.cnf in dir /home/vjurisic/cse3000-how-to-break-a-solver/binaries/solvers/
[SharpVelvet]: Aborted! Counter ganak exceeded maximum time of 360 s on instance /home/vjurisic/cse3000-how-to-break-a-solver/SharpVelvet/instances/4cnf-450clause-horn/chevu_008_s13867152626890619224_003.cnf.
[SharpVelvet]: Counter ganak reports count None
[SharpVelvet]: 
[SharpVelvet], 2025-01-18, 08h48m10s: Instance 14/1010: /home/vjurisic/cse3000-how-to-break-a-solver/SharpVelvet/instances/4cnf-450clause-horn/chevu_004_s13867152626890619220_084.cnf
[SharpVelvet]: Running counter ganak on instance /home/vjurisic/cse3000-how-to-break-a-solver/SharpVelvet/instances/4cnf-450clause-horn/chevu_004_s13867152626890619220_084.cnf.
[SharpVelvet]: --> Executing: ./ganak --verb 0 --bveresolvmaxsz 12 --sbva 1 --maxcache 7800 --tdexpmult 1.1 --tdminw 7 --tdmaxw 60 --arjunoraclefindbins 6 --rdbclstarget 10000 /home/vjurisic/cse3000-how-to-break-a-solver/SharpVelvet/instances/4cnf-450clause-horn/chevu_004_s13867152626890619220_084.cnf in dir /home/vjurisic/cse3000-how-to-break-a-solver/binaries/solvers/
[SharpVelvet]: Aborted! Counter gpmc exceeded maximum time of 360 s on instance /home/vjurisic/cse3000-how-to-break-a-solver/SharpVelvet/instances/4cnf-450clause-horn/chevu_008_s13867152626890619224_003.cnf.
[SharpVelvet]: Counter gpmc reports count None
[SharpVelvet]: 
[SharpVelvet], 2025-01-18, 08h48m10s: Instance 14/1010: /home/vjurisic/cse3000-how-to-break-a-solver/SharpVelvet/instances/4cnf-450clause-horn/chevu_004_s13867152626890619220_084.cnf
[SharpVelvet]: Running counter gpmc on instance /home/vjurisic/cse3000-how-to-break-a-solver/SharpVelvet/instances/4cnf-450clause-horn/chevu_004_s13867152626890619220_084.cnf.
[SharpVelvet]: --> Executing: ./gpmc /home/vjurisic/cse3000-how-to-break-a-solver/SharpVelvet/instances/4cnf-450clause-horn/chevu_004_s13867152626890619220_084.cnf in dir /home/vjurisic/cse3000-how-to-break-a-solver/binaries/solvers/
[SharpVelvet]: Aborted! Counter d4g exceeded maximum time of 360 s on instance /home/vjurisic/cse3000-how-to-break-a-solver/SharpVelvet/instances/4cnf-450clause-horn/chevu_004_s13867152626890619220_084.cnf.
[SharpVelvet]: Counter d4g reports count None
[SharpVelvet]: 
[SharpVelvet], 2025-01-18, 08h54m09s: Instance 15/1010: /home/vjurisic/cse3000-how-to-break-a-solver/SharpVelvet/instances/4cnf-450clause-horn/chevu_006_s13867152626890619222_095.cnf
[SharpVelvet]: Running counter d4g on instance /home/vjurisic/cse3000-how-to-break-a-solver/SharpVelvet/instances/4cnf-450clause-horn/chevu_006_s13867152626890619222_095.cnf.
[SharpVelvet]: --> Executing: ./d4g /home/vjurisic/cse3000-how-to-break-a-solver/SharpVelvet/instances/4cnf-450clause-horn/chevu_006_s13867152626890619222_095.cnf in dir /home/vjurisic/cse3000-how-to-break-a-solver/binaries/solvers/
[SharpVelvet]: Aborted! Counter gpmc exceeded maximum time of 360 s on instance /home/vjurisic/cse3000-how-to-break-a-solver/SharpVelvet/instances/4cnf-450clause-horn/chevu_004_s13867152626890619220_084.cnf.
[SharpVelvet]: Counter gpmc reports count None
[SharpVelvet]: 
[SharpVelvet], 2025-01-18, 08h54m12s: Instance 15/1010: /home/vjurisic/cse3000-how-to-break-a-solver/SharpVelvet/instances/4cnf-450clause-horn/chevu_006_s13867152626890619222_095.cnf
[SharpVelvet]: Running counter gpmc on instance /home/vjurisic/cse3000-how-to-break-a-solver/SharpVelvet/instances/4cnf-450clause-horn/chevu_006_s13867152626890619222_095.cnf.
[SharpVelvet]: --> Executing: ./gpmc /home/vjurisic/cse3000-how-to-break-a-solver/SharpVelvet/instances/4cnf-450clause-horn/chevu_006_s13867152626890619222_095.cnf in dir /home/vjurisic/cse3000-how-to-break-a-solver/binaries/solvers/
[SharpVelvet]: Aborted! Counter ganak exceeded maximum time of 360 s on instance /home/vjurisic/cse3000-how-to-break-a-solver/SharpVelvet/instances/4cnf-450clause-horn/chevu_004_s13867152626890619220_084.cnf.
[SharpVelvet]: Counter ganak reports count None
[SharpVelvet]: 
[SharpVelvet], 2025-01-18, 08h54m12s: Instance 15/1010: /home/vjurisic/cse3000-how-to-break-a-solver/SharpVelvet/instances/4cnf-450clause-horn/chevu_006_s13867152626890619222_095.cnf
[SharpVelvet]: Running counter ganak on instance /home/vjurisic/cse3000-how-to-break-a-solver/SharpVelvet/instances/4cnf-450clause-horn/chevu_006_s13867152626890619222_095.cnf.
[SharpVelvet]: --> Executing: ./ganak --verb 0 --bveresolvmaxsz 12 --sbva 1 --maxcache 7800 --tdexpmult 1.1 --tdminw 7 --tdmaxw 60 --arjunoraclefindbins 6 --rdbclstarget 10000 /home/vjurisic/cse3000-how-to-break-a-solver/SharpVelvet/instances/4cnf-450clause-horn/chevu_006_s13867152626890619222_095.cnf in dir /home/vjurisic/cse3000-how-to-break-a-solver/binaries/solvers/
[SharpVelvet]: Aborted! Counter d4g exceeded maximum time of 360 s on instance /home/vjurisic/cse3000-how-to-break-a-solver/SharpVelvet/instances/4cnf-450clause-horn/chevu_006_s13867152626890619222_095.cnf.
[SharpVelvet]: Counter d4g reports count None
[SharpVelvet]: 
[SharpVelvet], 2025-01-18, 09h00m11s: Instance 16/1010: /home/vjurisic/cse3000-how-to-break-a-solver/SharpVelvet/instances/4cnf-450clause-horn/chevu_002_s13867152626890619218_017.cnf
[SharpVelvet]: Running counter d4g on instance /home/vjurisic/cse3000-how-to-break-a-solver/SharpVelvet/instances/4cnf-450clause-horn/chevu_002_s13867152626890619218_017.cnf.
[SharpVelvet]: --> Executing: ./d4g /home/vjurisic/cse3000-how-to-break-a-solver/SharpVelvet/instances/4cnf-450clause-horn/chevu_002_s13867152626890619218_017.cnf in dir /home/vjurisic/cse3000-how-to-break-a-solver/binaries/solvers/
[SharpVelvet]: Aborted! Counter gpmc exceeded maximum time of 360 s on instance /home/vjurisic/cse3000-how-to-break-a-solver/SharpVelvet/instances/4cnf-450clause-horn/chevu_006_s13867152626890619222_095.cnf.
[SharpVelvet]: Counter gpmc reports count None
[SharpVelvet]: 
[SharpVelvet], 2025-01-18, 09h00m14s: Instance 16/1010: /home/vjurisic/cse3000-how-to-break-a-solver/SharpVelvet/instances/4cnf-450clause-horn/chevu_002_s13867152626890619218_017.cnf
[SharpVelvet]: Running counter gpmc on instance /home/vjurisic/cse3000-how-to-break-a-solver/SharpVelvet/instances/4cnf-450clause-horn/chevu_002_s13867152626890619218_017.cnf.
[SharpVelvet]: --> Executing: ./gpmc /home/vjurisic/cse3000-how-to-break-a-solver/SharpVelvet/instances/4cnf-450clause-horn/chevu_002_s13867152626890619218_017.cnf in dir /home/vjurisic/cse3000-how-to-break-a-solver/binaries/solvers/
[SharpVelvet]: Aborted! Counter ganak exceeded maximum time of 360 s on instance /home/vjurisic/cse3000-how-to-break-a-solver/SharpVelvet/instances/4cnf-450clause-horn/chevu_006_s13867152626890619222_095.cnf.
[SharpVelvet]: Counter ganak reports count None
[SharpVelvet]: 
[SharpVelvet], 2025-01-18, 09h00m14s: Instance 16/1010: /home/vjurisic/cse3000-how-to-break-a-solver/SharpVelvet/instances/4cnf-450clause-horn/chevu_002_s13867152626890619218_017.cnf
[SharpVelvet]: Running counter ganak on instance /home/vjurisic/cse3000-how-to-break-a-solver/SharpVelvet/instances/4cnf-450clause-horn/chevu_002_s13867152626890619218_017.cnf.
[SharpVelvet]: --> Executing: ./ganak --verb 0 --bveresolvmaxsz 12 --sbva 1 --maxcache 7800 --tdexpmult 1.1 --tdminw 7 --tdmaxw 60 --arjunoraclefindbins 6 --rdbclstarget 10000 /home/vjurisic/cse3000-how-to-break-a-solver/SharpVelvet/instances/4cnf-450clause-horn/chevu_002_s13867152626890619218_017.cnf in dir /home/vjurisic/cse3000-how-to-break-a-solver/binaries/solvers/
[SharpVelvet]: Aborted! Counter d4g exceeded maximum time of 360 s on instance /home/vjurisic/cse3000-how-to-break-a-solver/SharpVelvet/instances/4cnf-450clause-horn/chevu_002_s13867152626890619218_017.cnf.
[SharpVelvet]: Counter d4g reports count None
[SharpVelvet]: 
[SharpVelvet], 2025-01-18, 09h06m13s: Instance 17/1010: /home/vjurisic/cse3000-how-to-break-a-solver/SharpVelvet/instances/4cnf-450clause-horn/chevu_007_s13867152626890619223_024.cnf
[SharpVelvet]: Running counter d4g on instance /home/vjurisic/cse3000-how-to-break-a-solver/SharpVelvet/instances/4cnf-450clause-horn/chevu_007_s13867152626890619223_024.cnf.
[SharpVelvet]: --> Executing: ./d4g /home/vjurisic/cse3000-how-to-break-a-solver/SharpVelvet/instances/4cnf-450clause-horn/chevu_007_s13867152626890619223_024.cnf in dir /home/vjurisic/cse3000-how-to-break-a-solver/binaries/solvers/
[SharpVelvet]: Aborted! Counter gpmc exceeded maximum time of 360 s on instance /home/vjurisic/cse3000-how-to-break-a-solver/SharpVelvet/instances/4cnf-450clause-horn/chevu_002_s13867152626890619218_017.cnf.
[SharpVelvet]: Counter gpmc reports count None
[SharpVelvet]: 
[SharpVelvet], 2025-01-18, 09h06m16s: Instance 17/1010: /home/vjurisic/cse3000-how-to-break-a-solver/SharpVelvet/instances/4cnf-450clause-horn/chevu_007_s13867152626890619223_024.cnf
[SharpVelvet]: Running counter gpmc on instance /home/vjurisic/cse3000-how-to-break-a-solver/SharpVelvet/instances/4cnf-450clause-horn/chevu_007_s13867152626890619223_024.cnf.
[SharpVelvet]: --> Executing: ./gpmc /home/vjurisic/cse3000-how-to-break-a-solver/SharpVelvet/instances/4cnf-450clause-horn/chevu_007_s13867152626890619223_024.cnf in dir /home/vjurisic/cse3000-how-to-break-a-solver/binaries/solvers/
[SharpVelvet]: Aborted! Counter ganak exceeded maximum time of 360 s on instance /home/vjurisic/cse3000-how-to-break-a-solver/SharpVelvet/instances/4cnf-450clause-horn/chevu_002_s13867152626890619218_017.cnf.
[SharpVelvet]: Counter ganak reports count None
[SharpVelvet]: 
[SharpVelvet], 2025-01-18, 09h06m17s: Instance 17/1010: /home/vjurisic/cse3000-how-to-break-a-solver/SharpVelvet/instances/4cnf-450clause-horn/chevu_007_s13867152626890619223_024.cnf
[SharpVelvet]: Running counter ganak on instance /home/vjurisic/cse3000-how-to-break-a-solver/SharpVelvet/instances/4cnf-450clause-horn/chevu_007_s13867152626890619223_024.cnf.
[SharpVelvet]: --> Executing: ./ganak --verb 0 --bveresolvmaxsz 12 --sbva 1 --maxcache 7800 --tdexpmult 1.1 --tdminw 7 --tdmaxw 60 --arjunoraclefindbins 6 --rdbclstarget 10000 /home/vjurisic/cse3000-how-to-break-a-solver/SharpVelvet/instances/4cnf-450clause-horn/chevu_007_s13867152626890619223_024.cnf in dir /home/vjurisic/cse3000-how-to-break-a-solver/binaries/solvers/
[SharpVelvet]: Aborted! Counter d4g exceeded maximum time of 360 s on instance /home/vjurisic/cse3000-how-to-break-a-solver/SharpVelvet/instances/4cnf-450clause-horn/chevu_007_s13867152626890619223_024.cnf.
[SharpVelvet]: Counter d4g reports count None
[SharpVelvet]: 
[SharpVelvet], 2025-01-18, 09h12m15s: Instance 18/1010: /home/vjurisic/cse3000-how-to-break-a-solver/SharpVelvet/instances/4cnf-450clause-horn/chevu_006_s13867152626890619222_065.cnf
[SharpVelvet]: Running counter d4g on instance /home/vjurisic/cse3000-how-to-break-a-solver/SharpVelvet/instances/4cnf-450clause-horn/chevu_006_s13867152626890619222_065.cnf.
[SharpVelvet]: --> Executing: ./d4g /home/vjurisic/cse3000-how-to-break-a-solver/SharpVelvet/instances/4cnf-450clause-horn/chevu_006_s13867152626890619222_065.cnf in dir /home/vjurisic/cse3000-how-to-break-a-solver/binaries/solvers/
[SharpVelvet]: Aborted! Counter gpmc exceeded maximum time of 360 s on instance /home/vjurisic/cse3000-how-to-break-a-solver/SharpVelvet/instances/4cnf-450clause-horn/chevu_007_s13867152626890619223_024.cnf.
[SharpVelvet]: Counter gpmc reports count None
[SharpVelvet]: 
[SharpVelvet], 2025-01-18, 09h12m18s: Instance 18/1010: /home/vjurisic/cse3000-how-to-break-a-solver/SharpVelvet/instances/4cnf-450clause-horn/chevu_006_s13867152626890619222_065.cnf
[SharpVelvet]: Running counter gpmc on instance /home/vjurisic/cse3000-how-to-break-a-solver/SharpVelvet/instances/4cnf-450clause-horn/chevu_006_s13867152626890619222_065.cnf.
[SharpVelvet]: --> Executing: ./gpmc /home/vjurisic/cse3000-how-to-break-a-solver/SharpVelvet/instances/4cnf-450clause-horn/chevu_006_s13867152626890619222_065.cnf in dir /home/vjurisic/cse3000-how-to-break-a-solver/binaries/solvers/
[SharpVelvet]: Aborted! Counter ganak exceeded maximum time of 360 s on instance /home/vjurisic/cse3000-how-to-break-a-solver/SharpVelvet/instances/4cnf-450clause-horn/chevu_007_s13867152626890619223_024.cnf.
[SharpVelvet]: Counter ganak reports count None
[SharpVelvet]: 
[SharpVelvet], 2025-01-18, 09h12m19s: Instance 18/1010: /home/vjurisic/cse3000-how-to-break-a-solver/SharpVelvet/instances/4cnf-450clause-horn/chevu_006_s13867152626890619222_065.cnf
[SharpVelvet]: Running counter ganak on instance /home/vjurisic/cse3000-how-to-break-a-solver/SharpVelvet/instances/4cnf-450clause-horn/chevu_006_s13867152626890619222_065.cnf.
[SharpVelvet]: --> Executing: ./ganak --verb 0 --bveresolvmaxsz 12 --sbva 1 --maxcache 7800 --tdexpmult 1.1 --tdminw 7 --tdmaxw 60 --arjunoraclefindbins 6 --rdbclstarget 10000 /home/vjurisic/cse3000-how-to-break-a-solver/SharpVelvet/instances/4cnf-450clause-horn/chevu_006_s13867152626890619222_065.cnf in dir /home/vjurisic/cse3000-how-to-break-a-solver/binaries/solvers/
[SharpVelvet]: Aborted! Counter d4g exceeded maximum time of 360 s on instance /home/vjurisic/cse3000-how-to-break-a-solver/SharpVelvet/instances/4cnf-450clause-horn/chevu_006_s13867152626890619222_065.cnf.
[SharpVelvet]: Counter d4g reports count None
[SharpVelvet]: 
[SharpVelvet], 2025-01-18, 09h18m17s: Instance 19/1010: /home/vjurisic/cse3000-how-to-break-a-solver/SharpVelvet/instances/4cnf-450clause-horn/chevu_006_s13867152626890619222_067.cnf
[SharpVelvet]: Running counter d4g on instance /home/vjurisic/cse3000-how-to-break-a-solver/SharpVelvet/instances/4cnf-450clause-horn/chevu_006_s13867152626890619222_067.cnf.
[SharpVelvet]: --> Executing: ./d4g /home/vjurisic/cse3000-how-to-break-a-solver/SharpVelvet/instances/4cnf-450clause-horn/chevu_006_s13867152626890619222_067.cnf in dir /home/vjurisic/cse3000-how-to-break-a-solver/binaries/solvers/
[SharpVelvet]: Aborted! Counter gpmc exceeded maximum time of 360 s on instance /home/vjurisic/cse3000-how-to-break-a-solver/SharpVelvet/instances/4cnf-450clause-horn/chevu_006_s13867152626890619222_065.cnf.
[SharpVelvet]: Counter gpmc reports count None
[SharpVelvet]: 
[SharpVelvet], 2025-01-18, 09h18m20s: Instance 19/1010: /home/vjurisic/cse3000-how-to-break-a-solver/SharpVelvet/instances/4cnf-450clause-horn/chevu_006_s13867152626890619222_067.cnf
[SharpVelvet]: Running counter gpmc on instance /home/vjurisic/cse3000-how-to-break-a-solver/SharpVelvet/instances/4cnf-450clause-horn/chevu_006_s13867152626890619222_067.cnf.
[SharpVelvet]: --> Executing: ./gpmc /home/vjurisic/cse3000-how-to-break-a-solver/SharpVelvet/instances/4cnf-450clause-horn/chevu_006_s13867152626890619222_067.cnf in dir /home/vjurisic/cse3000-how-to-break-a-solver/binaries/solvers/
[SharpVelvet]: Aborted! Counter ganak exceeded maximum time of 360 s on instance /home/vjurisic/cse3000-how-to-break-a-solver/SharpVelvet/instances/4cnf-450clause-horn/chevu_006_s13867152626890619222_065.cnf.
[SharpVelvet]: Counter ganak reports count None
[SharpVelvet]: 
[SharpVelvet], 2025-01-18, 09h18m21s: Instance 19/1010: /home/vjurisic/cse3000-how-to-break-a-solver/SharpVelvet/instances/4cnf-450clause-horn/chevu_006_s13867152626890619222_067.cnf
[SharpVelvet]: Running counter ganak on instance /home/vjurisic/cse3000-how-to-break-a-solver/SharpVelvet/instances/4cnf-450clause-horn/chevu_006_s13867152626890619222_067.cnf.
[SharpVelvet]: --> Executing: ./ganak --verb 0 --bveresolvmaxsz 12 --sbva 1 --maxcache 7800 --tdexpmult 1.1 --tdminw 7 --tdmaxw 60 --arjunoraclefindbins 6 --rdbclstarget 10000 /home/vjurisic/cse3000-how-to-break-a-solver/SharpVelvet/instances/4cnf-450clause-horn/chevu_006_s13867152626890619222_067.cnf in dir /home/vjurisic/cse3000-how-to-break-a-solver/binaries/solvers/
[SharpVelvet]: Aborted! Counter d4g exceeded maximum time of 360 s on instance /home/vjurisic/cse3000-how-to-break-a-solver/SharpVelvet/instances/4cnf-450clause-horn/chevu_006_s13867152626890619222_067.cnf.
[SharpVelvet]: Counter d4g reports count None
[SharpVelvet]: 
[SharpVelvet], 2025-01-18, 09h24m19s: Instance 20/1010: /home/vjurisic/cse3000-how-to-break-a-solver/SharpVelvet/instances/4cnf-450clause-horn/chevu_001_s13867152626890619217_048.cnf
[SharpVelvet]: Running counter d4g on instance /home/vjurisic/cse3000-how-to-break-a-solver/SharpVelvet/instances/4cnf-450clause-horn/chevu_001_s13867152626890619217_048.cnf.
[SharpVelvet]: --> Executing: ./d4g /home/vjurisic/cse3000-how-to-break-a-solver/SharpVelvet/instances/4cnf-450clause-horn/chevu_001_s13867152626890619217_048.cnf in dir /home/vjurisic/cse3000-how-to-break-a-solver/binaries/solvers/
[SharpVelvet]: Aborted! Counter gpmc exceeded maximum time of 360 s on instance /home/vjurisic/cse3000-how-to-break-a-solver/SharpVelvet/instances/4cnf-450clause-horn/chevu_006_s13867152626890619222_067.cnf.
[SharpVelvet]: Counter gpmc reports count None
[SharpVelvet]: 
[SharpVelvet], 2025-01-18, 09h24m23s: Instance 20/1010: /home/vjurisic/cse3000-how-to-break-a-solver/SharpVelvet/instances/4cnf-450clause-horn/chevu_001_s13867152626890619217_048.cnf
[SharpVelvet]: Running counter gpmc on instance /home/vjurisic/cse3000-how-to-break-a-solver/SharpVelvet/instances/4cnf-450clause-horn/chevu_001_s13867152626890619217_048.cnf.
[SharpVelvet]: --> Executing: ./gpmc /home/vjurisic/cse3000-how-to-break-a-solver/SharpVelvet/instances/4cnf-450clause-horn/chevu_001_s13867152626890619217_048.cnf in dir /home/vjurisic/cse3000-how-to-break-a-solver/binaries/solvers/
[SharpVelvet]: Aborted! Counter ganak exceeded maximum time of 360 s on instance /home/vjurisic/cse3000-how-to-break-a-solver/SharpVelvet/instances/4cnf-450clause-horn/chevu_006_s13867152626890619222_067.cnf.
[SharpVelvet]: Counter ganak reports count None
[SharpVelvet]: 
[SharpVelvet], 2025-01-18, 09h24m23s: Instance 20/1010: /home/vjurisic/cse3000-how-to-break-a-solver/SharpVelvet/instances/4cnf-450clause-horn/chevu_001_s13867152626890619217_048.cnf
[SharpVelvet]: Running counter ganak on instance /home/vjurisic/cse3000-how-to-break-a-solver/SharpVelvet/instances/4cnf-450clause-horn/chevu_001_s13867152626890619217_048.cnf.
[SharpVelvet]: --> Executing: ./ganak --verb 0 --bveresolvmaxsz 12 --sbva 1 --maxcache 7800 --tdexpmult 1.1 --tdminw 7 --tdmaxw 60 --arjunoraclefindbins 6 --rdbclstarget 10000 /home/vjurisic/cse3000-how-to-break-a-solver/SharpVelvet/instances/4cnf-450clause-horn/chevu_001_s13867152626890619217_048.cnf in dir /home/vjurisic/cse3000-how-to-break-a-solver/binaries/solvers/
[SharpVelvet]: Aborted! Counter d4g exceeded maximum time of 360 s on instance /home/vjurisic/cse3000-how-to-break-a-solver/SharpVelvet/instances/4cnf-450clause-horn/chevu_001_s13867152626890619217_048.cnf.
[SharpVelvet]: Counter d4g reports count None
[SharpVelvet]: 
[SharpVelvet], 2025-01-18, 09h30m21s: Instance 21/1010: /home/vjurisic/cse3000-how-to-break-a-solver/SharpVelvet/instances/4cnf-450clause-horn/chevu_001_s13867152626890619217_059.cnf
[SharpVelvet]: Running counter d4g on instance /home/vjurisic/cse3000-how-to-break-a-solver/SharpVelvet/instances/4cnf-450clause-horn/chevu_001_s13867152626890619217_059.cnf.
[SharpVelvet]: --> Executing: ./d4g /home/vjurisic/cse3000-how-to-break-a-solver/SharpVelvet/instances/4cnf-450clause-horn/chevu_001_s13867152626890619217_059.cnf in dir /home/vjurisic/cse3000-how-to-break-a-solver/binaries/solvers/
[SharpVelvet]: Aborted! Counter gpmc exceeded maximum time of 360 s on instance /home/vjurisic/cse3000-how-to-break-a-solver/SharpVelvet/instances/4cnf-450clause-horn/chevu_001_s13867152626890619217_048.cnf.
[SharpVelvet]: Counter gpmc reports count None
[SharpVelvet]: 
[SharpVelvet], 2025-01-18, 09h30m25s: Instance 21/1010: /home/vjurisic/cse3000-how-to-break-a-solver/SharpVelvet/instances/4cnf-450clause-horn/chevu_001_s13867152626890619217_059.cnf
[SharpVelvet]: Running counter gpmc on instance /home/vjurisic/cse3000-how-to-break-a-solver/SharpVelvet/instances/4cnf-450clause-horn/chevu_001_s13867152626890619217_059.cnf.
[SharpVelvet]: --> Executing: ./gpmc /home/vjurisic/cse3000-how-to-break-a-solver/SharpVelvet/instances/4cnf-450clause-horn/chevu_001_s13867152626890619217_059.cnf in dir /home/vjurisic/cse3000-how-to-break-a-solver/binaries/solvers/
[SharpVelvet]: Aborted! Counter ganak exceeded maximum time of 360 s on instance /home/vjurisic/cse3000-how-to-break-a-solver/SharpVelvet/instances/4cnf-450clause-horn/chevu_001_s13867152626890619217_048.cnf.
[SharpVelvet]: Counter ganak reports count None
[SharpVelvet]: 
[SharpVelvet], 2025-01-18, 09h30m26s: Instance 21/1010: /home/vjurisic/cse3000-how-to-break-a-solver/SharpVelvet/instances/4cnf-450clause-horn/chevu_001_s13867152626890619217_059.cnf
[SharpVelvet]: Running counter ganak on instance /home/vjurisic/cse3000-how-to-break-a-solver/SharpVelvet/instances/4cnf-450clause-horn/chevu_001_s13867152626890619217_059.cnf.
[SharpVelvet]: --> Executing: ./ganak --verb 0 --bveresolvmaxsz 12 --sbva 1 --maxcache 7800 --tdexpmult 1.1 --tdminw 7 --tdmaxw 60 --arjunoraclefindbins 6 --rdbclstarget 10000 /home/vjurisic/cse3000-how-to-break-a-solver/SharpVelvet/instances/4cnf-450clause-horn/chevu_001_s13867152626890619217_059.cnf in dir /home/vjurisic/cse3000-how-to-break-a-solver/binaries/solvers/
[SharpVelvet]: Aborted! Counter d4g exceeded maximum time of 360 s on instance /home/vjurisic/cse3000-how-to-break-a-solver/SharpVelvet/instances/4cnf-450clause-horn/chevu_001_s13867152626890619217_059.cnf.
[SharpVelvet]: Counter d4g reports count None
[SharpVelvet]: 
[SharpVelvet], 2025-01-18, 09h36m23s: Instance 22/1010: /home/vjurisic/cse3000-how-to-break-a-solver/SharpVelvet/instances/4cnf-450clause-horn/chevu_001_s13867152626890619217_086.cnf
[SharpVelvet]: Running counter d4g on instance /home/vjurisic/cse3000-how-to-break-a-solver/SharpVelvet/instances/4cnf-450clause-horn/chevu_001_s13867152626890619217_086.cnf.
[SharpVelvet]: --> Executing: ./d4g /home/vjurisic/cse3000-how-to-break-a-solver/SharpVelvet/instances/4cnf-450clause-horn/chevu_001_s13867152626890619217_086.cnf in dir /home/vjurisic/cse3000-how-to-break-a-solver/binaries/solvers/
[SharpVelvet]: Aborted! Counter gpmc exceeded maximum time of 360 s on instance /home/vjurisic/cse3000-how-to-break-a-solver/SharpVelvet/instances/4cnf-450clause-horn/chevu_001_s13867152626890619217_059.cnf.
[SharpVelvet]: Counter gpmc reports count None
[SharpVelvet]: 
[SharpVelvet], 2025-01-18, 09h36m27s: Instance 22/1010: /home/vjurisic/cse3000-how-to-break-a-solver/SharpVelvet/instances/4cnf-450clause-horn/chevu_001_s13867152626890619217_086.cnf
[SharpVelvet]: Running counter gpmc on instance /home/vjurisic/cse3000-how-to-break-a-solver/SharpVelvet/instances/4cnf-450clause-horn/chevu_001_s13867152626890619217_086.cnf.
[SharpVelvet]: --> Executing: ./gpmc /home/vjurisic/cse3000-how-to-break-a-solver/SharpVelvet/instances/4cnf-450clause-horn/chevu_001_s13867152626890619217_086.cnf in dir /home/vjurisic/cse3000-how-to-break-a-solver/binaries/solvers/
[SharpVelvet]: Aborted! Counter ganak exceeded maximum time of 360 s on instance /home/vjurisic/cse3000-how-to-break-a-solver/SharpVelvet/instances/4cnf-450clause-horn/chevu_001_s13867152626890619217_059.cnf.
[SharpVelvet]: Counter ganak reports count None
[SharpVelvet]: 
[SharpVelvet], 2025-01-18, 09h36m28s: Instance 22/1010: /home/vjurisic/cse3000-how-to-break-a-solver/SharpVelvet/instances/4cnf-450clause-horn/chevu_001_s13867152626890619217_086.cnf
[SharpVelvet]: Running counter ganak on instance /home/vjurisic/cse3000-how-to-break-a-solver/SharpVelvet/instances/4cnf-450clause-horn/chevu_001_s13867152626890619217_086.cnf.
[SharpVelvet]: --> Executing: ./ganak --verb 0 --bveresolvmaxsz 12 --sbva 1 --maxcache 7800 --tdexpmult 1.1 --tdminw 7 --tdmaxw 60 --arjunoraclefindbins 6 --rdbclstarget 10000 /home/vjurisic/cse3000-how-to-break-a-solver/SharpVelvet/instances/4cnf-450clause-horn/chevu_001_s13867152626890619217_086.cnf in dir /home/vjurisic/cse3000-how-to-break-a-solver/binaries/solvers/
[SharpVelvet]: Aborted! Counter d4g exceeded maximum time of 360 s on instance /home/vjurisic/cse3000-how-to-break-a-solver/SharpVelvet/instances/4cnf-450clause-horn/chevu_001_s13867152626890619217_086.cnf.
[SharpVelvet]: Counter d4g reports count None
[SharpVelvet]: 
[SharpVelvet], 2025-01-18, 09h42m25s: Instance 23/1010: /home/vjurisic/cse3000-how-to-break-a-solver/SharpVelvet/instances/4cnf-450clause-horn/chevu_002_s13867152626890619218_058.cnf
[SharpVelvet]: Running counter d4g on instance /home/vjurisic/cse3000-how-to-break-a-solver/SharpVelvet/instances/4cnf-450clause-horn/chevu_002_s13867152626890619218_058.cnf.
[SharpVelvet]: --> Executing: ./d4g /home/vjurisic/cse3000-how-to-break-a-solver/SharpVelvet/instances/4cnf-450clause-horn/chevu_002_s13867152626890619218_058.cnf in dir /home/vjurisic/cse3000-how-to-break-a-solver/binaries/solvers/
[SharpVelvet]: Aborted! Counter gpmc exceeded maximum time of 360 s on instance /home/vjurisic/cse3000-how-to-break-a-solver/SharpVelvet/instances/4cnf-450clause-horn/chevu_001_s13867152626890619217_086.cnf.
[SharpVelvet]: Counter gpmc reports count None
[SharpVelvet]: 
[SharpVelvet], 2025-01-18, 09h42m29s: Instance 23/1010: /home/vjurisic/cse3000-how-to-break-a-solver/SharpVelvet/instances/4cnf-450clause-horn/chevu_002_s13867152626890619218_058.cnf
[SharpVelvet]: Running counter gpmc on instance /home/vjurisic/cse3000-how-to-break-a-solver/SharpVelvet/instances/4cnf-450clause-horn/chevu_002_s13867152626890619218_058.cnf.
[SharpVelvet]: --> Executing: ./gpmc /home/vjurisic/cse3000-how-to-break-a-solver/SharpVelvet/instances/4cnf-450clause-horn/chevu_002_s13867152626890619218_058.cnf in dir /home/vjurisic/cse3000-how-to-break-a-solver/binaries/solvers/
[SharpVelvet]: Aborted! Counter ganak exceeded maximum time of 360 s on instance /home/vjurisic/cse3000-how-to-break-a-solver/SharpVelvet/instances/4cnf-450clause-horn/chevu_001_s13867152626890619217_086.cnf.
[SharpVelvet]: Counter ganak reports count None
[SharpVelvet]: 
[SharpVelvet], 2025-01-18, 09h42m30s: Instance 23/1010: /home/vjurisic/cse3000-how-to-break-a-solver/SharpVelvet/instances/4cnf-450clause-horn/chevu_002_s13867152626890619218_058.cnf
[SharpVelvet]: Running counter ganak on instance /home/vjurisic/cse3000-how-to-break-a-solver/SharpVelvet/instances/4cnf-450clause-horn/chevu_002_s13867152626890619218_058.cnf.
[SharpVelvet]: --> Executing: ./ganak --verb 0 --bveresolvmaxsz 12 --sbva 1 --maxcache 7800 --tdexpmult 1.1 --tdminw 7 --tdmaxw 60 --arjunoraclefindbins 6 --rdbclstarget 10000 /home/vjurisic/cse3000-how-to-break-a-solver/SharpVelvet/instances/4cnf-450clause-horn/chevu_002_s13867152626890619218_058.cnf in dir /home/vjurisic/cse3000-how-to-break-a-solver/binaries/solvers/
[SharpVelvet]: Aborted! Counter d4g exceeded maximum time of 360 s on instance /home/vjurisic/cse3000-how-to-break-a-solver/SharpVelvet/instances/4cnf-450clause-horn/chevu_002_s13867152626890619218_058.cnf.
[SharpVelvet]: Counter d4g reports count None
[SharpVelvet]: 
[SharpVelvet], 2025-01-18, 09h48m27s: Instance 24/1010: /home/vjurisic/cse3000-how-to-break-a-solver/SharpVelvet/instances/4cnf-450clause-horn/chevu_003_s13867152626890619219_056.cnf
[SharpVelvet]: Running counter d4g on instance /home/vjurisic/cse3000-how-to-break-a-solver/SharpVelvet/instances/4cnf-450clause-horn/chevu_003_s13867152626890619219_056.cnf.
[SharpVelvet]: --> Executing: ./d4g /home/vjurisic/cse3000-how-to-break-a-solver/SharpVelvet/instances/4cnf-450clause-horn/chevu_003_s13867152626890619219_056.cnf in dir /home/vjurisic/cse3000-how-to-break-a-solver/binaries/solvers/
[SharpVelvet]: Aborted! Counter gpmc exceeded maximum time of 360 s on instance /home/vjurisic/cse3000-how-to-break-a-solver/SharpVelvet/instances/4cnf-450clause-horn/chevu_002_s13867152626890619218_058.cnf.
[SharpVelvet]: Counter gpmc reports count None
[SharpVelvet]: 
[SharpVelvet], 2025-01-18, 09h48m31s: Instance 24/1010: /home/vjurisic/cse3000-how-to-break-a-solver/SharpVelvet/instances/4cnf-450clause-horn/chevu_003_s13867152626890619219_056.cnf
[SharpVelvet]: Running counter gpmc on instance /home/vjurisic/cse3000-how-to-break-a-solver/SharpVelvet/instances/4cnf-450clause-horn/chevu_003_s13867152626890619219_056.cnf.
[SharpVelvet]: --> Executing: ./gpmc /home/vjurisic/cse3000-how-to-break-a-solver/SharpVelvet/instances/4cnf-450clause-horn/chevu_003_s13867152626890619219_056.cnf in dir /home/vjurisic/cse3000-how-to-break-a-solver/binaries/solvers/
[SharpVelvet]: Aborted! Counter ganak exceeded maximum time of 360 s on instance /home/vjurisic/cse3000-how-to-break-a-solver/SharpVelvet/instances/4cnf-450clause-horn/chevu_002_s13867152626890619218_058.cnf.
[SharpVelvet]: Counter ganak reports count None
[SharpVelvet]: 
[SharpVelvet], 2025-01-18, 09h48m32s: Instance 24/1010: /home/vjurisic/cse3000-how-to-break-a-solver/SharpVelvet/instances/4cnf-450clause-horn/chevu_003_s13867152626890619219_056.cnf
[SharpVelvet]: Running counter ganak on instance /home/vjurisic/cse3000-how-to-break-a-solver/SharpVelvet/instances/4cnf-450clause-horn/chevu_003_s13867152626890619219_056.cnf.
[SharpVelvet]: --> Executing: ./ganak --verb 0 --bveresolvmaxsz 12 --sbva 1 --maxcache 7800 --tdexpmult 1.1 --tdminw 7 --tdmaxw 60 --arjunoraclefindbins 6 --rdbclstarget 10000 /home/vjurisic/cse3000-how-to-break-a-solver/SharpVelvet/instances/4cnf-450clause-horn/chevu_003_s13867152626890619219_056.cnf in dir /home/vjurisic/cse3000-how-to-break-a-solver/binaries/solvers/
[SharpVelvet]: Aborted! Counter d4g exceeded maximum time of 360 s on instance /home/vjurisic/cse3000-how-to-break-a-solver/SharpVelvet/instances/4cnf-450clause-horn/chevu_003_s13867152626890619219_056.cnf.
[SharpVelvet]: Counter d4g reports count None
[SharpVelvet]: 
[SharpVelvet], 2025-01-18, 09h54m29s: Instance 25/1010: /home/vjurisic/cse3000-how-to-break-a-solver/SharpVelvet/instances/4cnf-450clause-horn/chevu_009_s13867152626890619225_087.cnf
[SharpVelvet]: Running counter d4g on instance /home/vjurisic/cse3000-how-to-break-a-solver/SharpVelvet/instances/4cnf-450clause-horn/chevu_009_s13867152626890619225_087.cnf.
[SharpVelvet]: --> Executing: ./d4g /home/vjurisic/cse3000-how-to-break-a-solver/SharpVelvet/instances/4cnf-450clause-horn/chevu_009_s13867152626890619225_087.cnf in dir /home/vjurisic/cse3000-how-to-break-a-solver/binaries/solvers/
[SharpVelvet]: Aborted! Counter gpmc exceeded maximum time of 360 s on instance /home/vjurisic/cse3000-how-to-break-a-solver/SharpVelvet/instances/4cnf-450clause-horn/chevu_003_s13867152626890619219_056.cnf.
[SharpVelvet]: Counter gpmc reports count None
[SharpVelvet]: 
[SharpVelvet], 2025-01-18, 09h54m34s: Instance 25/1010: /home/vjurisic/cse3000-how-to-break-a-solver/SharpVelvet/instances/4cnf-450clause-horn/chevu_009_s13867152626890619225_087.cnf
[SharpVelvet]: Running counter gpmc on instance /home/vjurisic/cse3000-how-to-break-a-solver/SharpVelvet/instances/4cnf-450clause-horn/chevu_009_s13867152626890619225_087.cnf.
[SharpVelvet]: --> Executing: ./gpmc /home/vjurisic/cse3000-how-to-break-a-solver/SharpVelvet/instances/4cnf-450clause-horn/chevu_009_s13867152626890619225_087.cnf in dir /home/vjurisic/cse3000-how-to-break-a-solver/binaries/solvers/
[SharpVelvet]: Aborted! Counter ganak exceeded maximum time of 360 s on instance /home/vjurisic/cse3000-how-to-break-a-solver/SharpVelvet/instances/4cnf-450clause-horn/chevu_003_s13867152626890619219_056.cnf.
[SharpVelvet]: Counter ganak reports count None
[SharpVelvet]: 
[SharpVelvet], 2025-01-18, 09h54m34s: Instance 25/1010: /home/vjurisic/cse3000-how-to-break-a-solver/SharpVelvet/instances/4cnf-450clause-horn/chevu_009_s13867152626890619225_087.cnf
[SharpVelvet]: Running counter ganak on instance /home/vjurisic/cse3000-how-to-break-a-solver/SharpVelvet/instances/4cnf-450clause-horn/chevu_009_s13867152626890619225_087.cnf.
[SharpVelvet]: --> Executing: ./ganak --verb 0 --bveresolvmaxsz 12 --sbva 1 --maxcache 7800 --tdexpmult 1.1 --tdminw 7 --tdmaxw 60 --arjunoraclefindbins 6 --rdbclstarget 10000 /home/vjurisic/cse3000-how-to-break-a-solver/SharpVelvet/instances/4cnf-450clause-horn/chevu_009_s13867152626890619225_087.cnf in dir /home/vjurisic/cse3000-how-to-break-a-solver/binaries/solvers/
[SharpVelvet]: Aborted! Counter d4g exceeded maximum time of 360 s on instance /home/vjurisic/cse3000-how-to-break-a-solver/SharpVelvet/instances/4cnf-450clause-horn/chevu_009_s13867152626890619225_087.cnf.
[SharpVelvet]: Counter d4g reports count None
[SharpVelvet]: 
[SharpVelvet], 2025-01-18, 10h00m30s: Instance 26/1010: /home/vjurisic/cse3000-how-to-break-a-solver/SharpVelvet/instances/4cnf-450clause-horn/chevu_004_s13867152626890619220_082.cnf
[SharpVelvet]: Running counter d4g on instance /home/vjurisic/cse3000-how-to-break-a-solver/SharpVelvet/instances/4cnf-450clause-horn/chevu_004_s13867152626890619220_082.cnf.
[SharpVelvet]: --> Executing: ./d4g /home/vjurisic/cse3000-how-to-break-a-solver/SharpVelvet/instances/4cnf-450clause-horn/chevu_004_s13867152626890619220_082.cnf in dir /home/vjurisic/cse3000-how-to-break-a-solver/binaries/solvers/
[SharpVelvet]: Aborted! Counter gpmc exceeded maximum time of 360 s on instance /home/vjurisic/cse3000-how-to-break-a-solver/SharpVelvet/instances/4cnf-450clause-horn/chevu_009_s13867152626890619225_087.cnf.
[SharpVelvet]: Counter gpmc reports count None
[SharpVelvet]: 
[SharpVelvet], 2025-01-18, 10h00m36s: Instance 26/1010: /home/vjurisic/cse3000-how-to-break-a-solver/SharpVelvet/instances/4cnf-450clause-horn/chevu_004_s13867152626890619220_082.cnf
[SharpVelvet]: Running counter gpmc on instance /home/vjurisic/cse3000-how-to-break-a-solver/SharpVelvet/instances/4cnf-450clause-horn/chevu_004_s13867152626890619220_082.cnf.
[SharpVelvet]: --> Executing: ./gpmc /home/vjurisic/cse3000-how-to-break-a-solver/SharpVelvet/instances/4cnf-450clause-horn/chevu_004_s13867152626890619220_082.cnf in dir /home/vjurisic/cse3000-how-to-break-a-solver/binaries/solvers/
[SharpVelvet]: Aborted! Counter ganak exceeded maximum time of 360 s on instance /home/vjurisic/cse3000-how-to-break-a-solver/SharpVelvet/instances/4cnf-450clause-horn/chevu_009_s13867152626890619225_087.cnf.
[SharpVelvet]: Counter ganak reports count None
[SharpVelvet]: 
[SharpVelvet], 2025-01-18, 10h00m36s: Instance 26/1010: /home/vjurisic/cse3000-how-to-break-a-solver/SharpVelvet/instances/4cnf-450clause-horn/chevu_004_s13867152626890619220_082.cnf
[SharpVelvet]: Running counter ganak on instance /home/vjurisic/cse3000-how-to-break-a-solver/SharpVelvet/instances/4cnf-450clause-horn/chevu_004_s13867152626890619220_082.cnf.
[SharpVelvet]: --> Executing: ./ganak --verb 0 --bveresolvmaxsz 12 --sbva 1 --maxcache 7800 --tdexpmult 1.1 --tdminw 7 --tdmaxw 60 --arjunoraclefindbins 6 --rdbclstarget 10000 /home/vjurisic/cse3000-how-to-break-a-solver/SharpVelvet/instances/4cnf-450clause-horn/chevu_004_s13867152626890619220_082.cnf in dir /home/vjurisic/cse3000-how-to-break-a-solver/binaries/solvers/
