Conda module loaded!
Conda environment 'global-env' activated!
chevu_000_s14694479472150770793_000.cnf
Namespace(counters='/home/vjurisic/cse3000-how-to-break-a-solver/SharpVelvet/tool-config/exp/ganak_counter_config_mc.json', instances='/home/vjurisic/cse3000-how-to-break-a-solver/SharpVelvet/instances/3cnf-400clause-100var-horn', projected=False, weighted=False, timeout=600, memout=20000, verbosity=2, keep_bugs_only=False, out_dir='/home/vjurisic/cse3000-how-to-break-a-solver/SharpVelvet/out', log_dir='/home/vjurisic/cse3000-how-to-break-a-solver/SharpVelvet/out/logs', verified_counts=None, clean_up_proofs=False)
[SharpVelvet]: 
[SharpVelvet]: 
[SharpVelvet], 2025-01-19, 17h59m11s: Instance 1/1010: /home/vjurisic/cse3000-how-to-break-a-solver/SharpVelvet/instances/3cnf-400clause-100var-horn/chevu_003_s14694479472150770796_097.cnf
[SharpVelvet]: Running counter ganak on instance /home/vjurisic/cse3000-how-to-break-a-solver/SharpVelvet/instances/3cnf-400clause-100var-horn/chevu_003_s14694479472150770796_097.cnf.
chevu_000_s14694479472150770793_000.cnf
Namespace(counters='/home/vjurisic/cse3000-how-to-break-a-solver/SharpVelvet/tool-config/exp/d4g_counter_config_mc.json', instances='/home/vjurisic/cse3000-how-to-break-a-solver/SharpVelvet/instances/3cnf-400clause-100var-horn', projected=False, weighted=False, timeout=600, memout=20000, verbosity=2, keep_bugs_only=False, out_dir='/home/vjurisic/cse3000-how-to-break-a-solver/SharpVelvet/out', log_dir='/home/vjurisic/cse3000-how-to-break-a-solver/SharpVelvet/out/logs', verified_counts=None, clean_up_proofs=False)
[SharpVelvet]: 
[SharpVelvet]: 
chevu_000_s14694479472150770793_000.cnf
[SharpVelvet], 2025-01-19, 17h59m11s: Instance 1/1010: /home/vjurisic/cse3000-how-to-break-a-solver/SharpVelvet/instances/3cnf-400clause-100var-horn/chevu_003_s14694479472150770796_097.cnf
[SharpVelvet]: Running counter d4g on instance /home/vjurisic/cse3000-how-to-break-a-solver/SharpVelvet/instances/3cnf-400clause-100var-horn/chevu_003_s14694479472150770796_097.cnf.
Namespace(counters='/home/vjurisic/cse3000-how-to-break-a-solver/SharpVelvet/tool-config/exp/gpmc_counter_config_mc.json', instances='/home/vjurisic/cse3000-how-to-break-a-solver/SharpVelvet/instances/3cnf-400clause-100var-horn', projected=False, weighted=False, timeout=600, memout=20000, verbosity=2, keep_bugs_only=False, out_dir='/home/vjurisic/cse3000-how-to-break-a-solver/SharpVelvet/out', log_dir='/home/vjurisic/cse3000-how-to-break-a-solver/SharpVelvet/out/logs', verified_counts=None, clean_up_proofs=False)
[SharpVelvet]: 
[SharpVelvet]: 
[SharpVelvet], 2025-01-19, 17h59m11s: Instance 1/1010: /home/vjurisic/cse3000-how-to-break-a-solver/SharpVelvet/instances/3cnf-400clause-100var-horn/chevu_003_s14694479472150770796_097.cnf
[SharpVelvet]: Running counter gpmc on instance /home/vjurisic/cse3000-how-to-break-a-solver/SharpVelvet/instances/3cnf-400clause-100var-horn/chevu_003_s14694479472150770796_097.cnf.
[SharpVelvet]: --> Executing: ./ganak --verb 0 --bveresolvmaxsz 12 --sbva 1 --maxcache 7800 --tdexpmult 1.1 --tdminw 7 --tdmaxw 60 --arjunoraclefindbins 6 --rdbclstarget 10000 /home/vjurisic/cse3000-how-to-break-a-solver/SharpVelvet/instances/3cnf-400clause-100var-horn/chevu_003_s14694479472150770796_097.cnf in dir /home/vjurisic/cse3000-how-to-break-a-solver/binaries/solvers/
[SharpVelvet]: --> Executing: ./d4g /home/vjurisic/cse3000-how-to-break-a-solver/SharpVelvet/instances/3cnf-400clause-100var-horn/chevu_003_s14694479472150770796_097.cnf in dir /home/vjurisic/cse3000-how-to-break-a-solver/binaries/solvers/
[SharpVelvet]: --> Executing: ./gpmc /home/vjurisic/cse3000-how-to-break-a-solver/SharpVelvet/instances/3cnf-400clause-100var-horn/chevu_003_s14694479472150770796_097.cnf in dir /home/vjurisic/cse3000-how-to-break-a-solver/binaries/solvers/
[SharpVelvet]: Counter gpmc reports count 2611429868181853
[SharpVelvet]: 
[SharpVelvet], 2025-01-19, 18h00m23s: Instance 2/1010: /home/vjurisic/cse3000-how-to-break-a-solver/SharpVelvet/instances/3cnf-400clause-100var-horn/chevu_001_s14694479472150770794_079.cnf
[SharpVelvet]: Running counter gpmc on instance /home/vjurisic/cse3000-how-to-break-a-solver/SharpVelvet/instances/3cnf-400clause-100var-horn/chevu_001_s14694479472150770794_079.cnf.
[SharpVelvet]: --> Executing: ./gpmc /home/vjurisic/cse3000-how-to-break-a-solver/SharpVelvet/instances/3cnf-400clause-100var-horn/chevu_001_s14694479472150770794_079.cnf in dir /home/vjurisic/cse3000-how-to-break-a-solver/binaries/solvers/
[SharpVelvet]: Counter gpmc reports count 365062121742
[SharpVelvet]: 
[SharpVelvet], 2025-01-19, 18h00m24s: Instance 3/1010: /home/vjurisic/cse3000-how-to-break-a-solver/SharpVelvet/instances/3cnf-400clause-100var-horn/chevu_007_s14694479472150770800_034.cnf
[SharpVelvet]: Running counter gpmc on instance /home/vjurisic/cse3000-how-to-break-a-solver/SharpVelvet/instances/3cnf-400clause-100var-horn/chevu_007_s14694479472150770800_034.cnf.
[SharpVelvet]: --> Executing: ./gpmc /home/vjurisic/cse3000-how-to-break-a-solver/SharpVelvet/instances/3cnf-400clause-100var-horn/chevu_007_s14694479472150770800_034.cnf in dir /home/vjurisic/cse3000-how-to-break-a-solver/binaries/solvers/
[SharpVelvet]: Counter gpmc reports count 17287511118
[SharpVelvet]: 
[SharpVelvet], 2025-01-19, 18h00m24s: Instance 4/1010: /home/vjurisic/cse3000-how-to-break-a-solver/SharpVelvet/instances/3cnf-400clause-100var-horn/chevu_005_s14694479472150770798_061.cnf
[SharpVelvet]: Running counter gpmc on instance /home/vjurisic/cse3000-how-to-break-a-solver/SharpVelvet/instances/3cnf-400clause-100var-horn/chevu_005_s14694479472150770798_061.cnf.
[SharpVelvet]: --> Executing: ./gpmc /home/vjurisic/cse3000-how-to-break-a-solver/SharpVelvet/instances/3cnf-400clause-100var-horn/chevu_005_s14694479472150770798_061.cnf in dir /home/vjurisic/cse3000-how-to-break-a-solver/binaries/solvers/
[SharpVelvet]: Counter gpmc reports count 24674642442
[SharpVelvet]: 
[SharpVelvet], 2025-01-19, 18h00m24s: Instance 5/1010: /home/vjurisic/cse3000-how-to-break-a-solver/SharpVelvet/instances/3cnf-400clause-100var-horn/chevu_006_s14694479472150770799_070.cnf
[SharpVelvet]: Running counter gpmc on instance /home/vjurisic/cse3000-how-to-break-a-solver/SharpVelvet/instances/3cnf-400clause-100var-horn/chevu_006_s14694479472150770799_070.cnf.
[SharpVelvet]: --> Executing: ./gpmc /home/vjurisic/cse3000-how-to-break-a-solver/SharpVelvet/instances/3cnf-400clause-100var-horn/chevu_006_s14694479472150770799_070.cnf in dir /home/vjurisic/cse3000-how-to-break-a-solver/binaries/solvers/
[SharpVelvet]: Counter gpmc reports count 87902546442
[SharpVelvet]: 
[SharpVelvet], 2025-01-19, 18h00m25s: Instance 6/1010: /home/vjurisic/cse3000-how-to-break-a-solver/SharpVelvet/instances/3cnf-400clause-100var-horn/chevu_004_s14694479472150770797_083.cnf
[SharpVelvet]: Running counter gpmc on instance /home/vjurisic/cse3000-how-to-break-a-solver/SharpVelvet/instances/3cnf-400clause-100var-horn/chevu_004_s14694479472150770797_083.cnf.
[SharpVelvet]: --> Executing: ./gpmc /home/vjurisic/cse3000-how-to-break-a-solver/SharpVelvet/instances/3cnf-400clause-100var-horn/chevu_004_s14694479472150770797_083.cnf in dir /home/vjurisic/cse3000-how-to-break-a-solver/binaries/solvers/
[SharpVelvet]: Counter gpmc reports count 2550425190528
[SharpVelvet]: 
[SharpVelvet], 2025-01-19, 18h00m27s: Instance 7/1010: /home/vjurisic/cse3000-how-to-break-a-solver/SharpVelvet/instances/3cnf-400clause-100var-horn/chevu_003_s14694479472150770796_052.cnf
[SharpVelvet]: Running counter gpmc on instance /home/vjurisic/cse3000-how-to-break-a-solver/SharpVelvet/instances/3cnf-400clause-100var-horn/chevu_003_s14694479472150770796_052.cnf.
[SharpVelvet]: --> Executing: ./gpmc /home/vjurisic/cse3000-how-to-break-a-solver/SharpVelvet/instances/3cnf-400clause-100var-horn/chevu_003_s14694479472150770796_052.cnf in dir /home/vjurisic/cse3000-how-to-break-a-solver/binaries/solvers/
[SharpVelvet]: Counter gpmc reports count 126957892
[SharpVelvet]: 
[SharpVelvet], 2025-01-19, 18h00m27s: Instance 8/1010: /home/vjurisic/cse3000-how-to-break-a-solver/SharpVelvet/instances/3cnf-400clause-100var-horn/chevu_004_s14694479472150770797_048.cnf
[SharpVelvet]: Running counter gpmc on instance /home/vjurisic/cse3000-how-to-break-a-solver/SharpVelvet/instances/3cnf-400clause-100var-horn/chevu_004_s14694479472150770797_048.cnf.
[SharpVelvet]: --> Executing: ./gpmc /home/vjurisic/cse3000-how-to-break-a-solver/SharpVelvet/instances/3cnf-400clause-100var-horn/chevu_004_s14694479472150770797_048.cnf in dir /home/vjurisic/cse3000-how-to-break-a-solver/binaries/solvers/
[SharpVelvet]: Counter gpmc reports count 713380072
[SharpVelvet]: 
[SharpVelvet], 2025-01-19, 18h00m27s: Instance 9/1010: /home/vjurisic/cse3000-how-to-break-a-solver/SharpVelvet/instances/3cnf-400clause-100var-horn/chevu_000_s14694479472150770793_096.cnf
[SharpVelvet]: Running counter gpmc on instance /home/vjurisic/cse3000-how-to-break-a-solver/SharpVelvet/instances/3cnf-400clause-100var-horn/chevu_000_s14694479472150770793_096.cnf.
[SharpVelvet]: --> Executing: ./gpmc /home/vjurisic/cse3000-how-to-break-a-solver/SharpVelvet/instances/3cnf-400clause-100var-horn/chevu_000_s14694479472150770793_096.cnf in dir /home/vjurisic/cse3000-how-to-break-a-solver/binaries/solvers/
[SharpVelvet]: Counter ganak reports count 2611429868181853
[SharpVelvet]: 
[SharpVelvet], 2025-01-19, 18h01m06s: Instance 2/1010: /home/vjurisic/cse3000-how-to-break-a-solver/SharpVelvet/instances/3cnf-400clause-100var-horn/chevu_001_s14694479472150770794_079.cnf
[SharpVelvet]: Running counter ganak on instance /home/vjurisic/cse3000-how-to-break-a-solver/SharpVelvet/instances/3cnf-400clause-100var-horn/chevu_001_s14694479472150770794_079.cnf.
[SharpVelvet]: --> Executing: ./ganak --verb 0 --bveresolvmaxsz 12 --sbva 1 --maxcache 7800 --tdexpmult 1.1 --tdminw 7 --tdmaxw 60 --arjunoraclefindbins 6 --rdbclstarget 10000 /home/vjurisic/cse3000-how-to-break-a-solver/SharpVelvet/instances/3cnf-400clause-100var-horn/chevu_001_s14694479472150770794_079.cnf in dir /home/vjurisic/cse3000-how-to-break-a-solver/binaries/solvers/
[SharpVelvet]: Counter ganak reports count 365062121742
[SharpVelvet]: 
[SharpVelvet], 2025-01-19, 18h01m12s: Instance 3/1010: /home/vjurisic/cse3000-how-to-break-a-solver/SharpVelvet/instances/3cnf-400clause-100var-horn/chevu_007_s14694479472150770800_034.cnf
[SharpVelvet]: Running counter ganak on instance /home/vjurisic/cse3000-how-to-break-a-solver/SharpVelvet/instances/3cnf-400clause-100var-horn/chevu_007_s14694479472150770800_034.cnf.
[SharpVelvet]: --> Executing: ./ganak --verb 0 --bveresolvmaxsz 12 --sbva 1 --maxcache 7800 --tdexpmult 1.1 --tdminw 7 --tdmaxw 60 --arjunoraclefindbins 6 --rdbclstarget 10000 /home/vjurisic/cse3000-how-to-break-a-solver/SharpVelvet/instances/3cnf-400clause-100var-horn/chevu_007_s14694479472150770800_034.cnf in dir /home/vjurisic/cse3000-how-to-break-a-solver/binaries/solvers/
[SharpVelvet]: Counter ganak reports count 17287511118
[SharpVelvet]: 
[SharpVelvet], 2025-01-19, 18h01m16s: Instance 4/1010: /home/vjurisic/cse3000-how-to-break-a-solver/SharpVelvet/instances/3cnf-400clause-100var-horn/chevu_005_s14694479472150770798_061.cnf
[SharpVelvet]: Running counter ganak on instance /home/vjurisic/cse3000-how-to-break-a-solver/SharpVelvet/instances/3cnf-400clause-100var-horn/chevu_005_s14694479472150770798_061.cnf.
[SharpVelvet]: --> Executing: ./ganak --verb 0 --bveresolvmaxsz 12 --sbva 1 --maxcache 7800 --tdexpmult 1.1 --tdminw 7 --tdmaxw 60 --arjunoraclefindbins 6 --rdbclstarget 10000 /home/vjurisic/cse3000-how-to-break-a-solver/SharpVelvet/instances/3cnf-400clause-100var-horn/chevu_005_s14694479472150770798_061.cnf in dir /home/vjurisic/cse3000-how-to-break-a-solver/binaries/solvers/
[SharpVelvet]: Counter ganak reports count 24674642442
[SharpVelvet]: 
[SharpVelvet], 2025-01-19, 18h01m20s: Instance 5/1010: /home/vjurisic/cse3000-how-to-break-a-solver/SharpVelvet/instances/3cnf-400clause-100var-horn/chevu_006_s14694479472150770799_070.cnf
[SharpVelvet]: Running counter ganak on instance /home/vjurisic/cse3000-how-to-break-a-solver/SharpVelvet/instances/3cnf-400clause-100var-horn/chevu_006_s14694479472150770799_070.cnf.
[SharpVelvet]: --> Executing: ./ganak --verb 0 --bveresolvmaxsz 12 --sbva 1 --maxcache 7800 --tdexpmult 1.1 --tdminw 7 --tdmaxw 60 --arjunoraclefindbins 6 --rdbclstarget 10000 /home/vjurisic/cse3000-how-to-break-a-solver/SharpVelvet/instances/3cnf-400clause-100var-horn/chevu_006_s14694479472150770799_070.cnf in dir /home/vjurisic/cse3000-how-to-break-a-solver/binaries/solvers/
[SharpVelvet]: Counter ganak reports count 87902546442
[SharpVelvet]: 
[SharpVelvet], 2025-01-19, 18h01m23s: Instance 6/1010: /home/vjurisic/cse3000-how-to-break-a-solver/SharpVelvet/instances/3cnf-400clause-100var-horn/chevu_004_s14694479472150770797_083.cnf
[SharpVelvet]: Running counter ganak on instance /home/vjurisic/cse3000-how-to-break-a-solver/SharpVelvet/instances/3cnf-400clause-100var-horn/chevu_004_s14694479472150770797_083.cnf.
[SharpVelvet]: --> Executing: ./ganak --verb 0 --bveresolvmaxsz 12 --sbva 1 --maxcache 7800 --tdexpmult 1.1 --tdminw 7 --tdmaxw 60 --arjunoraclefindbins 6 --rdbclstarget 10000 /home/vjurisic/cse3000-how-to-break-a-solver/SharpVelvet/instances/3cnf-400clause-100var-horn/chevu_004_s14694479472150770797_083.cnf in dir /home/vjurisic/cse3000-how-to-break-a-solver/binaries/solvers/
[SharpVelvet]: Counter ganak reports count 2550425190528
[SharpVelvet]: 
[SharpVelvet], 2025-01-19, 18h01m29s: Instance 7/1010: /home/vjurisic/cse3000-how-to-break-a-solver/SharpVelvet/instances/3cnf-400clause-100var-horn/chevu_003_s14694479472150770796_052.cnf
[SharpVelvet]: Running counter ganak on instance /home/vjurisic/cse3000-how-to-break-a-solver/SharpVelvet/instances/3cnf-400clause-100var-horn/chevu_003_s14694479472150770796_052.cnf.
[SharpVelvet]: --> Executing: ./ganak --verb 0 --bveresolvmaxsz 12 --sbva 1 --maxcache 7800 --tdexpmult 1.1 --tdminw 7 --tdmaxw 60 --arjunoraclefindbins 6 --rdbclstarget 10000 /home/vjurisic/cse3000-how-to-break-a-solver/SharpVelvet/instances/3cnf-400clause-100var-horn/chevu_003_s14694479472150770796_052.cnf in dir /home/vjurisic/cse3000-how-to-break-a-solver/binaries/solvers/
[SharpVelvet]: Counter ganak reports count 126957892
[SharpVelvet]: 
[SharpVelvet], 2025-01-19, 18h01m32s: Instance 8/1010: /home/vjurisic/cse3000-how-to-break-a-solver/SharpVelvet/instances/3cnf-400clause-100var-horn/chevu_004_s14694479472150770797_048.cnf
[SharpVelvet]: Running counter ganak on instance /home/vjurisic/cse3000-how-to-break-a-solver/SharpVelvet/instances/3cnf-400clause-100var-horn/chevu_004_s14694479472150770797_048.cnf.
[SharpVelvet]: --> Executing: ./ganak --verb 0 --bveresolvmaxsz 12 --sbva 1 --maxcache 7800 --tdexpmult 1.1 --tdminw 7 --tdmaxw 60 --arjunoraclefindbins 6 --rdbclstarget 10000 /home/vjurisic/cse3000-how-to-break-a-solver/SharpVelvet/instances/3cnf-400clause-100var-horn/chevu_004_s14694479472150770797_048.cnf in dir /home/vjurisic/cse3000-how-to-break-a-solver/binaries/solvers/
[SharpVelvet]: Counter ganak reports count 713380072
[SharpVelvet]: 
[SharpVelvet], 2025-01-19, 18h01m35s: Instance 9/1010: /home/vjurisic/cse3000-how-to-break-a-solver/SharpVelvet/instances/3cnf-400clause-100var-horn/chevu_000_s14694479472150770793_096.cnf
[SharpVelvet]: Running counter ganak on instance /home/vjurisic/cse3000-how-to-break-a-solver/SharpVelvet/instances/3cnf-400clause-100var-horn/chevu_000_s14694479472150770793_096.cnf.
[SharpVelvet]: --> Executing: ./ganak --verb 0 --bveresolvmaxsz 12 --sbva 1 --maxcache 7800 --tdexpmult 1.1 --tdminw 7 --tdmaxw 60 --arjunoraclefindbins 6 --rdbclstarget 10000 /home/vjurisic/cse3000-how-to-break-a-solver/SharpVelvet/instances/3cnf-400clause-100var-horn/chevu_000_s14694479472150770793_096.cnf in dir /home/vjurisic/cse3000-how-to-break-a-solver/binaries/solvers/
[SharpVelvet]: Counter d4g reports count 2611429868181853
[SharpVelvet]: 
[SharpVelvet], 2025-01-19, 18h01m41s: Instance 2/1010: /home/vjurisic/cse3000-how-to-break-a-solver/SharpVelvet/instances/3cnf-400clause-100var-horn/chevu_001_s14694479472150770794_079.cnf
[SharpVelvet]: Running counter d4g on instance /home/vjurisic/cse3000-how-to-break-a-solver/SharpVelvet/instances/3cnf-400clause-100var-horn/chevu_001_s14694479472150770794_079.cnf.
[SharpVelvet]: --> Executing: ./d4g /home/vjurisic/cse3000-how-to-break-a-solver/SharpVelvet/instances/3cnf-400clause-100var-horn/chevu_001_s14694479472150770794_079.cnf in dir /home/vjurisic/cse3000-how-to-break-a-solver/binaries/solvers/
[SharpVelvet]: Counter d4g reports count 365062121742
[SharpVelvet]: 
[SharpVelvet], 2025-01-19, 18h01m45s: Instance 3/1010: /home/vjurisic/cse3000-how-to-break-a-solver/SharpVelvet/instances/3cnf-400clause-100var-horn/chevu_007_s14694479472150770800_034.cnf
[SharpVelvet]: Running counter d4g on instance /home/vjurisic/cse3000-how-to-break-a-solver/SharpVelvet/instances/3cnf-400clause-100var-horn/chevu_007_s14694479472150770800_034.cnf.
[SharpVelvet]: --> Executing: ./d4g /home/vjurisic/cse3000-how-to-break-a-solver/SharpVelvet/instances/3cnf-400clause-100var-horn/chevu_007_s14694479472150770800_034.cnf in dir /home/vjurisic/cse3000-how-to-break-a-solver/binaries/solvers/
[SharpVelvet]: Counter d4g reports count 17287511118
[SharpVelvet]: 
[SharpVelvet], 2025-01-19, 18h01m45s: Instance 4/1010: /home/vjurisic/cse3000-how-to-break-a-solver/SharpVelvet/instances/3cnf-400clause-100var-horn/chevu_005_s14694479472150770798_061.cnf
[SharpVelvet]: Running counter d4g on instance /home/vjurisic/cse3000-how-to-break-a-solver/SharpVelvet/instances/3cnf-400clause-100var-horn/chevu_005_s14694479472150770798_061.cnf.
[SharpVelvet]: --> Executing: ./d4g /home/vjurisic/cse3000-how-to-break-a-solver/SharpVelvet/instances/3cnf-400clause-100var-horn/chevu_005_s14694479472150770798_061.cnf in dir /home/vjurisic/cse3000-how-to-break-a-solver/binaries/solvers/
[SharpVelvet]: Counter d4g reports count 24674642442
[SharpVelvet]: 
[SharpVelvet], 2025-01-19, 18h01m45s: Instance 5/1010: /home/vjurisic/cse3000-how-to-break-a-solver/SharpVelvet/instances/3cnf-400clause-100var-horn/chevu_006_s14694479472150770799_070.cnf
[SharpVelvet]: Running counter d4g on instance /home/vjurisic/cse3000-how-to-break-a-solver/SharpVelvet/instances/3cnf-400clause-100var-horn/chevu_006_s14694479472150770799_070.cnf.
[SharpVelvet]: --> Executing: ./d4g /home/vjurisic/cse3000-how-to-break-a-solver/SharpVelvet/instances/3cnf-400clause-100var-horn/chevu_006_s14694479472150770799_070.cnf in dir /home/vjurisic/cse3000-how-to-break-a-solver/binaries/solvers/
[SharpVelvet]: Counter d4g reports count 87902546442
[SharpVelvet]: 
[SharpVelvet], 2025-01-19, 18h01m46s: Instance 6/1010: /home/vjurisic/cse3000-how-to-break-a-solver/SharpVelvet/instances/3cnf-400clause-100var-horn/chevu_004_s14694479472150770797_083.cnf
[SharpVelvet]: Running counter d4g on instance /home/vjurisic/cse3000-how-to-break-a-solver/SharpVelvet/instances/3cnf-400clause-100var-horn/chevu_004_s14694479472150770797_083.cnf.
[SharpVelvet]: --> Executing: ./d4g /home/vjurisic/cse3000-how-to-break-a-solver/SharpVelvet/instances/3cnf-400clause-100var-horn/chevu_004_s14694479472150770797_083.cnf in dir /home/vjurisic/cse3000-how-to-break-a-solver/binaries/solvers/
[SharpVelvet]: Counter d4g reports count 2550425190528
[SharpVelvet]: 
[SharpVelvet], 2025-01-19, 18h01m51s: Instance 7/1010: /home/vjurisic/cse3000-how-to-break-a-solver/SharpVelvet/instances/3cnf-400clause-100var-horn/chevu_003_s14694479472150770796_052.cnf
[SharpVelvet]: Running counter d4g on instance /home/vjurisic/cse3000-how-to-break-a-solver/SharpVelvet/instances/3cnf-400clause-100var-horn/chevu_003_s14694479472150770796_052.cnf.
[SharpVelvet]: --> Executing: ./d4g /home/vjurisic/cse3000-how-to-break-a-solver/SharpVelvet/instances/3cnf-400clause-100var-horn/chevu_003_s14694479472150770796_052.cnf in dir /home/vjurisic/cse3000-how-to-break-a-solver/binaries/solvers/
[SharpVelvet]: Counter d4g reports count 126957892
[SharpVelvet]: 
[SharpVelvet], 2025-01-19, 18h01m51s: Instance 8/1010: /home/vjurisic/cse3000-how-to-break-a-solver/SharpVelvet/instances/3cnf-400clause-100var-horn/chevu_004_s14694479472150770797_048.cnf
[SharpVelvet]: Running counter d4g on instance /home/vjurisic/cse3000-how-to-break-a-solver/SharpVelvet/instances/3cnf-400clause-100var-horn/chevu_004_s14694479472150770797_048.cnf.
[SharpVelvet]: --> Executing: ./d4g /home/vjurisic/cse3000-how-to-break-a-solver/SharpVelvet/instances/3cnf-400clause-100var-horn/chevu_004_s14694479472150770797_048.cnf in dir /home/vjurisic/cse3000-how-to-break-a-solver/binaries/solvers/
[SharpVelvet]: Counter d4g reports count 713380072
[SharpVelvet]: 
[SharpVelvet], 2025-01-19, 18h01m51s: Instance 9/1010: /home/vjurisic/cse3000-how-to-break-a-solver/SharpVelvet/instances/3cnf-400clause-100var-horn/chevu_000_s14694479472150770793_096.cnf
[SharpVelvet]: Running counter d4g on instance /home/vjurisic/cse3000-how-to-break-a-solver/SharpVelvet/instances/3cnf-400clause-100var-horn/chevu_000_s14694479472150770793_096.cnf.
[SharpVelvet]: --> Executing: ./d4g /home/vjurisic/cse3000-how-to-break-a-solver/SharpVelvet/instances/3cnf-400clause-100var-horn/chevu_000_s14694479472150770793_096.cnf in dir /home/vjurisic/cse3000-how-to-break-a-solver/binaries/solvers/
[SharpVelvet]: Aborted! Counter gpmc exceeded maximum time of 600 s on instance /home/vjurisic/cse3000-how-to-break-a-solver/SharpVelvet/instances/3cnf-400clause-100var-horn/chevu_000_s14694479472150770793_096.cnf.
[SharpVelvet]: Counter gpmc reports count None
[SharpVelvet]: 
[SharpVelvet], 2025-01-19, 18h10m30s: Instance 10/1010: /home/vjurisic/cse3000-how-to-break-a-solver/SharpVelvet/instances/3cnf-400clause-100var-horn/chevu_006_s14694479472150770799_003.cnf
[SharpVelvet]: Running counter gpmc on instance /home/vjurisic/cse3000-how-to-break-a-solver/SharpVelvet/instances/3cnf-400clause-100var-horn/chevu_006_s14694479472150770799_003.cnf.
[SharpVelvet]: --> Executing: ./gpmc /home/vjurisic/cse3000-how-to-break-a-solver/SharpVelvet/instances/3cnf-400clause-100var-horn/chevu_006_s14694479472150770799_003.cnf in dir /home/vjurisic/cse3000-how-to-break-a-solver/binaries/solvers/
[SharpVelvet]: Aborted! Counter ganak exceeded maximum time of 600 s on instance /home/vjurisic/cse3000-how-to-break-a-solver/SharpVelvet/instances/3cnf-400clause-100var-horn/chevu_000_s14694479472150770793_096.cnf.
[SharpVelvet]: Counter ganak reports count None
[SharpVelvet]: 
[SharpVelvet], 2025-01-19, 18h11m38s: Instance 10/1010: /home/vjurisic/cse3000-how-to-break-a-solver/SharpVelvet/instances/3cnf-400clause-100var-horn/chevu_006_s14694479472150770799_003.cnf
[SharpVelvet]: Running counter ganak on instance /home/vjurisic/cse3000-how-to-break-a-solver/SharpVelvet/instances/3cnf-400clause-100var-horn/chevu_006_s14694479472150770799_003.cnf.
[SharpVelvet]: --> Executing: ./ganak --verb 0 --bveresolvmaxsz 12 --sbva 1 --maxcache 7800 --tdexpmult 1.1 --tdminw 7 --tdmaxw 60 --arjunoraclefindbins 6 --rdbclstarget 10000 /home/vjurisic/cse3000-how-to-break-a-solver/SharpVelvet/instances/3cnf-400clause-100var-horn/chevu_006_s14694479472150770799_003.cnf in dir /home/vjurisic/cse3000-how-to-break-a-solver/binaries/solvers/
[SharpVelvet]: Aborted! Counter d4g exceeded maximum time of 600 s on instance /home/vjurisic/cse3000-how-to-break-a-solver/SharpVelvet/instances/3cnf-400clause-100var-horn/chevu_000_s14694479472150770793_096.cnf.
[SharpVelvet]: Counter d4g reports count None
[SharpVelvet]: 
[SharpVelvet], 2025-01-19, 18h11m54s: Instance 10/1010: /home/vjurisic/cse3000-how-to-break-a-solver/SharpVelvet/instances/3cnf-400clause-100var-horn/chevu_006_s14694479472150770799_003.cnf
[SharpVelvet]: Running counter d4g on instance /home/vjurisic/cse3000-how-to-break-a-solver/SharpVelvet/instances/3cnf-400clause-100var-horn/chevu_006_s14694479472150770799_003.cnf.
[SharpVelvet]: --> Executing: ./d4g /home/vjurisic/cse3000-how-to-break-a-solver/SharpVelvet/instances/3cnf-400clause-100var-horn/chevu_006_s14694479472150770799_003.cnf in dir /home/vjurisic/cse3000-how-to-break-a-solver/binaries/solvers/
[SharpVelvet]: Counter gpmc reports count 1932142423719430994
[SharpVelvet]: 
[SharpVelvet], 2025-01-19, 18h16m15s: Instance 11/1010: /home/vjurisic/cse3000-how-to-break-a-solver/SharpVelvet/instances/3cnf-400clause-100var-horn/chevu_000_s14694479472150770793_022.cnf
[SharpVelvet]: Running counter gpmc on instance /home/vjurisic/cse3000-how-to-break-a-solver/SharpVelvet/instances/3cnf-400clause-100var-horn/chevu_000_s14694479472150770793_022.cnf.
[SharpVelvet]: --> Executing: ./gpmc /home/vjurisic/cse3000-how-to-break-a-solver/SharpVelvet/instances/3cnf-400clause-100var-horn/chevu_000_s14694479472150770793_022.cnf in dir /home/vjurisic/cse3000-how-to-break-a-solver/binaries/solvers/
[SharpVelvet]: Counter gpmc reports count 1893850682060
[SharpVelvet]: 
[SharpVelvet], 2025-01-19, 18h16m16s: Instance 12/1010: /home/vjurisic/cse3000-how-to-break-a-solver/SharpVelvet/instances/3cnf-400clause-100var-horn/chevu_001_s14694479472150770794_077.cnf
[SharpVelvet]: Running counter gpmc on instance /home/vjurisic/cse3000-how-to-break-a-solver/SharpVelvet/instances/3cnf-400clause-100var-horn/chevu_001_s14694479472150770794_077.cnf.
[SharpVelvet]: --> Executing: ./gpmc /home/vjurisic/cse3000-how-to-break-a-solver/SharpVelvet/instances/3cnf-400clause-100var-horn/chevu_001_s14694479472150770794_077.cnf in dir /home/vjurisic/cse3000-how-to-break-a-solver/binaries/solvers/
[SharpVelvet]: Counter gpmc reports count 3539814
[SharpVelvet]: 
[SharpVelvet], 2025-01-19, 18h16m17s: Instance 13/1010: /home/vjurisic/cse3000-how-to-break-a-solver/SharpVelvet/instances/3cnf-400clause-100var-horn/chevu_004_s14694479472150770797_033.cnf
[SharpVelvet]: Running counter gpmc on instance /home/vjurisic/cse3000-how-to-break-a-solver/SharpVelvet/instances/3cnf-400clause-100var-horn/chevu_004_s14694479472150770797_033.cnf.
[SharpVelvet]: --> Executing: ./gpmc /home/vjurisic/cse3000-how-to-break-a-solver/SharpVelvet/instances/3cnf-400clause-100var-horn/chevu_004_s14694479472150770797_033.cnf in dir /home/vjurisic/cse3000-how-to-break-a-solver/binaries/solvers/
[SharpVelvet]: Counter gpmc reports count 138665191177
[SharpVelvet]: 
[SharpVelvet], 2025-01-19, 18h16m17s: Instance 14/1010: /home/vjurisic/cse3000-how-to-break-a-solver/SharpVelvet/instances/3cnf-400clause-100var-horn/chevu_007_s14694479472150770800_086.cnf
[SharpVelvet]: Running counter gpmc on instance /home/vjurisic/cse3000-how-to-break-a-solver/SharpVelvet/instances/3cnf-400clause-100var-horn/chevu_007_s14694479472150770800_086.cnf.
[SharpVelvet]: --> Executing: ./gpmc /home/vjurisic/cse3000-how-to-break-a-solver/SharpVelvet/instances/3cnf-400clause-100var-horn/chevu_007_s14694479472150770800_086.cnf in dir /home/vjurisic/cse3000-how-to-break-a-solver/binaries/solvers/
[SharpVelvet]: Counter gpmc reports count 200533133934
[SharpVelvet]: 
[SharpVelvet], 2025-01-19, 18h16m18s: Instance 15/1010: /home/vjurisic/cse3000-how-to-break-a-solver/SharpVelvet/instances/3cnf-400clause-100var-horn/chevu_007_s14694479472150770800_055.cnf
[SharpVelvet]: Running counter gpmc on instance /home/vjurisic/cse3000-how-to-break-a-solver/SharpVelvet/instances/3cnf-400clause-100var-horn/chevu_007_s14694479472150770800_055.cnf.
[SharpVelvet]: --> Executing: ./gpmc /home/vjurisic/cse3000-how-to-break-a-solver/SharpVelvet/instances/3cnf-400clause-100var-horn/chevu_007_s14694479472150770800_055.cnf in dir /home/vjurisic/cse3000-how-to-break-a-solver/binaries/solvers/
[SharpVelvet]: Counter gpmc reports count 968259224
[SharpVelvet]: 
[SharpVelvet], 2025-01-19, 18h16m18s: Instance 16/1010: /home/vjurisic/cse3000-how-to-break-a-solver/SharpVelvet/instances/3cnf-400clause-100var-horn/chevu_003_s14694479472150770796_013.cnf
[SharpVelvet]: Running counter gpmc on instance /home/vjurisic/cse3000-how-to-break-a-solver/SharpVelvet/instances/3cnf-400clause-100var-horn/chevu_003_s14694479472150770796_013.cnf.
[SharpVelvet]: --> Executing: ./gpmc /home/vjurisic/cse3000-how-to-break-a-solver/SharpVelvet/instances/3cnf-400clause-100var-horn/chevu_003_s14694479472150770796_013.cnf in dir /home/vjurisic/cse3000-how-to-break-a-solver/binaries/solvers/
[SharpVelvet]: Counter gpmc reports count 1035228533208513
[SharpVelvet]: 
[SharpVelvet], 2025-01-19, 18h17m10s: Instance 17/1010: /home/vjurisic/cse3000-how-to-break-a-solver/SharpVelvet/instances/3cnf-400clause-100var-horn/chevu_008_s14694479472150770801_011.cnf
[SharpVelvet]: Running counter gpmc on instance /home/vjurisic/cse3000-how-to-break-a-solver/SharpVelvet/instances/3cnf-400clause-100var-horn/chevu_008_s14694479472150770801_011.cnf.
[SharpVelvet]: --> Executing: ./gpmc /home/vjurisic/cse3000-how-to-break-a-solver/SharpVelvet/instances/3cnf-400clause-100var-horn/chevu_008_s14694479472150770801_011.cnf in dir /home/vjurisic/cse3000-how-to-break-a-solver/binaries/solvers/
[SharpVelvet]: Counter gpmc reports count 2435216513037500
[SharpVelvet]: 
[SharpVelvet], 2025-01-19, 18h18m47s: Instance 18/1010: /home/vjurisic/cse3000-how-to-break-a-solver/SharpVelvet/instances/3cnf-400clause-100var-horn/chevu_003_s14694479472150770796_066.cnf
[SharpVelvet]: Running counter gpmc on instance /home/vjurisic/cse3000-how-to-break-a-solver/SharpVelvet/instances/3cnf-400clause-100var-horn/chevu_003_s14694479472150770796_066.cnf.
[SharpVelvet]: --> Executing: ./gpmc /home/vjurisic/cse3000-how-to-break-a-solver/SharpVelvet/instances/3cnf-400clause-100var-horn/chevu_003_s14694479472150770796_066.cnf in dir /home/vjurisic/cse3000-how-to-break-a-solver/binaries/solvers/
[SharpVelvet]: Counter gpmc reports count 3684974067
[SharpVelvet]: 
[SharpVelvet], 2025-01-19, 18h18m47s: Instance 19/1010: /home/vjurisic/cse3000-how-to-break-a-solver/SharpVelvet/instances/3cnf-400clause-100var-horn/chevu_009_s14694479472150770802_093.cnf
[SharpVelvet]: Running counter gpmc on instance /home/vjurisic/cse3000-how-to-break-a-solver/SharpVelvet/instances/3cnf-400clause-100var-horn/chevu_009_s14694479472150770802_093.cnf.
[SharpVelvet]: --> Executing: ./gpmc /home/vjurisic/cse3000-how-to-break-a-solver/SharpVelvet/instances/3cnf-400clause-100var-horn/chevu_009_s14694479472150770802_093.cnf in dir /home/vjurisic/cse3000-how-to-break-a-solver/binaries/solvers/
[SharpVelvet]: Counter gpmc reports count 559732156590388
[SharpVelvet]: 
[SharpVelvet], 2025-01-19, 18h19m41s: Instance 20/1010: /home/vjurisic/cse3000-how-to-break-a-solver/SharpVelvet/instances/3cnf-400clause-100var-horn/chevu_009_s14694479472150770802_064.cnf
[SharpVelvet]: Running counter gpmc on instance /home/vjurisic/cse3000-how-to-break-a-solver/SharpVelvet/instances/3cnf-400clause-100var-horn/chevu_009_s14694479472150770802_064.cnf.
[SharpVelvet]: --> Executing: ./gpmc /home/vjurisic/cse3000-how-to-break-a-solver/SharpVelvet/instances/3cnf-400clause-100var-horn/chevu_009_s14694479472150770802_064.cnf in dir /home/vjurisic/cse3000-how-to-break-a-solver/binaries/solvers/
[SharpVelvet]: Counter gpmc reports count 4378825178
[SharpVelvet]: 
[SharpVelvet], 2025-01-19, 18h19m41s: Instance 21/1010: /home/vjurisic/cse3000-how-to-break-a-solver/SharpVelvet/instances/3cnf-400clause-100var-horn/chevu_009_s14694479472150770802_084.cnf
[SharpVelvet]: Running counter gpmc on instance /home/vjurisic/cse3000-how-to-break-a-solver/SharpVelvet/instances/3cnf-400clause-100var-horn/chevu_009_s14694479472150770802_084.cnf.
[SharpVelvet]: --> Executing: ./gpmc /home/vjurisic/cse3000-how-to-break-a-solver/SharpVelvet/instances/3cnf-400clause-100var-horn/chevu_009_s14694479472150770802_084.cnf in dir /home/vjurisic/cse3000-how-to-break-a-solver/binaries/solvers/
[SharpVelvet]: Counter gpmc reports count 16286611910683
[SharpVelvet]: 
[SharpVelvet], 2025-01-19, 18h19m46s: Instance 22/1010: /home/vjurisic/cse3000-how-to-break-a-solver/SharpVelvet/instances/3cnf-400clause-100var-horn/chevu_006_s14694479472150770799_042.cnf
[SharpVelvet]: Running counter gpmc on instance /home/vjurisic/cse3000-how-to-break-a-solver/SharpVelvet/instances/3cnf-400clause-100var-horn/chevu_006_s14694479472150770799_042.cnf.
[SharpVelvet]: --> Executing: ./gpmc /home/vjurisic/cse3000-how-to-break-a-solver/SharpVelvet/instances/3cnf-400clause-100var-horn/chevu_006_s14694479472150770799_042.cnf in dir /home/vjurisic/cse3000-how-to-break-a-solver/binaries/solvers/
[SharpVelvet]: Counter gpmc reports count 1531334860
[SharpVelvet]: 
[SharpVelvet], 2025-01-19, 18h19m46s: Instance 23/1010: /home/vjurisic/cse3000-how-to-break-a-solver/SharpVelvet/instances/3cnf-400clause-100var-horn/chevu_008_s14694479472150770801_034.cnf
[SharpVelvet]: Running counter gpmc on instance /home/vjurisic/cse3000-how-to-break-a-solver/SharpVelvet/instances/3cnf-400clause-100var-horn/chevu_008_s14694479472150770801_034.cnf.
[SharpVelvet]: --> Executing: ./gpmc /home/vjurisic/cse3000-how-to-break-a-solver/SharpVelvet/instances/3cnf-400clause-100var-horn/chevu_008_s14694479472150770801_034.cnf in dir /home/vjurisic/cse3000-how-to-break-a-solver/binaries/solvers/
[SharpVelvet]: Counter gpmc reports count 212651325
[SharpVelvet]: 
[SharpVelvet], 2025-01-19, 18h19m46s: Instance 24/1010: /home/vjurisic/cse3000-how-to-break-a-solver/SharpVelvet/instances/3cnf-400clause-100var-horn/chevu_001_s14694479472150770794_056.cnf
[SharpVelvet]: Running counter gpmc on instance /home/vjurisic/cse3000-how-to-break-a-solver/SharpVelvet/instances/3cnf-400clause-100var-horn/chevu_001_s14694479472150770794_056.cnf.
[SharpVelvet]: --> Executing: ./gpmc /home/vjurisic/cse3000-how-to-break-a-solver/SharpVelvet/instances/3cnf-400clause-100var-horn/chevu_001_s14694479472150770794_056.cnf in dir /home/vjurisic/cse3000-how-to-break-a-solver/binaries/solvers/
[SharpVelvet]: Counter gpmc reports count 26460
[SharpVelvet]: 
[SharpVelvet], 2025-01-19, 18h19m46s: Instance 25/1010: /home/vjurisic/cse3000-how-to-break-a-solver/SharpVelvet/instances/3cnf-400clause-100var-horn/chevu_005_s14694479472150770798_012.cnf
[SharpVelvet]: Running counter gpmc on instance /home/vjurisic/cse3000-how-to-break-a-solver/SharpVelvet/instances/3cnf-400clause-100var-horn/chevu_005_s14694479472150770798_012.cnf.
[SharpVelvet]: --> Executing: ./gpmc /home/vjurisic/cse3000-how-to-break-a-solver/SharpVelvet/instances/3cnf-400clause-100var-horn/chevu_005_s14694479472150770798_012.cnf in dir /home/vjurisic/cse3000-how-to-break-a-solver/binaries/solvers/
[SharpVelvet]: Counter gpmc reports count 109000469374785
[SharpVelvet]: 
[SharpVelvet], 2025-01-19, 18h19m51s: Instance 26/1010: /home/vjurisic/cse3000-how-to-break-a-solver/SharpVelvet/instances/3cnf-400clause-100var-horn/chevu_006_s14694479472150770799_091.cnf
[SharpVelvet]: Running counter gpmc on instance /home/vjurisic/cse3000-how-to-break-a-solver/SharpVelvet/instances/3cnf-400clause-100var-horn/chevu_006_s14694479472150770799_091.cnf.
[SharpVelvet]: --> Executing: ./gpmc /home/vjurisic/cse3000-how-to-break-a-solver/SharpVelvet/instances/3cnf-400clause-100var-horn/chevu_006_s14694479472150770799_091.cnf in dir /home/vjurisic/cse3000-how-to-break-a-solver/binaries/solvers/
[SharpVelvet]: Counter gpmc reports count 737699361450790
[SharpVelvet]: 
[SharpVelvet], 2025-01-19, 18h20m05s: Instance 27/1010: /home/vjurisic/cse3000-how-to-break-a-solver/SharpVelvet/instances/3cnf-400clause-100var-horn/chevu_000_s14694479472150770793_077.cnf
[SharpVelvet]: Running counter gpmc on instance /home/vjurisic/cse3000-how-to-break-a-solver/SharpVelvet/instances/3cnf-400clause-100var-horn/chevu_000_s14694479472150770793_077.cnf.
[SharpVelvet]: --> Executing: ./gpmc /home/vjurisic/cse3000-how-to-break-a-solver/SharpVelvet/instances/3cnf-400clause-100var-horn/chevu_000_s14694479472150770793_077.cnf in dir /home/vjurisic/cse3000-how-to-break-a-solver/binaries/solvers/
[SharpVelvet]: Counter gpmc reports count 3864556366825
[SharpVelvet]: 
[SharpVelvet], 2025-01-19, 18h20m13s: Instance 28/1010: /home/vjurisic/cse3000-how-to-break-a-solver/SharpVelvet/instances/3cnf-400clause-100var-horn/chevu_005_s14694479472150770798_035.cnf
[SharpVelvet]: Running counter gpmc on instance /home/vjurisic/cse3000-how-to-break-a-solver/SharpVelvet/instances/3cnf-400clause-100var-horn/chevu_005_s14694479472150770798_035.cnf.
[SharpVelvet]: --> Executing: ./gpmc /home/vjurisic/cse3000-how-to-break-a-solver/SharpVelvet/instances/3cnf-400clause-100var-horn/chevu_005_s14694479472150770798_035.cnf in dir /home/vjurisic/cse3000-how-to-break-a-solver/binaries/solvers/
[SharpVelvet]: Counter gpmc reports count 48984839234
[SharpVelvet]: 
[SharpVelvet], 2025-01-19, 18h20m13s: Instance 29/1010: /home/vjurisic/cse3000-how-to-break-a-solver/SharpVelvet/instances/3cnf-400clause-100var-horn/chevu_006_s14694479472150770799_008.cnf
[SharpVelvet]: Running counter gpmc on instance /home/vjurisic/cse3000-how-to-break-a-solver/SharpVelvet/instances/3cnf-400clause-100var-horn/chevu_006_s14694479472150770799_008.cnf.
[SharpVelvet]: --> Executing: ./gpmc /home/vjurisic/cse3000-how-to-break-a-solver/SharpVelvet/instances/3cnf-400clause-100var-horn/chevu_006_s14694479472150770799_008.cnf in dir /home/vjurisic/cse3000-how-to-break-a-solver/binaries/solvers/
[SharpVelvet]: Counter ganak reports count 1932142423719430994
[SharpVelvet]: 
[SharpVelvet], 2025-01-19, 18h20m42s: Instance 11/1010: /home/vjurisic/cse3000-how-to-break-a-solver/SharpVelvet/instances/3cnf-400clause-100var-horn/chevu_000_s14694479472150770793_022.cnf
[SharpVelvet]: Running counter ganak on instance /home/vjurisic/cse3000-how-to-break-a-solver/SharpVelvet/instances/3cnf-400clause-100var-horn/chevu_000_s14694479472150770793_022.cnf.
[SharpVelvet]: --> Executing: ./ganak --verb 0 --bveresolvmaxsz 12 --sbva 1 --maxcache 7800 --tdexpmult 1.1 --tdminw 7 --tdmaxw 60 --arjunoraclefindbins 6 --rdbclstarget 10000 /home/vjurisic/cse3000-how-to-break-a-solver/SharpVelvet/instances/3cnf-400clause-100var-horn/chevu_000_s14694479472150770793_022.cnf in dir /home/vjurisic/cse3000-how-to-break-a-solver/binaries/solvers/
[SharpVelvet]: Counter ganak reports count 1893850682060
[SharpVelvet]: 
[SharpVelvet], 2025-01-19, 18h20m47s: Instance 12/1010: /home/vjurisic/cse3000-how-to-break-a-solver/SharpVelvet/instances/3cnf-400clause-100var-horn/chevu_001_s14694479472150770794_077.cnf
[SharpVelvet]: Running counter ganak on instance /home/vjurisic/cse3000-how-to-break-a-solver/SharpVelvet/instances/3cnf-400clause-100var-horn/chevu_001_s14694479472150770794_077.cnf.
[SharpVelvet]: --> Executing: ./ganak --verb 0 --bveresolvmaxsz 12 --sbva 1 --maxcache 7800 --tdexpmult 1.1 --tdminw 7 --tdmaxw 60 --arjunoraclefindbins 6 --rdbclstarget 10000 /home/vjurisic/cse3000-how-to-break-a-solver/SharpVelvet/instances/3cnf-400clause-100var-horn/chevu_001_s14694479472150770794_077.cnf in dir /home/vjurisic/cse3000-how-to-break-a-solver/binaries/solvers/
[SharpVelvet]: Counter ganak reports count 3539814
[SharpVelvet]: 
[SharpVelvet], 2025-01-19, 18h20m51s: Instance 13/1010: /home/vjurisic/cse3000-how-to-break-a-solver/SharpVelvet/instances/3cnf-400clause-100var-horn/chevu_004_s14694479472150770797_033.cnf
[SharpVelvet]: Running counter ganak on instance /home/vjurisic/cse3000-how-to-break-a-solver/SharpVelvet/instances/3cnf-400clause-100var-horn/chevu_004_s14694479472150770797_033.cnf.
[SharpVelvet]: --> Executing: ./ganak --verb 0 --bveresolvmaxsz 12 --sbva 1 --maxcache 7800 --tdexpmult 1.1 --tdminw 7 --tdmaxw 60 --arjunoraclefindbins 6 --rdbclstarget 10000 /home/vjurisic/cse3000-how-to-break-a-solver/SharpVelvet/instances/3cnf-400clause-100var-horn/chevu_004_s14694479472150770797_033.cnf in dir /home/vjurisic/cse3000-how-to-break-a-solver/binaries/solvers/
[SharpVelvet]: Counter ganak reports count 138665191177
[SharpVelvet]: 
[SharpVelvet], 2025-01-19, 18h20m55s: Instance 14/1010: /home/vjurisic/cse3000-how-to-break-a-solver/SharpVelvet/instances/3cnf-400clause-100var-horn/chevu_007_s14694479472150770800_086.cnf
[SharpVelvet]: Running counter ganak on instance /home/vjurisic/cse3000-how-to-break-a-solver/SharpVelvet/instances/3cnf-400clause-100var-horn/chevu_007_s14694479472150770800_086.cnf.
[SharpVelvet]: --> Executing: ./ganak --verb 0 --bveresolvmaxsz 12 --sbva 1 --maxcache 7800 --tdexpmult 1.1 --tdminw 7 --tdmaxw 60 --arjunoraclefindbins 6 --rdbclstarget 10000 /home/vjurisic/cse3000-how-to-break-a-solver/SharpVelvet/instances/3cnf-400clause-100var-horn/chevu_007_s14694479472150770800_086.cnf in dir /home/vjurisic/cse3000-how-to-break-a-solver/binaries/solvers/
[SharpVelvet]: Counter ganak reports count 200533133934
[SharpVelvet]: 
[SharpVelvet], 2025-01-19, 18h21m00s: Instance 15/1010: /home/vjurisic/cse3000-how-to-break-a-solver/SharpVelvet/instances/3cnf-400clause-100var-horn/chevu_007_s14694479472150770800_055.cnf
[SharpVelvet]: Running counter ganak on instance /home/vjurisic/cse3000-how-to-break-a-solver/SharpVelvet/instances/3cnf-400clause-100var-horn/chevu_007_s14694479472150770800_055.cnf.
[SharpVelvet]: --> Executing: ./ganak --verb 0 --bveresolvmaxsz 12 --sbva 1 --maxcache 7800 --tdexpmult 1.1 --tdminw 7 --tdmaxw 60 --arjunoraclefindbins 6 --rdbclstarget 10000 /home/vjurisic/cse3000-how-to-break-a-solver/SharpVelvet/instances/3cnf-400clause-100var-horn/chevu_007_s14694479472150770800_055.cnf in dir /home/vjurisic/cse3000-how-to-break-a-solver/binaries/solvers/
[SharpVelvet]: Counter ganak reports count 968259224
[SharpVelvet]: 
[SharpVelvet], 2025-01-19, 18h21m04s: Instance 16/1010: /home/vjurisic/cse3000-how-to-break-a-solver/SharpVelvet/instances/3cnf-400clause-100var-horn/chevu_003_s14694479472150770796_013.cnf
[SharpVelvet]: Running counter ganak on instance /home/vjurisic/cse3000-how-to-break-a-solver/SharpVelvet/instances/3cnf-400clause-100var-horn/chevu_003_s14694479472150770796_013.cnf.
[SharpVelvet]: --> Executing: ./ganak --verb 0 --bveresolvmaxsz 12 --sbva 1 --maxcache 7800 --tdexpmult 1.1 --tdminw 7 --tdmaxw 60 --arjunoraclefindbins 6 --rdbclstarget 10000 /home/vjurisic/cse3000-how-to-break-a-solver/SharpVelvet/instances/3cnf-400clause-100var-horn/chevu_003_s14694479472150770796_013.cnf in dir /home/vjurisic/cse3000-how-to-break-a-solver/binaries/solvers/
[SharpVelvet]: Counter gpmc reports count 36990356398153396
[SharpVelvet]: 
[SharpVelvet], 2025-01-19, 18h21m45s: Instance 30/1010: /home/vjurisic/cse3000-how-to-break-a-solver/SharpVelvet/instances/3cnf-400clause-100var-horn/chevu_004_s14694479472150770797_084.cnf
[SharpVelvet]: Running counter gpmc on instance /home/vjurisic/cse3000-how-to-break-a-solver/SharpVelvet/instances/3cnf-400clause-100var-horn/chevu_004_s14694479472150770797_084.cnf.
[SharpVelvet]: --> Executing: ./gpmc /home/vjurisic/cse3000-how-to-break-a-solver/SharpVelvet/instances/3cnf-400clause-100var-horn/chevu_004_s14694479472150770797_084.cnf in dir /home/vjurisic/cse3000-how-to-break-a-solver/binaries/solvers/
[SharpVelvet]: Counter gpmc reports count 3689948132810
[SharpVelvet]: 
[SharpVelvet], 2025-01-19, 18h21m47s: Instance 31/1010: /home/vjurisic/cse3000-how-to-break-a-solver/SharpVelvet/instances/3cnf-400clause-100var-horn/chevu_003_s14694479472150770796_003.cnf
[SharpVelvet]: Running counter gpmc on instance /home/vjurisic/cse3000-how-to-break-a-solver/SharpVelvet/instances/3cnf-400clause-100var-horn/chevu_003_s14694479472150770796_003.cnf.
[SharpVelvet]: --> Executing: ./gpmc /home/vjurisic/cse3000-how-to-break-a-solver/SharpVelvet/instances/3cnf-400clause-100var-horn/chevu_003_s14694479472150770796_003.cnf in dir /home/vjurisic/cse3000-how-to-break-a-solver/binaries/solvers/
[SharpVelvet]: Aborted! Counter d4g exceeded maximum time of 600 s on instance /home/vjurisic/cse3000-how-to-break-a-solver/SharpVelvet/instances/3cnf-400clause-100var-horn/chevu_006_s14694479472150770799_003.cnf.
[SharpVelvet]: Counter d4g reports count None
[SharpVelvet]: 
[SharpVelvet], 2025-01-19, 18h21m57s: Instance 11/1010: /home/vjurisic/cse3000-how-to-break-a-solver/SharpVelvet/instances/3cnf-400clause-100var-horn/chevu_000_s14694479472150770793_022.cnf
[SharpVelvet]: Running counter d4g on instance /home/vjurisic/cse3000-how-to-break-a-solver/SharpVelvet/instances/3cnf-400clause-100var-horn/chevu_000_s14694479472150770793_022.cnf.
[SharpVelvet]: --> Executing: ./d4g /home/vjurisic/cse3000-how-to-break-a-solver/SharpVelvet/instances/3cnf-400clause-100var-horn/chevu_000_s14694479472150770793_022.cnf in dir /home/vjurisic/cse3000-how-to-break-a-solver/binaries/solvers/
[SharpVelvet]: Counter d4g reports count 1893850682060
[SharpVelvet]: 
[SharpVelvet], 2025-01-19, 18h21m59s: Instance 12/1010: /home/vjurisic/cse3000-how-to-break-a-solver/SharpVelvet/instances/3cnf-400clause-100var-horn/chevu_001_s14694479472150770794_077.cnf
[SharpVelvet]: Running counter d4g on instance /home/vjurisic/cse3000-how-to-break-a-solver/SharpVelvet/instances/3cnf-400clause-100var-horn/chevu_001_s14694479472150770794_077.cnf.
[SharpVelvet]: --> Executing: ./d4g /home/vjurisic/cse3000-how-to-break-a-solver/SharpVelvet/instances/3cnf-400clause-100var-horn/chevu_001_s14694479472150770794_077.cnf in dir /home/vjurisic/cse3000-how-to-break-a-solver/binaries/solvers/
[SharpVelvet]: Counter d4g reports count 3539814
[SharpVelvet]: 
[SharpVelvet], 2025-01-19, 18h21m59s: Instance 13/1010: /home/vjurisic/cse3000-how-to-break-a-solver/SharpVelvet/instances/3cnf-400clause-100var-horn/chevu_004_s14694479472150770797_033.cnf
[SharpVelvet]: Running counter d4g on instance /home/vjurisic/cse3000-how-to-break-a-solver/SharpVelvet/instances/3cnf-400clause-100var-horn/chevu_004_s14694479472150770797_033.cnf.
[SharpVelvet]: --> Executing: ./d4g /home/vjurisic/cse3000-how-to-break-a-solver/SharpVelvet/instances/3cnf-400clause-100var-horn/chevu_004_s14694479472150770797_033.cnf in dir /home/vjurisic/cse3000-how-to-break-a-solver/binaries/solvers/
[SharpVelvet]: Counter d4g reports count 138665191177
[SharpVelvet]: 
[SharpVelvet], 2025-01-19, 18h22m00s: Instance 14/1010: /home/vjurisic/cse3000-how-to-break-a-solver/SharpVelvet/instances/3cnf-400clause-100var-horn/chevu_007_s14694479472150770800_086.cnf
[SharpVelvet]: Running counter d4g on instance /home/vjurisic/cse3000-how-to-break-a-solver/SharpVelvet/instances/3cnf-400clause-100var-horn/chevu_007_s14694479472150770800_086.cnf.
[SharpVelvet]: --> Executing: ./d4g /home/vjurisic/cse3000-how-to-break-a-solver/SharpVelvet/instances/3cnf-400clause-100var-horn/chevu_007_s14694479472150770800_086.cnf in dir /home/vjurisic/cse3000-how-to-break-a-solver/binaries/solvers/
[SharpVelvet]: Counter d4g reports count 200533133934
[SharpVelvet]: 
[SharpVelvet], 2025-01-19, 18h22m03s: Instance 15/1010: /home/vjurisic/cse3000-how-to-break-a-solver/SharpVelvet/instances/3cnf-400clause-100var-horn/chevu_007_s14694479472150770800_055.cnf
[SharpVelvet]: Running counter d4g on instance /home/vjurisic/cse3000-how-to-break-a-solver/SharpVelvet/instances/3cnf-400clause-100var-horn/chevu_007_s14694479472150770800_055.cnf.
[SharpVelvet]: --> Executing: ./d4g /home/vjurisic/cse3000-how-to-break-a-solver/SharpVelvet/instances/3cnf-400clause-100var-horn/chevu_007_s14694479472150770800_055.cnf in dir /home/vjurisic/cse3000-how-to-break-a-solver/binaries/solvers/
[SharpVelvet]: Counter d4g reports count 968259224
[SharpVelvet]: 
[SharpVelvet], 2025-01-19, 18h22m03s: Instance 16/1010: /home/vjurisic/cse3000-how-to-break-a-solver/SharpVelvet/instances/3cnf-400clause-100var-horn/chevu_003_s14694479472150770796_013.cnf
[SharpVelvet]: Running counter d4g on instance /home/vjurisic/cse3000-how-to-break-a-solver/SharpVelvet/instances/3cnf-400clause-100var-horn/chevu_003_s14694479472150770796_013.cnf.
[SharpVelvet]: --> Executing: ./d4g /home/vjurisic/cse3000-how-to-break-a-solver/SharpVelvet/instances/3cnf-400clause-100var-horn/chevu_003_s14694479472150770796_013.cnf in dir /home/vjurisic/cse3000-how-to-break-a-solver/binaries/solvers/
[SharpVelvet]: Counter ganak reports count 1035228533208513
[SharpVelvet]: 
[SharpVelvet], 2025-01-19, 18h22m27s: Instance 17/1010: /home/vjurisic/cse3000-how-to-break-a-solver/SharpVelvet/instances/3cnf-400clause-100var-horn/chevu_008_s14694479472150770801_011.cnf
[SharpVelvet]: Running counter ganak on instance /home/vjurisic/cse3000-how-to-break-a-solver/SharpVelvet/instances/3cnf-400clause-100var-horn/chevu_008_s14694479472150770801_011.cnf.
[SharpVelvet]: --> Executing: ./ganak --verb 0 --bveresolvmaxsz 12 --sbva 1 --maxcache 7800 --tdexpmult 1.1 --tdminw 7 --tdmaxw 60 --arjunoraclefindbins 6 --rdbclstarget 10000 /home/vjurisic/cse3000-how-to-break-a-solver/SharpVelvet/instances/3cnf-400clause-100var-horn/chevu_008_s14694479472150770801_011.cnf in dir /home/vjurisic/cse3000-how-to-break-a-solver/binaries/solvers/
[SharpVelvet]: Counter ganak reports count 2435216513037500
[SharpVelvet]: 
[SharpVelvet], 2025-01-19, 18h23m41s: Instance 18/1010: /home/vjurisic/cse3000-how-to-break-a-solver/SharpVelvet/instances/3cnf-400clause-100var-horn/chevu_003_s14694479472150770796_066.cnf
[SharpVelvet]: Running counter ganak on instance /home/vjurisic/cse3000-how-to-break-a-solver/SharpVelvet/instances/3cnf-400clause-100var-horn/chevu_003_s14694479472150770796_066.cnf.
[SharpVelvet]: --> Executing: ./ganak --verb 0 --bveresolvmaxsz 12 --sbva 1 --maxcache 7800 --tdexpmult 1.1 --tdminw 7 --tdmaxw 60 --arjunoraclefindbins 6 --rdbclstarget 10000 /home/vjurisic/cse3000-how-to-break-a-solver/SharpVelvet/instances/3cnf-400clause-100var-horn/chevu_003_s14694479472150770796_066.cnf in dir /home/vjurisic/cse3000-how-to-break-a-solver/binaries/solvers/
[SharpVelvet]: Counter ganak reports count 3684974067
[SharpVelvet]: 
[SharpVelvet], 2025-01-19, 18h23m44s: Instance 19/1010: /home/vjurisic/cse3000-how-to-break-a-solver/SharpVelvet/instances/3cnf-400clause-100var-horn/chevu_009_s14694479472150770802_093.cnf
[SharpVelvet]: Running counter ganak on instance /home/vjurisic/cse3000-how-to-break-a-solver/SharpVelvet/instances/3cnf-400clause-100var-horn/chevu_009_s14694479472150770802_093.cnf.
[SharpVelvet]: --> Executing: ./ganak --verb 0 --bveresolvmaxsz 12 --sbva 1 --maxcache 7800 --tdexpmult 1.1 --tdminw 7 --tdmaxw 60 --arjunoraclefindbins 6 --rdbclstarget 10000 /home/vjurisic/cse3000-how-to-break-a-solver/SharpVelvet/instances/3cnf-400clause-100var-horn/chevu_009_s14694479472150770802_093.cnf in dir /home/vjurisic/cse3000-how-to-break-a-solver/binaries/solvers/
[SharpVelvet]: Counter d4g reports count 1035228533208513
[SharpVelvet]: 
[SharpVelvet], 2025-01-19, 18h23m46s: Instance 17/1010: /home/vjurisic/cse3000-how-to-break-a-solver/SharpVelvet/instances/3cnf-400clause-100var-horn/chevu_008_s14694479472150770801_011.cnf
[SharpVelvet]: Running counter d4g on instance /home/vjurisic/cse3000-how-to-break-a-solver/SharpVelvet/instances/3cnf-400clause-100var-horn/chevu_008_s14694479472150770801_011.cnf.
[SharpVelvet]: --> Executing: ./d4g /home/vjurisic/cse3000-how-to-break-a-solver/SharpVelvet/instances/3cnf-400clause-100var-horn/chevu_008_s14694479472150770801_011.cnf in dir /home/vjurisic/cse3000-how-to-break-a-solver/binaries/solvers/
[SharpVelvet]: Counter ganak reports count 559732156590388
[SharpVelvet]: 
[SharpVelvet], 2025-01-19, 18h24m54s: Instance 20/1010: /home/vjurisic/cse3000-how-to-break-a-solver/SharpVelvet/instances/3cnf-400clause-100var-horn/chevu_009_s14694479472150770802_064.cnf
[SharpVelvet]: Running counter ganak on instance /home/vjurisic/cse3000-how-to-break-a-solver/SharpVelvet/instances/3cnf-400clause-100var-horn/chevu_009_s14694479472150770802_064.cnf.
[SharpVelvet]: --> Executing: ./ganak --verb 0 --bveresolvmaxsz 12 --sbva 1 --maxcache 7800 --tdexpmult 1.1 --tdminw 7 --tdmaxw 60 --arjunoraclefindbins 6 --rdbclstarget 10000 /home/vjurisic/cse3000-how-to-break-a-solver/SharpVelvet/instances/3cnf-400clause-100var-horn/chevu_009_s14694479472150770802_064.cnf in dir /home/vjurisic/cse3000-how-to-break-a-solver/binaries/solvers/
[SharpVelvet]: Counter ganak reports count 4378825178
[SharpVelvet]: 
[SharpVelvet], 2025-01-19, 18h24m58s: Instance 21/1010: /home/vjurisic/cse3000-how-to-break-a-solver/SharpVelvet/instances/3cnf-400clause-100var-horn/chevu_009_s14694479472150770802_084.cnf
[SharpVelvet]: Running counter ganak on instance /home/vjurisic/cse3000-how-to-break-a-solver/SharpVelvet/instances/3cnf-400clause-100var-horn/chevu_009_s14694479472150770802_084.cnf.
[SharpVelvet]: --> Executing: ./ganak --verb 0 --bveresolvmaxsz 12 --sbva 1 --maxcache 7800 --tdexpmult 1.1 --tdminw 7 --tdmaxw 60 --arjunoraclefindbins 6 --rdbclstarget 10000 /home/vjurisic/cse3000-how-to-break-a-solver/SharpVelvet/instances/3cnf-400clause-100var-horn/chevu_009_s14694479472150770802_084.cnf in dir /home/vjurisic/cse3000-how-to-break-a-solver/binaries/solvers/
[SharpVelvet]: Counter ganak reports count 16286611910683
[SharpVelvet]: 
[SharpVelvet], 2025-01-19, 18h25m09s: Instance 22/1010: /home/vjurisic/cse3000-how-to-break-a-solver/SharpVelvet/instances/3cnf-400clause-100var-horn/chevu_006_s14694479472150770799_042.cnf
[SharpVelvet]: Running counter ganak on instance /home/vjurisic/cse3000-how-to-break-a-solver/SharpVelvet/instances/3cnf-400clause-100var-horn/chevu_006_s14694479472150770799_042.cnf.
[SharpVelvet]: --> Executing: ./ganak --verb 0 --bveresolvmaxsz 12 --sbva 1 --maxcache 7800 --tdexpmult 1.1 --tdminw 7 --tdmaxw 60 --arjunoraclefindbins 6 --rdbclstarget 10000 /home/vjurisic/cse3000-how-to-break-a-solver/SharpVelvet/instances/3cnf-400clause-100var-horn/chevu_006_s14694479472150770799_042.cnf in dir /home/vjurisic/cse3000-how-to-break-a-solver/binaries/solvers/
[SharpVelvet]: Counter ganak reports count 1531334860
[SharpVelvet]: 
[SharpVelvet], 2025-01-19, 18h25m12s: Instance 23/1010: /home/vjurisic/cse3000-how-to-break-a-solver/SharpVelvet/instances/3cnf-400clause-100var-horn/chevu_008_s14694479472150770801_034.cnf
[SharpVelvet]: Running counter ganak on instance /home/vjurisic/cse3000-how-to-break-a-solver/SharpVelvet/instances/3cnf-400clause-100var-horn/chevu_008_s14694479472150770801_034.cnf.
[SharpVelvet]: --> Executing: ./ganak --verb 0 --bveresolvmaxsz 12 --sbva 1 --maxcache 7800 --tdexpmult 1.1 --tdminw 7 --tdmaxw 60 --arjunoraclefindbins 6 --rdbclstarget 10000 /home/vjurisic/cse3000-how-to-break-a-solver/SharpVelvet/instances/3cnf-400clause-100var-horn/chevu_008_s14694479472150770801_034.cnf in dir /home/vjurisic/cse3000-how-to-break-a-solver/binaries/solvers/
[SharpVelvet]: Counter ganak reports count 212651325
[SharpVelvet]: 
[SharpVelvet], 2025-01-19, 18h25m15s: Instance 24/1010: /home/vjurisic/cse3000-how-to-break-a-solver/SharpVelvet/instances/3cnf-400clause-100var-horn/chevu_001_s14694479472150770794_056.cnf
[SharpVelvet]: Running counter ganak on instance /home/vjurisic/cse3000-how-to-break-a-solver/SharpVelvet/instances/3cnf-400clause-100var-horn/chevu_001_s14694479472150770794_056.cnf.
[SharpVelvet]: --> Executing: ./ganak --verb 0 --bveresolvmaxsz 12 --sbva 1 --maxcache 7800 --tdexpmult 1.1 --tdminw 7 --tdmaxw 60 --arjunoraclefindbins 6 --rdbclstarget 10000 /home/vjurisic/cse3000-how-to-break-a-solver/SharpVelvet/instances/3cnf-400clause-100var-horn/chevu_001_s14694479472150770794_056.cnf in dir /home/vjurisic/cse3000-how-to-break-a-solver/binaries/solvers/
[SharpVelvet]: Counter ganak reports count 26460
[SharpVelvet]: 
[SharpVelvet], 2025-01-19, 18h25m15s: Instance 25/1010: /home/vjurisic/cse3000-how-to-break-a-solver/SharpVelvet/instances/3cnf-400clause-100var-horn/chevu_005_s14694479472150770798_012.cnf
[SharpVelvet]: Running counter ganak on instance /home/vjurisic/cse3000-how-to-break-a-solver/SharpVelvet/instances/3cnf-400clause-100var-horn/chevu_005_s14694479472150770798_012.cnf.
[SharpVelvet]: --> Executing: ./ganak --verb 0 --bveresolvmaxsz 12 --sbva 1 --maxcache 7800 --tdexpmult 1.1 --tdminw 7 --tdmaxw 60 --arjunoraclefindbins 6 --rdbclstarget 10000 /home/vjurisic/cse3000-how-to-break-a-solver/SharpVelvet/instances/3cnf-400clause-100var-horn/chevu_005_s14694479472150770798_012.cnf in dir /home/vjurisic/cse3000-how-to-break-a-solver/binaries/solvers/
[SharpVelvet]: Counter ganak reports count 109000469374785
[SharpVelvet]: 
[SharpVelvet], 2025-01-19, 18h25m25s: Instance 26/1010: /home/vjurisic/cse3000-how-to-break-a-solver/SharpVelvet/instances/3cnf-400clause-100var-horn/chevu_006_s14694479472150770799_091.cnf
[SharpVelvet]: Running counter ganak on instance /home/vjurisic/cse3000-how-to-break-a-solver/SharpVelvet/instances/3cnf-400clause-100var-horn/chevu_006_s14694479472150770799_091.cnf.
[SharpVelvet]: --> Executing: ./ganak --verb 0 --bveresolvmaxsz 12 --sbva 1 --maxcache 7800 --tdexpmult 1.1 --tdminw 7 --tdmaxw 60 --arjunoraclefindbins 6 --rdbclstarget 10000 /home/vjurisic/cse3000-how-to-break-a-solver/SharpVelvet/instances/3cnf-400clause-100var-horn/chevu_006_s14694479472150770799_091.cnf in dir /home/vjurisic/cse3000-how-to-break-a-solver/binaries/solvers/
[SharpVelvet]: Counter ganak reports count 737699361450790
[SharpVelvet]: 
[SharpVelvet], 2025-01-19, 18h25m39s: Instance 27/1010: /home/vjurisic/cse3000-how-to-break-a-solver/SharpVelvet/instances/3cnf-400clause-100var-horn/chevu_000_s14694479472150770793_077.cnf
[SharpVelvet]: Running counter ganak on instance /home/vjurisic/cse3000-how-to-break-a-solver/SharpVelvet/instances/3cnf-400clause-100var-horn/chevu_000_s14694479472150770793_077.cnf.
[SharpVelvet]: --> Executing: ./ganak --verb 0 --bveresolvmaxsz 12 --sbva 1 --maxcache 7800 --tdexpmult 1.1 --tdminw 7 --tdmaxw 60 --arjunoraclefindbins 6 --rdbclstarget 10000 /home/vjurisic/cse3000-how-to-break-a-solver/SharpVelvet/instances/3cnf-400clause-100var-horn/chevu_000_s14694479472150770793_077.cnf in dir /home/vjurisic/cse3000-how-to-break-a-solver/binaries/solvers/
[SharpVelvet]: Counter ganak reports count 3864556366825
[SharpVelvet]: 
[SharpVelvet], 2025-01-19, 18h25m51s: Instance 28/1010: /home/vjurisic/cse3000-how-to-break-a-solver/SharpVelvet/instances/3cnf-400clause-100var-horn/chevu_005_s14694479472150770798_035.cnf
[SharpVelvet]: Running counter ganak on instance /home/vjurisic/cse3000-how-to-break-a-solver/SharpVelvet/instances/3cnf-400clause-100var-horn/chevu_005_s14694479472150770798_035.cnf.
[SharpVelvet]: --> Executing: ./ganak --verb 0 --bveresolvmaxsz 12 --sbva 1 --maxcache 7800 --tdexpmult 1.1 --tdminw 7 --tdmaxw 60 --arjunoraclefindbins 6 --rdbclstarget 10000 /home/vjurisic/cse3000-how-to-break-a-solver/SharpVelvet/instances/3cnf-400clause-100var-horn/chevu_005_s14694479472150770798_035.cnf in dir /home/vjurisic/cse3000-how-to-break-a-solver/binaries/solvers/
[SharpVelvet]: Counter ganak reports count 48984839234
[SharpVelvet]: 
[SharpVelvet], 2025-01-19, 18h25m55s: Instance 29/1010: /home/vjurisic/cse3000-how-to-break-a-solver/SharpVelvet/instances/3cnf-400clause-100var-horn/chevu_006_s14694479472150770799_008.cnf
[SharpVelvet]: Running counter ganak on instance /home/vjurisic/cse3000-how-to-break-a-solver/SharpVelvet/instances/3cnf-400clause-100var-horn/chevu_006_s14694479472150770799_008.cnf.
[SharpVelvet]: --> Executing: ./ganak --verb 0 --bveresolvmaxsz 12 --sbva 1 --maxcache 7800 --tdexpmult 1.1 --tdminw 7 --tdmaxw 60 --arjunoraclefindbins 6 --rdbclstarget 10000 /home/vjurisic/cse3000-how-to-break-a-solver/SharpVelvet/instances/3cnf-400clause-100var-horn/chevu_006_s14694479472150770799_008.cnf in dir /home/vjurisic/cse3000-how-to-break-a-solver/binaries/solvers/
[SharpVelvet]: Counter d4g reports count 2435216513037500
[SharpVelvet]: 
[SharpVelvet], 2025-01-19, 18h26m47s: Instance 18/1010: /home/vjurisic/cse3000-how-to-break-a-solver/SharpVelvet/instances/3cnf-400clause-100var-horn/chevu_003_s14694479472150770796_066.cnf
[SharpVelvet]: Running counter d4g on instance /home/vjurisic/cse3000-how-to-break-a-solver/SharpVelvet/instances/3cnf-400clause-100var-horn/chevu_003_s14694479472150770796_066.cnf.
[SharpVelvet]: --> Executing: ./d4g /home/vjurisic/cse3000-how-to-break-a-solver/SharpVelvet/instances/3cnf-400clause-100var-horn/chevu_003_s14694479472150770796_066.cnf in dir /home/vjurisic/cse3000-how-to-break-a-solver/binaries/solvers/
[SharpVelvet]: Counter d4g reports count 3684974067
[SharpVelvet]: 
[SharpVelvet], 2025-01-19, 18h26m48s: Instance 19/1010: /home/vjurisic/cse3000-how-to-break-a-solver/SharpVelvet/instances/3cnf-400clause-100var-horn/chevu_009_s14694479472150770802_093.cnf
[SharpVelvet]: Running counter d4g on instance /home/vjurisic/cse3000-how-to-break-a-solver/SharpVelvet/instances/3cnf-400clause-100var-horn/chevu_009_s14694479472150770802_093.cnf.
[SharpVelvet]: --> Executing: ./d4g /home/vjurisic/cse3000-how-to-break-a-solver/SharpVelvet/instances/3cnf-400clause-100var-horn/chevu_009_s14694479472150770802_093.cnf in dir /home/vjurisic/cse3000-how-to-break-a-solver/binaries/solvers/
[SharpVelvet]: Counter ganak reports count 36990356398153396
[SharpVelvet]: 
[SharpVelvet], 2025-01-19, 18h27m16s: Instance 30/1010: /home/vjurisic/cse3000-how-to-break-a-solver/SharpVelvet/instances/3cnf-400clause-100var-horn/chevu_004_s14694479472150770797_084.cnf
[SharpVelvet]: Running counter ganak on instance /home/vjurisic/cse3000-how-to-break-a-solver/SharpVelvet/instances/3cnf-400clause-100var-horn/chevu_004_s14694479472150770797_084.cnf.
[SharpVelvet]: --> Executing: ./ganak --verb 0 --bveresolvmaxsz 12 --sbva 1 --maxcache 7800 --tdexpmult 1.1 --tdminw 7 --tdmaxw 60 --arjunoraclefindbins 6 --rdbclstarget 10000 /home/vjurisic/cse3000-how-to-break-a-solver/SharpVelvet/instances/3cnf-400clause-100var-horn/chevu_004_s14694479472150770797_084.cnf in dir /home/vjurisic/cse3000-how-to-break-a-solver/binaries/solvers/
[SharpVelvet]: Counter ganak reports count 3689948132810
[SharpVelvet]: 
[SharpVelvet], 2025-01-19, 18h27m22s: Instance 31/1010: /home/vjurisic/cse3000-how-to-break-a-solver/SharpVelvet/instances/3cnf-400clause-100var-horn/chevu_003_s14694479472150770796_003.cnf
[SharpVelvet]: Running counter ganak on instance /home/vjurisic/cse3000-how-to-break-a-solver/SharpVelvet/instances/3cnf-400clause-100var-horn/chevu_003_s14694479472150770796_003.cnf.
[SharpVelvet]: --> Executing: ./ganak --verb 0 --bveresolvmaxsz 12 --sbva 1 --maxcache 7800 --tdexpmult 1.1 --tdminw 7 --tdmaxw 60 --arjunoraclefindbins 6 --rdbclstarget 10000 /home/vjurisic/cse3000-how-to-break-a-solver/SharpVelvet/instances/3cnf-400clause-100var-horn/chevu_003_s14694479472150770796_003.cnf in dir /home/vjurisic/cse3000-how-to-break-a-solver/binaries/solvers/
[SharpVelvet]: Counter d4g reports count 559732156590388
[SharpVelvet]: 
[SharpVelvet], 2025-01-19, 18h29m06s: Instance 20/1010: /home/vjurisic/cse3000-how-to-break-a-solver/SharpVelvet/instances/3cnf-400clause-100var-horn/chevu_009_s14694479472150770802_064.cnf
[SharpVelvet]: Running counter d4g on instance /home/vjurisic/cse3000-how-to-break-a-solver/SharpVelvet/instances/3cnf-400clause-100var-horn/chevu_009_s14694479472150770802_064.cnf.
[SharpVelvet]: --> Executing: ./d4g /home/vjurisic/cse3000-how-to-break-a-solver/SharpVelvet/instances/3cnf-400clause-100var-horn/chevu_009_s14694479472150770802_064.cnf in dir /home/vjurisic/cse3000-how-to-break-a-solver/binaries/solvers/
[SharpVelvet]: Counter d4g reports count 4378825178
[SharpVelvet]: 
[SharpVelvet], 2025-01-19, 18h29m06s: Instance 21/1010: /home/vjurisic/cse3000-how-to-break-a-solver/SharpVelvet/instances/3cnf-400clause-100var-horn/chevu_009_s14694479472150770802_084.cnf
[SharpVelvet]: Running counter d4g on instance /home/vjurisic/cse3000-how-to-break-a-solver/SharpVelvet/instances/3cnf-400clause-100var-horn/chevu_009_s14694479472150770802_084.cnf.
[SharpVelvet]: --> Executing: ./d4g /home/vjurisic/cse3000-how-to-break-a-solver/SharpVelvet/instances/3cnf-400clause-100var-horn/chevu_009_s14694479472150770802_084.cnf in dir /home/vjurisic/cse3000-how-to-break-a-solver/binaries/solvers/
[SharpVelvet]: Counter d4g reports count 16286611910683
[SharpVelvet]: 
[SharpVelvet], 2025-01-19, 18h29m16s: Instance 22/1010: /home/vjurisic/cse3000-how-to-break-a-solver/SharpVelvet/instances/3cnf-400clause-100var-horn/chevu_006_s14694479472150770799_042.cnf
[SharpVelvet]: Running counter d4g on instance /home/vjurisic/cse3000-how-to-break-a-solver/SharpVelvet/instances/3cnf-400clause-100var-horn/chevu_006_s14694479472150770799_042.cnf.
[SharpVelvet]: --> Executing: ./d4g /home/vjurisic/cse3000-how-to-break-a-solver/SharpVelvet/instances/3cnf-400clause-100var-horn/chevu_006_s14694479472150770799_042.cnf in dir /home/vjurisic/cse3000-how-to-break-a-solver/binaries/solvers/
[SharpVelvet]: Counter d4g reports count 1531334860
[SharpVelvet]: 
[SharpVelvet], 2025-01-19, 18h29m16s: Instance 23/1010: /home/vjurisic/cse3000-how-to-break-a-solver/SharpVelvet/instances/3cnf-400clause-100var-horn/chevu_008_s14694479472150770801_034.cnf
[SharpVelvet]: Running counter d4g on instance /home/vjurisic/cse3000-how-to-break-a-solver/SharpVelvet/instances/3cnf-400clause-100var-horn/chevu_008_s14694479472150770801_034.cnf.
[SharpVelvet]: --> Executing: ./d4g /home/vjurisic/cse3000-how-to-break-a-solver/SharpVelvet/instances/3cnf-400clause-100var-horn/chevu_008_s14694479472150770801_034.cnf in dir /home/vjurisic/cse3000-how-to-break-a-solver/binaries/solvers/
[SharpVelvet]: Counter d4g reports count 212651325
[SharpVelvet]: 
[SharpVelvet], 2025-01-19, 18h29m16s: Instance 24/1010: /home/vjurisic/cse3000-how-to-break-a-solver/SharpVelvet/instances/3cnf-400clause-100var-horn/chevu_001_s14694479472150770794_056.cnf
[SharpVelvet]: Running counter d4g on instance /home/vjurisic/cse3000-how-to-break-a-solver/SharpVelvet/instances/3cnf-400clause-100var-horn/chevu_001_s14694479472150770794_056.cnf.
[SharpVelvet]: --> Executing: ./d4g /home/vjurisic/cse3000-how-to-break-a-solver/SharpVelvet/instances/3cnf-400clause-100var-horn/chevu_001_s14694479472150770794_056.cnf in dir /home/vjurisic/cse3000-how-to-break-a-solver/binaries/solvers/
[SharpVelvet]: Counter d4g reports count 26460
[SharpVelvet]: 
[SharpVelvet], 2025-01-19, 18h29m16s: Instance 25/1010: /home/vjurisic/cse3000-how-to-break-a-solver/SharpVelvet/instances/3cnf-400clause-100var-horn/chevu_005_s14694479472150770798_012.cnf
[SharpVelvet]: Running counter d4g on instance /home/vjurisic/cse3000-how-to-break-a-solver/SharpVelvet/instances/3cnf-400clause-100var-horn/chevu_005_s14694479472150770798_012.cnf.
[SharpVelvet]: --> Executing: ./d4g /home/vjurisic/cse3000-how-to-break-a-solver/SharpVelvet/instances/3cnf-400clause-100var-horn/chevu_005_s14694479472150770798_012.cnf in dir /home/vjurisic/cse3000-how-to-break-a-solver/binaries/solvers/
[SharpVelvet]: Counter d4g reports count 109000469374785
[SharpVelvet]: 
[SharpVelvet], 2025-01-19, 18h29m29s: Instance 26/1010: /home/vjurisic/cse3000-how-to-break-a-solver/SharpVelvet/instances/3cnf-400clause-100var-horn/chevu_006_s14694479472150770799_091.cnf
[SharpVelvet]: Running counter d4g on instance /home/vjurisic/cse3000-how-to-break-a-solver/SharpVelvet/instances/3cnf-400clause-100var-horn/chevu_006_s14694479472150770799_091.cnf.
[SharpVelvet]: --> Executing: ./d4g /home/vjurisic/cse3000-how-to-break-a-solver/SharpVelvet/instances/3cnf-400clause-100var-horn/chevu_006_s14694479472150770799_091.cnf in dir /home/vjurisic/cse3000-how-to-break-a-solver/binaries/solvers/
[SharpVelvet]: Counter d4g reports count 737699361450790
[SharpVelvet]: 
[SharpVelvet], 2025-01-19, 18h29m55s: Instance 27/1010: /home/vjurisic/cse3000-how-to-break-a-solver/SharpVelvet/instances/3cnf-400clause-100var-horn/chevu_000_s14694479472150770793_077.cnf
[SharpVelvet]: Running counter d4g on instance /home/vjurisic/cse3000-how-to-break-a-solver/SharpVelvet/instances/3cnf-400clause-100var-horn/chevu_000_s14694479472150770793_077.cnf.
[SharpVelvet]: --> Executing: ./d4g /home/vjurisic/cse3000-how-to-break-a-solver/SharpVelvet/instances/3cnf-400clause-100var-horn/chevu_000_s14694479472150770793_077.cnf in dir /home/vjurisic/cse3000-how-to-break-a-solver/binaries/solvers/
[SharpVelvet]: Counter d4g reports count 3864556366825
[SharpVelvet]: 
[SharpVelvet], 2025-01-19, 18h30m10s: Instance 28/1010: /home/vjurisic/cse3000-how-to-break-a-solver/SharpVelvet/instances/3cnf-400clause-100var-horn/chevu_005_s14694479472150770798_035.cnf
[SharpVelvet]: Running counter d4g on instance /home/vjurisic/cse3000-how-to-break-a-solver/SharpVelvet/instances/3cnf-400clause-100var-horn/chevu_005_s14694479472150770798_035.cnf.
[SharpVelvet]: --> Executing: ./d4g /home/vjurisic/cse3000-how-to-break-a-solver/SharpVelvet/instances/3cnf-400clause-100var-horn/chevu_005_s14694479472150770798_035.cnf in dir /home/vjurisic/cse3000-how-to-break-a-solver/binaries/solvers/
[SharpVelvet]: Counter d4g reports count 48984839234
[SharpVelvet]: 
[SharpVelvet], 2025-01-19, 18h30m10s: Instance 29/1010: /home/vjurisic/cse3000-how-to-break-a-solver/SharpVelvet/instances/3cnf-400clause-100var-horn/chevu_006_s14694479472150770799_008.cnf
[SharpVelvet]: Running counter d4g on instance /home/vjurisic/cse3000-how-to-break-a-solver/SharpVelvet/instances/3cnf-400clause-100var-horn/chevu_006_s14694479472150770799_008.cnf.
[SharpVelvet]: --> Executing: ./d4g /home/vjurisic/cse3000-how-to-break-a-solver/SharpVelvet/instances/3cnf-400clause-100var-horn/chevu_006_s14694479472150770799_008.cnf in dir /home/vjurisic/cse3000-how-to-break-a-solver/binaries/solvers/
[SharpVelvet]: Aborted! Counter gpmc exceeded maximum time of 600 s on instance /home/vjurisic/cse3000-how-to-break-a-solver/SharpVelvet/instances/3cnf-400clause-100var-horn/chevu_003_s14694479472150770796_003.cnf.
[SharpVelvet]: Counter gpmc reports count None
[SharpVelvet]: 
[SharpVelvet], 2025-01-19, 18h31m50s: Instance 32/1010: /home/vjurisic/cse3000-how-to-break-a-solver/SharpVelvet/instances/3cnf-400clause-100var-horn/chevu_009_s14694479472150770802_003.cnf
[SharpVelvet]: Running counter gpmc on instance /home/vjurisic/cse3000-how-to-break-a-solver/SharpVelvet/instances/3cnf-400clause-100var-horn/chevu_009_s14694479472150770802_003.cnf.
[SharpVelvet]: --> Executing: ./gpmc /home/vjurisic/cse3000-how-to-break-a-solver/SharpVelvet/instances/3cnf-400clause-100var-horn/chevu_009_s14694479472150770802_003.cnf in dir /home/vjurisic/cse3000-how-to-break-a-solver/binaries/solvers/
[SharpVelvet]: Counter d4g reports count 36990356398153396
[SharpVelvet]: 
[SharpVelvet], 2025-01-19, 18h33m21s: Instance 30/1010: /home/vjurisic/cse3000-how-to-break-a-solver/SharpVelvet/instances/3cnf-400clause-100var-horn/chevu_004_s14694479472150770797_084.cnf
[SharpVelvet]: Running counter d4g on instance /home/vjurisic/cse3000-how-to-break-a-solver/SharpVelvet/instances/3cnf-400clause-100var-horn/chevu_004_s14694479472150770797_084.cnf.
[SharpVelvet]: --> Executing: ./d4g /home/vjurisic/cse3000-how-to-break-a-solver/SharpVelvet/instances/3cnf-400clause-100var-horn/chevu_004_s14694479472150770797_084.cnf in dir /home/vjurisic/cse3000-how-to-break-a-solver/binaries/solvers/
[SharpVelvet]: Counter d4g reports count 3689948132810
[SharpVelvet]: 
[SharpVelvet], 2025-01-19, 18h33m26s: Instance 31/1010: /home/vjurisic/cse3000-how-to-break-a-solver/SharpVelvet/instances/3cnf-400clause-100var-horn/chevu_003_s14694479472150770796_003.cnf
[SharpVelvet]: Running counter d4g on instance /home/vjurisic/cse3000-how-to-break-a-solver/SharpVelvet/instances/3cnf-400clause-100var-horn/chevu_003_s14694479472150770796_003.cnf.
[SharpVelvet]: --> Executing: ./d4g /home/vjurisic/cse3000-how-to-break-a-solver/SharpVelvet/instances/3cnf-400clause-100var-horn/chevu_003_s14694479472150770796_003.cnf in dir /home/vjurisic/cse3000-how-to-break-a-solver/binaries/solvers/
[SharpVelvet]: Aborted! Counter ganak exceeded maximum time of 600 s on instance /home/vjurisic/cse3000-how-to-break-a-solver/SharpVelvet/instances/3cnf-400clause-100var-horn/chevu_003_s14694479472150770796_003.cnf.
[SharpVelvet]: Counter ganak reports count None
[SharpVelvet]: 
[SharpVelvet], 2025-01-19, 18h37m25s: Instance 32/1010: /home/vjurisic/cse3000-how-to-break-a-solver/SharpVelvet/instances/3cnf-400clause-100var-horn/chevu_009_s14694479472150770802_003.cnf
[SharpVelvet]: Running counter ganak on instance /home/vjurisic/cse3000-how-to-break-a-solver/SharpVelvet/instances/3cnf-400clause-100var-horn/chevu_009_s14694479472150770802_003.cnf.
[SharpVelvet]: --> Executing: ./ganak --verb 0 --bveresolvmaxsz 12 --sbva 1 --maxcache 7800 --tdexpmult 1.1 --tdminw 7 --tdmaxw 60 --arjunoraclefindbins 6 --rdbclstarget 10000 /home/vjurisic/cse3000-how-to-break-a-solver/SharpVelvet/instances/3cnf-400clause-100var-horn/chevu_009_s14694479472150770802_003.cnf in dir /home/vjurisic/cse3000-how-to-break-a-solver/binaries/solvers/
