Conda module loaded!
Conda environment 'global-env' activated!
chevu_000_s7_000.cnf
Namespace(counters='/home/vjurisic/cse3000-how-to-break-a-solver/SharpVelvet/tool-config/exp/d4r_counter_config_mc.json', instances='/home/vjurisic/cse3000-how-to-break-a-solver/SharpVelvet/instances/3cnf-500clause-horn2', projected=False, weighted=False, timeout=900, memout=10000, verbosity=2, keep_bugs_only=False, out_dir='/home/vjurisic/cse3000-how-to-break-a-solver/SharpVelvet/out', log_dir='/home/vjurisic/cse3000-how-to-break-a-solver/SharpVelvet/out/logs', verified_counts=None, clean_up_proofs=False)
[SharpVelvet]: 
[SharpVelvet]: 
[SharpVelvet], 2025-01-14, 16h44m30s: Instance 1/303: /home/vjurisic/cse3000-how-to-break-a-solver/SharpVelvet/instances/3cnf-500clause-horn2/chevu_002_s9_039.cnf
[SharpVelvet]: Running counter d4r on instance /home/vjurisic/cse3000-how-to-break-a-solver/SharpVelvet/instances/3cnf-500clause-horn2/chevu_002_s9_039.cnf.
chevu_000_s7_000.cnf
Namespace(counters='/home/vjurisic/cse3000-how-to-break-a-solver/SharpVelvet/tool-config/exp/ganak_counter_config_mc.json', instances='/home/vjurisic/cse3000-how-to-break-a-solver/SharpVelvet/instances/3cnf-500clause-horn2', projected=False, weighted=False, timeout=900, memout=10000, verbosity=2, keep_bugs_only=False, out_dir='/home/vjurisic/cse3000-how-to-break-a-solver/SharpVelvet/out', log_dir='/home/vjurisic/cse3000-how-to-break-a-solver/SharpVelvet/out/logs', verified_counts=None, clean_up_proofs=False)
[SharpVelvet]: 
[SharpVelvet]: --> Executing: ./d4g /home/vjurisic/cse3000-how-to-break-a-solver/SharpVelvet/instances/3cnf-500clause-horn2/chevu_002_s9_039.cnf in dir /home/vjurisic/cse3000-how-to-break-a-solver/binaries/solvers/
chevu_000_s7_000.cnf
Namespace(counters='/home/vjurisic/cse3000-how-to-break-a-solver/SharpVelvet/tool-config/exp/gpmc_counter_config_mc.json', instances='/home/vjurisic/cse3000-how-to-break-a-solver/SharpVelvet/instances/3cnf-500clause-horn2', projected=False, weighted=False, timeout=900, memout=10000, verbosity=2, keep_bugs_only=False, out_dir='/home/vjurisic/cse3000-how-to-break-a-solver/SharpVelvet/out', log_dir='/home/vjurisic/cse3000-how-to-break-a-solver/SharpVelvet/out/logs', verified_counts=None, clean_up_proofs=False)
[SharpVelvet]: 
[SharpVelvet]: 
chevu_000_s7_000.cnf
Namespace(counters='/home/vjurisic/cse3000-how-to-break-a-solver/SharpVelvet/tool-config/exp/d4g_counter_config_mc.json', instances='/home/vjurisic/cse3000-how-to-break-a-solver/SharpVelvet/instances/3cnf-500clause-horn2', projected=False, weighted=False, timeout=900, memout=10000, verbosity=2, keep_bugs_only=False, out_dir='/home/vjurisic/cse3000-how-to-break-a-solver/SharpVelvet/out', log_dir='/home/vjurisic/cse3000-how-to-break-a-solver/SharpVelvet/out/logs', verified_counts=None, clean_up_proofs=False)
[SharpVelvet]: 
[SharpVelvet]: 
[SharpVelvet], 2025-01-14, 16h44m30s: Instance 1/303: /home/vjurisic/cse3000-how-to-break-a-solver/SharpVelvet/instances/3cnf-500clause-horn2/chevu_002_s9_039.cnf
[SharpVelvet]: 
[SharpVelvet], 2025-01-14, 16h44m30s: Instance 1/303: /home/vjurisic/cse3000-how-to-break-a-solver/SharpVelvet/instances/3cnf-500clause-horn2/chevu_002_s9_039.cnf
[SharpVelvet]: Running counter ganak on instance /home/vjurisic/cse3000-how-to-break-a-solver/SharpVelvet/instances/3cnf-500clause-horn2/chevu_002_s9_039.cnf.
[SharpVelvet], 2025-01-14, 16h44m30s: Instance 1/303: /home/vjurisic/cse3000-how-to-break-a-solver/SharpVelvet/instances/3cnf-500clause-horn2/chevu_002_s9_039.cnf
[SharpVelvet]: Running counter gpmc on instance /home/vjurisic/cse3000-how-to-break-a-solver/SharpVelvet/instances/3cnf-500clause-horn2/chevu_002_s9_039.cnf.
[SharpVelvet]: Running counter d4g on instance /home/vjurisic/cse3000-how-to-break-a-solver/SharpVelvet/instances/3cnf-500clause-horn2/chevu_002_s9_039.cnf.
[SharpVelvet]: --> Executing: ./ganak --verb 0 --bveresolvmaxsz 12 --sbva 1 --tdexpmult 1.1 --tdminw 7 --tdmaxw 60 --arjunoraclefindbins 6 --rdbclstarget 10000 /home/vjurisic/cse3000-how-to-break-a-solver/SharpVelvet/instances/3cnf-500clause-horn2/chevu_002_s9_039.cnf in dir /home/vjurisic/cse3000-how-to-break-a-solver/binaries/solvers/
[SharpVelvet]: --> Executing: ./gpmc /home/vjurisic/cse3000-how-to-break-a-solver/SharpVelvet/instances/3cnf-500clause-horn2/chevu_002_s9_039.cnf in dir /home/vjurisic/cse3000-how-to-break-a-solver/binaries/solvers/
[SharpVelvet]: --> Executing: ./d4g /home/vjurisic/cse3000-how-to-break-a-solver/SharpVelvet/instances/3cnf-500clause-horn2/chevu_002_s9_039.cnf in dir /home/vjurisic/cse3000-how-to-break-a-solver/binaries/solvers/
[SharpVelvet]: Counter gpmc reports count 505408
[SharpVelvet]: Counter d4g reports count 505408
[SharpVelvet]: 
[SharpVelvet], 2025-01-14, 16h44m30s: Instance 2/303: /home/vjurisic/cse3000-how-to-break-a-solver/SharpVelvet/instances/3cnf-500clause-horn2/chevu_000_s7_007.cnf
[SharpVelvet]: Running counter d4g on instance /home/vjurisic/cse3000-how-to-break-a-solver/SharpVelvet/instances/3cnf-500clause-horn2/chevu_000_s7_007.cnf.
[SharpVelvet]: --> Executing: ./d4g /home/vjurisic/cse3000-how-to-break-a-solver/SharpVelvet/instances/3cnf-500clause-horn2/chevu_000_s7_007.cnf in dir /home/vjurisic/cse3000-how-to-break-a-solver/binaries/solvers/
[SharpVelvet]: Counter d4r reports count 505408
[SharpVelvet]: 
[SharpVelvet], 2025-01-14, 16h44m30s: Instance 2/303: /home/vjurisic/cse3000-how-to-break-a-solver/SharpVelvet/instances/3cnf-500clause-horn2/chevu_000_s7_007.cnf
[SharpVelvet]: Running counter d4r on instance /home/vjurisic/cse3000-how-to-break-a-solver/SharpVelvet/instances/3cnf-500clause-horn2/chevu_000_s7_007.cnf.
[SharpVelvet]: --> Executing: ./d4g /home/vjurisic/cse3000-how-to-break-a-solver/SharpVelvet/instances/3cnf-500clause-horn2/chevu_000_s7_007.cnf in dir /home/vjurisic/cse3000-how-to-break-a-solver/binaries/solvers/
[SharpVelvet]: 
[SharpVelvet], 2025-01-14, 16h44m30s: Instance 2/303: /home/vjurisic/cse3000-how-to-break-a-solver/SharpVelvet/instances/3cnf-500clause-horn2/chevu_000_s7_007.cnf
[SharpVelvet]: Running counter gpmc on instance /home/vjurisic/cse3000-how-to-break-a-solver/SharpVelvet/instances/3cnf-500clause-horn2/chevu_000_s7_007.cnf.
[SharpVelvet]: --> Executing: ./gpmc /home/vjurisic/cse3000-how-to-break-a-solver/SharpVelvet/instances/3cnf-500clause-horn2/chevu_000_s7_007.cnf in dir /home/vjurisic/cse3000-how-to-break-a-solver/binaries/solvers/
[SharpVelvet]: Counter ganak reports count 505408
[SharpVelvet]: 
[SharpVelvet], 2025-01-14, 16h44m30s: Instance 2/303: /home/vjurisic/cse3000-how-to-break-a-solver/SharpVelvet/instances/3cnf-500clause-horn2/chevu_000_s7_007.cnf
[SharpVelvet]: Running counter ganak on instance /home/vjurisic/cse3000-how-to-break-a-solver/SharpVelvet/instances/3cnf-500clause-horn2/chevu_000_s7_007.cnf.
[SharpVelvet]: --> Executing: ./ganak --verb 0 --bveresolvmaxsz 12 --sbva 1 --tdexpmult 1.1 --tdminw 7 --tdmaxw 60 --arjunoraclefindbins 6 --rdbclstarget 10000 /home/vjurisic/cse3000-how-to-break-a-solver/SharpVelvet/instances/3cnf-500clause-horn2/chevu_000_s7_007.cnf in dir /home/vjurisic/cse3000-how-to-break-a-solver/binaries/solvers/
