Conda module loaded!
Conda environment 'global-env' activated!
chevu_000_s9518162813352053914_000.cnf
Namespace(counters='/home/vjurisic/cse3000-how-to-break-a-solver/SharpVelvet/tool-config/exp/ganak_counter_config_mc.json', instances='/home/vjurisic/cse3000-how-to-break-a-solver/SharpVelvet/instances/3cnf-500clause-110var-horn', projected=False, weighted=False, timeout=600, memout=20000, verbosity=2, keep_bugs_only=False, out_dir='/home/vjurisic/cse3000-how-to-break-a-solver/SharpVelvet/out', log_dir='/home/vjurisic/cse3000-how-to-break-a-solver/SharpVelvet/out/logs', verified_counts=None, clean_up_proofs=False)
[SharpVelvet]: 
[SharpVelvet]: 
[SharpVelvet], 2025-01-19, 17h59m11s: Instance 1/1010: /home/vjurisic/cse3000-how-to-break-a-solver/SharpVelvet/instances/3cnf-500clause-110var-horn/chevu_005_s9518162813352053919_088.cnf
[SharpVelvet]: Running counter ganak on instance /home/vjurisic/cse3000-how-to-break-a-solver/SharpVelvet/instances/3cnf-500clause-110var-horn/chevu_005_s9518162813352053919_088.cnf.
chevu_000_s9518162813352053914_000.cnf
Namespace(counters='/home/vjurisic/cse3000-how-to-break-a-solver/SharpVelvet/tool-config/exp/d4g_counter_config_mc.json', instances='/home/vjurisic/cse3000-how-to-break-a-solver/SharpVelvet/instances/3cnf-500clause-110var-horn', projected=False, weighted=False, timeout=600, memout=20000, verbosity=2, keep_bugs_only=False, out_dir='/home/vjurisic/cse3000-how-to-break-a-solver/SharpVelvet/out', log_dir='/home/vjurisic/cse3000-how-to-break-a-solver/SharpVelvet/out/logs', verified_counts=None, clean_up_proofs=False)
chevu_000_s9518162813352053914_000.cnf
Namespace(counters='/home/vjurisic/cse3000-how-to-break-a-solver/SharpVelvet/tool-config/exp/gpmc_counter_config_mc.json', instances='/home/vjurisic/cse3000-how-to-break-a-solver/SharpVelvet/instances/3cnf-500clause-110var-horn', projected=False, weighted=False, timeout=600, memout=20000, verbosity=2, keep_bugs_only=False, out_dir='/home/vjurisic/cse3000-how-to-break-a-solver/SharpVelvet/out', log_dir='/home/vjurisic/cse3000-how-to-break-a-solver/SharpVelvet/out/logs', verified_counts=None, clean_up_proofs=False)
[SharpVelvet]: 
[SharpVelvet]: 
[SharpVelvet]: 
[SharpVelvet]: 
[SharpVelvet], 2025-01-19, 17h59m11s: Instance 1/1010: /home/vjurisic/cse3000-how-to-break-a-solver/SharpVelvet/instances/3cnf-500clause-110var-horn/chevu_005_s9518162813352053919_088.cnf
[SharpVelvet]: Running counter d4g on instance /home/vjurisic/cse3000-how-to-break-a-solver/SharpVelvet/instances/3cnf-500clause-110var-horn/chevu_005_s9518162813352053919_088.cnf.
[SharpVelvet], 2025-01-19, 17h59m11s: Instance 1/1010: /home/vjurisic/cse3000-how-to-break-a-solver/SharpVelvet/instances/3cnf-500clause-110var-horn/chevu_005_s9518162813352053919_088.cnf
[SharpVelvet]: Running counter gpmc on instance /home/vjurisic/cse3000-how-to-break-a-solver/SharpVelvet/instances/3cnf-500clause-110var-horn/chevu_005_s9518162813352053919_088.cnf.
[SharpVelvet]: --> Executing: ./ganak --verb 0 --bveresolvmaxsz 12 --sbva 1 --maxcache 7800 --tdexpmult 1.1 --tdminw 7 --tdmaxw 60 --arjunoraclefindbins 6 --rdbclstarget 10000 /home/vjurisic/cse3000-how-to-break-a-solver/SharpVelvet/instances/3cnf-500clause-110var-horn/chevu_005_s9518162813352053919_088.cnf in dir /home/vjurisic/cse3000-how-to-break-a-solver/binaries/solvers/
[SharpVelvet]: --> Executing: ./d4g /home/vjurisic/cse3000-how-to-break-a-solver/SharpVelvet/instances/3cnf-500clause-110var-horn/chevu_005_s9518162813352053919_088.cnf in dir /home/vjurisic/cse3000-how-to-break-a-solver/binaries/solvers/
[SharpVelvet]: --> Executing: ./gpmc /home/vjurisic/cse3000-how-to-break-a-solver/SharpVelvet/instances/3cnf-500clause-110var-horn/chevu_005_s9518162813352053919_088.cnf in dir /home/vjurisic/cse3000-how-to-break-a-solver/binaries/solvers/
[SharpVelvet]: Counter gpmc reports count 684896409317102
[SharpVelvet]: 
[SharpVelvet], 2025-01-19, 18h00m23s: Instance 2/1010: /home/vjurisic/cse3000-how-to-break-a-solver/SharpVelvet/instances/3cnf-500clause-110var-horn/chevu_003_s9518162813352053917_065.cnf
[SharpVelvet]: Running counter gpmc on instance /home/vjurisic/cse3000-how-to-break-a-solver/SharpVelvet/instances/3cnf-500clause-110var-horn/chevu_003_s9518162813352053917_065.cnf.
[SharpVelvet]: --> Executing: ./gpmc /home/vjurisic/cse3000-how-to-break-a-solver/SharpVelvet/instances/3cnf-500clause-110var-horn/chevu_003_s9518162813352053917_065.cnf in dir /home/vjurisic/cse3000-how-to-break-a-solver/binaries/solvers/
[SharpVelvet]: Counter gpmc reports count 3584711
[SharpVelvet]: 
[SharpVelvet], 2025-01-19, 18h00m23s: Instance 3/1010: /home/vjurisic/cse3000-how-to-break-a-solver/SharpVelvet/instances/3cnf-500clause-110var-horn/chevu_002_s9518162813352053916_051.cnf
[SharpVelvet]: Running counter gpmc on instance /home/vjurisic/cse3000-how-to-break-a-solver/SharpVelvet/instances/3cnf-500clause-110var-horn/chevu_002_s9518162813352053916_051.cnf.
[SharpVelvet]: --> Executing: ./gpmc /home/vjurisic/cse3000-how-to-break-a-solver/SharpVelvet/instances/3cnf-500clause-110var-horn/chevu_002_s9518162813352053916_051.cnf in dir /home/vjurisic/cse3000-how-to-break-a-solver/binaries/solvers/
[SharpVelvet]: Counter gpmc reports count 797280
[SharpVelvet]: 
[SharpVelvet], 2025-01-19, 18h00m23s: Instance 4/1010: /home/vjurisic/cse3000-how-to-break-a-solver/SharpVelvet/instances/3cnf-500clause-110var-horn/chevu_009_s9518162813352053923_013.cnf
[SharpVelvet]: Running counter gpmc on instance /home/vjurisic/cse3000-how-to-break-a-solver/SharpVelvet/instances/3cnf-500clause-110var-horn/chevu_009_s9518162813352053923_013.cnf.
[SharpVelvet]: --> Executing: ./gpmc /home/vjurisic/cse3000-how-to-break-a-solver/SharpVelvet/instances/3cnf-500clause-110var-horn/chevu_009_s9518162813352053923_013.cnf in dir /home/vjurisic/cse3000-how-to-break-a-solver/binaries/solvers/
[SharpVelvet]: Counter gpmc reports count 1171907709154343
[SharpVelvet]: 
[SharpVelvet], 2025-01-19, 18h00m46s: Instance 5/1010: /home/vjurisic/cse3000-how-to-break-a-solver/SharpVelvet/instances/3cnf-500clause-110var-horn/chevu_006_s9518162813352053920_094.cnf
[SharpVelvet]: Running counter gpmc on instance /home/vjurisic/cse3000-how-to-break-a-solver/SharpVelvet/instances/3cnf-500clause-110var-horn/chevu_006_s9518162813352053920_094.cnf.
[SharpVelvet]: --> Executing: ./gpmc /home/vjurisic/cse3000-how-to-break-a-solver/SharpVelvet/instances/3cnf-500clause-110var-horn/chevu_006_s9518162813352053920_094.cnf in dir /home/vjurisic/cse3000-how-to-break-a-solver/binaries/solvers/
[SharpVelvet]: Counter ganak reports count 684896409317102
[SharpVelvet]: 
[SharpVelvet], 2025-01-19, 18h00m51s: Instance 2/1010: /home/vjurisic/cse3000-how-to-break-a-solver/SharpVelvet/instances/3cnf-500clause-110var-horn/chevu_003_s9518162813352053917_065.cnf
[SharpVelvet]: Running counter ganak on instance /home/vjurisic/cse3000-how-to-break-a-solver/SharpVelvet/instances/3cnf-500clause-110var-horn/chevu_003_s9518162813352053917_065.cnf.
[SharpVelvet]: --> Executing: ./ganak --verb 0 --bveresolvmaxsz 12 --sbva 1 --maxcache 7800 --tdexpmult 1.1 --tdminw 7 --tdmaxw 60 --arjunoraclefindbins 6 --rdbclstarget 10000 /home/vjurisic/cse3000-how-to-break-a-solver/SharpVelvet/instances/3cnf-500clause-110var-horn/chevu_003_s9518162813352053917_065.cnf in dir /home/vjurisic/cse3000-how-to-break-a-solver/binaries/solvers/
[SharpVelvet]: Counter ganak reports count 3584711
[SharpVelvet]: 
[SharpVelvet], 2025-01-19, 18h00m53s: Instance 3/1010: /home/vjurisic/cse3000-how-to-break-a-solver/SharpVelvet/instances/3cnf-500clause-110var-horn/chevu_002_s9518162813352053916_051.cnf
[SharpVelvet]: Running counter ganak on instance /home/vjurisic/cse3000-how-to-break-a-solver/SharpVelvet/instances/3cnf-500clause-110var-horn/chevu_002_s9518162813352053916_051.cnf.
[SharpVelvet]: --> Executing: ./ganak --verb 0 --bveresolvmaxsz 12 --sbva 1 --maxcache 7800 --tdexpmult 1.1 --tdminw 7 --tdmaxw 60 --arjunoraclefindbins 6 --rdbclstarget 10000 /home/vjurisic/cse3000-how-to-break-a-solver/SharpVelvet/instances/3cnf-500clause-110var-horn/chevu_002_s9518162813352053916_051.cnf in dir /home/vjurisic/cse3000-how-to-break-a-solver/binaries/solvers/
[SharpVelvet]: Counter ganak reports count 797280
[SharpVelvet]: 
[SharpVelvet], 2025-01-19, 18h00m54s: Instance 4/1010: /home/vjurisic/cse3000-how-to-break-a-solver/SharpVelvet/instances/3cnf-500clause-110var-horn/chevu_009_s9518162813352053923_013.cnf
[SharpVelvet]: Running counter ganak on instance /home/vjurisic/cse3000-how-to-break-a-solver/SharpVelvet/instances/3cnf-500clause-110var-horn/chevu_009_s9518162813352053923_013.cnf.
[SharpVelvet]: --> Executing: ./ganak --verb 0 --bveresolvmaxsz 12 --sbva 1 --maxcache 7800 --tdexpmult 1.1 --tdminw 7 --tdmaxw 60 --arjunoraclefindbins 6 --rdbclstarget 10000 /home/vjurisic/cse3000-how-to-break-a-solver/SharpVelvet/instances/3cnf-500clause-110var-horn/chevu_009_s9518162813352053923_013.cnf in dir /home/vjurisic/cse3000-how-to-break-a-solver/binaries/solvers/
[SharpVelvet]: Counter d4g reports count 684896409317102
[SharpVelvet]: 
[SharpVelvet], 2025-01-19, 18h01m15s: Instance 2/1010: /home/vjurisic/cse3000-how-to-break-a-solver/SharpVelvet/instances/3cnf-500clause-110var-horn/chevu_003_s9518162813352053917_065.cnf
[SharpVelvet]: Running counter d4g on instance /home/vjurisic/cse3000-how-to-break-a-solver/SharpVelvet/instances/3cnf-500clause-110var-horn/chevu_003_s9518162813352053917_065.cnf.
[SharpVelvet]: --> Executing: ./d4g /home/vjurisic/cse3000-how-to-break-a-solver/SharpVelvet/instances/3cnf-500clause-110var-horn/chevu_003_s9518162813352053917_065.cnf in dir /home/vjurisic/cse3000-how-to-break-a-solver/binaries/solvers/
[SharpVelvet]: Counter d4g reports count 3584711
[SharpVelvet]: 
[SharpVelvet], 2025-01-19, 18h01m16s: Instance 3/1010: /home/vjurisic/cse3000-how-to-break-a-solver/SharpVelvet/instances/3cnf-500clause-110var-horn/chevu_002_s9518162813352053916_051.cnf
[SharpVelvet]: Running counter d4g on instance /home/vjurisic/cse3000-how-to-break-a-solver/SharpVelvet/instances/3cnf-500clause-110var-horn/chevu_002_s9518162813352053916_051.cnf.
[SharpVelvet]: --> Executing: ./d4g /home/vjurisic/cse3000-how-to-break-a-solver/SharpVelvet/instances/3cnf-500clause-110var-horn/chevu_002_s9518162813352053916_051.cnf in dir /home/vjurisic/cse3000-how-to-break-a-solver/binaries/solvers/
[SharpVelvet]: Counter d4g reports count 797280
[SharpVelvet]: 
[SharpVelvet], 2025-01-19, 18h01m16s: Instance 4/1010: /home/vjurisic/cse3000-how-to-break-a-solver/SharpVelvet/instances/3cnf-500clause-110var-horn/chevu_009_s9518162813352053923_013.cnf
[SharpVelvet]: Running counter d4g on instance /home/vjurisic/cse3000-how-to-break-a-solver/SharpVelvet/instances/3cnf-500clause-110var-horn/chevu_009_s9518162813352053923_013.cnf.
[SharpVelvet]: --> Executing: ./d4g /home/vjurisic/cse3000-how-to-break-a-solver/SharpVelvet/instances/3cnf-500clause-110var-horn/chevu_009_s9518162813352053923_013.cnf in dir /home/vjurisic/cse3000-how-to-break-a-solver/binaries/solvers/
[SharpVelvet]: Counter ganak reports count 1171907709154343
[SharpVelvet]: 
[SharpVelvet], 2025-01-19, 18h01m33s: Instance 5/1010: /home/vjurisic/cse3000-how-to-break-a-solver/SharpVelvet/instances/3cnf-500clause-110var-horn/chevu_006_s9518162813352053920_094.cnf
[SharpVelvet]: Running counter ganak on instance /home/vjurisic/cse3000-how-to-break-a-solver/SharpVelvet/instances/3cnf-500clause-110var-horn/chevu_006_s9518162813352053920_094.cnf.
[SharpVelvet]: --> Executing: ./ganak --verb 0 --bveresolvmaxsz 12 --sbva 1 --maxcache 7800 --tdexpmult 1.1 --tdminw 7 --tdmaxw 60 --arjunoraclefindbins 6 --rdbclstarget 10000 /home/vjurisic/cse3000-how-to-break-a-solver/SharpVelvet/instances/3cnf-500clause-110var-horn/chevu_006_s9518162813352053920_094.cnf in dir /home/vjurisic/cse3000-how-to-break-a-solver/binaries/solvers/
[SharpVelvet]: Counter d4g reports count 1171907709154343
[SharpVelvet]: 
[SharpVelvet], 2025-01-19, 18h01m59s: Instance 5/1010: /home/vjurisic/cse3000-how-to-break-a-solver/SharpVelvet/instances/3cnf-500clause-110var-horn/chevu_006_s9518162813352053920_094.cnf
[SharpVelvet]: Running counter d4g on instance /home/vjurisic/cse3000-how-to-break-a-solver/SharpVelvet/instances/3cnf-500clause-110var-horn/chevu_006_s9518162813352053920_094.cnf.
[SharpVelvet]: --> Executing: ./d4g /home/vjurisic/cse3000-how-to-break-a-solver/SharpVelvet/instances/3cnf-500clause-110var-horn/chevu_006_s9518162813352053920_094.cnf in dir /home/vjurisic/cse3000-how-to-break-a-solver/binaries/solvers/
[SharpVelvet]: Counter gpmc reports count 12649539449837038
[SharpVelvet]: 
[SharpVelvet], 2025-01-19, 18h04m19s: Instance 6/1010: /home/vjurisic/cse3000-how-to-break-a-solver/SharpVelvet/instances/3cnf-500clause-110var-horn/chevu_007_s9518162813352053921_043.cnf
[SharpVelvet]: Running counter gpmc on instance /home/vjurisic/cse3000-how-to-break-a-solver/SharpVelvet/instances/3cnf-500clause-110var-horn/chevu_007_s9518162813352053921_043.cnf.
[SharpVelvet]: --> Executing: ./gpmc /home/vjurisic/cse3000-how-to-break-a-solver/SharpVelvet/instances/3cnf-500clause-110var-horn/chevu_007_s9518162813352053921_043.cnf in dir /home/vjurisic/cse3000-how-to-break-a-solver/binaries/solvers/
[SharpVelvet]: Counter gpmc reports count 11344396372
[SharpVelvet]: 
[SharpVelvet], 2025-01-19, 18h04m19s: Instance 7/1010: /home/vjurisic/cse3000-how-to-break-a-solver/SharpVelvet/instances/3cnf-500clause-110var-horn/chevu_000_s9518162813352053914_037.cnf
[SharpVelvet]: Running counter gpmc on instance /home/vjurisic/cse3000-how-to-break-a-solver/SharpVelvet/instances/3cnf-500clause-110var-horn/chevu_000_s9518162813352053914_037.cnf.
[SharpVelvet]: --> Executing: ./gpmc /home/vjurisic/cse3000-how-to-break-a-solver/SharpVelvet/instances/3cnf-500clause-110var-horn/chevu_000_s9518162813352053914_037.cnf in dir /home/vjurisic/cse3000-how-to-break-a-solver/binaries/solvers/
[SharpVelvet]: Counter gpmc reports count 48866
[SharpVelvet]: 
[SharpVelvet], 2025-01-19, 18h04m19s: Instance 8/1010: /home/vjurisic/cse3000-how-to-break-a-solver/SharpVelvet/instances/3cnf-500clause-110var-horn/chevu_009_s9518162813352053923_060.cnf
[SharpVelvet]: Running counter gpmc on instance /home/vjurisic/cse3000-how-to-break-a-solver/SharpVelvet/instances/3cnf-500clause-110var-horn/chevu_009_s9518162813352053923_060.cnf.
[SharpVelvet]: --> Executing: ./gpmc /home/vjurisic/cse3000-how-to-break-a-solver/SharpVelvet/instances/3cnf-500clause-110var-horn/chevu_009_s9518162813352053923_060.cnf in dir /home/vjurisic/cse3000-how-to-break-a-solver/binaries/solvers/
[SharpVelvet]: Counter gpmc reports count 0
[SharpVelvet]: 
[SharpVelvet], 2025-01-19, 18h04m19s: Instance 9/1010: /home/vjurisic/cse3000-how-to-break-a-solver/SharpVelvet/instances/3cnf-500clause-110var-horn/chevu_003_s9518162813352053917_036.cnf
[SharpVelvet]: Running counter gpmc on instance /home/vjurisic/cse3000-how-to-break-a-solver/SharpVelvet/instances/3cnf-500clause-110var-horn/chevu_003_s9518162813352053917_036.cnf.
[SharpVelvet]: --> Executing: ./gpmc /home/vjurisic/cse3000-how-to-break-a-solver/SharpVelvet/instances/3cnf-500clause-110var-horn/chevu_003_s9518162813352053917_036.cnf in dir /home/vjurisic/cse3000-how-to-break-a-solver/binaries/solvers/
[SharpVelvet]: Counter gpmc reports count 21305778
[SharpVelvet]: 
[SharpVelvet], 2025-01-19, 18h04m19s: Instance 10/1010: /home/vjurisic/cse3000-how-to-break-a-solver/SharpVelvet/instances/3cnf-500clause-110var-horn/chevu_000_s9518162813352053914_092.cnf
[SharpVelvet]: Running counter gpmc on instance /home/vjurisic/cse3000-how-to-break-a-solver/SharpVelvet/instances/3cnf-500clause-110var-horn/chevu_000_s9518162813352053914_092.cnf.
[SharpVelvet]: --> Executing: ./gpmc /home/vjurisic/cse3000-how-to-break-a-solver/SharpVelvet/instances/3cnf-500clause-110var-horn/chevu_000_s9518162813352053914_092.cnf in dir /home/vjurisic/cse3000-how-to-break-a-solver/binaries/solvers/
[SharpVelvet]: Counter gpmc reports count 240640943594738
[SharpVelvet]: 
[SharpVelvet], 2025-01-19, 18h04m43s: Instance 11/1010: /home/vjurisic/cse3000-how-to-break-a-solver/SharpVelvet/instances/3cnf-500clause-110var-horn/chevu_001_s9518162813352053915_096.cnf
[SharpVelvet]: Running counter gpmc on instance /home/vjurisic/cse3000-how-to-break-a-solver/SharpVelvet/instances/3cnf-500clause-110var-horn/chevu_001_s9518162813352053915_096.cnf.
[SharpVelvet]: --> Executing: ./gpmc /home/vjurisic/cse3000-how-to-break-a-solver/SharpVelvet/instances/3cnf-500clause-110var-horn/chevu_001_s9518162813352053915_096.cnf in dir /home/vjurisic/cse3000-how-to-break-a-solver/binaries/solvers/
[SharpVelvet]: Counter ganak reports count 12649539449837038
[SharpVelvet]: 
[SharpVelvet], 2025-01-19, 18h06m27s: Instance 6/1010: /home/vjurisic/cse3000-how-to-break-a-solver/SharpVelvet/instances/3cnf-500clause-110var-horn/chevu_007_s9518162813352053921_043.cnf
[SharpVelvet]: Running counter ganak on instance /home/vjurisic/cse3000-how-to-break-a-solver/SharpVelvet/instances/3cnf-500clause-110var-horn/chevu_007_s9518162813352053921_043.cnf.
[SharpVelvet]: --> Executing: ./ganak --verb 0 --bveresolvmaxsz 12 --sbva 1 --maxcache 7800 --tdexpmult 1.1 --tdminw 7 --tdmaxw 60 --arjunoraclefindbins 6 --rdbclstarget 10000 /home/vjurisic/cse3000-how-to-break-a-solver/SharpVelvet/instances/3cnf-500clause-110var-horn/chevu_007_s9518162813352053921_043.cnf in dir /home/vjurisic/cse3000-how-to-break-a-solver/binaries/solvers/
[SharpVelvet]: Counter ganak reports count 11344396372
[SharpVelvet]: 
[SharpVelvet], 2025-01-19, 18h06m30s: Instance 7/1010: /home/vjurisic/cse3000-how-to-break-a-solver/SharpVelvet/instances/3cnf-500clause-110var-horn/chevu_000_s9518162813352053914_037.cnf
[SharpVelvet]: Running counter ganak on instance /home/vjurisic/cse3000-how-to-break-a-solver/SharpVelvet/instances/3cnf-500clause-110var-horn/chevu_000_s9518162813352053914_037.cnf.
[SharpVelvet]: --> Executing: ./ganak --verb 0 --bveresolvmaxsz 12 --sbva 1 --maxcache 7800 --tdexpmult 1.1 --tdminw 7 --tdmaxw 60 --arjunoraclefindbins 6 --rdbclstarget 10000 /home/vjurisic/cse3000-how-to-break-a-solver/SharpVelvet/instances/3cnf-500clause-110var-horn/chevu_000_s9518162813352053914_037.cnf in dir /home/vjurisic/cse3000-how-to-break-a-solver/binaries/solvers/
[SharpVelvet]: Counter ganak reports count 48866
[SharpVelvet]: 
[SharpVelvet], 2025-01-19, 18h06m31s: Instance 8/1010: /home/vjurisic/cse3000-how-to-break-a-solver/SharpVelvet/instances/3cnf-500clause-110var-horn/chevu_009_s9518162813352053923_060.cnf
[SharpVelvet]: Running counter ganak on instance /home/vjurisic/cse3000-how-to-break-a-solver/SharpVelvet/instances/3cnf-500clause-110var-horn/chevu_009_s9518162813352053923_060.cnf.
[SharpVelvet]: --> Executing: ./ganak --verb 0 --bveresolvmaxsz 12 --sbva 1 --maxcache 7800 --tdexpmult 1.1 --tdminw 7 --tdmaxw 60 --arjunoraclefindbins 6 --rdbclstarget 10000 /home/vjurisic/cse3000-how-to-break-a-solver/SharpVelvet/instances/3cnf-500clause-110var-horn/chevu_009_s9518162813352053923_060.cnf in dir /home/vjurisic/cse3000-how-to-break-a-solver/binaries/solvers/
[SharpVelvet]: Counter ganak reports count 0
[SharpVelvet]: 
[SharpVelvet], 2025-01-19, 18h06m31s: Instance 9/1010: /home/vjurisic/cse3000-how-to-break-a-solver/SharpVelvet/instances/3cnf-500clause-110var-horn/chevu_003_s9518162813352053917_036.cnf
[SharpVelvet]: Running counter ganak on instance /home/vjurisic/cse3000-how-to-break-a-solver/SharpVelvet/instances/3cnf-500clause-110var-horn/chevu_003_s9518162813352053917_036.cnf.
[SharpVelvet]: --> Executing: ./ganak --verb 0 --bveresolvmaxsz 12 --sbva 1 --maxcache 7800 --tdexpmult 1.1 --tdminw 7 --tdmaxw 60 --arjunoraclefindbins 6 --rdbclstarget 10000 /home/vjurisic/cse3000-how-to-break-a-solver/SharpVelvet/instances/3cnf-500clause-110var-horn/chevu_003_s9518162813352053917_036.cnf in dir /home/vjurisic/cse3000-how-to-break-a-solver/binaries/solvers/
[SharpVelvet]: Counter ganak reports count 21305778
[SharpVelvet]: 
[SharpVelvet], 2025-01-19, 18h06m33s: Instance 10/1010: /home/vjurisic/cse3000-how-to-break-a-solver/SharpVelvet/instances/3cnf-500clause-110var-horn/chevu_000_s9518162813352053914_092.cnf
[SharpVelvet]: Running counter ganak on instance /home/vjurisic/cse3000-how-to-break-a-solver/SharpVelvet/instances/3cnf-500clause-110var-horn/chevu_000_s9518162813352053914_092.cnf.
[SharpVelvet]: --> Executing: ./ganak --verb 0 --bveresolvmaxsz 12 --sbva 1 --maxcache 7800 --tdexpmult 1.1 --tdminw 7 --tdmaxw 60 --arjunoraclefindbins 6 --rdbclstarget 10000 /home/vjurisic/cse3000-how-to-break-a-solver/SharpVelvet/instances/3cnf-500clause-110var-horn/chevu_000_s9518162813352053914_092.cnf in dir /home/vjurisic/cse3000-how-to-break-a-solver/binaries/solvers/
[SharpVelvet]: Counter ganak reports count 240640943594738
[SharpVelvet]: 
[SharpVelvet], 2025-01-19, 18h07m08s: Instance 11/1010: /home/vjurisic/cse3000-how-to-break-a-solver/SharpVelvet/instances/3cnf-500clause-110var-horn/chevu_001_s9518162813352053915_096.cnf
[SharpVelvet]: Running counter ganak on instance /home/vjurisic/cse3000-how-to-break-a-solver/SharpVelvet/instances/3cnf-500clause-110var-horn/chevu_001_s9518162813352053915_096.cnf.
[SharpVelvet]: --> Executing: ./ganak --verb 0 --bveresolvmaxsz 12 --sbva 1 --maxcache 7800 --tdexpmult 1.1 --tdminw 7 --tdmaxw 60 --arjunoraclefindbins 6 --rdbclstarget 10000 /home/vjurisic/cse3000-how-to-break-a-solver/SharpVelvet/instances/3cnf-500clause-110var-horn/chevu_001_s9518162813352053915_096.cnf in dir /home/vjurisic/cse3000-how-to-break-a-solver/binaries/solvers/
[SharpVelvet]: Counter d4g reports count 12649539449837038
[SharpVelvet]: 
[SharpVelvet], 2025-01-19, 18h07m20s: Instance 6/1010: /home/vjurisic/cse3000-how-to-break-a-solver/SharpVelvet/instances/3cnf-500clause-110var-horn/chevu_007_s9518162813352053921_043.cnf
[SharpVelvet]: Running counter d4g on instance /home/vjurisic/cse3000-how-to-break-a-solver/SharpVelvet/instances/3cnf-500clause-110var-horn/chevu_007_s9518162813352053921_043.cnf.
[SharpVelvet]: --> Executing: ./d4g /home/vjurisic/cse3000-how-to-break-a-solver/SharpVelvet/instances/3cnf-500clause-110var-horn/chevu_007_s9518162813352053921_043.cnf in dir /home/vjurisic/cse3000-how-to-break-a-solver/binaries/solvers/
[SharpVelvet]: Counter d4g reports count 11344396372
[SharpVelvet]: 
[SharpVelvet], 2025-01-19, 18h07m20s: Instance 7/1010: /home/vjurisic/cse3000-how-to-break-a-solver/SharpVelvet/instances/3cnf-500clause-110var-horn/chevu_000_s9518162813352053914_037.cnf
[SharpVelvet]: Running counter d4g on instance /home/vjurisic/cse3000-how-to-break-a-solver/SharpVelvet/instances/3cnf-500clause-110var-horn/chevu_000_s9518162813352053914_037.cnf.
[SharpVelvet]: --> Executing: ./d4g /home/vjurisic/cse3000-how-to-break-a-solver/SharpVelvet/instances/3cnf-500clause-110var-horn/chevu_000_s9518162813352053914_037.cnf in dir /home/vjurisic/cse3000-how-to-break-a-solver/binaries/solvers/
[SharpVelvet]: Counter d4g reports count 48866
[SharpVelvet]: 
[SharpVelvet], 2025-01-19, 18h07m21s: Instance 8/1010: /home/vjurisic/cse3000-how-to-break-a-solver/SharpVelvet/instances/3cnf-500clause-110var-horn/chevu_009_s9518162813352053923_060.cnf
[SharpVelvet]: Running counter d4g on instance /home/vjurisic/cse3000-how-to-break-a-solver/SharpVelvet/instances/3cnf-500clause-110var-horn/chevu_009_s9518162813352053923_060.cnf.
[SharpVelvet]: --> Executing: ./d4g /home/vjurisic/cse3000-how-to-break-a-solver/SharpVelvet/instances/3cnf-500clause-110var-horn/chevu_009_s9518162813352053923_060.cnf in dir /home/vjurisic/cse3000-how-to-break-a-solver/binaries/solvers/
[SharpVelvet]: Counter d4g reports count 0
[SharpVelvet]: 
[SharpVelvet], 2025-01-19, 18h07m21s: Instance 9/1010: /home/vjurisic/cse3000-how-to-break-a-solver/SharpVelvet/instances/3cnf-500clause-110var-horn/chevu_003_s9518162813352053917_036.cnf
[SharpVelvet]: Running counter d4g on instance /home/vjurisic/cse3000-how-to-break-a-solver/SharpVelvet/instances/3cnf-500clause-110var-horn/chevu_003_s9518162813352053917_036.cnf.
[SharpVelvet]: --> Executing: ./d4g /home/vjurisic/cse3000-how-to-break-a-solver/SharpVelvet/instances/3cnf-500clause-110var-horn/chevu_003_s9518162813352053917_036.cnf in dir /home/vjurisic/cse3000-how-to-break-a-solver/binaries/solvers/
[SharpVelvet]: Counter d4g reports count 21305778
[SharpVelvet]: 
[SharpVelvet], 2025-01-19, 18h07m21s: Instance 10/1010: /home/vjurisic/cse3000-how-to-break-a-solver/SharpVelvet/instances/3cnf-500clause-110var-horn/chevu_000_s9518162813352053914_092.cnf
[SharpVelvet]: Running counter d4g on instance /home/vjurisic/cse3000-how-to-break-a-solver/SharpVelvet/instances/3cnf-500clause-110var-horn/chevu_000_s9518162813352053914_092.cnf.
[SharpVelvet]: --> Executing: ./d4g /home/vjurisic/cse3000-how-to-break-a-solver/SharpVelvet/instances/3cnf-500clause-110var-horn/chevu_000_s9518162813352053914_092.cnf in dir /home/vjurisic/cse3000-how-to-break-a-solver/binaries/solvers/
[SharpVelvet]: Counter d4g reports count 240640943594738
[SharpVelvet]: 
[SharpVelvet], 2025-01-19, 18h08m04s: Instance 11/1010: /home/vjurisic/cse3000-how-to-break-a-solver/SharpVelvet/instances/3cnf-500clause-110var-horn/chevu_001_s9518162813352053915_096.cnf
[SharpVelvet]: Running counter d4g on instance /home/vjurisic/cse3000-how-to-break-a-solver/SharpVelvet/instances/3cnf-500clause-110var-horn/chevu_001_s9518162813352053915_096.cnf.
[SharpVelvet]: --> Executing: ./d4g /home/vjurisic/cse3000-how-to-break-a-solver/SharpVelvet/instances/3cnf-500clause-110var-horn/chevu_001_s9518162813352053915_096.cnf in dir /home/vjurisic/cse3000-how-to-break-a-solver/binaries/solvers/
[SharpVelvet]: Counter ganak reports count 18415392671573133
[SharpVelvet]: 
[SharpVelvet], 2025-01-19, 18h12m01s: Instance 12/1010: /home/vjurisic/cse3000-how-to-break-a-solver/SharpVelvet/instances/3cnf-500clause-110var-horn/chevu_001_s9518162813352053915_039.cnf
[SharpVelvet]: Running counter ganak on instance /home/vjurisic/cse3000-how-to-break-a-solver/SharpVelvet/instances/3cnf-500clause-110var-horn/chevu_001_s9518162813352053915_039.cnf.
[SharpVelvet]: --> Executing: ./ganak --verb 0 --bveresolvmaxsz 12 --sbva 1 --maxcache 7800 --tdexpmult 1.1 --tdminw 7 --tdmaxw 60 --arjunoraclefindbins 6 --rdbclstarget 10000 /home/vjurisic/cse3000-how-to-break-a-solver/SharpVelvet/instances/3cnf-500clause-110var-horn/chevu_001_s9518162813352053915_039.cnf in dir /home/vjurisic/cse3000-how-to-break-a-solver/binaries/solvers/
[SharpVelvet]: Counter gpmc reports count 18415392671573133
[SharpVelvet]: 
[SharpVelvet], 2025-01-19, 18h12m02s: Instance 12/1010: /home/vjurisic/cse3000-how-to-break-a-solver/SharpVelvet/instances/3cnf-500clause-110var-horn/chevu_001_s9518162813352053915_039.cnf
[SharpVelvet]: Running counter gpmc on instance /home/vjurisic/cse3000-how-to-break-a-solver/SharpVelvet/instances/3cnf-500clause-110var-horn/chevu_001_s9518162813352053915_039.cnf.
[SharpVelvet]: --> Executing: ./gpmc /home/vjurisic/cse3000-how-to-break-a-solver/SharpVelvet/instances/3cnf-500clause-110var-horn/chevu_001_s9518162813352053915_039.cnf in dir /home/vjurisic/cse3000-how-to-break-a-solver/binaries/solvers/
[SharpVelvet]: Counter gpmc reports count 39982648
[SharpVelvet]: 
[SharpVelvet], 2025-01-19, 18h12m02s: Instance 13/1010: /home/vjurisic/cse3000-how-to-break-a-solver/SharpVelvet/instances/3cnf-500clause-110var-horn/chevu_009_s9518162813352053923_095.cnf
[SharpVelvet]: Running counter gpmc on instance /home/vjurisic/cse3000-how-to-break-a-solver/SharpVelvet/instances/3cnf-500clause-110var-horn/chevu_009_s9518162813352053923_095.cnf.
[SharpVelvet]: --> Executing: ./gpmc /home/vjurisic/cse3000-how-to-break-a-solver/SharpVelvet/instances/3cnf-500clause-110var-horn/chevu_009_s9518162813352053923_095.cnf in dir /home/vjurisic/cse3000-how-to-break-a-solver/binaries/solvers/
[SharpVelvet]: Counter ganak reports count 39982648
[SharpVelvet]: 
[SharpVelvet], 2025-01-19, 18h12m02s: Instance 13/1010: /home/vjurisic/cse3000-how-to-break-a-solver/SharpVelvet/instances/3cnf-500clause-110var-horn/chevu_009_s9518162813352053923_095.cnf
[SharpVelvet]: Running counter ganak on instance /home/vjurisic/cse3000-how-to-break-a-solver/SharpVelvet/instances/3cnf-500clause-110var-horn/chevu_009_s9518162813352053923_095.cnf.
[SharpVelvet]: --> Executing: ./ganak --verb 0 --bveresolvmaxsz 12 --sbva 1 --maxcache 7800 --tdexpmult 1.1 --tdminw 7 --tdmaxw 60 --arjunoraclefindbins 6 --rdbclstarget 10000 /home/vjurisic/cse3000-how-to-break-a-solver/SharpVelvet/instances/3cnf-500clause-110var-horn/chevu_009_s9518162813352053923_095.cnf in dir /home/vjurisic/cse3000-how-to-break-a-solver/binaries/solvers/
[SharpVelvet]: Counter gpmc reports count 256974460682752
[SharpVelvet]: 
[SharpVelvet], 2025-01-19, 18h13m24s: Instance 14/1010: /home/vjurisic/cse3000-how-to-break-a-solver/SharpVelvet/instances/3cnf-500clause-110var-horn/chevu_002_s9518162813352053916_005.cnf
[SharpVelvet]: Running counter gpmc on instance /home/vjurisic/cse3000-how-to-break-a-solver/SharpVelvet/instances/3cnf-500clause-110var-horn/chevu_002_s9518162813352053916_005.cnf.
[SharpVelvet]: --> Executing: ./gpmc /home/vjurisic/cse3000-how-to-break-a-solver/SharpVelvet/instances/3cnf-500clause-110var-horn/chevu_002_s9518162813352053916_005.cnf in dir /home/vjurisic/cse3000-how-to-break-a-solver/binaries/solvers/
[SharpVelvet]: Counter ganak reports count 256974460682752
[SharpVelvet]: 
[SharpVelvet], 2025-01-19, 18h14m38s: Instance 14/1010: /home/vjurisic/cse3000-how-to-break-a-solver/SharpVelvet/instances/3cnf-500clause-110var-horn/chevu_002_s9518162813352053916_005.cnf
[SharpVelvet]: Running counter ganak on instance /home/vjurisic/cse3000-how-to-break-a-solver/SharpVelvet/instances/3cnf-500clause-110var-horn/chevu_002_s9518162813352053916_005.cnf.
[SharpVelvet]: --> Executing: ./ganak --verb 0 --bveresolvmaxsz 12 --sbva 1 --maxcache 7800 --tdexpmult 1.1 --tdminw 7 --tdmaxw 60 --arjunoraclefindbins 6 --rdbclstarget 10000 /home/vjurisic/cse3000-how-to-break-a-solver/SharpVelvet/instances/3cnf-500clause-110var-horn/chevu_002_s9518162813352053916_005.cnf in dir /home/vjurisic/cse3000-how-to-break-a-solver/binaries/solvers/
[SharpVelvet]: Aborted! Counter d4g exceeded maximum time of 600 s on instance /home/vjurisic/cse3000-how-to-break-a-solver/SharpVelvet/instances/3cnf-500clause-110var-horn/chevu_001_s9518162813352053915_096.cnf.
[SharpVelvet]: Counter d4g reports count None
[SharpVelvet]: 
[SharpVelvet], 2025-01-19, 18h18m07s: Instance 12/1010: /home/vjurisic/cse3000-how-to-break-a-solver/SharpVelvet/instances/3cnf-500clause-110var-horn/chevu_001_s9518162813352053915_039.cnf
[SharpVelvet]: Running counter d4g on instance /home/vjurisic/cse3000-how-to-break-a-solver/SharpVelvet/instances/3cnf-500clause-110var-horn/chevu_001_s9518162813352053915_039.cnf.
[SharpVelvet]: --> Executing: ./d4g /home/vjurisic/cse3000-how-to-break-a-solver/SharpVelvet/instances/3cnf-500clause-110var-horn/chevu_001_s9518162813352053915_039.cnf in dir /home/vjurisic/cse3000-how-to-break-a-solver/binaries/solvers/
[SharpVelvet]: Counter d4g reports count 39982648
[SharpVelvet]: 
[SharpVelvet], 2025-01-19, 18h18m07s: Instance 13/1010: /home/vjurisic/cse3000-how-to-break-a-solver/SharpVelvet/instances/3cnf-500clause-110var-horn/chevu_009_s9518162813352053923_095.cnf
[SharpVelvet]: Running counter d4g on instance /home/vjurisic/cse3000-how-to-break-a-solver/SharpVelvet/instances/3cnf-500clause-110var-horn/chevu_009_s9518162813352053923_095.cnf.
[SharpVelvet]: --> Executing: ./d4g /home/vjurisic/cse3000-how-to-break-a-solver/SharpVelvet/instances/3cnf-500clause-110var-horn/chevu_009_s9518162813352053923_095.cnf in dir /home/vjurisic/cse3000-how-to-break-a-solver/binaries/solvers/
[SharpVelvet]: Counter d4g reports count 256974460682752
[SharpVelvet]: 
[SharpVelvet], 2025-01-19, 18h20m35s: Instance 14/1010: /home/vjurisic/cse3000-how-to-break-a-solver/SharpVelvet/instances/3cnf-500clause-110var-horn/chevu_002_s9518162813352053916_005.cnf
[SharpVelvet]: Running counter d4g on instance /home/vjurisic/cse3000-how-to-break-a-solver/SharpVelvet/instances/3cnf-500clause-110var-horn/chevu_002_s9518162813352053916_005.cnf.
[SharpVelvet]: --> Executing: ./d4g /home/vjurisic/cse3000-how-to-break-a-solver/SharpVelvet/instances/3cnf-500clause-110var-horn/chevu_002_s9518162813352053916_005.cnf in dir /home/vjurisic/cse3000-how-to-break-a-solver/binaries/solvers/
[SharpVelvet]: Aborted! Counter gpmc exceeded maximum time of 600 s on instance /home/vjurisic/cse3000-how-to-break-a-solver/SharpVelvet/instances/3cnf-500clause-110var-horn/chevu_002_s9518162813352053916_005.cnf.
[SharpVelvet]: Counter gpmc reports count None
[SharpVelvet]: 
[SharpVelvet], 2025-01-19, 18h23m27s: Instance 15/1010: /home/vjurisic/cse3000-how-to-break-a-solver/SharpVelvet/instances/3cnf-500clause-110var-horn/chevu_001_s9518162813352053915_093.cnf
[SharpVelvet]: Running counter gpmc on instance /home/vjurisic/cse3000-how-to-break-a-solver/SharpVelvet/instances/3cnf-500clause-110var-horn/chevu_001_s9518162813352053915_093.cnf.
[SharpVelvet]: --> Executing: ./gpmc /home/vjurisic/cse3000-how-to-break-a-solver/SharpVelvet/instances/3cnf-500clause-110var-horn/chevu_001_s9518162813352053915_093.cnf in dir /home/vjurisic/cse3000-how-to-break-a-solver/binaries/solvers/
[SharpVelvet]: Aborted! Counter ganak exceeded maximum time of 600 s on instance /home/vjurisic/cse3000-how-to-break-a-solver/SharpVelvet/instances/3cnf-500clause-110var-horn/chevu_002_s9518162813352053916_005.cnf.
[SharpVelvet]: Counter ganak reports count None
[SharpVelvet]: 
[SharpVelvet], 2025-01-19, 18h24m41s: Instance 15/1010: /home/vjurisic/cse3000-how-to-break-a-solver/SharpVelvet/instances/3cnf-500clause-110var-horn/chevu_001_s9518162813352053915_093.cnf
[SharpVelvet]: Running counter ganak on instance /home/vjurisic/cse3000-how-to-break-a-solver/SharpVelvet/instances/3cnf-500clause-110var-horn/chevu_001_s9518162813352053915_093.cnf.
[SharpVelvet]: --> Executing: ./ganak --verb 0 --bveresolvmaxsz 12 --sbva 1 --maxcache 7800 --tdexpmult 1.1 --tdminw 7 --tdmaxw 60 --arjunoraclefindbins 6 --rdbclstarget 10000 /home/vjurisic/cse3000-how-to-break-a-solver/SharpVelvet/instances/3cnf-500clause-110var-horn/chevu_001_s9518162813352053915_093.cnf in dir /home/vjurisic/cse3000-how-to-break-a-solver/binaries/solvers/
[SharpVelvet]: Counter gpmc reports count 778620524323471
[SharpVelvet]: 
[SharpVelvet], 2025-01-19, 18h25m07s: Instance 16/1010: /home/vjurisic/cse3000-how-to-break-a-solver/SharpVelvet/instances/3cnf-500clause-110var-horn/chevu_003_s9518162813352053917_000.cnf
[SharpVelvet]: Running counter gpmc on instance /home/vjurisic/cse3000-how-to-break-a-solver/SharpVelvet/instances/3cnf-500clause-110var-horn/chevu_003_s9518162813352053917_000.cnf.
[SharpVelvet]: --> Executing: ./gpmc /home/vjurisic/cse3000-how-to-break-a-solver/SharpVelvet/instances/3cnf-500clause-110var-horn/chevu_003_s9518162813352053917_000.cnf in dir /home/vjurisic/cse3000-how-to-break-a-solver/binaries/solvers/
[SharpVelvet]: Counter ganak reports count 778620524323471
[SharpVelvet]: 
[SharpVelvet], 2025-01-19, 18h25m56s: Instance 16/1010: /home/vjurisic/cse3000-how-to-break-a-solver/SharpVelvet/instances/3cnf-500clause-110var-horn/chevu_003_s9518162813352053917_000.cnf
[SharpVelvet]: Running counter ganak on instance /home/vjurisic/cse3000-how-to-break-a-solver/SharpVelvet/instances/3cnf-500clause-110var-horn/chevu_003_s9518162813352053917_000.cnf.
[SharpVelvet]: --> Executing: ./ganak --verb 0 --bveresolvmaxsz 12 --sbva 1 --maxcache 7800 --tdexpmult 1.1 --tdminw 7 --tdmaxw 60 --arjunoraclefindbins 6 --rdbclstarget 10000 /home/vjurisic/cse3000-how-to-break-a-solver/SharpVelvet/instances/3cnf-500clause-110var-horn/chevu_003_s9518162813352053917_000.cnf in dir /home/vjurisic/cse3000-how-to-break-a-solver/binaries/solvers/
[SharpVelvet]: Aborted! Counter d4g exceeded maximum time of 600 s on instance /home/vjurisic/cse3000-how-to-break-a-solver/SharpVelvet/instances/3cnf-500clause-110var-horn/chevu_002_s9518162813352053916_005.cnf.
[SharpVelvet]: Counter d4g reports count None
[SharpVelvet]: 
[SharpVelvet], 2025-01-19, 18h30m37s: Instance 15/1010: /home/vjurisic/cse3000-how-to-break-a-solver/SharpVelvet/instances/3cnf-500clause-110var-horn/chevu_001_s9518162813352053915_093.cnf
[SharpVelvet]: Running counter d4g on instance /home/vjurisic/cse3000-how-to-break-a-solver/SharpVelvet/instances/3cnf-500clause-110var-horn/chevu_001_s9518162813352053915_093.cnf.
[SharpVelvet]: --> Executing: ./d4g /home/vjurisic/cse3000-how-to-break-a-solver/SharpVelvet/instances/3cnf-500clause-110var-horn/chevu_001_s9518162813352053915_093.cnf in dir /home/vjurisic/cse3000-how-to-break-a-solver/binaries/solvers/
[SharpVelvet]: Counter d4g reports count 778620524323471
[SharpVelvet]: 
[SharpVelvet], 2025-01-19, 18h33m19s: Instance 16/1010: /home/vjurisic/cse3000-how-to-break-a-solver/SharpVelvet/instances/3cnf-500clause-110var-horn/chevu_003_s9518162813352053917_000.cnf
[SharpVelvet]: Running counter d4g on instance /home/vjurisic/cse3000-how-to-break-a-solver/SharpVelvet/instances/3cnf-500clause-110var-horn/chevu_003_s9518162813352053917_000.cnf.
[SharpVelvet]: --> Executing: ./d4g /home/vjurisic/cse3000-how-to-break-a-solver/SharpVelvet/instances/3cnf-500clause-110var-horn/chevu_003_s9518162813352053917_000.cnf in dir /home/vjurisic/cse3000-how-to-break-a-solver/binaries/solvers/
[SharpVelvet]: Aborted! Counter gpmc exceeded maximum time of 600 s on instance /home/vjurisic/cse3000-how-to-break-a-solver/SharpVelvet/instances/3cnf-500clause-110var-horn/chevu_003_s9518162813352053917_000.cnf.
[SharpVelvet]: Counter gpmc reports count None
[SharpVelvet]: 
[SharpVelvet], 2025-01-19, 18h35m10s: Instance 17/1010: /home/vjurisic/cse3000-how-to-break-a-solver/SharpVelvet/instances/3cnf-500clause-110var-horn/chevu_008_s9518162813352053922_007.cnf
[SharpVelvet]: Running counter gpmc on instance /home/vjurisic/cse3000-how-to-break-a-solver/SharpVelvet/instances/3cnf-500clause-110var-horn/chevu_008_s9518162813352053922_007.cnf.
[SharpVelvet]: --> Executing: ./gpmc /home/vjurisic/cse3000-how-to-break-a-solver/SharpVelvet/instances/3cnf-500clause-110var-horn/chevu_008_s9518162813352053922_007.cnf in dir /home/vjurisic/cse3000-how-to-break-a-solver/binaries/solvers/
[SharpVelvet]: Aborted! Counter ganak exceeded maximum time of 600 s on instance /home/vjurisic/cse3000-how-to-break-a-solver/SharpVelvet/instances/3cnf-500clause-110var-horn/chevu_003_s9518162813352053917_000.cnf.
[SharpVelvet]: Counter ganak reports count None
[SharpVelvet]: 
[SharpVelvet], 2025-01-19, 18h35m59s: Instance 17/1010: /home/vjurisic/cse3000-how-to-break-a-solver/SharpVelvet/instances/3cnf-500clause-110var-horn/chevu_008_s9518162813352053922_007.cnf
[SharpVelvet]: Running counter ganak on instance /home/vjurisic/cse3000-how-to-break-a-solver/SharpVelvet/instances/3cnf-500clause-110var-horn/chevu_008_s9518162813352053922_007.cnf.
[SharpVelvet]: --> Executing: ./ganak --verb 0 --bveresolvmaxsz 12 --sbva 1 --maxcache 7800 --tdexpmult 1.1 --tdminw 7 --tdmaxw 60 --arjunoraclefindbins 6 --rdbclstarget 10000 /home/vjurisic/cse3000-how-to-break-a-solver/SharpVelvet/instances/3cnf-500clause-110var-horn/chevu_008_s9518162813352053922_007.cnf in dir /home/vjurisic/cse3000-how-to-break-a-solver/binaries/solvers/
