Conda module loaded!
Conda environment 'global-env' activated!
srun: Warning: can't run 1 processes on 2 nodes, setting nnodes to 1
srun: Warning: can't run 1 processes on 2 nodes, setting nnodes to 1
srun: Warning: can't run 1 processes on 2 nodes, setting nnodes to 1
srun: Warning: can't run 1 processes on 2 nodes, setting nnodes to 1
chevu_000_s400357_000.cnf
Namespace(counters='/home/vjurisic/cse3000-how-to-break-a-solver/SharpVelvet/tool-config/exp/gpmc_counter_config_mc.json', instances='/home/vjurisic/cse3000-how-to-break-a-solver/SharpVelvet/instances/3cnf-400clause-horn3', projected=False, weighted=False, timeout=360, memout=20000, verbosity=2, keep_bugs_only=False, out_dir='/home/vjurisic/cse3000-how-to-break-a-solver/SharpVelvet/out', log_dir='/home/vjurisic/cse3000-how-to-break-a-solver/SharpVelvet/out/logs', verified_counts=None, clean_up_proofs=False)
chevu_000_s400357_000.cnf
Namespace(counters='/home/vjurisic/cse3000-how-to-break-a-solver/SharpVelvet/tool-config/exp/d4r_counter_config_mc.json', instances='/home/vjurisic/cse3000-how-to-break-a-solver/SharpVelvet/instances/3cnf-400clause-horn3', projected=False, weighted=False, timeout=360, memout=20000, verbosity=2, keep_bugs_only=False, out_dir='/home/vjurisic/cse3000-how-to-break-a-solver/SharpVelvet/out', log_dir='/home/vjurisic/cse3000-how-to-break-a-solver/SharpVelvet/out/logs', verified_counts=None, clean_up_proofs=False)
chevu_000_s400357_000.cnf
Namespace(counters='/home/vjurisic/cse3000-how-to-break-a-solver/SharpVelvet/tool-config/exp/d4g_counter_config_mc.json', instances='/home/vjurisic/cse3000-how-to-break-a-solver/SharpVelvet/instances/3cnf-400clause-horn3', projected=False, weighted=False, timeout=360, memout=20000, verbosity=2, keep_bugs_only=False, out_dir='/home/vjurisic/cse3000-how-to-break-a-solver/SharpVelvet/out', log_dir='/home/vjurisic/cse3000-how-to-break-a-solver/SharpVelvet/out/logs', verified_counts=None, clean_up_proofs=False)
chevu_000_s400357_000.cnf
Namespace(counters='/home/vjurisic/cse3000-how-to-break-a-solver/SharpVelvet/tool-config/exp/ganak_counter_config_mc.json', instances='/home/vjurisic/cse3000-how-to-break-a-solver/SharpVelvet/instances/3cnf-400clause-horn3', projected=False, weighted=False, timeout=360, memout=20000, verbosity=2, keep_bugs_only=False, out_dir='/home/vjurisic/cse3000-how-to-break-a-solver/SharpVelvet/out', log_dir='/home/vjurisic/cse3000-how-to-break-a-solver/SharpVelvet/out/logs', verified_counts=None, clean_up_proofs=False)
[SharpVelvet]: 
[SharpVelvet]: 
[SharpVelvet]: 
[SharpVelvet]: 
[SharpVelvet]: 
[SharpVelvet]: 
[SharpVelvet]: 
[SharpVelvet]: 
[SharpVelvet], 2025-01-15, 10h14m25s: Instance 1/404: /home/vjurisic/cse3000-how-to-break-a-solver/SharpVelvet/instances/3cnf-400clause-horn3/chevu_003_s400360_050.cnf
[SharpVelvet]: Running counter gpmc on instance /home/vjurisic/cse3000-how-to-break-a-solver/SharpVelvet/instances/3cnf-400clause-horn3/chevu_003_s400360_050.cnf.
[SharpVelvet], 2025-01-15, 10h14m25s: Instance 1/404: /home/vjurisic/cse3000-how-to-break-a-solver/SharpVelvet/instances/3cnf-400clause-horn3/chevu_003_s400360_050.cnf
[SharpVelvet]: Running counter d4r on instance /home/vjurisic/cse3000-how-to-break-a-solver/SharpVelvet/instances/3cnf-400clause-horn3/chevu_003_s400360_050.cnf.
[SharpVelvet], 2025-01-15, 10h14m25s: Instance 1/404: /home/vjurisic/cse3000-how-to-break-a-solver/SharpVelvet/instances/3cnf-400clause-horn3/chevu_003_s400360_050.cnf
[SharpVelvet]: Running counter d4g on instance /home/vjurisic/cse3000-how-to-break-a-solver/SharpVelvet/instances/3cnf-400clause-horn3/chevu_003_s400360_050.cnf.
[SharpVelvet], 2025-01-15, 10h14m25s: Instance 1/404: /home/vjurisic/cse3000-how-to-break-a-solver/SharpVelvet/instances/3cnf-400clause-horn3/chevu_003_s400360_050.cnf
[SharpVelvet]: Running counter ganak on instance /home/vjurisic/cse3000-how-to-break-a-solver/SharpVelvet/instances/3cnf-400clause-horn3/chevu_003_s400360_050.cnf.
[SharpVelvet]: --> Executing: ./gpmc /home/vjurisic/cse3000-how-to-break-a-solver/SharpVelvet/instances/3cnf-400clause-horn3/chevu_003_s400360_050.cnf in dir /home/vjurisic/cse3000-how-to-break-a-solver/binaries/solvers/
[SharpVelvet]: --> Executing: ./d4g /home/vjurisic/cse3000-how-to-break-a-solver/SharpVelvet/instances/3cnf-400clause-horn3/chevu_003_s400360_050.cnf in dir /home/vjurisic/cse3000-how-to-break-a-solver/binaries/solvers/
[SharpVelvet]: --> Executing: ./d4g /home/vjurisic/cse3000-how-to-break-a-solver/SharpVelvet/instances/3cnf-400clause-horn3/chevu_003_s400360_050.cnf in dir /home/vjurisic/cse3000-how-to-break-a-solver/binaries/solvers/
[SharpVelvet]: --> Executing: ./ganak --verb 0 --bveresolvmaxsz 12 --sbva 1 --tdexpmult 1.1 --tdminw 7 --tdmaxw 60 --arjunoraclefindbins 6 --rdbclstarget 10000 /home/vjurisic/cse3000-how-to-break-a-solver/SharpVelvet/instances/3cnf-400clause-horn3/chevu_003_s400360_050.cnf in dir /home/vjurisic/cse3000-how-to-break-a-solver/binaries/solvers/
[SharpVelvet]: Counter d4r reports count 2280
[SharpVelvet]: Counter d4g reports count 2280
[SharpVelvet]: Counter gpmc reports count 2280
[SharpVelvet]: 
[SharpVelvet], 2025-01-15, 10h14m25s: Instance 2/404: /home/vjurisic/cse3000-how-to-break-a-solver/SharpVelvet/instances/3cnf-400clause-horn3/chevu_003_s400360_078.cnf
[SharpVelvet]: Running counter d4g on instance /home/vjurisic/cse3000-how-to-break-a-solver/SharpVelvet/instances/3cnf-400clause-horn3/chevu_003_s400360_078.cnf.
[SharpVelvet]: --> Executing: ./d4g /home/vjurisic/cse3000-how-to-break-a-solver/SharpVelvet/instances/3cnf-400clause-horn3/chevu_003_s400360_078.cnf in dir /home/vjurisic/cse3000-how-to-break-a-solver/binaries/solvers/
[SharpVelvet]: 
[SharpVelvet], 2025-01-15, 10h14m25s: Instance 2/404: /home/vjurisic/cse3000-how-to-break-a-solver/SharpVelvet/instances/3cnf-400clause-horn3/chevu_003_s400360_078.cnf
[SharpVelvet]: 
[SharpVelvet], 2025-01-15, 10h14m25s: Instance 2/404: /home/vjurisic/cse3000-how-to-break-a-solver/SharpVelvet/instances/3cnf-400clause-horn3/chevu_003_s400360_078.cnf
[SharpVelvet]: Running counter gpmc on instance /home/vjurisic/cse3000-how-to-break-a-solver/SharpVelvet/instances/3cnf-400clause-horn3/chevu_003_s400360_078.cnf.
[SharpVelvet]: --> Executing: ./gpmc /home/vjurisic/cse3000-how-to-break-a-solver/SharpVelvet/instances/3cnf-400clause-horn3/chevu_003_s400360_078.cnf in dir /home/vjurisic/cse3000-how-to-break-a-solver/binaries/solvers/
[SharpVelvet]: Running counter d4r on instance /home/vjurisic/cse3000-how-to-break-a-solver/SharpVelvet/instances/3cnf-400clause-horn3/chevu_003_s400360_078.cnf.
[SharpVelvet]: --> Executing: ./d4g /home/vjurisic/cse3000-how-to-break-a-solver/SharpVelvet/instances/3cnf-400clause-horn3/chevu_003_s400360_078.cnf in dir /home/vjurisic/cse3000-how-to-break-a-solver/binaries/solvers/
[SharpVelvet]: Counter gpmc reports count 68493145611
[SharpVelvet]: 
[SharpVelvet], 2025-01-15, 10h14m25s: Instance 3/404: /home/vjurisic/cse3000-how-to-break-a-solver/SharpVelvet/instances/3cnf-400clause-horn3/chevu_003_s400360_054.cnf
[SharpVelvet]: Running counter gpmc on instance /home/vjurisic/cse3000-how-to-break-a-solver/SharpVelvet/instances/3cnf-400clause-horn3/chevu_003_s400360_054.cnf.
[SharpVelvet]: --> Executing: ./gpmc /home/vjurisic/cse3000-how-to-break-a-solver/SharpVelvet/instances/3cnf-400clause-horn3/chevu_003_s400360_054.cnf in dir /home/vjurisic/cse3000-how-to-break-a-solver/binaries/solvers/
[SharpVelvet]: Counter ganak reports count 2280
[SharpVelvet]: 
[SharpVelvet], 2025-01-15, 10h14m26s: Instance 2/404: /home/vjurisic/cse3000-how-to-break-a-solver/SharpVelvet/instances/3cnf-400clause-horn3/chevu_003_s400360_078.cnf
[SharpVelvet]: Running counter ganak on instance /home/vjurisic/cse3000-how-to-break-a-solver/SharpVelvet/instances/3cnf-400clause-horn3/chevu_003_s400360_078.cnf.
[SharpVelvet]: --> Executing: ./ganak --verb 0 --bveresolvmaxsz 12 --sbva 1 --tdexpmult 1.1 --tdminw 7 --tdmaxw 60 --arjunoraclefindbins 6 --rdbclstarget 10000 /home/vjurisic/cse3000-how-to-break-a-solver/SharpVelvet/instances/3cnf-400clause-horn3/chevu_003_s400360_078.cnf in dir /home/vjurisic/cse3000-how-to-break-a-solver/binaries/solvers/
[SharpVelvet]: Counter gpmc reports count 590070538
[SharpVelvet]: 
[SharpVelvet], 2025-01-15, 10h14m26s: Instance 4/404: /home/vjurisic/cse3000-how-to-break-a-solver/SharpVelvet/instances/3cnf-400clause-horn3/chevu_001_s400358_080.cnf
[SharpVelvet]: Running counter gpmc on instance /home/vjurisic/cse3000-how-to-break-a-solver/SharpVelvet/instances/3cnf-400clause-horn3/chevu_001_s400358_080.cnf.
[SharpVelvet]: --> Executing: ./gpmc /home/vjurisic/cse3000-how-to-break-a-solver/SharpVelvet/instances/3cnf-400clause-horn3/chevu_001_s400358_080.cnf in dir /home/vjurisic/cse3000-how-to-break-a-solver/binaries/solvers/
[SharpVelvet]: Counter d4g reports count 68493145611
[SharpVelvet]: Counter d4r reports count 68493145611
[SharpVelvet]: Counter gpmc reports count 66765534544
[SharpVelvet]: 
[SharpVelvet], 2025-01-15, 10h14m26s: Instance 3/404: /home/vjurisic/cse3000-how-to-break-a-solver/SharpVelvet/instances/3cnf-400clause-horn3/chevu_003_s400360_054.cnf
[SharpVelvet]: 
[SharpVelvet], 2025-01-15, 10h14m26s: Instance 3/404: /home/vjurisic/cse3000-how-to-break-a-solver/SharpVelvet/instances/3cnf-400clause-horn3/chevu_003_s400360_054.cnf
[SharpVelvet]: Running counter d4r on instance /home/vjurisic/cse3000-how-to-break-a-solver/SharpVelvet/instances/3cnf-400clause-horn3/chevu_003_s400360_054.cnf.
[SharpVelvet]: --> Executing: ./d4g /home/vjurisic/cse3000-how-to-break-a-solver/SharpVelvet/instances/3cnf-400clause-horn3/chevu_003_s400360_054.cnf in dir /home/vjurisic/cse3000-how-to-break-a-solver/binaries/solvers/
[SharpVelvet]: Running counter d4g on instance /home/vjurisic/cse3000-how-to-break-a-solver/SharpVelvet/instances/3cnf-400clause-horn3/chevu_003_s400360_054.cnf.
[SharpVelvet]: --> Executing: ./d4g /home/vjurisic/cse3000-how-to-break-a-solver/SharpVelvet/instances/3cnf-400clause-horn3/chevu_003_s400360_054.cnf in dir /home/vjurisic/cse3000-how-to-break-a-solver/binaries/solvers/
[SharpVelvet]: 
[SharpVelvet], 2025-01-15, 10h14m26s: Instance 5/404: /home/vjurisic/cse3000-how-to-break-a-solver/SharpVelvet/instances/3cnf-400clause-horn3/chevu_002_s400359_039.cnf
[SharpVelvet]: Running counter gpmc on instance /home/vjurisic/cse3000-how-to-break-a-solver/SharpVelvet/instances/3cnf-400clause-horn3/chevu_002_s400359_039.cnf.
[SharpVelvet]: --> Executing: ./gpmc /home/vjurisic/cse3000-how-to-break-a-solver/SharpVelvet/instances/3cnf-400clause-horn3/chevu_002_s400359_039.cnf in dir /home/vjurisic/cse3000-how-to-break-a-solver/binaries/solvers/
[SharpVelvet]: Counter gpmc reports count 2845084
[SharpVelvet]: 
[SharpVelvet], 2025-01-15, 10h14m26s: Instance 6/404: /home/vjurisic/cse3000-how-to-break-a-solver/SharpVelvet/instances/3cnf-400clause-horn3/chevu_002_s400359_053.cnf
[SharpVelvet]: Running counter gpmc on instance /home/vjurisic/cse3000-how-to-break-a-solver/SharpVelvet/instances/3cnf-400clause-horn3/chevu_002_s400359_053.cnf.
[SharpVelvet]: --> Executing: ./gpmc /home/vjurisic/cse3000-how-to-break-a-solver/SharpVelvet/instances/3cnf-400clause-horn3/chevu_002_s400359_053.cnf in dir /home/vjurisic/cse3000-how-to-break-a-solver/binaries/solvers/
[SharpVelvet]: Counter d4g reports count 590070538
[SharpVelvet]: 
[SharpVelvet]: Counter d4r reports count 590070538
[SharpVelvet]: 
[SharpVelvet], 2025-01-15, 10h14m26s: Instance 4/404: /home/vjurisic/cse3000-how-to-break-a-solver/SharpVelvet/instances/3cnf-400clause-horn3/chevu_001_s400358_080.cnf
[SharpVelvet]: Running counter d4g on instance /home/vjurisic/cse3000-how-to-break-a-solver/SharpVelvet/instances/3cnf-400clause-horn3/chevu_001_s400358_080.cnf.
[SharpVelvet]: Counter gpmc reports count 914021208
[SharpVelvet], 2025-01-15, 10h14m26s: Instance 4/404: /home/vjurisic/cse3000-how-to-break-a-solver/SharpVelvet/instances/3cnf-400clause-horn3/chevu_001_s400358_080.cnf
[SharpVelvet]: Running counter d4r on instance /home/vjurisic/cse3000-how-to-break-a-solver/SharpVelvet/instances/3cnf-400clause-horn3/chevu_001_s400358_080.cnf.
[SharpVelvet]: --> Executing: ./d4g /home/vjurisic/cse3000-how-to-break-a-solver/SharpVelvet/instances/3cnf-400clause-horn3/chevu_001_s400358_080.cnf in dir /home/vjurisic/cse3000-how-to-break-a-solver/binaries/solvers/
[SharpVelvet]: --> Executing: ./d4g /home/vjurisic/cse3000-how-to-break-a-solver/SharpVelvet/instances/3cnf-400clause-horn3/chevu_001_s400358_080.cnf in dir /home/vjurisic/cse3000-how-to-break-a-solver/binaries/solvers/
[SharpVelvet]: 
[SharpVelvet], 2025-01-15, 10h14m26s: Instance 7/404: /home/vjurisic/cse3000-how-to-break-a-solver/SharpVelvet/instances/3cnf-400clause-horn3/chevu_000_s400357_015.cnf
[SharpVelvet]: Running counter gpmc on instance /home/vjurisic/cse3000-how-to-break-a-solver/SharpVelvet/instances/3cnf-400clause-horn3/chevu_000_s400357_015.cnf.
[SharpVelvet]: --> Executing: ./gpmc /home/vjurisic/cse3000-how-to-break-a-solver/SharpVelvet/instances/3cnf-400clause-horn3/chevu_000_s400357_015.cnf in dir /home/vjurisic/cse3000-how-to-break-a-solver/binaries/solvers/
[SharpVelvet]: Counter d4r reports count 66765534544
[SharpVelvet]: 
[SharpVelvet], 2025-01-15, 10h14m27s: Instance 5/404: /home/vjurisic/cse3000-how-to-break-a-solver/SharpVelvet/instances/3cnf-400clause-horn3/chevu_002_s400359_039.cnf
[SharpVelvet]: Counter d4g reports count 66765534544
[SharpVelvet]: 
[SharpVelvet]: Running counter d4r on instance /home/vjurisic/cse3000-how-to-break-a-solver/SharpVelvet/instances/3cnf-400clause-horn3/chevu_002_s400359_039.cnf.
[SharpVelvet]: --> Executing: ./d4g /home/vjurisic/cse3000-how-to-break-a-solver/SharpVelvet/instances/3cnf-400clause-horn3/chevu_002_s400359_039.cnf in dir /home/vjurisic/cse3000-how-to-break-a-solver/binaries/solvers/
[SharpVelvet], 2025-01-15, 10h14m27s: Instance 5/404: /home/vjurisic/cse3000-how-to-break-a-solver/SharpVelvet/instances/3cnf-400clause-horn3/chevu_002_s400359_039.cnf
[SharpVelvet]: Running counter d4g on instance /home/vjurisic/cse3000-how-to-break-a-solver/SharpVelvet/instances/3cnf-400clause-horn3/chevu_002_s400359_039.cnf.
[SharpVelvet]: Counter d4r reports count 2845084
[SharpVelvet]: 
[SharpVelvet]: --> Executing: ./d4g /home/vjurisic/cse3000-how-to-break-a-solver/SharpVelvet/instances/3cnf-400clause-horn3/chevu_002_s400359_039.cnf in dir /home/vjurisic/cse3000-how-to-break-a-solver/binaries/solvers/
[SharpVelvet]: Counter d4g reports count 2845084
[SharpVelvet], 2025-01-15, 10h14m27s: Instance 6/404: /home/vjurisic/cse3000-how-to-break-a-solver/SharpVelvet/instances/3cnf-400clause-horn3/chevu_002_s400359_053.cnf
[SharpVelvet]: Running counter d4r on instance /home/vjurisic/cse3000-how-to-break-a-solver/SharpVelvet/instances/3cnf-400clause-horn3/chevu_002_s400359_053.cnf.
[SharpVelvet]: 
[SharpVelvet], 2025-01-15, 10h14m27s: Instance 6/404: /home/vjurisic/cse3000-how-to-break-a-solver/SharpVelvet/instances/3cnf-400clause-horn3/chevu_002_s400359_053.cnf
[SharpVelvet]: --> Executing: ./d4g /home/vjurisic/cse3000-how-to-break-a-solver/SharpVelvet/instances/3cnf-400clause-horn3/chevu_002_s400359_053.cnf in dir /home/vjurisic/cse3000-how-to-break-a-solver/binaries/solvers/
[SharpVelvet]: Counter d4r reports count 914021208
[SharpVelvet]: Running counter d4g on instance /home/vjurisic/cse3000-how-to-break-a-solver/SharpVelvet/instances/3cnf-400clause-horn3/chevu_002_s400359_053.cnf.
[SharpVelvet]: --> Executing: ./d4g /home/vjurisic/cse3000-how-to-break-a-solver/SharpVelvet/instances/3cnf-400clause-horn3/chevu_002_s400359_053.cnf in dir /home/vjurisic/cse3000-how-to-break-a-solver/binaries/solvers/
[SharpVelvet]: 
[SharpVelvet], 2025-01-15, 10h14m27s: Instance 7/404: /home/vjurisic/cse3000-how-to-break-a-solver/SharpVelvet/instances/3cnf-400clause-horn3/chevu_000_s400357_015.cnf
[SharpVelvet]: Counter d4g reports count 914021208
[SharpVelvet]: 
[SharpVelvet]: Running counter d4r on instance /home/vjurisic/cse3000-how-to-break-a-solver/SharpVelvet/instances/3cnf-400clause-horn3/chevu_000_s400357_015.cnf.
[SharpVelvet]: --> Executing: ./d4g /home/vjurisic/cse3000-how-to-break-a-solver/SharpVelvet/instances/3cnf-400clause-horn3/chevu_000_s400357_015.cnf in dir /home/vjurisic/cse3000-how-to-break-a-solver/binaries/solvers/
[SharpVelvet], 2025-01-15, 10h14m27s: Instance 7/404: /home/vjurisic/cse3000-how-to-break-a-solver/SharpVelvet/instances/3cnf-400clause-horn3/chevu_000_s400357_015.cnf
[SharpVelvet]: Running counter d4g on instance /home/vjurisic/cse3000-how-to-break-a-solver/SharpVelvet/instances/3cnf-400clause-horn3/chevu_000_s400357_015.cnf.
[SharpVelvet]: --> Executing: ./d4g /home/vjurisic/cse3000-how-to-break-a-solver/SharpVelvet/instances/3cnf-400clause-horn3/chevu_000_s400357_015.cnf in dir /home/vjurisic/cse3000-how-to-break-a-solver/binaries/solvers/
[SharpVelvet]: Counter ganak reports count 68493145611
[SharpVelvet]: 
[SharpVelvet], 2025-01-15, 10h14m29s: Instance 3/404: /home/vjurisic/cse3000-how-to-break-a-solver/SharpVelvet/instances/3cnf-400clause-horn3/chevu_003_s400360_054.cnf
[SharpVelvet]: Running counter ganak on instance /home/vjurisic/cse3000-how-to-break-a-solver/SharpVelvet/instances/3cnf-400clause-horn3/chevu_003_s400360_054.cnf.
[SharpVelvet]: --> Executing: ./ganak --verb 0 --bveresolvmaxsz 12 --sbva 1 --tdexpmult 1.1 --tdminw 7 --tdmaxw 60 --arjunoraclefindbins 6 --rdbclstarget 10000 /home/vjurisic/cse3000-how-to-break-a-solver/SharpVelvet/instances/3cnf-400clause-horn3/chevu_003_s400360_054.cnf in dir /home/vjurisic/cse3000-how-to-break-a-solver/binaries/solvers/
[SharpVelvet]: Counter ganak reports count 590070538
[SharpVelvet]: 
[SharpVelvet], 2025-01-15, 10h14m32s: Instance 4/404: /home/vjurisic/cse3000-how-to-break-a-solver/SharpVelvet/instances/3cnf-400clause-horn3/chevu_001_s400358_080.cnf
[SharpVelvet]: Running counter ganak on instance /home/vjurisic/cse3000-how-to-break-a-solver/SharpVelvet/instances/3cnf-400clause-horn3/chevu_001_s400358_080.cnf.
[SharpVelvet]: --> Executing: ./ganak --verb 0 --bveresolvmaxsz 12 --sbva 1 --tdexpmult 1.1 --tdminw 7 --tdmaxw 60 --arjunoraclefindbins 6 --rdbclstarget 10000 /home/vjurisic/cse3000-how-to-break-a-solver/SharpVelvet/instances/3cnf-400clause-horn3/chevu_001_s400358_080.cnf in dir /home/vjurisic/cse3000-how-to-break-a-solver/binaries/solvers/
[SharpVelvet]: Counter ganak reports count 66765534544
[SharpVelvet]: 
[SharpVelvet], 2025-01-15, 10h14m35s: Instance 5/404: /home/vjurisic/cse3000-how-to-break-a-solver/SharpVelvet/instances/3cnf-400clause-horn3/chevu_002_s400359_039.cnf
[SharpVelvet]: Running counter ganak on instance /home/vjurisic/cse3000-how-to-break-a-solver/SharpVelvet/instances/3cnf-400clause-horn3/chevu_002_s400359_039.cnf.
[SharpVelvet]: --> Executing: ./ganak --verb 0 --bveresolvmaxsz 12 --sbva 1 --tdexpmult 1.1 --tdminw 7 --tdmaxw 60 --arjunoraclefindbins 6 --rdbclstarget 10000 /home/vjurisic/cse3000-how-to-break-a-solver/SharpVelvet/instances/3cnf-400clause-horn3/chevu_002_s400359_039.cnf in dir /home/vjurisic/cse3000-how-to-break-a-solver/binaries/solvers/
[SharpVelvet]: Counter ganak reports count 2845084
[SharpVelvet]: 
[SharpVelvet], 2025-01-15, 10h14m36s: Instance 6/404: /home/vjurisic/cse3000-how-to-break-a-solver/SharpVelvet/instances/3cnf-400clause-horn3/chevu_002_s400359_053.cnf
[SharpVelvet]: Running counter ganak on instance /home/vjurisic/cse3000-how-to-break-a-solver/SharpVelvet/instances/3cnf-400clause-horn3/chevu_002_s400359_053.cnf.
[SharpVelvet]: --> Executing: ./ganak --verb 0 --bveresolvmaxsz 12 --sbva 1 --tdexpmult 1.1 --tdminw 7 --tdmaxw 60 --arjunoraclefindbins 6 --rdbclstarget 10000 /home/vjurisic/cse3000-how-to-break-a-solver/SharpVelvet/instances/3cnf-400clause-horn3/chevu_002_s400359_053.cnf in dir /home/vjurisic/cse3000-how-to-break-a-solver/binaries/solvers/
[SharpVelvet]: Counter ganak reports count 914021208
[SharpVelvet]: 
[SharpVelvet], 2025-01-15, 10h14m39s: Instance 7/404: /home/vjurisic/cse3000-how-to-break-a-solver/SharpVelvet/instances/3cnf-400clause-horn3/chevu_000_s400357_015.cnf
[SharpVelvet]: Running counter ganak on instance /home/vjurisic/cse3000-how-to-break-a-solver/SharpVelvet/instances/3cnf-400clause-horn3/chevu_000_s400357_015.cnf.
[SharpVelvet]: --> Executing: ./ganak --verb 0 --bveresolvmaxsz 12 --sbva 1 --tdexpmult 1.1 --tdminw 7 --tdmaxw 60 --arjunoraclefindbins 6 --rdbclstarget 10000 /home/vjurisic/cse3000-how-to-break-a-solver/SharpVelvet/instances/3cnf-400clause-horn3/chevu_000_s400357_015.cnf in dir /home/vjurisic/cse3000-how-to-break-a-solver/binaries/solvers/
srun: Job step aborted: Waiting up to 122 seconds for job step to finish.
srun: Job step aborted: Waiting up to 122 seconds for job step to finish.
srun: Job step aborted: Waiting up to 122 seconds for job step to finish.
slurmstepd: error: *** STEP 5314673.3 ON cmp294 CANCELLED AT 2025-01-15T10:14:45 ***
slurmstepd: error: *** STEP 5314673.2 ON cmp294 CANCELLED AT 2025-01-15T10:14:45 ***
srun: Job step aborted: Waiting up to 122 seconds for job step to finish.
slurmstepd: error: *** STEP 5314673.1 ON cmp294 CANCELLED AT 2025-01-15T10:14:45 ***
slurmstepd: error: *** STEP 5314673.0 ON cmp222 CANCELLED AT 2025-01-15T10:14:45 ***
slurmstepd: error: *** JOB 5314673 ON cmp222 CANCELLED AT 2025-01-15T10:14:45 ***
