Conda module loaded!
Conda environment 'global-env' activated!
chevu_000_s3942794106835504092_000.cnf
Namespace(counters='/home/vjurisic/cse3000-how-to-break-a-solver/SharpVelvet/tool-config/exp/d4g_counter_config_mc.json', instances='/home/vjurisic/cse3000-how-to-break-a-solver/SharpVelvet/instances/3cnf-500clause-125var-horn', projected=False, weighted=False, timeout=600, memout=20000, verbosity=2, keep_bugs_only=False, out_dir='/home/vjurisic/cse3000-how-to-break-a-solver/SharpVelvet/out', log_dir='/home/vjurisic/cse3000-how-to-break-a-solver/SharpVelvet/out/logs', verified_counts=None, clean_up_proofs=False)
[SharpVelvet]: 
[SharpVelvet]: 
[SharpVelvet], 2025-01-19, 18h11m16s: Instance 1/1010: /home/vjurisic/cse3000-how-to-break-a-solver/SharpVelvet/instances/3cnf-500clause-125var-horn/chevu_002_s3942794106835504094_063.cnf
[SharpVelvet]: Running counter d4g on instance /home/vjurisic/cse3000-how-to-break-a-solver/SharpVelvet/instances/3cnf-500clause-125var-horn/chevu_002_s3942794106835504094_063.cnf.
chevu_000_s3942794106835504092_000.cnf
Namespace(counters='/home/vjurisic/cse3000-how-to-break-a-solver/SharpVelvet/tool-config/exp/gpmc_counter_config_mc.json', instances='/home/vjurisic/cse3000-how-to-break-a-solver/SharpVelvet/instances/3cnf-500clause-125var-horn', projected=False, weighted=False, timeout=600, memout=20000, verbosity=2, keep_bugs_only=False, out_dir='/home/vjurisic/cse3000-how-to-break-a-solver/SharpVelvet/out', log_dir='/home/vjurisic/cse3000-how-to-break-a-solver/SharpVelvet/out/logs', verified_counts=None, clean_up_proofs=False)
chevu_000_s3942794106835504092_000.cnf
Namespace(counters='/home/vjurisic/cse3000-how-to-break-a-solver/SharpVelvet/tool-config/exp/ganak_counter_config_mc.json', instances='/home/vjurisic/cse3000-how-to-break-a-solver/SharpVelvet/instances/3cnf-500clause-125var-horn', projected=False, weighted=False, timeout=600, memout=20000, verbosity=2, keep_bugs_only=False, out_dir='/home/vjurisic/cse3000-how-to-break-a-solver/SharpVelvet/out', log_dir='/home/vjurisic/cse3000-how-to-break-a-solver/SharpVelvet/out/logs', verified_counts=None, clean_up_proofs=False)
[SharpVelvet]: 
[SharpVelvet]: 
[SharpVelvet]: 
[SharpVelvet]: 
[SharpVelvet], 2025-01-19, 18h11m16s: Instance 1/1010: /home/vjurisic/cse3000-how-to-break-a-solver/SharpVelvet/instances/3cnf-500clause-125var-horn/chevu_002_s3942794106835504094_063.cnf
[SharpVelvet]: Running counter gpmc on instance /home/vjurisic/cse3000-how-to-break-a-solver/SharpVelvet/instances/3cnf-500clause-125var-horn/chevu_002_s3942794106835504094_063.cnf.
[SharpVelvet], 2025-01-19, 18h11m16s: Instance 1/1010: /home/vjurisic/cse3000-how-to-break-a-solver/SharpVelvet/instances/3cnf-500clause-125var-horn/chevu_002_s3942794106835504094_063.cnf
[SharpVelvet]: Running counter ganak on instance /home/vjurisic/cse3000-how-to-break-a-solver/SharpVelvet/instances/3cnf-500clause-125var-horn/chevu_002_s3942794106835504094_063.cnf.
[SharpVelvet]: --> Executing: ./d4g /home/vjurisic/cse3000-how-to-break-a-solver/SharpVelvet/instances/3cnf-500clause-125var-horn/chevu_002_s3942794106835504094_063.cnf in dir /home/vjurisic/cse3000-how-to-break-a-solver/binaries/solvers/
[SharpVelvet]: --> Executing: ./gpmc /home/vjurisic/cse3000-how-to-break-a-solver/SharpVelvet/instances/3cnf-500clause-125var-horn/chevu_002_s3942794106835504094_063.cnf in dir /home/vjurisic/cse3000-how-to-break-a-solver/binaries/solvers/
[SharpVelvet]: --> Executing: ./ganak --verb 0 --bveresolvmaxsz 12 --sbva 1 --maxcache 7800 --tdexpmult 1.1 --tdminw 7 --tdmaxw 60 --arjunoraclefindbins 6 --rdbclstarget 10000 /home/vjurisic/cse3000-how-to-break-a-solver/SharpVelvet/instances/3cnf-500clause-125var-horn/chevu_002_s3942794106835504094_063.cnf in dir /home/vjurisic/cse3000-how-to-break-a-solver/binaries/solvers/
[SharpVelvet]: Counter gpmc reports count 0
[SharpVelvet]: Counter ganak reports count 0
[SharpVelvet]: Counter d4g reports count 0
[SharpVelvet]: 
[SharpVelvet], 2025-01-19, 18h11m16s: Instance 2/1010: /home/vjurisic/cse3000-how-to-break-a-solver/SharpVelvet/instances/3cnf-500clause-125var-horn/chevu_006_s3942794106835504098_031.cnf
[SharpVelvet]: Running counter gpmc on instance /home/vjurisic/cse3000-how-to-break-a-solver/SharpVelvet/instances/3cnf-500clause-125var-horn/chevu_006_s3942794106835504098_031.cnf.
[SharpVelvet]: --> Executing: ./gpmc /home/vjurisic/cse3000-how-to-break-a-solver/SharpVelvet/instances/3cnf-500clause-125var-horn/chevu_006_s3942794106835504098_031.cnf in dir /home/vjurisic/cse3000-how-to-break-a-solver/binaries/solvers/
[SharpVelvet]: 
[SharpVelvet], 2025-01-19, 18h11m16s: Instance 2/1010: /home/vjurisic/cse3000-how-to-break-a-solver/SharpVelvet/instances/3cnf-500clause-125var-horn/chevu_006_s3942794106835504098_031.cnf
[SharpVelvet]: 
[SharpVelvet], 2025-01-19, 18h11m16s: Instance 2/1010: /home/vjurisic/cse3000-how-to-break-a-solver/SharpVelvet/instances/3cnf-500clause-125var-horn/chevu_006_s3942794106835504098_031.cnf
[SharpVelvet]: Running counter ganak on instance /home/vjurisic/cse3000-how-to-break-a-solver/SharpVelvet/instances/3cnf-500clause-125var-horn/chevu_006_s3942794106835504098_031.cnf.
[SharpVelvet]: --> Executing: ./ganak --verb 0 --bveresolvmaxsz 12 --sbva 1 --maxcache 7800 --tdexpmult 1.1 --tdminw 7 --tdmaxw 60 --arjunoraclefindbins 6 --rdbclstarget 10000 /home/vjurisic/cse3000-how-to-break-a-solver/SharpVelvet/instances/3cnf-500clause-125var-horn/chevu_006_s3942794106835504098_031.cnf in dir /home/vjurisic/cse3000-how-to-break-a-solver/binaries/solvers/
[SharpVelvet]: Running counter d4g on instance /home/vjurisic/cse3000-how-to-break-a-solver/SharpVelvet/instances/3cnf-500clause-125var-horn/chevu_006_s3942794106835504098_031.cnf.
[SharpVelvet]: --> Executing: ./d4g /home/vjurisic/cse3000-how-to-break-a-solver/SharpVelvet/instances/3cnf-500clause-125var-horn/chevu_006_s3942794106835504098_031.cnf in dir /home/vjurisic/cse3000-how-to-break-a-solver/binaries/solvers/
[SharpVelvet]: Counter gpmc reports count 1055694447779816
[SharpVelvet]: 
[SharpVelvet], 2025-01-19, 18h11m18s: Instance 3/1010: /home/vjurisic/cse3000-how-to-break-a-solver/SharpVelvet/instances/3cnf-500clause-125var-horn/chevu_001_s3942794106835504093_087.cnf
[SharpVelvet]: Running counter gpmc on instance /home/vjurisic/cse3000-how-to-break-a-solver/SharpVelvet/instances/3cnf-500clause-125var-horn/chevu_001_s3942794106835504093_087.cnf.
[SharpVelvet]: --> Executing: ./gpmc /home/vjurisic/cse3000-how-to-break-a-solver/SharpVelvet/instances/3cnf-500clause-125var-horn/chevu_001_s3942794106835504093_087.cnf in dir /home/vjurisic/cse3000-how-to-break-a-solver/binaries/solvers/
[SharpVelvet]: Counter d4g reports count 1055694447779816
[SharpVelvet]: 
[SharpVelvet], 2025-01-19, 18h11m21s: Instance 3/1010: /home/vjurisic/cse3000-how-to-break-a-solver/SharpVelvet/instances/3cnf-500clause-125var-horn/chevu_001_s3942794106835504093_087.cnf
[SharpVelvet]: Running counter d4g on instance /home/vjurisic/cse3000-how-to-break-a-solver/SharpVelvet/instances/3cnf-500clause-125var-horn/chevu_001_s3942794106835504093_087.cnf.
[SharpVelvet]: --> Executing: ./d4g /home/vjurisic/cse3000-how-to-break-a-solver/SharpVelvet/instances/3cnf-500clause-125var-horn/chevu_001_s3942794106835504093_087.cnf in dir /home/vjurisic/cse3000-how-to-break-a-solver/binaries/solvers/
[SharpVelvet]: Counter ganak reports count 1055694447779816
[SharpVelvet]: 
[SharpVelvet], 2025-01-19, 18h11m23s: Instance 3/1010: /home/vjurisic/cse3000-how-to-break-a-solver/SharpVelvet/instances/3cnf-500clause-125var-horn/chevu_001_s3942794106835504093_087.cnf
[SharpVelvet]: Running counter ganak on instance /home/vjurisic/cse3000-how-to-break-a-solver/SharpVelvet/instances/3cnf-500clause-125var-horn/chevu_001_s3942794106835504093_087.cnf.
[SharpVelvet]: --> Executing: ./ganak --verb 0 --bveresolvmaxsz 12 --sbva 1 --maxcache 7800 --tdexpmult 1.1 --tdminw 7 --tdmaxw 60 --arjunoraclefindbins 6 --rdbclstarget 10000 /home/vjurisic/cse3000-how-to-break-a-solver/SharpVelvet/instances/3cnf-500clause-125var-horn/chevu_001_s3942794106835504093_087.cnf in dir /home/vjurisic/cse3000-how-to-break-a-solver/binaries/solvers/
[SharpVelvet]: Counter gpmc reports count 9700799125607002
[SharpVelvet]: 
[SharpVelvet], 2025-01-19, 18h13m35s: Instance 4/1010: /home/vjurisic/cse3000-how-to-break-a-solver/SharpVelvet/instances/3cnf-500clause-125var-horn/chevu_004_s3942794106835504096_067.cnf
[SharpVelvet]: Running counter gpmc on instance /home/vjurisic/cse3000-how-to-break-a-solver/SharpVelvet/instances/3cnf-500clause-125var-horn/chevu_004_s3942794106835504096_067.cnf.
[SharpVelvet]: --> Executing: ./gpmc /home/vjurisic/cse3000-how-to-break-a-solver/SharpVelvet/instances/3cnf-500clause-125var-horn/chevu_004_s3942794106835504096_067.cnf in dir /home/vjurisic/cse3000-how-to-break-a-solver/binaries/solvers/
[SharpVelvet]: Counter gpmc reports count 784312292357
[SharpVelvet]: 
[SharpVelvet], 2025-01-19, 18h13m36s: Instance 5/1010: /home/vjurisic/cse3000-how-to-break-a-solver/SharpVelvet/instances/3cnf-500clause-125var-horn/chevu_005_s3942794106835504097_041.cnf
[SharpVelvet]: Running counter gpmc on instance /home/vjurisic/cse3000-how-to-break-a-solver/SharpVelvet/instances/3cnf-500clause-125var-horn/chevu_005_s3942794106835504097_041.cnf.
[SharpVelvet]: --> Executing: ./gpmc /home/vjurisic/cse3000-how-to-break-a-solver/SharpVelvet/instances/3cnf-500clause-125var-horn/chevu_005_s3942794106835504097_041.cnf in dir /home/vjurisic/cse3000-how-to-break-a-solver/binaries/solvers/
[SharpVelvet]: Counter gpmc reports count 1686499119997
[SharpVelvet]: 
[SharpVelvet], 2025-01-19, 18h13m37s: Instance 6/1010: /home/vjurisic/cse3000-how-to-break-a-solver/SharpVelvet/instances/3cnf-500clause-125var-horn/chevu_007_s3942794106835504099_086.cnf
[SharpVelvet]: Running counter gpmc on instance /home/vjurisic/cse3000-how-to-break-a-solver/SharpVelvet/instances/3cnf-500clause-125var-horn/chevu_007_s3942794106835504099_086.cnf.
[SharpVelvet]: --> Executing: ./gpmc /home/vjurisic/cse3000-how-to-break-a-solver/SharpVelvet/instances/3cnf-500clause-125var-horn/chevu_007_s3942794106835504099_086.cnf in dir /home/vjurisic/cse3000-how-to-break-a-solver/binaries/solvers/
[SharpVelvet]: Counter ganak reports count 9700799125607002
[SharpVelvet]: 
[SharpVelvet], 2025-01-19, 18h13m54s: Instance 4/1010: /home/vjurisic/cse3000-how-to-break-a-solver/SharpVelvet/instances/3cnf-500clause-125var-horn/chevu_004_s3942794106835504096_067.cnf
[SharpVelvet]: Running counter ganak on instance /home/vjurisic/cse3000-how-to-break-a-solver/SharpVelvet/instances/3cnf-500clause-125var-horn/chevu_004_s3942794106835504096_067.cnf.
[SharpVelvet]: --> Executing: ./ganak --verb 0 --bveresolvmaxsz 12 --sbva 1 --maxcache 7800 --tdexpmult 1.1 --tdminw 7 --tdmaxw 60 --arjunoraclefindbins 6 --rdbclstarget 10000 /home/vjurisic/cse3000-how-to-break-a-solver/SharpVelvet/instances/3cnf-500clause-125var-horn/chevu_004_s3942794106835504096_067.cnf in dir /home/vjurisic/cse3000-how-to-break-a-solver/binaries/solvers/
[SharpVelvet]: Counter ganak reports count 784312292357
[SharpVelvet]: 
[SharpVelvet], 2025-01-19, 18h14m01s: Instance 5/1010: /home/vjurisic/cse3000-how-to-break-a-solver/SharpVelvet/instances/3cnf-500clause-125var-horn/chevu_005_s3942794106835504097_041.cnf
[SharpVelvet]: Running counter ganak on instance /home/vjurisic/cse3000-how-to-break-a-solver/SharpVelvet/instances/3cnf-500clause-125var-horn/chevu_005_s3942794106835504097_041.cnf.
[SharpVelvet]: --> Executing: ./ganak --verb 0 --bveresolvmaxsz 12 --sbva 1 --maxcache 7800 --tdexpmult 1.1 --tdminw 7 --tdmaxw 60 --arjunoraclefindbins 6 --rdbclstarget 10000 /home/vjurisic/cse3000-how-to-break-a-solver/SharpVelvet/instances/3cnf-500clause-125var-horn/chevu_005_s3942794106835504097_041.cnf in dir /home/vjurisic/cse3000-how-to-break-a-solver/binaries/solvers/
[SharpVelvet]: Counter ganak reports count 1686499119997
[SharpVelvet]: 
[SharpVelvet], 2025-01-19, 18h14m08s: Instance 6/1010: /home/vjurisic/cse3000-how-to-break-a-solver/SharpVelvet/instances/3cnf-500clause-125var-horn/chevu_007_s3942794106835504099_086.cnf
[SharpVelvet]: Running counter ganak on instance /home/vjurisic/cse3000-how-to-break-a-solver/SharpVelvet/instances/3cnf-500clause-125var-horn/chevu_007_s3942794106835504099_086.cnf.
[SharpVelvet]: --> Executing: ./ganak --verb 0 --bveresolvmaxsz 12 --sbva 1 --maxcache 7800 --tdexpmult 1.1 --tdminw 7 --tdmaxw 60 --arjunoraclefindbins 6 --rdbclstarget 10000 /home/vjurisic/cse3000-how-to-break-a-solver/SharpVelvet/instances/3cnf-500clause-125var-horn/chevu_007_s3942794106835504099_086.cnf in dir /home/vjurisic/cse3000-how-to-break-a-solver/binaries/solvers/
[SharpVelvet]: Counter d4g reports count 9700799125607002
[SharpVelvet]: 
[SharpVelvet], 2025-01-19, 18h15m52s: Instance 4/1010: /home/vjurisic/cse3000-how-to-break-a-solver/SharpVelvet/instances/3cnf-500clause-125var-horn/chevu_004_s3942794106835504096_067.cnf
[SharpVelvet]: Running counter d4g on instance /home/vjurisic/cse3000-how-to-break-a-solver/SharpVelvet/instances/3cnf-500clause-125var-horn/chevu_004_s3942794106835504096_067.cnf.
[SharpVelvet]: --> Executing: ./d4g /home/vjurisic/cse3000-how-to-break-a-solver/SharpVelvet/instances/3cnf-500clause-125var-horn/chevu_004_s3942794106835504096_067.cnf in dir /home/vjurisic/cse3000-how-to-break-a-solver/binaries/solvers/
[SharpVelvet]: Counter d4g reports count 784312292357
[SharpVelvet]: 
[SharpVelvet], 2025-01-19, 18h15m56s: Instance 5/1010: /home/vjurisic/cse3000-how-to-break-a-solver/SharpVelvet/instances/3cnf-500clause-125var-horn/chevu_005_s3942794106835504097_041.cnf
[SharpVelvet]: Running counter d4g on instance /home/vjurisic/cse3000-how-to-break-a-solver/SharpVelvet/instances/3cnf-500clause-125var-horn/chevu_005_s3942794106835504097_041.cnf.
[SharpVelvet]: --> Executing: ./d4g /home/vjurisic/cse3000-how-to-break-a-solver/SharpVelvet/instances/3cnf-500clause-125var-horn/chevu_005_s3942794106835504097_041.cnf in dir /home/vjurisic/cse3000-how-to-break-a-solver/binaries/solvers/
[SharpVelvet]: Counter d4g reports count 1686499119997
[SharpVelvet]: 
[SharpVelvet], 2025-01-19, 18h15m58s: Instance 6/1010: /home/vjurisic/cse3000-how-to-break-a-solver/SharpVelvet/instances/3cnf-500clause-125var-horn/chevu_007_s3942794106835504099_086.cnf
[SharpVelvet]: Running counter d4g on instance /home/vjurisic/cse3000-how-to-break-a-solver/SharpVelvet/instances/3cnf-500clause-125var-horn/chevu_007_s3942794106835504099_086.cnf.
[SharpVelvet]: --> Executing: ./d4g /home/vjurisic/cse3000-how-to-break-a-solver/SharpVelvet/instances/3cnf-500clause-125var-horn/chevu_007_s3942794106835504099_086.cnf in dir /home/vjurisic/cse3000-how-to-break-a-solver/binaries/solvers/
[SharpVelvet]: Counter ganak reports count 273073007847182725
[SharpVelvet]: 
[SharpVelvet], 2025-01-19, 18h17m02s: Instance 7/1010: /home/vjurisic/cse3000-how-to-break-a-solver/SharpVelvet/instances/3cnf-500clause-125var-horn/chevu_009_s3942794106835504101_087.cnf
[SharpVelvet]: Running counter ganak on instance /home/vjurisic/cse3000-how-to-break-a-solver/SharpVelvet/instances/3cnf-500clause-125var-horn/chevu_009_s3942794106835504101_087.cnf.
[SharpVelvet]: --> Executing: ./ganak --verb 0 --bveresolvmaxsz 12 --sbva 1 --maxcache 7800 --tdexpmult 1.1 --tdminw 7 --tdmaxw 60 --arjunoraclefindbins 6 --rdbclstarget 10000 /home/vjurisic/cse3000-how-to-break-a-solver/SharpVelvet/instances/3cnf-500clause-125var-horn/chevu_009_s3942794106835504101_087.cnf in dir /home/vjurisic/cse3000-how-to-break-a-solver/binaries/solvers/
[SharpVelvet]: Counter gpmc reports count 273073007847182725
[SharpVelvet]: 
[SharpVelvet], 2025-01-19, 18h17m14s: Instance 7/1010: /home/vjurisic/cse3000-how-to-break-a-solver/SharpVelvet/instances/3cnf-500clause-125var-horn/chevu_009_s3942794106835504101_087.cnf
[SharpVelvet]: Running counter gpmc on instance /home/vjurisic/cse3000-how-to-break-a-solver/SharpVelvet/instances/3cnf-500clause-125var-horn/chevu_009_s3942794106835504101_087.cnf.
[SharpVelvet]: --> Executing: ./gpmc /home/vjurisic/cse3000-how-to-break-a-solver/SharpVelvet/instances/3cnf-500clause-125var-horn/chevu_009_s3942794106835504101_087.cnf in dir /home/vjurisic/cse3000-how-to-break-a-solver/binaries/solvers/
[SharpVelvet]: Counter gpmc reports count 468652616091869
[SharpVelvet]: 
[SharpVelvet], 2025-01-19, 18h17m43s: Instance 8/1010: /home/vjurisic/cse3000-how-to-break-a-solver/SharpVelvet/instances/3cnf-500clause-125var-horn/chevu_007_s3942794106835504099_039.cnf
[SharpVelvet]: Running counter gpmc on instance /home/vjurisic/cse3000-how-to-break-a-solver/SharpVelvet/instances/3cnf-500clause-125var-horn/chevu_007_s3942794106835504099_039.cnf.
[SharpVelvet]: --> Executing: ./gpmc /home/vjurisic/cse3000-how-to-break-a-solver/SharpVelvet/instances/3cnf-500clause-125var-horn/chevu_007_s3942794106835504099_039.cnf in dir /home/vjurisic/cse3000-how-to-break-a-solver/binaries/solvers/
[SharpVelvet]: Counter gpmc reports count 5475733429031
[SharpVelvet]: 
[SharpVelvet], 2025-01-19, 18h17m44s: Instance 9/1010: /home/vjurisic/cse3000-how-to-break-a-solver/SharpVelvet/instances/3cnf-500clause-125var-horn/chevu_002_s3942794106835504094_081.cnf
[SharpVelvet]: Running counter gpmc on instance /home/vjurisic/cse3000-how-to-break-a-solver/SharpVelvet/instances/3cnf-500clause-125var-horn/chevu_002_s3942794106835504094_081.cnf.
[SharpVelvet]: --> Executing: ./gpmc /home/vjurisic/cse3000-how-to-break-a-solver/SharpVelvet/instances/3cnf-500clause-125var-horn/chevu_002_s3942794106835504094_081.cnf in dir /home/vjurisic/cse3000-how-to-break-a-solver/binaries/solvers/
[SharpVelvet]: Counter gpmc reports count 1975672792
[SharpVelvet]: 
[SharpVelvet], 2025-01-19, 18h17m44s: Instance 10/1010: /home/vjurisic/cse3000-how-to-break-a-solver/SharpVelvet/instances/3cnf-500clause-125var-horn/chevu_006_s3942794106835504098_100.cnf
[SharpVelvet]: Running counter gpmc on instance /home/vjurisic/cse3000-how-to-break-a-solver/SharpVelvet/instances/3cnf-500clause-125var-horn/chevu_006_s3942794106835504098_100.cnf.
[SharpVelvet]: --> Executing: ./gpmc /home/vjurisic/cse3000-how-to-break-a-solver/SharpVelvet/instances/3cnf-500clause-125var-horn/chevu_006_s3942794106835504098_100.cnf in dir /home/vjurisic/cse3000-how-to-break-a-solver/binaries/solvers/
[SharpVelvet]: Counter ganak reports count 468652616091869
[SharpVelvet]: 
[SharpVelvet], 2025-01-19, 18h17m54s: Instance 8/1010: /home/vjurisic/cse3000-how-to-break-a-solver/SharpVelvet/instances/3cnf-500clause-125var-horn/chevu_007_s3942794106835504099_039.cnf
[SharpVelvet]: Running counter ganak on instance /home/vjurisic/cse3000-how-to-break-a-solver/SharpVelvet/instances/3cnf-500clause-125var-horn/chevu_007_s3942794106835504099_039.cnf.
[SharpVelvet]: --> Executing: ./ganak --verb 0 --bveresolvmaxsz 12 --sbva 1 --maxcache 7800 --tdexpmult 1.1 --tdminw 7 --tdmaxw 60 --arjunoraclefindbins 6 --rdbclstarget 10000 /home/vjurisic/cse3000-how-to-break-a-solver/SharpVelvet/instances/3cnf-500clause-125var-horn/chevu_007_s3942794106835504099_039.cnf in dir /home/vjurisic/cse3000-how-to-break-a-solver/binaries/solvers/
[SharpVelvet]: Counter ganak reports count 5475733429031
[SharpVelvet]: 
[SharpVelvet], 2025-01-19, 18h18m01s: Instance 9/1010: /home/vjurisic/cse3000-how-to-break-a-solver/SharpVelvet/instances/3cnf-500clause-125var-horn/chevu_002_s3942794106835504094_081.cnf
[SharpVelvet]: Running counter ganak on instance /home/vjurisic/cse3000-how-to-break-a-solver/SharpVelvet/instances/3cnf-500clause-125var-horn/chevu_002_s3942794106835504094_081.cnf.
[SharpVelvet]: --> Executing: ./ganak --verb 0 --bveresolvmaxsz 12 --sbva 1 --maxcache 7800 --tdexpmult 1.1 --tdminw 7 --tdmaxw 60 --arjunoraclefindbins 6 --rdbclstarget 10000 /home/vjurisic/cse3000-how-to-break-a-solver/SharpVelvet/instances/3cnf-500clause-125var-horn/chevu_002_s3942794106835504094_081.cnf in dir /home/vjurisic/cse3000-how-to-break-a-solver/binaries/solvers/
[SharpVelvet]: Counter ganak reports count 1975672792
[SharpVelvet]: 
[SharpVelvet], 2025-01-19, 18h18m06s: Instance 10/1010: /home/vjurisic/cse3000-how-to-break-a-solver/SharpVelvet/instances/3cnf-500clause-125var-horn/chevu_006_s3942794106835504098_100.cnf
[SharpVelvet]: Running counter ganak on instance /home/vjurisic/cse3000-how-to-break-a-solver/SharpVelvet/instances/3cnf-500clause-125var-horn/chevu_006_s3942794106835504098_100.cnf.
[SharpVelvet]: --> Executing: ./ganak --verb 0 --bveresolvmaxsz 12 --sbva 1 --maxcache 7800 --tdexpmult 1.1 --tdminw 7 --tdmaxw 60 --arjunoraclefindbins 6 --rdbclstarget 10000 /home/vjurisic/cse3000-how-to-break-a-solver/SharpVelvet/instances/3cnf-500clause-125var-horn/chevu_006_s3942794106835504098_100.cnf in dir /home/vjurisic/cse3000-how-to-break-a-solver/binaries/solvers/
[SharpVelvet]: Counter d4g reports count 273073007847182725
[SharpVelvet]: 
[SharpVelvet], 2025-01-19, 18h23m09s: Instance 7/1010: /home/vjurisic/cse3000-how-to-break-a-solver/SharpVelvet/instances/3cnf-500clause-125var-horn/chevu_009_s3942794106835504101_087.cnf
[SharpVelvet]: Running counter d4g on instance /home/vjurisic/cse3000-how-to-break-a-solver/SharpVelvet/instances/3cnf-500clause-125var-horn/chevu_009_s3942794106835504101_087.cnf.
[SharpVelvet]: --> Executing: ./d4g /home/vjurisic/cse3000-how-to-break-a-solver/SharpVelvet/instances/3cnf-500clause-125var-horn/chevu_009_s3942794106835504101_087.cnf in dir /home/vjurisic/cse3000-how-to-break-a-solver/binaries/solvers/
[SharpVelvet]: Counter d4g reports count 468652616091869
[SharpVelvet]: 
[SharpVelvet], 2025-01-19, 18h24m13s: Instance 8/1010: /home/vjurisic/cse3000-how-to-break-a-solver/SharpVelvet/instances/3cnf-500clause-125var-horn/chevu_007_s3942794106835504099_039.cnf
[SharpVelvet]: Running counter d4g on instance /home/vjurisic/cse3000-how-to-break-a-solver/SharpVelvet/instances/3cnf-500clause-125var-horn/chevu_007_s3942794106835504099_039.cnf.
[SharpVelvet]: --> Executing: ./d4g /home/vjurisic/cse3000-how-to-break-a-solver/SharpVelvet/instances/3cnf-500clause-125var-horn/chevu_007_s3942794106835504099_039.cnf in dir /home/vjurisic/cse3000-how-to-break-a-solver/binaries/solvers/
[SharpVelvet]: Counter d4g reports count 5475733429031
[SharpVelvet]: 
[SharpVelvet], 2025-01-19, 18h24m16s: Instance 9/1010: /home/vjurisic/cse3000-how-to-break-a-solver/SharpVelvet/instances/3cnf-500clause-125var-horn/chevu_002_s3942794106835504094_081.cnf
[SharpVelvet]: Running counter d4g on instance /home/vjurisic/cse3000-how-to-break-a-solver/SharpVelvet/instances/3cnf-500clause-125var-horn/chevu_002_s3942794106835504094_081.cnf.
[SharpVelvet]: --> Executing: ./d4g /home/vjurisic/cse3000-how-to-break-a-solver/SharpVelvet/instances/3cnf-500clause-125var-horn/chevu_002_s3942794106835504094_081.cnf in dir /home/vjurisic/cse3000-how-to-break-a-solver/binaries/solvers/
[SharpVelvet]: Counter d4g reports count 1975672792
[SharpVelvet]: 
[SharpVelvet], 2025-01-19, 18h24m16s: Instance 10/1010: /home/vjurisic/cse3000-how-to-break-a-solver/SharpVelvet/instances/3cnf-500clause-125var-horn/chevu_006_s3942794106835504098_100.cnf
[SharpVelvet]: Running counter d4g on instance /home/vjurisic/cse3000-how-to-break-a-solver/SharpVelvet/instances/3cnf-500clause-125var-horn/chevu_006_s3942794106835504098_100.cnf.
[SharpVelvet]: --> Executing: ./d4g /home/vjurisic/cse3000-how-to-break-a-solver/SharpVelvet/instances/3cnf-500clause-125var-horn/chevu_006_s3942794106835504098_100.cnf in dir /home/vjurisic/cse3000-how-to-break-a-solver/binaries/solvers/
[SharpVelvet]: Aborted! Counter gpmc exceeded maximum time of 600 s on instance /home/vjurisic/cse3000-how-to-break-a-solver/SharpVelvet/instances/3cnf-500clause-125var-horn/chevu_006_s3942794106835504098_100.cnf.
[SharpVelvet]: Counter gpmc reports count None
[SharpVelvet]: 
[SharpVelvet], 2025-01-19, 18h27m47s: Instance 11/1010: /home/vjurisic/cse3000-how-to-break-a-solver/SharpVelvet/instances/3cnf-500clause-125var-horn/chevu_004_s3942794106835504096_034.cnf
[SharpVelvet]: Running counter gpmc on instance /home/vjurisic/cse3000-how-to-break-a-solver/SharpVelvet/instances/3cnf-500clause-125var-horn/chevu_004_s3942794106835504096_034.cnf.
[SharpVelvet]: --> Executing: ./gpmc /home/vjurisic/cse3000-how-to-break-a-solver/SharpVelvet/instances/3cnf-500clause-125var-horn/chevu_004_s3942794106835504096_034.cnf in dir /home/vjurisic/cse3000-how-to-break-a-solver/binaries/solvers/
[SharpVelvet]: Counter gpmc reports count 144567597919952
[SharpVelvet]: 
[SharpVelvet], 2025-01-19, 18h27m57s: Instance 12/1010: /home/vjurisic/cse3000-how-to-break-a-solver/SharpVelvet/instances/3cnf-500clause-125var-horn/chevu_009_s3942794106835504101_016.cnf
[SharpVelvet]: Running counter gpmc on instance /home/vjurisic/cse3000-how-to-break-a-solver/SharpVelvet/instances/3cnf-500clause-125var-horn/chevu_009_s3942794106835504101_016.cnf.
[SharpVelvet]: --> Executing: ./gpmc /home/vjurisic/cse3000-how-to-break-a-solver/SharpVelvet/instances/3cnf-500clause-125var-horn/chevu_009_s3942794106835504101_016.cnf in dir /home/vjurisic/cse3000-how-to-break-a-solver/binaries/solvers/
[SharpVelvet]: Aborted! Counter ganak exceeded maximum time of 600 s on instance /home/vjurisic/cse3000-how-to-break-a-solver/SharpVelvet/instances/3cnf-500clause-125var-horn/chevu_006_s3942794106835504098_100.cnf.
[SharpVelvet]: Counter ganak reports count None
[SharpVelvet]: 
[SharpVelvet], 2025-01-19, 18h28m09s: Instance 11/1010: /home/vjurisic/cse3000-how-to-break-a-solver/SharpVelvet/instances/3cnf-500clause-125var-horn/chevu_004_s3942794106835504096_034.cnf
[SharpVelvet]: Running counter ganak on instance /home/vjurisic/cse3000-how-to-break-a-solver/SharpVelvet/instances/3cnf-500clause-125var-horn/chevu_004_s3942794106835504096_034.cnf.
[SharpVelvet]: --> Executing: ./ganak --verb 0 --bveresolvmaxsz 12 --sbva 1 --maxcache 7800 --tdexpmult 1.1 --tdminw 7 --tdmaxw 60 --arjunoraclefindbins 6 --rdbclstarget 10000 /home/vjurisic/cse3000-how-to-break-a-solver/SharpVelvet/instances/3cnf-500clause-125var-horn/chevu_004_s3942794106835504096_034.cnf in dir /home/vjurisic/cse3000-how-to-break-a-solver/binaries/solvers/
[SharpVelvet]: Counter ganak reports count 144567597919952
[SharpVelvet]: 
[SharpVelvet], 2025-01-19, 18h28m35s: Instance 12/1010: /home/vjurisic/cse3000-how-to-break-a-solver/SharpVelvet/instances/3cnf-500clause-125var-horn/chevu_009_s3942794106835504101_016.cnf
[SharpVelvet]: Running counter ganak on instance /home/vjurisic/cse3000-how-to-break-a-solver/SharpVelvet/instances/3cnf-500clause-125var-horn/chevu_009_s3942794106835504101_016.cnf.
[SharpVelvet]: --> Executing: ./ganak --verb 0 --bveresolvmaxsz 12 --sbva 1 --maxcache 7800 --tdexpmult 1.1 --tdminw 7 --tdmaxw 60 --arjunoraclefindbins 6 --rdbclstarget 10000 /home/vjurisic/cse3000-how-to-break-a-solver/SharpVelvet/instances/3cnf-500clause-125var-horn/chevu_009_s3942794106835504101_016.cnf in dir /home/vjurisic/cse3000-how-to-break-a-solver/binaries/solvers/
[SharpVelvet]: Counter gpmc reports count 15020143497326736
[SharpVelvet]: 
[SharpVelvet], 2025-01-19, 18h28m39s: Instance 13/1010: /home/vjurisic/cse3000-how-to-break-a-solver/SharpVelvet/instances/3cnf-500clause-125var-horn/chevu_003_s3942794106835504095_089.cnf
[SharpVelvet]: Running counter gpmc on instance /home/vjurisic/cse3000-how-to-break-a-solver/SharpVelvet/instances/3cnf-500clause-125var-horn/chevu_003_s3942794106835504095_089.cnf.
[SharpVelvet]: --> Executing: ./gpmc /home/vjurisic/cse3000-how-to-break-a-solver/SharpVelvet/instances/3cnf-500clause-125var-horn/chevu_003_s3942794106835504095_089.cnf in dir /home/vjurisic/cse3000-how-to-break-a-solver/binaries/solvers/
[SharpVelvet]: Counter ganak reports count 15020143497326736
[SharpVelvet]: 
[SharpVelvet], 2025-01-19, 18h30m19s: Instance 13/1010: /home/vjurisic/cse3000-how-to-break-a-solver/SharpVelvet/instances/3cnf-500clause-125var-horn/chevu_003_s3942794106835504095_089.cnf
[SharpVelvet]: Running counter ganak on instance /home/vjurisic/cse3000-how-to-break-a-solver/SharpVelvet/instances/3cnf-500clause-125var-horn/chevu_003_s3942794106835504095_089.cnf.
[SharpVelvet]: --> Executing: ./ganak --verb 0 --bveresolvmaxsz 12 --sbva 1 --maxcache 7800 --tdexpmult 1.1 --tdminw 7 --tdmaxw 60 --arjunoraclefindbins 6 --rdbclstarget 10000 /home/vjurisic/cse3000-how-to-break-a-solver/SharpVelvet/instances/3cnf-500clause-125var-horn/chevu_003_s3942794106835504095_089.cnf in dir /home/vjurisic/cse3000-how-to-break-a-solver/binaries/solvers/
[SharpVelvet]: Counter gpmc reports count 411046699946671776
[SharpVelvet]: 
[SharpVelvet], 2025-01-19, 18h31m10s: Instance 14/1010: /home/vjurisic/cse3000-how-to-break-a-solver/SharpVelvet/instances/3cnf-500clause-125var-horn/chevu_003_s3942794106835504095_073.cnf
[SharpVelvet]: Running counter gpmc on instance /home/vjurisic/cse3000-how-to-break-a-solver/SharpVelvet/instances/3cnf-500clause-125var-horn/chevu_003_s3942794106835504095_073.cnf.
[SharpVelvet]: --> Executing: ./gpmc /home/vjurisic/cse3000-how-to-break-a-solver/SharpVelvet/instances/3cnf-500clause-125var-horn/chevu_003_s3942794106835504095_073.cnf in dir /home/vjurisic/cse3000-how-to-break-a-solver/binaries/solvers/
[SharpVelvet]: Counter gpmc reports count 179928695881750
[SharpVelvet]: 
[SharpVelvet], 2025-01-19, 18h31m11s: Instance 15/1010: /home/vjurisic/cse3000-how-to-break-a-solver/SharpVelvet/instances/3cnf-500clause-125var-horn/chevu_007_s3942794106835504099_048.cnf
[SharpVelvet]: Running counter gpmc on instance /home/vjurisic/cse3000-how-to-break-a-solver/SharpVelvet/instances/3cnf-500clause-125var-horn/chevu_007_s3942794106835504099_048.cnf.
[SharpVelvet]: --> Executing: ./gpmc /home/vjurisic/cse3000-how-to-break-a-solver/SharpVelvet/instances/3cnf-500clause-125var-horn/chevu_007_s3942794106835504099_048.cnf in dir /home/vjurisic/cse3000-how-to-break-a-solver/binaries/solvers/
[SharpVelvet]: Counter gpmc reports count 36958251387618
[SharpVelvet]: 
[SharpVelvet], 2025-01-19, 18h31m19s: Instance 16/1010: /home/vjurisic/cse3000-how-to-break-a-solver/SharpVelvet/instances/3cnf-500clause-125var-horn/chevu_009_s3942794106835504101_004.cnf
[SharpVelvet]: Running counter gpmc on instance /home/vjurisic/cse3000-how-to-break-a-solver/SharpVelvet/instances/3cnf-500clause-125var-horn/chevu_009_s3942794106835504101_004.cnf.
[SharpVelvet]: --> Executing: ./gpmc /home/vjurisic/cse3000-how-to-break-a-solver/SharpVelvet/instances/3cnf-500clause-125var-horn/chevu_009_s3942794106835504101_004.cnf in dir /home/vjurisic/cse3000-how-to-break-a-solver/binaries/solvers/
[SharpVelvet]: Aborted! Counter d4g exceeded maximum time of 600 s on instance /home/vjurisic/cse3000-how-to-break-a-solver/SharpVelvet/instances/3cnf-500clause-125var-horn/chevu_006_s3942794106835504098_100.cnf.
[SharpVelvet]: Counter d4g reports count None
[SharpVelvet]: 
[SharpVelvet], 2025-01-19, 18h34m19s: Instance 11/1010: /home/vjurisic/cse3000-how-to-break-a-solver/SharpVelvet/instances/3cnf-500clause-125var-horn/chevu_004_s3942794106835504096_034.cnf
[SharpVelvet]: Running counter d4g on instance /home/vjurisic/cse3000-how-to-break-a-solver/SharpVelvet/instances/3cnf-500clause-125var-horn/chevu_004_s3942794106835504096_034.cnf.
[SharpVelvet]: --> Executing: ./d4g /home/vjurisic/cse3000-how-to-break-a-solver/SharpVelvet/instances/3cnf-500clause-125var-horn/chevu_004_s3942794106835504096_034.cnf in dir /home/vjurisic/cse3000-how-to-break-a-solver/binaries/solvers/
[SharpVelvet]: Counter d4g reports count 144567597919952
[SharpVelvet]: 
[SharpVelvet], 2025-01-19, 18h34m41s: Instance 12/1010: /home/vjurisic/cse3000-how-to-break-a-solver/SharpVelvet/instances/3cnf-500clause-125var-horn/chevu_009_s3942794106835504101_016.cnf
[SharpVelvet]: Running counter d4g on instance /home/vjurisic/cse3000-how-to-break-a-solver/SharpVelvet/instances/3cnf-500clause-125var-horn/chevu_009_s3942794106835504101_016.cnf.
[SharpVelvet]: --> Executing: ./d4g /home/vjurisic/cse3000-how-to-break-a-solver/SharpVelvet/instances/3cnf-500clause-125var-horn/chevu_009_s3942794106835504101_016.cnf in dir /home/vjurisic/cse3000-how-to-break-a-solver/binaries/solvers/
[SharpVelvet]: Counter d4g reports count 15020143497326736
[SharpVelvet]: 
[SharpVelvet], 2025-01-19, 18h36m25s: Instance 13/1010: /home/vjurisic/cse3000-how-to-break-a-solver/SharpVelvet/instances/3cnf-500clause-125var-horn/chevu_003_s3942794106835504095_089.cnf
[SharpVelvet]: Running counter d4g on instance /home/vjurisic/cse3000-how-to-break-a-solver/SharpVelvet/instances/3cnf-500clause-125var-horn/chevu_003_s3942794106835504095_089.cnf.
[SharpVelvet]: --> Executing: ./d4g /home/vjurisic/cse3000-how-to-break-a-solver/SharpVelvet/instances/3cnf-500clause-125var-horn/chevu_003_s3942794106835504095_089.cnf in dir /home/vjurisic/cse3000-how-to-break-a-solver/binaries/solvers/
[SharpVelvet]: Counter ganak reports count 411046699946671776
[SharpVelvet]: 
[SharpVelvet], 2025-01-19, 18h38m12s: Instance 14/1010: /home/vjurisic/cse3000-how-to-break-a-solver/SharpVelvet/instances/3cnf-500clause-125var-horn/chevu_003_s3942794106835504095_073.cnf
[SharpVelvet]: Running counter ganak on instance /home/vjurisic/cse3000-how-to-break-a-solver/SharpVelvet/instances/3cnf-500clause-125var-horn/chevu_003_s3942794106835504095_073.cnf.
[SharpVelvet]: --> Executing: ./ganak --verb 0 --bveresolvmaxsz 12 --sbva 1 --maxcache 7800 --tdexpmult 1.1 --tdminw 7 --tdmaxw 60 --arjunoraclefindbins 6 --rdbclstarget 10000 /home/vjurisic/cse3000-how-to-break-a-solver/SharpVelvet/instances/3cnf-500clause-125var-horn/chevu_003_s3942794106835504095_073.cnf in dir /home/vjurisic/cse3000-how-to-break-a-solver/binaries/solvers/
[SharpVelvet]: Counter ganak reports count 179928695881750
[SharpVelvet]: 
[SharpVelvet], 2025-01-19, 18h38m18s: Instance 15/1010: /home/vjurisic/cse3000-how-to-break-a-solver/SharpVelvet/instances/3cnf-500clause-125var-horn/chevu_007_s3942794106835504099_048.cnf
[SharpVelvet]: Running counter ganak on instance /home/vjurisic/cse3000-how-to-break-a-solver/SharpVelvet/instances/3cnf-500clause-125var-horn/chevu_007_s3942794106835504099_048.cnf.
[SharpVelvet]: --> Executing: ./ganak --verb 0 --bveresolvmaxsz 12 --sbva 1 --maxcache 7800 --tdexpmult 1.1 --tdminw 7 --tdmaxw 60 --arjunoraclefindbins 6 --rdbclstarget 10000 /home/vjurisic/cse3000-how-to-break-a-solver/SharpVelvet/instances/3cnf-500clause-125var-horn/chevu_007_s3942794106835504099_048.cnf in dir /home/vjurisic/cse3000-how-to-break-a-solver/binaries/solvers/
[SharpVelvet]: Counter ganak reports count 36958251387618
[SharpVelvet]: 
[SharpVelvet], 2025-01-19, 18h38m36s: Instance 16/1010: /home/vjurisic/cse3000-how-to-break-a-solver/SharpVelvet/instances/3cnf-500clause-125var-horn/chevu_009_s3942794106835504101_004.cnf
[SharpVelvet]: Running counter ganak on instance /home/vjurisic/cse3000-how-to-break-a-solver/SharpVelvet/instances/3cnf-500clause-125var-horn/chevu_009_s3942794106835504101_004.cnf.
[SharpVelvet]: --> Executing: ./ganak --verb 0 --bveresolvmaxsz 12 --sbva 1 --maxcache 7800 --tdexpmult 1.1 --tdminw 7 --tdmaxw 60 --arjunoraclefindbins 6 --rdbclstarget 10000 /home/vjurisic/cse3000-how-to-break-a-solver/SharpVelvet/instances/3cnf-500clause-125var-horn/chevu_009_s3942794106835504101_004.cnf in dir /home/vjurisic/cse3000-how-to-break-a-solver/binaries/solvers/
