Conda module loaded!
Conda environment 'global-env' activated!
chevu_000_s13588293602606520662_000.cnf
Namespace(counters='/home/vjurisic/cse3000-how-to-break-a-solver/SharpVelvet/tool-config/exp/d4g_counter_config_mc.json', instances='/home/vjurisic/cse3000-how-to-break-a-solver/SharpVelvet/instances/3cnf-500clause-140var-horn', projected=False, weighted=False, timeout=600, memout=20000, verbosity=2, keep_bugs_only=False, out_dir='/home/vjurisic/cse3000-how-to-break-a-solver/SharpVelvet/out', log_dir='/home/vjurisic/cse3000-how-to-break-a-solver/SharpVelvet/out/logs', verified_counts=None, clean_up_proofs=False)
chevu_000_s13588293602606520662_000.cnf
Namespace(counters='/home/vjurisic/cse3000-how-to-break-a-solver/SharpVelvet/tool-config/exp/ganak_counter_config_mc.json', instances='/home/vjurisic/cse3000-how-to-break-a-solver/SharpVelvet/instances/3cnf-500clause-140var-horn', projected=False, weighted=False, timeout=600, memout=20000, verbosity=2, keep_bugs_only=False, out_dir='/home/vjurisic/cse3000-how-to-break-a-solver/SharpVelvet/out', log_dir='/home/vjurisic/cse3000-how-to-break-a-solver/SharpVelvet/out/logs', verified_counts=None, clean_up_proofs=False)
[SharpVelvet]: 
[SharpVelvet]: 
chevu_000_s13588293602606520662_000.cnf
Namespace(counters='/home/vjurisic/cse3000-how-to-break-a-solver/SharpVelvet/tool-config/exp/gpmc_counter_config_mc.json', instances='/home/vjurisic/cse3000-how-to-break-a-solver/SharpVelvet/instances/3cnf-500clause-140var-horn', projected=False, weighted=False, timeout=600, memout=20000, verbosity=2, keep_bugs_only=False, out_dir='/home/vjurisic/cse3000-how-to-break-a-solver/SharpVelvet/out', log_dir='/home/vjurisic/cse3000-how-to-break-a-solver/SharpVelvet/out/logs', verified_counts=None, clean_up_proofs=False)
[SharpVelvet]: 
[SharpVelvet]: 
[SharpVelvet], 2025-01-19, 20h11m45s: Instance 1/1010: /home/vjurisic/cse3000-how-to-break-a-solver/SharpVelvet/instances/3cnf-500clause-140var-horn/chevu_008_s13588293602606520670_030.cnf
[SharpVelvet]: Running counter d4g on instance /home/vjurisic/cse3000-how-to-break-a-solver/SharpVelvet/instances/3cnf-500clause-140var-horn/chevu_008_s13588293602606520670_030.cnf.
[SharpVelvet]: 
[SharpVelvet]: 
[SharpVelvet], 2025-01-19, 20h11m45s: Instance 1/1010: /home/vjurisic/cse3000-how-to-break-a-solver/SharpVelvet/instances/3cnf-500clause-140var-horn/chevu_008_s13588293602606520670_030.cnf
[SharpVelvet]: Running counter ganak on instance /home/vjurisic/cse3000-how-to-break-a-solver/SharpVelvet/instances/3cnf-500clause-140var-horn/chevu_008_s13588293602606520670_030.cnf.
[SharpVelvet], 2025-01-19, 20h11m45s: Instance 1/1010: /home/vjurisic/cse3000-how-to-break-a-solver/SharpVelvet/instances/3cnf-500clause-140var-horn/chevu_008_s13588293602606520670_030.cnf
[SharpVelvet]: Running counter gpmc on instance /home/vjurisic/cse3000-how-to-break-a-solver/SharpVelvet/instances/3cnf-500clause-140var-horn/chevu_008_s13588293602606520670_030.cnf.
[SharpVelvet]: --> Executing: ./gpmc /home/vjurisic/cse3000-how-to-break-a-solver/SharpVelvet/instances/3cnf-500clause-140var-horn/chevu_008_s13588293602606520670_030.cnf in dir /home/vjurisic/cse3000-how-to-break-a-solver/binaries/solvers/
[SharpVelvet]: --> Executing: ./d4g /home/vjurisic/cse3000-how-to-break-a-solver/SharpVelvet/instances/3cnf-500clause-140var-horn/chevu_008_s13588293602606520670_030.cnf in dir /home/vjurisic/cse3000-how-to-break-a-solver/binaries/solvers/
[SharpVelvet]: --> Executing: ./ganak --verb 0 --bveresolvmaxsz 12 --sbva 1 --maxcache 7800 --tdexpmult 1.1 --tdminw 7 --tdmaxw 60 --arjunoraclefindbins 6 --rdbclstarget 10000 /home/vjurisic/cse3000-how-to-break-a-solver/SharpVelvet/instances/3cnf-500clause-140var-horn/chevu_008_s13588293602606520670_030.cnf in dir /home/vjurisic/cse3000-how-to-break-a-solver/binaries/solvers/
[SharpVelvet]: Counter gpmc reports count 743603058144280267
[SharpVelvet]: 
[SharpVelvet], 2025-01-19, 20h16m50s: Instance 2/1010: /home/vjurisic/cse3000-how-to-break-a-solver/SharpVelvet/instances/3cnf-500clause-140var-horn/chevu_006_s13588293602606520668_099.cnf
[SharpVelvet]: Running counter gpmc on instance /home/vjurisic/cse3000-how-to-break-a-solver/SharpVelvet/instances/3cnf-500clause-140var-horn/chevu_006_s13588293602606520668_099.cnf.
[SharpVelvet]: --> Executing: ./gpmc /home/vjurisic/cse3000-how-to-break-a-solver/SharpVelvet/instances/3cnf-500clause-140var-horn/chevu_006_s13588293602606520668_099.cnf in dir /home/vjurisic/cse3000-how-to-break-a-solver/binaries/solvers/
[SharpVelvet]: Counter d4g reports count 743603058144280267
[SharpVelvet]: 
[SharpVelvet], 2025-01-19, 20h21m31s: Instance 2/1010: /home/vjurisic/cse3000-how-to-break-a-solver/SharpVelvet/instances/3cnf-500clause-140var-horn/chevu_006_s13588293602606520668_099.cnf
[SharpVelvet]: Running counter d4g on instance /home/vjurisic/cse3000-how-to-break-a-solver/SharpVelvet/instances/3cnf-500clause-140var-horn/chevu_006_s13588293602606520668_099.cnf.
[SharpVelvet]: --> Executing: ./d4g /home/vjurisic/cse3000-how-to-break-a-solver/SharpVelvet/instances/3cnf-500clause-140var-horn/chevu_006_s13588293602606520668_099.cnf in dir /home/vjurisic/cse3000-how-to-break-a-solver/binaries/solvers/
[SharpVelvet]: Aborted! Counter ganak exceeded maximum time of 600 s on instance /home/vjurisic/cse3000-how-to-break-a-solver/SharpVelvet/instances/3cnf-500clause-140var-horn/chevu_008_s13588293602606520670_030.cnf.
[SharpVelvet]: Counter ganak reports count None
[SharpVelvet]: 
[SharpVelvet], 2025-01-19, 20h21m49s: Instance 2/1010: /home/vjurisic/cse3000-how-to-break-a-solver/SharpVelvet/instances/3cnf-500clause-140var-horn/chevu_006_s13588293602606520668_099.cnf
[SharpVelvet]: Running counter ganak on instance /home/vjurisic/cse3000-how-to-break-a-solver/SharpVelvet/instances/3cnf-500clause-140var-horn/chevu_006_s13588293602606520668_099.cnf.
[SharpVelvet]: --> Executing: ./ganak --verb 0 --bveresolvmaxsz 12 --sbva 1 --maxcache 7800 --tdexpmult 1.1 --tdminw 7 --tdmaxw 60 --arjunoraclefindbins 6 --rdbclstarget 10000 /home/vjurisic/cse3000-how-to-break-a-solver/SharpVelvet/instances/3cnf-500clause-140var-horn/chevu_006_s13588293602606520668_099.cnf in dir /home/vjurisic/cse3000-how-to-break-a-solver/binaries/solvers/
[SharpVelvet]: Aborted! Counter gpmc exceeded maximum time of 600 s on instance /home/vjurisic/cse3000-how-to-break-a-solver/SharpVelvet/instances/3cnf-500clause-140var-horn/chevu_006_s13588293602606520668_099.cnf.
[SharpVelvet]: Counter gpmc reports count None
[SharpVelvet]: 
[SharpVelvet], 2025-01-19, 20h26m54s: Instance 3/1010: /home/vjurisic/cse3000-how-to-break-a-solver/SharpVelvet/instances/3cnf-500clause-140var-horn/chevu_000_s13588293602606520662_051.cnf
[SharpVelvet]: Running counter gpmc on instance /home/vjurisic/cse3000-how-to-break-a-solver/SharpVelvet/instances/3cnf-500clause-140var-horn/chevu_000_s13588293602606520662_051.cnf.
[SharpVelvet]: --> Executing: ./gpmc /home/vjurisic/cse3000-how-to-break-a-solver/SharpVelvet/instances/3cnf-500clause-140var-horn/chevu_000_s13588293602606520662_051.cnf in dir /home/vjurisic/cse3000-how-to-break-a-solver/binaries/solvers/
[SharpVelvet]: Counter gpmc reports count 5367323192
[SharpVelvet]: 
[SharpVelvet], 2025-01-19, 20h26m55s: Instance 4/1010: /home/vjurisic/cse3000-how-to-break-a-solver/SharpVelvet/instances/3cnf-500clause-140var-horn/chevu_002_s13588293602606520664_042.cnf
[SharpVelvet]: Running counter gpmc on instance /home/vjurisic/cse3000-how-to-break-a-solver/SharpVelvet/instances/3cnf-500clause-140var-horn/chevu_002_s13588293602606520664_042.cnf.
[SharpVelvet]: --> Executing: ./gpmc /home/vjurisic/cse3000-how-to-break-a-solver/SharpVelvet/instances/3cnf-500clause-140var-horn/chevu_002_s13588293602606520664_042.cnf in dir /home/vjurisic/cse3000-how-to-break-a-solver/binaries/solvers/
[SharpVelvet]: Counter gpmc reports count 5963210810708366
[SharpVelvet]: 
[SharpVelvet], 2025-01-19, 20h27m09s: Instance 5/1010: /home/vjurisic/cse3000-how-to-break-a-solver/SharpVelvet/instances/3cnf-500clause-140var-horn/chevu_007_s13588293602606520669_004.cnf
[SharpVelvet]: Running counter gpmc on instance /home/vjurisic/cse3000-how-to-break-a-solver/SharpVelvet/instances/3cnf-500clause-140var-horn/chevu_007_s13588293602606520669_004.cnf.
[SharpVelvet]: --> Executing: ./gpmc /home/vjurisic/cse3000-how-to-break-a-solver/SharpVelvet/instances/3cnf-500clause-140var-horn/chevu_007_s13588293602606520669_004.cnf in dir /home/vjurisic/cse3000-how-to-break-a-solver/binaries/solvers/
[SharpVelvet]: Aborted! Counter d4g exceeded maximum time of 600 s on instance /home/vjurisic/cse3000-how-to-break-a-solver/SharpVelvet/instances/3cnf-500clause-140var-horn/chevu_006_s13588293602606520668_099.cnf.
[SharpVelvet]: Counter d4g reports count None
[SharpVelvet]: 
[SharpVelvet], 2025-01-19, 20h31m35s: Instance 3/1010: /home/vjurisic/cse3000-how-to-break-a-solver/SharpVelvet/instances/3cnf-500clause-140var-horn/chevu_000_s13588293602606520662_051.cnf
[SharpVelvet]: Running counter d4g on instance /home/vjurisic/cse3000-how-to-break-a-solver/SharpVelvet/instances/3cnf-500clause-140var-horn/chevu_000_s13588293602606520662_051.cnf.
[SharpVelvet]: --> Executing: ./d4g /home/vjurisic/cse3000-how-to-break-a-solver/SharpVelvet/instances/3cnf-500clause-140var-horn/chevu_000_s13588293602606520662_051.cnf in dir /home/vjurisic/cse3000-how-to-break-a-solver/binaries/solvers/
[SharpVelvet]: Counter d4g reports count 5367323192
[SharpVelvet]: 
[SharpVelvet], 2025-01-19, 20h31m35s: Instance 4/1010: /home/vjurisic/cse3000-how-to-break-a-solver/SharpVelvet/instances/3cnf-500clause-140var-horn/chevu_002_s13588293602606520664_042.cnf
[SharpVelvet]: Running counter d4g on instance /home/vjurisic/cse3000-how-to-break-a-solver/SharpVelvet/instances/3cnf-500clause-140var-horn/chevu_002_s13588293602606520664_042.cnf.
[SharpVelvet]: --> Executing: ./d4g /home/vjurisic/cse3000-how-to-break-a-solver/SharpVelvet/instances/3cnf-500clause-140var-horn/chevu_002_s13588293602606520664_042.cnf in dir /home/vjurisic/cse3000-how-to-break-a-solver/binaries/solvers/
[SharpVelvet]: Aborted! Counter ganak exceeded maximum time of 600 s on instance /home/vjurisic/cse3000-how-to-break-a-solver/SharpVelvet/instances/3cnf-500clause-140var-horn/chevu_006_s13588293602606520668_099.cnf.
[SharpVelvet]: Counter ganak reports count None
[SharpVelvet]: 
[SharpVelvet], 2025-01-19, 20h31m52s: Instance 3/1010: /home/vjurisic/cse3000-how-to-break-a-solver/SharpVelvet/instances/3cnf-500clause-140var-horn/chevu_000_s13588293602606520662_051.cnf
[SharpVelvet]: Running counter ganak on instance /home/vjurisic/cse3000-how-to-break-a-solver/SharpVelvet/instances/3cnf-500clause-140var-horn/chevu_000_s13588293602606520662_051.cnf.
[SharpVelvet]: --> Executing: ./ganak --verb 0 --bveresolvmaxsz 12 --sbva 1 --maxcache 7800 --tdexpmult 1.1 --tdminw 7 --tdmaxw 60 --arjunoraclefindbins 6 --rdbclstarget 10000 /home/vjurisic/cse3000-how-to-break-a-solver/SharpVelvet/instances/3cnf-500clause-140var-horn/chevu_000_s13588293602606520662_051.cnf in dir /home/vjurisic/cse3000-how-to-break-a-solver/binaries/solvers/
[SharpVelvet]: Counter ganak reports count 5367323192
[SharpVelvet]: 
[SharpVelvet], 2025-01-19, 20h31m59s: Instance 4/1010: /home/vjurisic/cse3000-how-to-break-a-solver/SharpVelvet/instances/3cnf-500clause-140var-horn/chevu_002_s13588293602606520664_042.cnf
[SharpVelvet]: Running counter ganak on instance /home/vjurisic/cse3000-how-to-break-a-solver/SharpVelvet/instances/3cnf-500clause-140var-horn/chevu_002_s13588293602606520664_042.cnf.
[SharpVelvet]: --> Executing: ./ganak --verb 0 --bveresolvmaxsz 12 --sbva 1 --maxcache 7800 --tdexpmult 1.1 --tdminw 7 --tdmaxw 60 --arjunoraclefindbins 6 --rdbclstarget 10000 /home/vjurisic/cse3000-how-to-break-a-solver/SharpVelvet/instances/3cnf-500clause-140var-horn/chevu_002_s13588293602606520664_042.cnf in dir /home/vjurisic/cse3000-how-to-break-a-solver/binaries/solvers/
[SharpVelvet]: Counter d4g reports count 5963210810708366
[SharpVelvet]: 
[SharpVelvet], 2025-01-19, 20h32m08s: Instance 5/1010: /home/vjurisic/cse3000-how-to-break-a-solver/SharpVelvet/instances/3cnf-500clause-140var-horn/chevu_007_s13588293602606520669_004.cnf
[SharpVelvet]: Running counter d4g on instance /home/vjurisic/cse3000-how-to-break-a-solver/SharpVelvet/instances/3cnf-500clause-140var-horn/chevu_007_s13588293602606520669_004.cnf.
[SharpVelvet]: --> Executing: ./d4g /home/vjurisic/cse3000-how-to-break-a-solver/SharpVelvet/instances/3cnf-500clause-140var-horn/chevu_007_s13588293602606520669_004.cnf in dir /home/vjurisic/cse3000-how-to-break-a-solver/binaries/solvers/
[SharpVelvet]: Counter ganak reports count 5963210810708366
[SharpVelvet]: 
[SharpVelvet], 2025-01-19, 20h32m28s: Instance 5/1010: /home/vjurisic/cse3000-how-to-break-a-solver/SharpVelvet/instances/3cnf-500clause-140var-horn/chevu_007_s13588293602606520669_004.cnf
[SharpVelvet]: Running counter ganak on instance /home/vjurisic/cse3000-how-to-break-a-solver/SharpVelvet/instances/3cnf-500clause-140var-horn/chevu_007_s13588293602606520669_004.cnf.
[SharpVelvet]: --> Executing: ./ganak --verb 0 --bveresolvmaxsz 12 --sbva 1 --maxcache 7800 --tdexpmult 1.1 --tdminw 7 --tdmaxw 60 --arjunoraclefindbins 6 --rdbclstarget 10000 /home/vjurisic/cse3000-how-to-break-a-solver/SharpVelvet/instances/3cnf-500clause-140var-horn/chevu_007_s13588293602606520669_004.cnf in dir /home/vjurisic/cse3000-how-to-break-a-solver/binaries/solvers/
[SharpVelvet]: Aborted! Counter gpmc exceeded maximum time of 600 s on instance /home/vjurisic/cse3000-how-to-break-a-solver/SharpVelvet/instances/3cnf-500clause-140var-horn/chevu_007_s13588293602606520669_004.cnf.
[SharpVelvet]: Counter gpmc reports count None
[SharpVelvet]: 
[SharpVelvet], 2025-01-19, 20h37m13s: Instance 6/1010: /home/vjurisic/cse3000-how-to-break-a-solver/SharpVelvet/instances/3cnf-500clause-140var-horn/chevu_004_s13588293602606520666_071.cnf
[SharpVelvet]: Running counter gpmc on instance /home/vjurisic/cse3000-how-to-break-a-solver/SharpVelvet/instances/3cnf-500clause-140var-horn/chevu_004_s13588293602606520666_071.cnf.
[SharpVelvet]: --> Executing: ./gpmc /home/vjurisic/cse3000-how-to-break-a-solver/SharpVelvet/instances/3cnf-500clause-140var-horn/chevu_004_s13588293602606520666_071.cnf in dir /home/vjurisic/cse3000-how-to-break-a-solver/binaries/solvers/
[SharpVelvet]: Counter gpmc reports count 1934896761059056
[SharpVelvet]: 
[SharpVelvet], 2025-01-19, 20h37m16s: Instance 7/1010: /home/vjurisic/cse3000-how-to-break-a-solver/SharpVelvet/instances/3cnf-500clause-140var-horn/chevu_002_s13588293602606520664_047.cnf
[SharpVelvet]: Running counter gpmc on instance /home/vjurisic/cse3000-how-to-break-a-solver/SharpVelvet/instances/3cnf-500clause-140var-horn/chevu_002_s13588293602606520664_047.cnf.
[SharpVelvet]: --> Executing: ./gpmc /home/vjurisic/cse3000-how-to-break-a-solver/SharpVelvet/instances/3cnf-500clause-140var-horn/chevu_002_s13588293602606520664_047.cnf in dir /home/vjurisic/cse3000-how-to-break-a-solver/binaries/solvers/
[SharpVelvet]: Counter gpmc reports count 350934190505492
[SharpVelvet]: 
[SharpVelvet], 2025-01-19, 20h37m19s: Instance 8/1010: /home/vjurisic/cse3000-how-to-break-a-solver/SharpVelvet/instances/3cnf-500clause-140var-horn/chevu_008_s13588293602606520670_045.cnf
[SharpVelvet]: Running counter gpmc on instance /home/vjurisic/cse3000-how-to-break-a-solver/SharpVelvet/instances/3cnf-500clause-140var-horn/chevu_008_s13588293602606520670_045.cnf.
[SharpVelvet]: --> Executing: ./gpmc /home/vjurisic/cse3000-how-to-break-a-solver/SharpVelvet/instances/3cnf-500clause-140var-horn/chevu_008_s13588293602606520670_045.cnf in dir /home/vjurisic/cse3000-how-to-break-a-solver/binaries/solvers/
[SharpVelvet]: Counter gpmc reports count 188206757345804
[SharpVelvet]: 
[SharpVelvet], 2025-01-19, 20h37m21s: Instance 9/1010: /home/vjurisic/cse3000-how-to-break-a-solver/SharpVelvet/instances/3cnf-500clause-140var-horn/chevu_004_s13588293602606520666_095.cnf
[SharpVelvet]: Running counter gpmc on instance /home/vjurisic/cse3000-how-to-break-a-solver/SharpVelvet/instances/3cnf-500clause-140var-horn/chevu_004_s13588293602606520666_095.cnf.
[SharpVelvet]: --> Executing: ./gpmc /home/vjurisic/cse3000-how-to-break-a-solver/SharpVelvet/instances/3cnf-500clause-140var-horn/chevu_004_s13588293602606520666_095.cnf in dir /home/vjurisic/cse3000-how-to-break-a-solver/binaries/solvers/
[SharpVelvet]: Aborted! Counter d4g exceeded maximum time of 600 s on instance /home/vjurisic/cse3000-how-to-break-a-solver/SharpVelvet/instances/3cnf-500clause-140var-horn/chevu_007_s13588293602606520669_004.cnf.
[SharpVelvet]: Counter d4g reports count None
[SharpVelvet]: 
[SharpVelvet], 2025-01-19, 20h42m12s: Instance 6/1010: /home/vjurisic/cse3000-how-to-break-a-solver/SharpVelvet/instances/3cnf-500clause-140var-horn/chevu_004_s13588293602606520666_071.cnf
[SharpVelvet]: Running counter d4g on instance /home/vjurisic/cse3000-how-to-break-a-solver/SharpVelvet/instances/3cnf-500clause-140var-horn/chevu_004_s13588293602606520666_071.cnf.
[SharpVelvet]: --> Executing: ./d4g /home/vjurisic/cse3000-how-to-break-a-solver/SharpVelvet/instances/3cnf-500clause-140var-horn/chevu_004_s13588293602606520666_071.cnf in dir /home/vjurisic/cse3000-how-to-break-a-solver/binaries/solvers/
[SharpVelvet]: Counter d4g reports count 1934896761059056
[SharpVelvet]: 
[SharpVelvet], 2025-01-19, 20h42m20s: Instance 7/1010: /home/vjurisic/cse3000-how-to-break-a-solver/SharpVelvet/instances/3cnf-500clause-140var-horn/chevu_002_s13588293602606520664_047.cnf
[SharpVelvet]: Running counter d4g on instance /home/vjurisic/cse3000-how-to-break-a-solver/SharpVelvet/instances/3cnf-500clause-140var-horn/chevu_002_s13588293602606520664_047.cnf.
[SharpVelvet]: --> Executing: ./d4g /home/vjurisic/cse3000-how-to-break-a-solver/SharpVelvet/instances/3cnf-500clause-140var-horn/chevu_002_s13588293602606520664_047.cnf in dir /home/vjurisic/cse3000-how-to-break-a-solver/binaries/solvers/
[SharpVelvet]: Counter d4g reports count 350934190505492
[SharpVelvet]: 
[SharpVelvet], 2025-01-19, 20h42m27s: Instance 8/1010: /home/vjurisic/cse3000-how-to-break-a-solver/SharpVelvet/instances/3cnf-500clause-140var-horn/chevu_008_s13588293602606520670_045.cnf
[SharpVelvet]: Running counter d4g on instance /home/vjurisic/cse3000-how-to-break-a-solver/SharpVelvet/instances/3cnf-500clause-140var-horn/chevu_008_s13588293602606520670_045.cnf.
[SharpVelvet]: --> Executing: ./d4g /home/vjurisic/cse3000-how-to-break-a-solver/SharpVelvet/instances/3cnf-500clause-140var-horn/chevu_008_s13588293602606520670_045.cnf in dir /home/vjurisic/cse3000-how-to-break-a-solver/binaries/solvers/
[SharpVelvet]: Aborted! Counter ganak exceeded maximum time of 600 s on instance /home/vjurisic/cse3000-how-to-break-a-solver/SharpVelvet/instances/3cnf-500clause-140var-horn/chevu_007_s13588293602606520669_004.cnf.
[SharpVelvet]: Counter ganak reports count None
[SharpVelvet]: 
[SharpVelvet], 2025-01-19, 20h42m31s: Instance 6/1010: /home/vjurisic/cse3000-how-to-break-a-solver/SharpVelvet/instances/3cnf-500clause-140var-horn/chevu_004_s13588293602606520666_071.cnf
[SharpVelvet]: Running counter ganak on instance /home/vjurisic/cse3000-how-to-break-a-solver/SharpVelvet/instances/3cnf-500clause-140var-horn/chevu_004_s13588293602606520666_071.cnf.
[SharpVelvet]: --> Executing: ./ganak --verb 0 --bveresolvmaxsz 12 --sbva 1 --maxcache 7800 --tdexpmult 1.1 --tdminw 7 --tdmaxw 60 --arjunoraclefindbins 6 --rdbclstarget 10000 /home/vjurisic/cse3000-how-to-break-a-solver/SharpVelvet/instances/3cnf-500clause-140var-horn/chevu_004_s13588293602606520666_071.cnf in dir /home/vjurisic/cse3000-how-to-break-a-solver/binaries/solvers/
[SharpVelvet]: Counter d4g reports count 188206757345804
[SharpVelvet]: 
[SharpVelvet], 2025-01-19, 20h42m31s: Instance 9/1010: /home/vjurisic/cse3000-how-to-break-a-solver/SharpVelvet/instances/3cnf-500clause-140var-horn/chevu_004_s13588293602606520666_095.cnf
[SharpVelvet]: Running counter d4g on instance /home/vjurisic/cse3000-how-to-break-a-solver/SharpVelvet/instances/3cnf-500clause-140var-horn/chevu_004_s13588293602606520666_095.cnf.
[SharpVelvet]: --> Executing: ./d4g /home/vjurisic/cse3000-how-to-break-a-solver/SharpVelvet/instances/3cnf-500clause-140var-horn/chevu_004_s13588293602606520666_095.cnf in dir /home/vjurisic/cse3000-how-to-break-a-solver/binaries/solvers/
[SharpVelvet]: Counter ganak reports count 1934896761059056
[SharpVelvet]: 
[SharpVelvet], 2025-01-19, 20h42m40s: Instance 7/1010: /home/vjurisic/cse3000-how-to-break-a-solver/SharpVelvet/instances/3cnf-500clause-140var-horn/chevu_002_s13588293602606520664_047.cnf
[SharpVelvet]: Running counter ganak on instance /home/vjurisic/cse3000-how-to-break-a-solver/SharpVelvet/instances/3cnf-500clause-140var-horn/chevu_002_s13588293602606520664_047.cnf.
[SharpVelvet]: --> Executing: ./ganak --verb 0 --bveresolvmaxsz 12 --sbva 1 --maxcache 7800 --tdexpmult 1.1 --tdminw 7 --tdmaxw 60 --arjunoraclefindbins 6 --rdbclstarget 10000 /home/vjurisic/cse3000-how-to-break-a-solver/SharpVelvet/instances/3cnf-500clause-140var-horn/chevu_002_s13588293602606520664_047.cnf in dir /home/vjurisic/cse3000-how-to-break-a-solver/binaries/solvers/
[SharpVelvet]: Counter ganak reports count 350934190505492
[SharpVelvet]: 
[SharpVelvet], 2025-01-19, 20h42m50s: Instance 8/1010: /home/vjurisic/cse3000-how-to-break-a-solver/SharpVelvet/instances/3cnf-500clause-140var-horn/chevu_008_s13588293602606520670_045.cnf
[SharpVelvet]: Running counter ganak on instance /home/vjurisic/cse3000-how-to-break-a-solver/SharpVelvet/instances/3cnf-500clause-140var-horn/chevu_008_s13588293602606520670_045.cnf.
[SharpVelvet]: --> Executing: ./ganak --verb 0 --bveresolvmaxsz 12 --sbva 1 --maxcache 7800 --tdexpmult 1.1 --tdminw 7 --tdmaxw 60 --arjunoraclefindbins 6 --rdbclstarget 10000 /home/vjurisic/cse3000-how-to-break-a-solver/SharpVelvet/instances/3cnf-500clause-140var-horn/chevu_008_s13588293602606520670_045.cnf in dir /home/vjurisic/cse3000-how-to-break-a-solver/binaries/solvers/
[SharpVelvet]: Counter ganak reports count 188206757345804
[SharpVelvet]: 
[SharpVelvet], 2025-01-19, 20h42m58s: Instance 9/1010: /home/vjurisic/cse3000-how-to-break-a-solver/SharpVelvet/instances/3cnf-500clause-140var-horn/chevu_004_s13588293602606520666_095.cnf
[SharpVelvet]: Running counter ganak on instance /home/vjurisic/cse3000-how-to-break-a-solver/SharpVelvet/instances/3cnf-500clause-140var-horn/chevu_004_s13588293602606520666_095.cnf.
[SharpVelvet]: --> Executing: ./ganak --verb 0 --bveresolvmaxsz 12 --sbva 1 --maxcache 7800 --tdexpmult 1.1 --tdminw 7 --tdmaxw 60 --arjunoraclefindbins 6 --rdbclstarget 10000 /home/vjurisic/cse3000-how-to-break-a-solver/SharpVelvet/instances/3cnf-500clause-140var-horn/chevu_004_s13588293602606520666_095.cnf in dir /home/vjurisic/cse3000-how-to-break-a-solver/binaries/solvers/
[SharpVelvet]: Aborted! Counter gpmc exceeded maximum time of 600 s on instance /home/vjurisic/cse3000-how-to-break-a-solver/SharpVelvet/instances/3cnf-500clause-140var-horn/chevu_004_s13588293602606520666_095.cnf.
[SharpVelvet]: Counter gpmc reports count None
[SharpVelvet]: 
[SharpVelvet], 2025-01-19, 20h47m25s: Instance 10/1010: /home/vjurisic/cse3000-how-to-break-a-solver/SharpVelvet/instances/3cnf-500clause-140var-horn/chevu_004_s13588293602606520666_020.cnf
[SharpVelvet]: Running counter gpmc on instance /home/vjurisic/cse3000-how-to-break-a-solver/SharpVelvet/instances/3cnf-500clause-140var-horn/chevu_004_s13588293602606520666_020.cnf.
[SharpVelvet]: --> Executing: ./gpmc /home/vjurisic/cse3000-how-to-break-a-solver/SharpVelvet/instances/3cnf-500clause-140var-horn/chevu_004_s13588293602606520666_020.cnf in dir /home/vjurisic/cse3000-how-to-break-a-solver/binaries/solvers/
[SharpVelvet]: Aborted! Counter d4g exceeded maximum time of 600 s on instance /home/vjurisic/cse3000-how-to-break-a-solver/SharpVelvet/instances/3cnf-500clause-140var-horn/chevu_004_s13588293602606520666_095.cnf.
[SharpVelvet]: Counter d4g reports count None
[SharpVelvet]: 
[SharpVelvet], 2025-01-19, 20h52m35s: Instance 10/1010: /home/vjurisic/cse3000-how-to-break-a-solver/SharpVelvet/instances/3cnf-500clause-140var-horn/chevu_004_s13588293602606520666_020.cnf
[SharpVelvet]: Running counter d4g on instance /home/vjurisic/cse3000-how-to-break-a-solver/SharpVelvet/instances/3cnf-500clause-140var-horn/chevu_004_s13588293602606520666_020.cnf.
[SharpVelvet]: --> Executing: ./d4g /home/vjurisic/cse3000-how-to-break-a-solver/SharpVelvet/instances/3cnf-500clause-140var-horn/chevu_004_s13588293602606520666_020.cnf in dir /home/vjurisic/cse3000-how-to-break-a-solver/binaries/solvers/
[SharpVelvet]: Aborted! Counter ganak exceeded maximum time of 600 s on instance /home/vjurisic/cse3000-how-to-break-a-solver/SharpVelvet/instances/3cnf-500clause-140var-horn/chevu_004_s13588293602606520666_095.cnf.
[SharpVelvet]: Counter ganak reports count None
[SharpVelvet]: 
[SharpVelvet], 2025-01-19, 20h53m02s: Instance 10/1010: /home/vjurisic/cse3000-how-to-break-a-solver/SharpVelvet/instances/3cnf-500clause-140var-horn/chevu_004_s13588293602606520666_020.cnf
[SharpVelvet]: Running counter ganak on instance /home/vjurisic/cse3000-how-to-break-a-solver/SharpVelvet/instances/3cnf-500clause-140var-horn/chevu_004_s13588293602606520666_020.cnf.
[SharpVelvet]: --> Executing: ./ganak --verb 0 --bveresolvmaxsz 12 --sbva 1 --maxcache 7800 --tdexpmult 1.1 --tdminw 7 --tdmaxw 60 --arjunoraclefindbins 6 --rdbclstarget 10000 /home/vjurisic/cse3000-how-to-break-a-solver/SharpVelvet/instances/3cnf-500clause-140var-horn/chevu_004_s13588293602606520666_020.cnf in dir /home/vjurisic/cse3000-how-to-break-a-solver/binaries/solvers/
[SharpVelvet]: Aborted! Counter gpmc exceeded maximum time of 600 s on instance /home/vjurisic/cse3000-how-to-break-a-solver/SharpVelvet/instances/3cnf-500clause-140var-horn/chevu_004_s13588293602606520666_020.cnf.
[SharpVelvet]: Counter gpmc reports count None
[SharpVelvet]: 
[SharpVelvet], 2025-01-19, 20h57m29s: Instance 11/1010: /home/vjurisic/cse3000-how-to-break-a-solver/SharpVelvet/instances/3cnf-500clause-140var-horn/chevu_006_s13588293602606520668_026.cnf
[SharpVelvet]: Running counter gpmc on instance /home/vjurisic/cse3000-how-to-break-a-solver/SharpVelvet/instances/3cnf-500clause-140var-horn/chevu_006_s13588293602606520668_026.cnf.
[SharpVelvet]: --> Executing: ./gpmc /home/vjurisic/cse3000-how-to-break-a-solver/SharpVelvet/instances/3cnf-500clause-140var-horn/chevu_006_s13588293602606520668_026.cnf in dir /home/vjurisic/cse3000-how-to-break-a-solver/binaries/solvers/
[SharpVelvet]: Aborted! Counter d4g exceeded maximum time of 600 s on instance /home/vjurisic/cse3000-how-to-break-a-solver/SharpVelvet/instances/3cnf-500clause-140var-horn/chevu_004_s13588293602606520666_020.cnf.
[SharpVelvet]: Counter d4g reports count None
[SharpVelvet]: 
[SharpVelvet], 2025-01-19, 21h02m39s: Instance 11/1010: /home/vjurisic/cse3000-how-to-break-a-solver/SharpVelvet/instances/3cnf-500clause-140var-horn/chevu_006_s13588293602606520668_026.cnf
[SharpVelvet]: Running counter d4g on instance /home/vjurisic/cse3000-how-to-break-a-solver/SharpVelvet/instances/3cnf-500clause-140var-horn/chevu_006_s13588293602606520668_026.cnf.
[SharpVelvet]: --> Executing: ./d4g /home/vjurisic/cse3000-how-to-break-a-solver/SharpVelvet/instances/3cnf-500clause-140var-horn/chevu_006_s13588293602606520668_026.cnf in dir /home/vjurisic/cse3000-how-to-break-a-solver/binaries/solvers/
[SharpVelvet]: Aborted! Counter ganak exceeded maximum time of 600 s on instance /home/vjurisic/cse3000-how-to-break-a-solver/SharpVelvet/instances/3cnf-500clause-140var-horn/chevu_004_s13588293602606520666_020.cnf.
[SharpVelvet]: Counter ganak reports count None
[SharpVelvet]: 
[SharpVelvet], 2025-01-19, 21h03m05s: Instance 11/1010: /home/vjurisic/cse3000-how-to-break-a-solver/SharpVelvet/instances/3cnf-500clause-140var-horn/chevu_006_s13588293602606520668_026.cnf
[SharpVelvet]: Running counter ganak on instance /home/vjurisic/cse3000-how-to-break-a-solver/SharpVelvet/instances/3cnf-500clause-140var-horn/chevu_006_s13588293602606520668_026.cnf.
[SharpVelvet]: --> Executing: ./ganak --verb 0 --bveresolvmaxsz 12 --sbva 1 --maxcache 7800 --tdexpmult 1.1 --tdminw 7 --tdmaxw 60 --arjunoraclefindbins 6 --rdbclstarget 10000 /home/vjurisic/cse3000-how-to-break-a-solver/SharpVelvet/instances/3cnf-500clause-140var-horn/chevu_006_s13588293602606520668_026.cnf in dir /home/vjurisic/cse3000-how-to-break-a-solver/binaries/solvers/
[SharpVelvet]: Aborted! Counter gpmc exceeded maximum time of 600 s on instance /home/vjurisic/cse3000-how-to-break-a-solver/SharpVelvet/instances/3cnf-500clause-140var-horn/chevu_006_s13588293602606520668_026.cnf.
[SharpVelvet]: Counter gpmc reports count None
[SharpVelvet]: 
[SharpVelvet], 2025-01-19, 21h07m33s: Instance 12/1010: /home/vjurisic/cse3000-how-to-break-a-solver/SharpVelvet/instances/3cnf-500clause-140var-horn/chevu_009_s13588293602606520671_017.cnf
[SharpVelvet]: Running counter gpmc on instance /home/vjurisic/cse3000-how-to-break-a-solver/SharpVelvet/instances/3cnf-500clause-140var-horn/chevu_009_s13588293602606520671_017.cnf.
[SharpVelvet]: --> Executing: ./gpmc /home/vjurisic/cse3000-how-to-break-a-solver/SharpVelvet/instances/3cnf-500clause-140var-horn/chevu_009_s13588293602606520671_017.cnf in dir /home/vjurisic/cse3000-how-to-break-a-solver/binaries/solvers/
[SharpVelvet]: Aborted! Counter d4g exceeded maximum time of 600 s on instance /home/vjurisic/cse3000-how-to-break-a-solver/SharpVelvet/instances/3cnf-500clause-140var-horn/chevu_006_s13588293602606520668_026.cnf.
[SharpVelvet]: Counter d4g reports count None
[SharpVelvet]: 
[SharpVelvet], 2025-01-19, 21h12m43s: Instance 12/1010: /home/vjurisic/cse3000-how-to-break-a-solver/SharpVelvet/instances/3cnf-500clause-140var-horn/chevu_009_s13588293602606520671_017.cnf
[SharpVelvet]: Running counter d4g on instance /home/vjurisic/cse3000-how-to-break-a-solver/SharpVelvet/instances/3cnf-500clause-140var-horn/chevu_009_s13588293602606520671_017.cnf.
[SharpVelvet]: --> Executing: ./d4g /home/vjurisic/cse3000-how-to-break-a-solver/SharpVelvet/instances/3cnf-500clause-140var-horn/chevu_009_s13588293602606520671_017.cnf in dir /home/vjurisic/cse3000-how-to-break-a-solver/binaries/solvers/
[SharpVelvet]: Aborted! Counter ganak exceeded maximum time of 600 s on instance /home/vjurisic/cse3000-how-to-break-a-solver/SharpVelvet/instances/3cnf-500clause-140var-horn/chevu_006_s13588293602606520668_026.cnf.
[SharpVelvet]: Counter ganak reports count None
[SharpVelvet]: 
[SharpVelvet], 2025-01-19, 21h13m09s: Instance 12/1010: /home/vjurisic/cse3000-how-to-break-a-solver/SharpVelvet/instances/3cnf-500clause-140var-horn/chevu_009_s13588293602606520671_017.cnf
[SharpVelvet]: Running counter ganak on instance /home/vjurisic/cse3000-how-to-break-a-solver/SharpVelvet/instances/3cnf-500clause-140var-horn/chevu_009_s13588293602606520671_017.cnf.
[SharpVelvet]: --> Executing: ./ganak --verb 0 --bveresolvmaxsz 12 --sbva 1 --maxcache 7800 --tdexpmult 1.1 --tdminw 7 --tdmaxw 60 --arjunoraclefindbins 6 --rdbclstarget 10000 /home/vjurisic/cse3000-how-to-break-a-solver/SharpVelvet/instances/3cnf-500clause-140var-horn/chevu_009_s13588293602606520671_017.cnf in dir /home/vjurisic/cse3000-how-to-break-a-solver/binaries/solvers/
[SharpVelvet]: Aborted! Counter gpmc exceeded maximum time of 600 s on instance /home/vjurisic/cse3000-how-to-break-a-solver/SharpVelvet/instances/3cnf-500clause-140var-horn/chevu_009_s13588293602606520671_017.cnf.
[SharpVelvet]: Counter gpmc reports count None
[SharpVelvet]: 
[SharpVelvet], 2025-01-19, 21h17m37s: Instance 13/1010: /home/vjurisic/cse3000-how-to-break-a-solver/SharpVelvet/instances/3cnf-500clause-140var-horn/chevu_001_s13588293602606520663_084.cnf
[SharpVelvet]: Running counter gpmc on instance /home/vjurisic/cse3000-how-to-break-a-solver/SharpVelvet/instances/3cnf-500clause-140var-horn/chevu_001_s13588293602606520663_084.cnf.
[SharpVelvet]: --> Executing: ./gpmc /home/vjurisic/cse3000-how-to-break-a-solver/SharpVelvet/instances/3cnf-500clause-140var-horn/chevu_001_s13588293602606520663_084.cnf in dir /home/vjurisic/cse3000-how-to-break-a-solver/binaries/solvers/
[SharpVelvet]: Aborted! Counter d4g exceeded maximum time of 600 s on instance /home/vjurisic/cse3000-how-to-break-a-solver/SharpVelvet/instances/3cnf-500clause-140var-horn/chevu_009_s13588293602606520671_017.cnf.
[SharpVelvet]: Counter d4g reports count None
[SharpVelvet]: 
[SharpVelvet], 2025-01-19, 21h22m46s: Instance 13/1010: /home/vjurisic/cse3000-how-to-break-a-solver/SharpVelvet/instances/3cnf-500clause-140var-horn/chevu_001_s13588293602606520663_084.cnf
[SharpVelvet]: Running counter d4g on instance /home/vjurisic/cse3000-how-to-break-a-solver/SharpVelvet/instances/3cnf-500clause-140var-horn/chevu_001_s13588293602606520663_084.cnf.
[SharpVelvet]: --> Executing: ./d4g /home/vjurisic/cse3000-how-to-break-a-solver/SharpVelvet/instances/3cnf-500clause-140var-horn/chevu_001_s13588293602606520663_084.cnf in dir /home/vjurisic/cse3000-how-to-break-a-solver/binaries/solvers/
[SharpVelvet]: Aborted! Counter ganak exceeded maximum time of 600 s on instance /home/vjurisic/cse3000-how-to-break-a-solver/SharpVelvet/instances/3cnf-500clause-140var-horn/chevu_009_s13588293602606520671_017.cnf.
[SharpVelvet]: Counter ganak reports count None
[SharpVelvet]: 
[SharpVelvet], 2025-01-19, 21h23m13s: Instance 13/1010: /home/vjurisic/cse3000-how-to-break-a-solver/SharpVelvet/instances/3cnf-500clause-140var-horn/chevu_001_s13588293602606520663_084.cnf
[SharpVelvet]: Running counter ganak on instance /home/vjurisic/cse3000-how-to-break-a-solver/SharpVelvet/instances/3cnf-500clause-140var-horn/chevu_001_s13588293602606520663_084.cnf.
[SharpVelvet]: --> Executing: ./ganak --verb 0 --bveresolvmaxsz 12 --sbva 1 --maxcache 7800 --tdexpmult 1.1 --tdminw 7 --tdmaxw 60 --arjunoraclefindbins 6 --rdbclstarget 10000 /home/vjurisic/cse3000-how-to-break-a-solver/SharpVelvet/instances/3cnf-500clause-140var-horn/chevu_001_s13588293602606520663_084.cnf in dir /home/vjurisic/cse3000-how-to-break-a-solver/binaries/solvers/
[SharpVelvet]: Aborted! Counter gpmc exceeded maximum time of 600 s on instance /home/vjurisic/cse3000-how-to-break-a-solver/SharpVelvet/instances/3cnf-500clause-140var-horn/chevu_001_s13588293602606520663_084.cnf.
[SharpVelvet]: Counter gpmc reports count None
[SharpVelvet]: 
[SharpVelvet], 2025-01-19, 21h27m41s: Instance 14/1010: /home/vjurisic/cse3000-how-to-break-a-solver/SharpVelvet/instances/3cnf-500clause-140var-horn/chevu_005_s13588293602606520667_094.cnf
[SharpVelvet]: Running counter gpmc on instance /home/vjurisic/cse3000-how-to-break-a-solver/SharpVelvet/instances/3cnf-500clause-140var-horn/chevu_005_s13588293602606520667_094.cnf.
[SharpVelvet]: --> Executing: ./gpmc /home/vjurisic/cse3000-how-to-break-a-solver/SharpVelvet/instances/3cnf-500clause-140var-horn/chevu_005_s13588293602606520667_094.cnf in dir /home/vjurisic/cse3000-how-to-break-a-solver/binaries/solvers/
[SharpVelvet]: Aborted! Counter d4g exceeded maximum time of 600 s on instance /home/vjurisic/cse3000-how-to-break-a-solver/SharpVelvet/instances/3cnf-500clause-140var-horn/chevu_001_s13588293602606520663_084.cnf.
[SharpVelvet]: Counter d4g reports count None
[SharpVelvet]: 
[SharpVelvet], 2025-01-19, 21h32m50s: Instance 14/1010: /home/vjurisic/cse3000-how-to-break-a-solver/SharpVelvet/instances/3cnf-500clause-140var-horn/chevu_005_s13588293602606520667_094.cnf
[SharpVelvet]: Running counter d4g on instance /home/vjurisic/cse3000-how-to-break-a-solver/SharpVelvet/instances/3cnf-500clause-140var-horn/chevu_005_s13588293602606520667_094.cnf.
[SharpVelvet]: --> Executing: ./d4g /home/vjurisic/cse3000-how-to-break-a-solver/SharpVelvet/instances/3cnf-500clause-140var-horn/chevu_005_s13588293602606520667_094.cnf in dir /home/vjurisic/cse3000-how-to-break-a-solver/binaries/solvers/
[SharpVelvet]: Aborted! Counter ganak exceeded maximum time of 600 s on instance /home/vjurisic/cse3000-how-to-break-a-solver/SharpVelvet/instances/3cnf-500clause-140var-horn/chevu_001_s13588293602606520663_084.cnf.
[SharpVelvet]: Counter ganak reports count None
[SharpVelvet]: 
[SharpVelvet], 2025-01-19, 21h33m17s: Instance 14/1010: /home/vjurisic/cse3000-how-to-break-a-solver/SharpVelvet/instances/3cnf-500clause-140var-horn/chevu_005_s13588293602606520667_094.cnf
[SharpVelvet]: Running counter ganak on instance /home/vjurisic/cse3000-how-to-break-a-solver/SharpVelvet/instances/3cnf-500clause-140var-horn/chevu_005_s13588293602606520667_094.cnf.
[SharpVelvet]: --> Executing: ./ganak --verb 0 --bveresolvmaxsz 12 --sbva 1 --maxcache 7800 --tdexpmult 1.1 --tdminw 7 --tdmaxw 60 --arjunoraclefindbins 6 --rdbclstarget 10000 /home/vjurisic/cse3000-how-to-break-a-solver/SharpVelvet/instances/3cnf-500clause-140var-horn/chevu_005_s13588293602606520667_094.cnf in dir /home/vjurisic/cse3000-how-to-break-a-solver/binaries/solvers/
